receiving incremental file list
./
100509_1_1.3T2/
100509_1_1.3T2/fmri/
100509_1_1.3T2/fmri/grid1/
100509_1_1.3T2/fmri/grid1/behavioral/
100509_1_1.3T2/fmri/grid2/
100509_1_1.3T2/fmri/grid2/behavioral/
100509_1_1.3T2/fmri/grid3/
100509_1_1.3T2/fmri/grid3/behavioral/
100509_1_1.3T2/fmri/grid4/
100509_1_1.3T2/fmri/grid4/behavioral/
100509_1_1.3T2/fmri/sym1/
100509_1_1.3T2/fmri/sym1/behavioral/
100509_1_1.3T2/fmri/sym2/
100509_1_1.3T2/fmri/sym2/behavioral/
100509_1_1.3T2/fmri/sym3/
100509_1_1.3T2/fmri/sym3/behavioral/
100509_1_1.3T2/fmri/sym4/
100509_1_1.3T2/fmri/sym4/behavioral/
100509_1_1.3T2/mock_scan/
100509_1_1.3T2/mri/
100509_1_1.3T2/mri/anatomy/
100509_1_1.3T2/mri/dti/
100509_1_1.3T2/mri/dti/100509_1_1.3T2/
100509_1_1.3T2/mri/dti/100509_1_1.3T2/001/
100509_1_1.3T2/mri/dti/100509_1_1.3T2/002/
100509_1_1.3T2/mri/dti/100509_1_1.3T2/005/
100509_1_1.3T2/mri/dti/100509_1_1.3T2/006/
100509_1_1.3T2/mri/dti/100509_1_1.3T2/007/
100509_1_1.3T2/mri/dti/100509_1_1.3T2/008/
100509_1_1.3T2/mri/dti/100509_1_1.3T2/009/
100509_1_1.3T2/mri/dti/100509_1_1.3T2/010/
100509_1_1.3T2/mri/dti/100509_1_1.3T2/20002/
100510_1_1.3T2/
100510_1_1.3T2/fmri/
100510_1_1.3T2/fmri/dicoms/
100510_1_1.3T2/fmri/dicoms/3731_05082018/
100510_1_1.3T2/fmri/dicoms/3731_05082018/001/
100510_1_1.3T2/fmri/dicoms/3731_05082018/003/
100510_1_1.3T2/fmri/dicoms/3731_05082018/004/
100510_1_1.3T2/fmri/dicoms/3731_05082018/005/
100510_1_1.3T2/fmri/dicoms/3731_05082018/006/
100510_1_1.3T2/fmri/dicoms/3731_05082018/007/
100510_1_1.3T2/fmri/dicoms/3731_05082018/009/
100510_1_1.3T2/fmri/dicoms/3731_05082018/011/
100510_1_1.3T2/fmri/dicoms/3731_05082018/012/
100510_1_1.3T2/fmri/dicoms/3731_05082018/013/
100510_1_1.3T2/fmri/dicoms/3731_05082018/014/
100510_1_1.3T2/fmri/dicoms/3731_05082018/015/
100510_1_1.3T2/fmri/dicoms/3731_05082018/016/
100510_1_1.3T2/fmri/dicoms/3731_05082018/20003/
100510_1_1.3T2/fmri/dicoms/3731_05082018/20011/
100510_1_1.3T2/fmri/dicoms/3731_05082018/40006/
100510_1_1.3T2/fmri/dicoms/3731_05082018/40007/
100510_1_1.3T2/fmri/grid1/
100510_1_1.3T2/fmri/grid1/behavioral/
100510_1_1.3T2/fmri/grid2/
100510_1_1.3T2/fmri/grid2/behavioral/
100510_1_1.3T2/fmri/grid3/
100510_1_1.3T2/fmri/grid3/behavioral/
100510_1_1.3T2/fmri/grid4/
100510_1_1.3T2/fmri/grid4/behavioral/
100510_1_1.3T2/fmri/sym1/
100510_1_1.3T2/fmri/sym1/behavioral/
100510_1_1.3T2/fmri/sym2/
100510_1_1.3T2/fmri/sym2/behavioral/
100510_1_1.3T2/fmri/sym3/
100510_1_1.3T2/fmri/sym3/behavioral/
100510_1_1.3T2/fmri/sym4/
100510_1_1.3T2/fmri/sym4/behavioral/
100510_1_1.3T2/mock_scan/
100510_1_1.3T2/mri/
100510_1_1.3T2/mri/anatomy/
100510_1_1.3T2/mri/anatomy/001/
100510_1_1.3T2/mri/anatomy/003/
100510_1_1.3T2/mri/anatomy/004/
100510_1_1.3T2/mri/anatomy/005/
100510_1_1.3T2/mri/anatomy/006/
100510_1_1.3T2/mri/anatomy/007/
100510_1_1.3T2/mri/anatomy/009/
100510_1_1.3T2/mri/anatomy/011/
100510_1_1.3T2/mri/anatomy/012/
100510_1_1.3T2/mri/anatomy/013/
100510_1_1.3T2/mri/anatomy/014/
100510_1_1.3T2/mri/anatomy/015/
100510_1_1.3T2/mri/anatomy/016/
100510_1_1.3T2/mri/anatomy/20003/
100510_1_1.3T2/mri/anatomy/20011/
100510_1_1.3T2/mri/anatomy/40006/
100510_1_1.3T2/mri/anatomy/40007/
100510_1_1.3T2/mri/dti/
100511_1_1.3T2/
100511_1_1.3T2/fmri/
100511_1_1.3T2/fmri/dicoms/
100511_1_1.3T2/fmri/dicoms/3743_05082018/
100511_1_1.3T2/fmri/dicoms/3743_05082018/001/
100511_1_1.3T2/fmri/dicoms/3743_05082018/003/
100511_1_1.3T2/fmri/dicoms/3743_05082018/004/
100511_1_1.3T2/fmri/dicoms/3743_05082018/006/
100511_1_1.3T2/fmri/dicoms/3743_05082018/007/
100511_1_1.3T2/fmri/dicoms/3743_05082018/008/
100511_1_1.3T2/fmri/dicoms/3743_05082018/009/
100511_1_1.3T2/fmri/dicoms/3743_05082018/010/
100511_1_1.3T2/fmri/dicoms/3743_05082018/011/
100511_1_1.3T2/fmri/dicoms/3743_05082018/012/
100511_1_1.3T2/fmri/dicoms/3743_05082018/013/
100511_1_1.3T2/fmri/dicoms/3743_05082018/014/
100511_1_1.3T2/fmri/dicoms/3743_05082018/20006/
100511_1_1.3T2/fmri/dicoms/3743_05082018/40013/
100511_1_1.3T2/fmri/dicoms/3743_05082018/40014/
100511_1_1.3T2/fmri/grid1/
100511_1_1.3T2/fmri/grid1/behavioral/
100511_1_1.3T2/fmri/grid2/
100511_1_1.3T2/fmri/grid2/behavioral/
100511_1_1.3T2/fmri/grid3/
100511_1_1.3T2/fmri/grid3/behavioral/
100511_1_1.3T2/fmri/grid4/
100511_1_1.3T2/fmri/grid4/behavioral/
100511_1_1.3T2/fmri/sym1/
100511_1_1.3T2/fmri/sym1/behavioral/
100511_1_1.3T2/fmri/sym2/
100511_1_1.3T2/fmri/sym2/behavioral/
100511_1_1.3T2/fmri/sym3/
100511_1_1.3T2/fmri/sym3/behavioral/
100511_1_1.3T2/fmri/sym4/
100511_1_1.3T2/fmri/sym4/behavioral/
100511_1_1.3T2/mock_scan/
100511_1_1.3T2/mri/
100511_1_1.3T2/mri/anatomy/
100511_1_1.3T2/mri/anatomy/001/
100511_1_1.3T2/mri/anatomy/003/
100511_1_1.3T2/mri/anatomy/004/
100511_1_1.3T2/mri/anatomy/006/
100511_1_1.3T2/mri/anatomy/007/
100511_1_1.3T2/mri/anatomy/008/
100511_1_1.3T2/mri/anatomy/009/
100511_1_1.3T2/mri/anatomy/010/
100511_1_1.3T2/mri/anatomy/011/
100511_1_1.3T2/mri/anatomy/012/
100511_1_1.3T2/mri/anatomy/013/
100511_1_1.3T2/mri/anatomy/014/
100511_1_1.3T2/mri/anatomy/20006/
100511_1_1.3T2/mri/anatomy/40013/
100511_1_1.3T2/mri/anatomy/40014/
100511_1_1.3T2/mri/dti/
100512_1_1.3T2/
100512_1_1.3T2/fmri/
100512_1_1.3T2/fmri/dicoms/
100512_1_1.3T2/fmri/dicoms/3744_05082018/
100512_1_1.3T2/fmri/dicoms/3744_05082018/001/
100512_1_1.3T2/fmri/dicoms/3744_05082018/003/
100512_1_1.3T2/fmri/dicoms/3744_05082018/004/
100512_1_1.3T2/fmri/dicoms/3744_05082018/005/
100512_1_1.3T2/fmri/dicoms/3744_05082018/006/
100512_1_1.3T2/fmri/dicoms/3744_05082018/007/
100512_1_1.3T2/fmri/dicoms/3744_05082018/008/
100512_1_1.3T2/fmri/dicoms/3744_05082018/009/
100512_1_1.3T2/fmri/dicoms/3744_05082018/010/
100512_1_1.3T2/fmri/dicoms/3744_05082018/011/
100512_1_1.3T2/fmri/dicoms/3744_05082018/20003/
100512_1_1.3T2/fmri/dicoms/3744_05082018/40010/
100512_1_1.3T2/fmri/dicoms/3744_05082018/40011/
100512_1_1.3T2/fmri/grid1/
100512_1_1.3T2/fmri/grid1/behavioral/
100512_1_1.3T2/fmri/grid2/
100512_1_1.3T2/fmri/grid2/behavioral/
100512_1_1.3T2/fmri/grid3/
100512_1_1.3T2/fmri/grid3/behavioral/
100512_1_1.3T2/fmri/grid4/
100512_1_1.3T2/fmri/grid4/behavioral/
100512_1_1.3T2/fmri/sym1/
100512_1_1.3T2/fmri/sym1/behavioral/
100512_1_1.3T2/fmri/sym2/
100512_1_1.3T2/fmri/sym2/behavioral/
100512_1_1.3T2/fmri/sym3/
100512_1_1.3T2/fmri/sym3/behavioral/
100512_1_1.3T2/fmri/sym4/
100512_1_1.3T2/fmri/sym4/behavioral/
100512_1_1.3T2/mock_scan/
100512_1_1.3T2/mri/
100512_1_1.3T2/mri/anatomy/
100512_1_1.3T2/mri/anatomy/001/
100512_1_1.3T2/mri/anatomy/003/
100512_1_1.3T2/mri/anatomy/004/
100512_1_1.3T2/mri/anatomy/005/
100512_1_1.3T2/mri/anatomy/006/
100512_1_1.3T2/mri/anatomy/007/
100512_1_1.3T2/mri/anatomy/008/
100512_1_1.3T2/mri/anatomy/009/
100512_1_1.3T2/mri/anatomy/010/
100512_1_1.3T2/mri/anatomy/011/
100512_1_1.3T2/mri/anatomy/20003/
100512_1_1.3T2/mri/anatomy/40010/
100512_1_1.3T2/mri/anatomy/40011/
100512_1_1.3T2/mri/dti/
100513_1_1.3T2/
100514_1_1.3T2/
100514_1_1.3T2/fmri/
100514_1_1.3T2/fmri/grid1/
100514_1_1.3T2/fmri/grid1/behavioral/
100514_1_1.3T2/fmri/grid2/
100514_1_1.3T2/fmri/grid2/behavioral/
100514_1_1.3T2/fmri/grid3/
100514_1_1.3T2/fmri/grid3/behavioral/
100514_1_1.3T2/fmri/grid4/
100514_1_1.3T2/fmri/grid4/behavioral/
100514_1_1.3T2/fmri/sym1/
100514_1_1.3T2/fmri/sym1/behavioral/
100514_1_1.3T2/fmri/sym2/
100514_1_1.3T2/fmri/sym2/behavioral/
100514_1_1.3T2/fmri/sym3/
100514_1_1.3T2/fmri/sym3/behavioral/
100514_1_1.3T2/fmri/sym4/
100514_1_1.3T2/fmri/sym4/behavioral/
100514_1_1.3T2/mock_scan/
100514_1_1.3T2/mri/
100514_1_1.3T2/mri/anatomy/
100514_1_1.3T2/mri/dti/
17-06-18.1_3T3/
17-06-18.1_3T3/fmri/
17-06-18.1_3T3/fmri/encoding_1/
17-06-18.1_3T3/fmri/encoding_1/Pfiles/
17-06-18.1_3T3/fmri/encoding_1/behavioral/
17-06-18.1_3T3/fmri/encoding_1/physiological/
17-06-18.1_3T3/fmri/encoding_1/smoothed_spm8/
17-06-18.1_3T3/fmri/encoding_1/smoothed_spm8/log/
17-06-18.1_3T3/fmri/encoding_1/unnormalized/
17-06-18.1_3T3/fmri/encoding_1/unnormalized/unused/
17-06-18.1_3T3/fmri/encoding_2/
17-06-18.1_3T3/fmri/encoding_2/Pfiles/
17-06-18.1_3T3/fmri/encoding_2/behavioral/
17-06-18.1_3T3/fmri/encoding_2/physiological/
17-06-18.1_3T3/fmri/encoding_2/smoothed_spm8/
17-06-18.1_3T3/fmri/encoding_2/smoothed_spm8/log/
17-06-18.1_3T3/fmri/encoding_2/unnormalized/
17-06-18.1_3T3/fmri/encoding_2/unnormalized/unused/
17-06-18.1_3T3/fmri/localizer/
17-06-18.1_3T3/fmri/localizer/behavioral/
17-06-18.1_3T3/fmri/localizer/physiological/
17-06-18.1_3T3/fmri/resting_1/
17-06-18.1_3T3/fmri/resting_1/Pfiles/
17-06-18.1_3T3/fmri/resting_1/physiological/
17-06-18.1_3T3/fmri/resting_1/smoothed_spm8/
17-06-18.1_3T3/fmri/resting_1/smoothed_spm8/log/
17-06-18.1_3T3/fmri/resting_1/unnormalized/
17-06-18.1_3T3/fmri/resting_1/unnormalized/unused/
17-06-18.1_3T3/fmri/resting_2/
17-06-18.1_3T3/fmri/resting_2/Pfiles/
17-06-18.1_3T3/fmri/resting_2/physiological/
17-06-18.1_3T3/fmri/resting_2/smoothed_spm8/
17-06-18.1_3T3/fmri/resting_2/smoothed_spm8/log/
17-06-18.1_3T3/fmri/resting_2/unnormalized/
17-06-18.1_3T3/fmri/resting_2/unnormalized/unused/
17-06-18.1_3T3/fmri/retrieval_1/
17-06-18.1_3T3/fmri/retrieval_1/Pfiles/
17-06-18.1_3T3/fmri/retrieval_1/behavioral/
17-06-18.1_3T3/fmri/retrieval_1/physiological/
17-06-18.1_3T3/fmri/retrieval_1/smoothed_spm8/
17-06-18.1_3T3/fmri/retrieval_1/smoothed_spm8/log/
17-06-18.1_3T3/fmri/retrieval_1/unnormalized/
17-06-18.1_3T3/fmri/retrieval_1/unnormalized/unused/
17-06-18.1_3T3/fmri/retrieval_2/
17-06-18.1_3T3/fmri/retrieval_2/Pfiles/
17-06-18.1_3T3/fmri/retrieval_2/behavioral/
17-06-18.1_3T3/fmri/retrieval_2/physiological/
17-06-18.1_3T3/fmri/retrieval_2/smoothed_spm8/
17-06-18.1_3T3/fmri/retrieval_2/smoothed_spm8/log/
17-06-18.1_3T3/fmri/retrieval_2/unnormalized/
17-06-18.1_3T3/fmri/retrieval_2/unnormalized/unused/
17-06-18.1_3T3/fmri/retrieval_3/
17-06-18.1_3T3/fmri/retrieval_3/Pfiles/
17-06-18.1_3T3/fmri/retrieval_3/behavioral/
17-06-18.1_3T3/fmri/retrieval_3/physiological/
17-06-18.1_3T3/fmri/retrieval_3/smoothed_spm8/
17-06-18.1_3T3/fmri/retrieval_3/smoothed_spm8/log/
17-06-18.1_3T3/fmri/retrieval_3/unnormalized/
17-06-18.1_3T3/fmri/retrieval_3/unnormalized/unused/
17-06-18.1_3T3/fmri/retrieval_4/
17-06-18.1_3T3/fmri/retrieval_4/behavioral/
17-06-18.1_3T3/fmri/retrieval_4/physiological/
17-06-18.1_3T3/mri/
17-06-18.1_3T3/mri/anatomy/
17-06-18.1_3T3/mri/anatomy/001/
17-06-18.1_3T3/mri/anatomy/003/
17-06-18.1_3T3/mri/anatomy/009/
17-06-18.1_3T3/mri/anatomy/010/
17-06-18.1_3T3/mri/dti/
281_2_2.3T3/
281_2_2.3T3/fmri/
281_2_2.3T3/fmri/addblock_1/
281_2_2.3T3/fmri/addblock_1/behavioral/
281_2_2.3T3/fmri/addevent_1/
281_2_2.3T3/fmri/addevent_1/behavioral/
281_2_2.3T3/fmri/addevent_2/
281_2_2.3T3/fmri/addevent_2/behavioral/
281_2_2.3T3/fmri/equation_2/
281_2_2.3T3/fmri/equation_2/behavioral/
281_2_2.3T3/fmri/letter_2/
281_2_2.3T3/fmri/letter_2/behavioral/
281_2_2.3T3/fmri/number_2/
281_2_2.3T3/fmri/number_2/behavioral/
281_2_2.3T3/fmri/resting_1/
281_2_2.3T3/fmri/resting_2/
281_2_2.3T3/fmri/subblock_1/
281_2_2.3T3/fmri/subblock_1/behavioral/
281_2_2.3T3/fmri/word_2/
281_2_2.3T3/fmri/word_2/behavioral/
281_2_2.3T3/mri/
281_2_2.3T3/mri/anatomy/
281_2_2.3T3/mri/dti/
356_3_2.3T3/
356_3_2.3T3/fmri/
356_3_2.3T3/fmri/addblock_1/
356_3_2.3T3/fmri/addblock_1/behavioral/
356_3_2.3T3/fmri/addevent_1/
356_3_2.3T3/fmri/addevent_1/behavioral/
356_3_2.3T3/fmri/addevent_2/
356_3_2.3T3/fmri/addevent_2/behavioral/
356_3_2.3T3/fmri/equation_2/
356_3_2.3T3/fmri/equation_2/behavioral/
356_3_2.3T3/fmri/letter_2/
356_3_2.3T3/fmri/letter_2/behavioral/
356_3_2.3T3/fmri/number_2/
356_3_2.3T3/fmri/number_2/behavioral/
356_3_2.3T3/fmri/resting_1/
356_3_2.3T3/fmri/resting_2/
356_3_2.3T3/fmri/subblock_1/
356_3_2.3T3/fmri/subblock_1/behavioral/
356_3_2.3T3/fmri/word_2/
356_3_2.3T3/fmri/word_2/behavioral/
59_2_2.3T3/
59_2_2.3T3/fmri/
59_2_2.3T3/fmri/addblock_1/
59_2_2.3T3/fmri/addblock_1/behavioral/
59_2_2.3T3/fmri/addevent_1/
59_2_2.3T3/fmri/addevent_1/behavioral/
59_2_2.3T3/fmri/addevent_2/
59_2_2.3T3/fmri/addevent_2/behavioral/
59_2_2.3T3/fmri/equation_2/
59_2_2.3T3/fmri/equation_2/behavioral/
59_2_2.3T3/fmri/letter_2/
59_2_2.3T3/fmri/letter_2/behavioral/
59_2_2.3T3/fmri/number_2/
59_2_2.3T3/fmri/number_2/behavioral/
59_2_2.3T3/fmri/resting_1/
59_2_2.3T3/fmri/resting_2/
59_2_2.3T3/fmri/subblock_1/
59_2_2.3T3/fmri/subblock_1/behavioral/
59_2_2.3T3/fmri/word_2/
59_2_2.3T3/fmri/word_2/behavioral/
7298_5_1.3T3/
7298_5_1.3T3/fmri/
7298_5_1.3T3/fmri/encoding_1/
7298_5_1.3T3/fmri/encoding_1/behavioral/
7298_5_1.3T3/fmri/encoding_1/physiological/
7298_5_1.3T3/fmri/encoding_2/
7298_5_1.3T3/fmri/encoding_2/behavioral/
7298_5_1.3T3/fmri/encoding_2/physiological/
7298_5_1.3T3/fmri/localizer/
7298_5_1.3T3/fmri/localizer/behavioral/
7298_5_1.3T3/fmri/localizer/physiological/
7298_5_1.3T3/fmri/resting_1/
7298_5_1.3T3/fmri/resting_1/physiological/
7298_5_1.3T3/fmri/resting_2/
7298_5_1.3T3/fmri/resting_2/physiological/
7298_5_1.3T3/fmri/retrieval_1/
7298_5_1.3T3/fmri/retrieval_1/behavioral/
7298_5_1.3T3/fmri/retrieval_1/physiological/
7298_5_1.3T3/fmri/retrieval_2/
7298_5_1.3T3/fmri/retrieval_2/behavioral/
7298_5_1.3T3/fmri/retrieval_2/physiological/
7298_5_1.3T3/fmri/retrieval_3/
7298_5_1.3T3/fmri/retrieval_3/behavioral/
7298_5_1.3T3/fmri/retrieval_3/physiological/
7298_5_1.3T3/fmri/retrieval_4/
7298_5_1.3T3/fmri/retrieval_4/behavioral/
7298_5_1.3T3/fmri/retrieval_4/physiological/
7298_5_1.3T3/mri/
7298_5_1.3T3/mri/anatomy/
7298_5_1.3T3/mri/anatomy/001/
7298_5_1.3T3/mri/anatomy/003/
7298_5_1.3T3/mri/anatomy/004/
7298_5_1.3T3/mri/anatomy/005/
7298_5_1.3T3/mri/anatomy/006/
7298_5_1.3T3/mri/anatomy/007/
7298_5_1.3T3/mri/anatomy/008/
7298_5_1.3T3/mri/anatomy/010/
7298_5_1.3T3/mri/anatomy/012/
7298_5_1.3T3/mri/anatomy/013/
7298_5_1.3T3/mri/anatomy/014/
7298_5_1.3T3/mri/anatomy/015/
7298_5_1.3T3/mri/anatomy/016/
7298_5_1.3T3/mri/anatomy/017/
7298_5_1.3T3/mri/anatomy/019/
7298_5_1.3T3/mri/anatomy/020/
7298_5_1.3T3/mri/anatomy/20003/
7298_5_1.3T3/mri/anatomy/20012/
7298_5_1.3T3/mri/anatomy/20017/
7298_5_1.3T3/mri/anatomy/20018/
7298_5_1.3T3/mri/dti/
7298_5_1.3T3/mri/dti/018/
7419_5_1.3T3/
7419_5_1.3T3/fmri/
7419_5_1.3T3/fmri/encoding_1/
7419_5_1.3T3/fmri/encoding_1/behavioral/
7419_5_1.3T3/fmri/encoding_1/physiological/
7419_5_1.3T3/fmri/encoding_2/
7419_5_1.3T3/fmri/encoding_2/behavioral/
7419_5_1.3T3/fmri/encoding_2/physiological/
7419_5_1.3T3/fmri/localizer/
7419_5_1.3T3/fmri/localizer/behavioral/
7419_5_1.3T3/fmri/localizer/physiological/
7419_5_1.3T3/fmri/resting_1/
7419_5_1.3T3/fmri/resting_1/physiological/
7419_5_1.3T3/fmri/resting_2/
7419_5_1.3T3/fmri/resting_2/physiological/
7419_5_1.3T3/fmri/retrieval_1/
7419_5_1.3T3/fmri/retrieval_1/behavioral/
7419_5_1.3T3/fmri/retrieval_1/physiological/
7419_5_1.3T3/fmri/retrieval_2/
7419_5_1.3T3/fmri/retrieval_2/behavioral/
7419_5_1.3T3/fmri/retrieval_2/physiological/
7419_5_1.3T3/fmri/retrieval_3/
7419_5_1.3T3/fmri/retrieval_3/behavioral/
7419_5_1.3T3/fmri/retrieval_3/physiological/
7419_5_1.3T3/fmri/retrieval_4/
7419_5_1.3T3/fmri/retrieval_4/behavioral/
7419_5_1.3T3/fmri/retrieval_4/physiological/
7419_5_1.3T3/mri/
7419_5_1.3T3/mri/anatomy/
7419_5_1.3T3/mri/dti/
7533_4_1.3T3/
7533_4_1.3T3/fmri/
7533_4_1.3T3/fmri/encoding_1/
7533_4_1.3T3/fmri/encoding_1/behavioral/
7533_4_1.3T3/fmri/encoding_1/behavioral/EncodingTask_2runs_FINAL_updated__sub7533_ss1_100918_1223.edat2
7533_4_1.3T3/fmri/encoding_1/behavioral/EncodingTask_2runs_FINAL_updated__sub7533_ss1_100918_1223.txt
7533_4_1.3T3/fmri/encoding_1/physiological/
7533_4_1.3T3/fmri/encoding_2/
7533_4_1.3T3/fmri/encoding_2/behavioral/
7533_4_1.3T3/fmri/encoding_2/behavioral/EncodingTask_2runs_FINAL_updated__sub7533_ss2_100918_1235.edat2
7533_4_1.3T3/fmri/encoding_2/behavioral/EncodingTask_2runs_FINAL_updated__sub7533_ss2_100918_1235.txt
7533_4_1.3T3/fmri/encoding_2/physiological/
7533_4_1.3T3/fmri/localizer/
7533_4_1.3T3/fmri/localizer/behavioral/
7533_4_1.3T3/fmri/localizer/behavioral/Localizer_Task_FINAL_updated__sub7533_ss1_100918_1418.edat2
7533_4_1.3T3/fmri/localizer/behavioral/Localizer_Task_FINAL_updated__sub7533_ss1_100918_1418.txt
7533_4_1.3T3/fmri/localizer/physiological/
7533_4_1.3T3/fmri/resting_1/
7533_4_1.3T3/fmri/resting_1/physiological/
7533_4_1.3T3/fmri/resting_2/
7533_4_1.3T3/fmri/resting_2/physiological/
7533_4_1.3T3/fmri/retrieval_1/
7533_4_1.3T3/fmri/retrieval_1/behavioral/
7533_4_1.3T3/fmri/retrieval_1/behavioral/RetrievalTask_4Runs_FINAL_updated_sub7533_ss1_100918_1322.edat2
7533_4_1.3T3/fmri/retrieval_1/behavioral/RetrievalTask_4Runs_FINAL_updated_sub7533_ss1_100918_1322.txt
7533_4_1.3T3/fmri/retrieval_1/physiological/
7533_4_1.3T3/fmri/retrieval_2/
7533_4_1.3T3/fmri/retrieval_2/behavioral/
7533_4_1.3T3/fmri/retrieval_2/behavioral/RetrievalTask_4Runs_FINAL_updated_sub7533_ss2_100918_1334.edat2
7533_4_1.3T3/fmri/retrieval_2/behavioral/RetrievalTask_4Runs_FINAL_updated_sub7533_ss2_100918_1334.txt
7533_4_1.3T3/fmri/retrieval_2/physiological/
7533_4_1.3T3/fmri/retrieval_3/
7533_4_1.3T3/fmri/retrieval_3/behavioral/
7533_4_1.3T3/fmri/retrieval_3/behavioral/RetrievalTask_4Runs_FINAL_updated_sub7533_ss3_100918_1341.edat2
7533_4_1.3T3/fmri/retrieval_3/behavioral/RetrievalTask_4Runs_FINAL_updated_sub7533_ss3_100918_1341.txt
7533_4_1.3T3/fmri/retrieval_3/physiological/
7533_4_1.3T3/fmri/retrieval_4/
7533_4_1.3T3/fmri/retrieval_4/behavioral/
7533_4_1.3T3/fmri/retrieval_4/behavioral/RetrievalTask_4Runs_FINAL_updated_sub7533_ss4_100918_1350.edat2
7533_4_1.3T3/fmri/retrieval_4/behavioral/RetrievalTask_4Runs_FINAL_updated_sub7533_ss4_100918_1350.txt
7533_4_1.3T3/fmri/retrieval_4/physiological/
7533_4_1.3T3/mri/
7533_4_1.3T3/mri/anatomy/
7533_4_1.3T3/mri/dti/
7584_2_1.3T3/
7584_2_1.3T3/behavioral/
7584_2_1.3T3/fmri/
7584_2_1.3T3/fmri/level1_run1/
7584_2_1.3T3/fmri/level1_run1/behavioral/
7584_2_1.3T3/fmri/level1_run1_blipdown/
7584_2_1.3T3/fmri/level1_run2/
7584_2_1.3T3/fmri/level1_run2/behavioral/
7584_2_1.3T3/fmri/level1_run2_blipdown /
7584_2_1.3T3/fmri/level2_run1/
7584_2_1.3T3/fmri/level2_run1/behavioral/
7584_2_1.3T3/fmri/level2_run1_blipdown/
7584_2_1.3T3/fmri/level2_run2/
7584_2_1.3T3/fmri/level2_run2/behavioral/
7584_2_1.3T3/fmri/level2_run2_blipdown/
7584_2_1.3T3/fmri/level3_run1/
7584_2_1.3T3/fmri/level3_run1/behavioral/
7584_2_1.3T3/fmri/level3_run1_blipdown/
7584_2_1.3T3/fmri/level3_run2/
7584_2_1.3T3/fmri/level3_run2/behavioral/
7584_2_1.3T3/fmri/level3_run2_blipdown/
7584_2_1.3T3/fmri/level3_run3/
7584_2_1.3T3/fmri/level3_run3/behavioral/
7584_2_1.3T3/fmri/level3_run3_blipdown/
7584_2_1.3T3/fmri/resting_state_1/
7584_2_1.3T3/fmri/resting_state_1_blipdown/
7584_2_1.3T3/mri/
7584_2_1.3T3/mri/anatomy/
7584_2_1.3T3/mri/anatomy/multibandcoil/
7584_2_1.3T3/mri/anatomy/standardcoil/
7584_2_1.3T3/mri/dti/
7720_2_1.3T3/
7720_2_1.3T3/fmri/
7720_2_1.3T3/fmri/encoding_1/
7720_2_1.3T3/fmri/encoding_1/behavioral/
7720_2_1.3T3/fmri/encoding_1/physiological/
7720_2_1.3T3/fmri/encoding_2/
7720_2_1.3T3/fmri/encoding_2/behavioral/
7720_2_1.3T3/fmri/encoding_2/physiological/
7720_2_1.3T3/fmri/localizer/
7720_2_1.3T3/fmri/localizer/behavioral/
7720_2_1.3T3/fmri/localizer/physiological/
7720_2_1.3T3/fmri/resting_1/
7720_2_1.3T3/fmri/resting_1/physiological/
7720_2_1.3T3/fmri/resting_2/
7720_2_1.3T3/fmri/resting_2/physiological/
7720_2_1.3T3/fmri/retrieval_1/
7720_2_1.3T3/fmri/retrieval_1/behavioral/
7720_2_1.3T3/fmri/retrieval_1/physiological/
7720_2_1.3T3/fmri/retrieval_2/
7720_2_1.3T3/fmri/retrieval_2/behavioral/
7720_2_1.3T3/fmri/retrieval_2/physiological/
7720_2_1.3T3/fmri/retrieval_3/
7720_2_1.3T3/fmri/retrieval_3/behavioral/
7720_2_1.3T3/fmri/retrieval_3/physiological/
7720_2_1.3T3/fmri/retrieval_4/
7720_2_1.3T3/fmri/retrieval_4/behavioral/
7720_2_1.3T3/fmri/retrieval_4/physiological/
7720_2_1.3T3/mri/
7720_2_1.3T3/mri/anatomy/
7720_2_1.3T3/mri/dti/
7780_1_1.3T3/
7780_1_1.3T3/behavioral/
7780_1_1.3T3/fmri/
7780_1_1.3T3/fmri/level1_run1/
7780_1_1.3T3/fmri/level1_run1/behavioral/
7780_1_1.3T3/fmri/level1_run1_blipdown/
7780_1_1.3T3/fmri/level2_run1/
7780_1_1.3T3/fmri/level2_run1/behavioral/
7780_1_1.3T3/fmri/level2_run1_blipdown/
7780_1_1.3T3/fmri/level2_run2/
7780_1_1.3T3/fmri/level2_run2/behavioral/
7780_1_1.3T3/fmri/level2_run2_blipdown/
7780_1_1.3T3/fmri/level3_run1/
7780_1_1.3T3/fmri/level3_run1/behavioral/
7780_1_1.3T3/fmri/level3_run1_blipdown/
7780_1_1.3T3/fmri/level3_run2/
7780_1_1.3T3/fmri/level3_run2/behavioral/
7780_1_1.3T3/fmri/level3_run2_blipdown/
7780_1_1.3T3/fmri/level3_run3/
7780_1_1.3T3/fmri/level3_run3/behavioral/
7780_1_1.3T3/fmri/level3_run3_blipdown/
7780_1_1.3T3/fmri/resting_state_1/
7780_1_1.3T3/fmri/resting_state_1_blipdown/
7780_1_1.3T3/mri/
7780_1_1.3T3/mri/anatomy/
7780_1_1.3T3/mri/anatomy/multibandcoil/
7780_1_1.3T3/mri/anatomy/standardcoil/
7780_1_1.3T3/mri/dti/
7860_3_1.3T3/
7860_3_1.3T3/fmri/
7860_3_1.3T3/fmri/BART_1/
7860_3_1.3T3/fmri/BART_1/behavioral/
7860_3_1.3T3/fmri/Emotion_match_1/
7860_3_1.3T3/fmri/Emotion_match_1/behavioral/
7860_3_1.3T3/fmri/Emotion_regulation_1/
7860_3_1.3T3/fmri/Emotion_regulation_1/behavioral/
7860_3_1.3T3/fmri/Emotion_regulation_2/
7860_3_1.3T3/fmri/Emotion_regulation_2/behavioral/
7860_3_1.3T3/fmri/SST_1/
7860_3_1.3T3/fmri/SST_1/behavioral/
7860_3_1.3T3/fmri/SST_2/
7860_3_1.3T3/fmri/SST_2/behavioral/
7860_3_1.3T3/fmri/resting_state_1/
7860_3_1.3T3/mri/
7860_3_1.3T3/mri/anatomy/
7860_3_1.3T3/mri/dti/
7870_3_1.3T3/
7870_3_1.3T3/fmri/
7870_3_1.3T3/fmri/BART_1/
7870_3_1.3T3/fmri/BART_1/behavioral/
7870_3_1.3T3/fmri/Emotion_match_1/
7870_3_1.3T3/fmri/Emotion_match_1/behavioral/
7870_3_1.3T3/fmri/Emotion_regulation_1/
7870_3_1.3T3/fmri/Emotion_regulation_1/behavioral/
7870_3_1.3T3/fmri/Emotion_regulation_2/
7870_3_1.3T3/fmri/Emotion_regulation_2/behavioral/
7870_3_1.3T3/fmri/SST_1/
7870_3_1.3T3/fmri/SST_1/behavioral/
7870_3_1.3T3/fmri/SST_1_redo/
7870_3_1.3T3/fmri/SST_1_redo/behavioral/
7870_3_1.3T3/fmri/SST_2/
7870_3_1.3T3/fmri/SST_2/behavioral/
7870_3_1.3T3/fmri/resting_state_1/
7870_3_1.3T3/mri/
7870_3_1.3T3/mri/anatomy/
7870_3_1.3T3/mri/anatomy/001/
7870_3_1.3T3/mri/anatomy/003/
7870_3_1.3T3/mri/anatomy/004/
7870_3_1.3T3/mri/anatomy/005/
7870_3_1.3T3/mri/anatomy/006/
7870_3_1.3T3/mri/anatomy/007/
7870_3_1.3T3/mri/anatomy/009/
7870_3_1.3T3/mri/anatomy/011/
7870_3_1.3T3/mri/anatomy/012/
7870_3_1.3T3/mri/anatomy/013/
7870_3_1.3T3/mri/anatomy/014/
7870_3_1.3T3/mri/anatomy/015/
7870_3_1.3T3/mri/anatomy/016/
7870_3_1.3T3/mri/anatomy/018/
7870_3_1.3T3/mri/anatomy/20003/
7870_3_1.3T3/mri/anatomy/20004/
7870_3_1.3T3/mri/anatomy/20006/
7870_3_1.3T3/mri/anatomy/20011/
7870_3_1.3T3/mri/anatomy/20016/
7870_3_1.3T3/mri/anatomy/20017/
7870_3_1.3T3/mri/dti/
7870_3_1.3T3/mri/dti/017/
7874_2_1.3T3/
7874_2_1.3T3/fmri/
7874_2_1.3T3/fmri/BART_1/
7874_2_1.3T3/fmri/BART_1/behavioral/
7874_2_1.3T3/fmri/Emotion_match_1/
7874_2_1.3T3/fmri/Emotion_match_1/behavioral/
7874_2_1.3T3/fmri/Emotion_regulation_1/
7874_2_1.3T3/fmri/Emotion_regulation_1/behavioral/
7874_2_1.3T3/fmri/Emotion_regulation_2/
7874_2_1.3T3/fmri/Emotion_regulation_2/behavioral/
7874_2_1.3T3/fmri/SST_1/
7874_2_1.3T3/fmri/SST_1/behavioral/
7874_2_1.3T3/fmri/SST_2/
7874_2_1.3T3/fmri/SST_2/behavioral/
7874_2_1.3T3/fmri/resting_state_1/
7874_2_1.3T3/mri/
7874_2_1.3T3/mri/anatomy/
7874_2_1.3T3/mri/dti/
7876_2_1.3T3/
7876_2_1.3T3/fmri/
7876_2_1.3T3/fmri/BART_1/
7876_2_1.3T3/fmri/BART_1/behavioral/
7876_2_1.3T3/fmri/Emotion_match_1/
7876_2_1.3T3/fmri/Emotion_match_1/behavioral/
7876_2_1.3T3/fmri/Emotion_regulation_1/
7876_2_1.3T3/fmri/Emotion_regulation_1/behavioral/
7876_2_1.3T3/fmri/Emotion_regulation_2/
7876_2_1.3T3/fmri/Emotion_regulation_2/behavioral/
7876_2_1.3T3/fmri/SST_1/
7876_2_1.3T3/fmri/SST_1/behavioral/
7876_2_1.3T3/fmri/SST_2/
7876_2_1.3T3/fmri/SST_2/behavioral/
7876_2_1.3T3/fmri/resting_state_1/
7876_2_1.3T3/mri/
7876_2_1.3T3/mri/anatomy/
7876_2_1.3T3/mri/dti/
7877_4_1.3T3/
7877_4_1.3T3/fmri/
7877_4_1.3T3/fmri/BART_1/
7877_4_1.3T3/fmri/BART_1/behavioral/
7877_4_1.3T3/fmri/Emotion_match_1/
7877_4_1.3T3/fmri/Emotion_match_1/behavioral/
7877_4_1.3T3/fmri/Emotion_regulation_1/
7877_4_1.3T3/fmri/Emotion_regulation_1/behavioral/
7877_4_1.3T3/fmri/Emotion_regulation_2/
7877_4_1.3T3/fmri/Emotion_regulation_2/behavioral/
7877_4_1.3T3/fmri/SST_1/
7877_4_1.3T3/fmri/SST_1/behavioral/
7877_4_1.3T3/fmri/SST_1_redo/
7877_4_1.3T3/fmri/SST_1_redo/behavioral/
7877_4_1.3T3/fmri/SST_2/
7877_4_1.3T3/fmri/SST_2/behavioral/
7877_4_1.3T3/fmri/resting_state_1/
7877_4_1.3T3/mri/
7877_4_1.3T3/mri/anatomy/
7877_4_1.3T3/mri/anatomy/001/
7877_4_1.3T3/mri/anatomy/003/
7877_4_1.3T3/mri/anatomy/004/
7877_4_1.3T3/mri/anatomy/005/
7877_4_1.3T3/mri/anatomy/006/
7877_4_1.3T3/mri/anatomy/007/
7877_4_1.3T3/mri/anatomy/008/
7877_4_1.3T3/mri/anatomy/010/
7877_4_1.3T3/mri/anatomy/012/
7877_4_1.3T3/mri/anatomy/013/
7877_4_1.3T3/mri/anatomy/014/
7877_4_1.3T3/mri/anatomy/015/
7877_4_1.3T3/mri/anatomy/016/
7877_4_1.3T3/mri/anatomy/017/
7877_4_1.3T3/mri/anatomy/019/
7877_4_1.3T3/mri/anatomy/20003/
7877_4_1.3T3/mri/anatomy/20004/
7877_4_1.3T3/mri/anatomy/20007/
7877_4_1.3T3/mri/anatomy/20012/
7877_4_1.3T3/mri/anatomy/20016/
7877_4_1.3T3/mri/anatomy/20017/
7877_4_1.3T3/mri/anatomy/20018/
7877_4_1.3T3/mri/dti/
7877_4_1.3T3/mri/dti/018/
7938_3_1.3T3/
7938_3_1.3T3/fmri/
7938_3_1.3T3/fmri/BART_1/
7938_3_1.3T3/fmri/BART_1/behavioral/
7938_3_1.3T3/fmri/Emotion_match_1/
7938_3_1.3T3/fmri/Emotion_match_1/behavioral/
7938_3_1.3T3/fmri/Emotion_regulation_1/
7938_3_1.3T3/fmri/Emotion_regulation_1/behavioral/
7938_3_1.3T3/fmri/Emotion_regulation_2/
7938_3_1.3T3/fmri/Emotion_regulation_2/behavioral/
7938_3_1.3T3/fmri/SST_1/
7938_3_1.3T3/fmri/SST_1/behavioral/
7938_3_1.3T3/fmri/SST_2/
7938_3_1.3T3/fmri/SST_2/behavioral/
7938_3_1.3T3/fmri/resting_state_1/
7938_3_1.3T3/mri/
7938_3_1.3T3/mri/anatomy/
7938_3_1.3T3/mri/dti/
7942_3_1.3T3/
7942_3_1.3T3/fmri/
7942_3_1.3T3/fmri/BART_1/
7942_3_1.3T3/fmri/BART_1/behavioral/
7942_3_1.3T3/fmri/Emotion_match_1/
7942_3_1.3T3/fmri/Emotion_match_1/behavioral/
7942_3_1.3T3/fmri/Emotion_match_1_redo/
7942_3_1.3T3/fmri/Emotion_match_1_redo/behavioral/
7942_3_1.3T3/fmri/Emotion_match_1_redo2/
7942_3_1.3T3/fmri/Emotion_match_1_redo2/behavioral/
7942_3_1.3T3/fmri/Emotion_regulation_1/
7942_3_1.3T3/fmri/Emotion_regulation_1/behavioral/
7942_3_1.3T3/fmri/Emotion_regulation_2/
7942_3_1.3T3/fmri/Emotion_regulation_2/behavioral/
7942_3_1.3T3/fmri/SST_1/
7942_3_1.3T3/fmri/SST_1/behavioral/
7942_3_1.3T3/fmri/SST_2/
7942_3_1.3T3/fmri/SST_2/behavioral/
7942_3_1.3T3/fmri/resting_state_1/
7942_3_1.3T3/mri/
7942_3_1.3T3/mri/anatomy/
7942_3_1.3T3/mri/dti/
7942_3_2.3T3/
7942_3_2.3T3/fmri/
7942_3_2.3T3/fmri/BART_1/
7942_3_2.3T3/fmri/BART_1/behavioral/
7942_3_2.3T3/fmri/Emotion_match_1/
7942_3_2.3T3/fmri/Emotion_match_1/behavioral/
7942_3_2.3T3/fmri/Emotion_regulation_1/
7942_3_2.3T3/fmri/Emotion_regulation_1/behavioral/
7942_3_2.3T3/fmri/Emotion_regulation_2/
7942_3_2.3T3/fmri/Emotion_regulation_2/behavioral/
7942_3_2.3T3/fmri/SST_1/
7942_3_2.3T3/fmri/SST_1/behavioral/
7942_3_2.3T3/fmri/SST_2/
7942_3_2.3T3/fmri/SST_2/behavioral/
7942_3_2.3T3/fmri/resting_state_1/
7942_3_2.3T3/mri/
7942_3_2.3T3/mri/anatomy/
7942_3_2.3T3/mri/dti/
7947_3_1.3T3/
7947_3_1.3T3/fmri/
7947_3_1.3T3/fmri/BART_1/
7947_3_1.3T3/fmri/BART_1/behavioral/
7947_3_1.3T3/fmri/Emotion_match_1/
7947_3_1.3T3/fmri/Emotion_match_1/behavioral/
7947_3_1.3T3/fmri/Emotion_regulation_1/
7947_3_1.3T3/fmri/Emotion_regulation_1/behavioral/
7947_3_1.3T3/fmri/Emotion_regulation_2/
7947_3_1.3T3/fmri/Emotion_regulation_2/behavioral/
7947_3_1.3T3/fmri/SST_1/
7947_3_1.3T3/fmri/SST_1/behavioral/
7947_3_1.3T3/fmri/SST_2/
7947_3_1.3T3/fmri/SST_2/behavioral/
7947_3_1.3T3/fmri/resting_state_1/
7947_3_1.3T3/mri/
7947_3_1.3T3/mri/anatomy/
7947_3_1.3T3/mri/dti/
7969_2_1.3T3/
7969_2_1.3T3/fmri/
7969_2_1.3T3/fmri/BART_1/
7969_2_1.3T3/fmri/BART_1/behavioral/
7969_2_1.3T3/fmri/BART_1_redo/
7969_2_1.3T3/fmri/BART_1_redo/behavioral/
7969_2_1.3T3/fmri/Emotion_match_1/
7969_2_1.3T3/fmri/Emotion_match_1/behavioral/
7969_2_1.3T3/fmri/Emotion_regulation_1/
7969_2_1.3T3/fmri/Emotion_regulation_1/behavioral/
7969_2_1.3T3/fmri/Emotion_regulation_2/
7969_2_1.3T3/fmri/Emotion_regulation_2/behavioral/
7969_2_1.3T3/fmri/SST_1/
7969_2_1.3T3/fmri/SST_1/behavioral/
7969_2_1.3T3/fmri/SST_2/
7969_2_1.3T3/fmri/SST_2/behavioral/
7969_2_1.3T3/fmri/resting_state_1/
7969_2_1.3T3/mri/
7969_2_1.3T3/mri/anatomy/
7969_2_1.3T3/mri/dti/
7977_2_1.3T3/
7977_2_1.3T3/fmri/
7977_2_1.3T3/fmri/BART_1/
7977_2_1.3T3/fmri/BART_1/behavioral/
7977_2_1.3T3/fmri/Emotion_match_1/
7977_2_1.3T3/fmri/Emotion_match_1/behavioral/
7977_2_1.3T3/fmri/Emotion_regulation_1/
7977_2_1.3T3/fmri/Emotion_regulation_1/behavioral/
7977_2_1.3T3/fmri/Emotion_regulation_2/
7977_2_1.3T3/fmri/Emotion_regulation_2/behavioral/
7977_2_1.3T3/fmri/SST_1/
7977_2_1.3T3/fmri/SST_1/behavioral/
7977_2_1.3T3/fmri/SST_2/
7977_2_1.3T3/fmri/SST_2/behavioral/
7977_2_1.3T3/fmri/resting_state_1/
7977_2_1.3T3/mri/
7977_2_1.3T3/mri/anatomy/
7977_2_1.3T3/mri/dti/
7980_2_1.3T3/
7980_2_1.3T3/fmri/
7980_2_1.3T3/fmri/BART_1/
7980_2_1.3T3/fmri/BART_1/behavioral/
7980_2_1.3T3/fmri/Emotion_match_1/
7980_2_1.3T3/fmri/Emotion_match_1/behavioral/
7980_2_1.3T3/fmri/Emotion_regulation_1/
7980_2_1.3T3/fmri/Emotion_regulation_1/behavioral/
7980_2_1.3T3/fmri/Emotion_regulation_2/
7980_2_1.3T3/fmri/Emotion_regulation_2/behavioral/
7980_2_1.3T3/fmri/SST_1/
7980_2_1.3T3/fmri/SST_1/behavioral/
7980_2_1.3T3/fmri/SST_2/
7980_2_1.3T3/fmri/SST_2/behavioral/
7980_2_1.3T3/fmri/resting_state_1/
7980_2_1.3T3/mri/
7980_2_1.3T3/mri/anatomy/
7980_2_1.3T3/mri/anatomy/001/
7980_2_1.3T3/mri/anatomy/003/
7980_2_1.3T3/mri/anatomy/004/
7980_2_1.3T3/mri/anatomy/005/
7980_2_1.3T3/mri/anatomy/006/
7980_2_1.3T3/mri/anatomy/007/
7980_2_1.3T3/mri/anatomy/009/
7980_2_1.3T3/mri/anatomy/011/
7980_2_1.3T3/mri/anatomy/012/
7980_2_1.3T3/mri/anatomy/013/
7980_2_1.3T3/mri/anatomy/014/
7980_2_1.3T3/mri/anatomy/015/
7980_2_1.3T3/mri/anatomy/016/
7980_2_1.3T3/mri/anatomy/018/
7980_2_1.3T3/mri/anatomy/20003/
7980_2_1.3T3/mri/anatomy/20004/
7980_2_1.3T3/mri/anatomy/20006/
7980_2_1.3T3/mri/anatomy/20011/
7980_2_1.3T3/mri/anatomy/20015/
7980_2_1.3T3/mri/anatomy/20016/
7980_2_1.3T3/mri/anatomy/20017/
7980_2_1.3T3/mri/dti/
7980_2_1.3T3/mri/dti/017/
7980_2_2.3T3/
7980_2_2.3T3/fmri/
7980_2_2.3T3/fmri/BART_1/
7980_2_2.3T3/fmri/BART_1/behavioral/
7980_2_2.3T3/fmri/Emotion_match_1/
7980_2_2.3T3/fmri/Emotion_match_1/behavioral/
7980_2_2.3T3/fmri/Emotion_regulation_1/
7980_2_2.3T3/fmri/Emotion_regulation_1/behavioral/
7980_2_2.3T3/fmri/Emotion_regulation_2/
7980_2_2.3T3/fmri/Emotion_regulation_2/behavioral/
7980_2_2.3T3/fmri/SST_1/
7980_2_2.3T3/fmri/SST_1/behavioral/
7980_2_2.3T3/fmri/SST_2/
7980_2_2.3T3/fmri/SST_2/behavioral/
7980_2_2.3T3/fmri/resting_state_1/
7980_2_2.3T3/mri/
7980_2_2.3T3/mri/anatomy/
7980_2_2.3T3/mri/anatomy/001/
7980_2_2.3T3/mri/anatomy/003/
7980_2_2.3T3/mri/anatomy/004/
7980_2_2.3T3/mri/anatomy/005/
7980_2_2.3T3/mri/anatomy/007/
7980_2_2.3T3/mri/anatomy/009/
7980_2_2.3T3/mri/anatomy/010/
7980_2_2.3T3/mri/anatomy/011/
7980_2_2.3T3/mri/anatomy/013/
7980_2_2.3T3/mri/anatomy/015/
7980_2_2.3T3/mri/anatomy/016/
7980_2_2.3T3/mri/anatomy/017/
7980_2_2.3T3/mri/anatomy/018/
7980_2_2.3T3/mri/anatomy/019/
7980_2_2.3T3/mri/anatomy/020/
7980_2_2.3T3/mri/anatomy/022/
7980_2_2.3T3/mri/anatomy/20003/
7980_2_2.3T3/mri/anatomy/20004/
7980_2_2.3T3/mri/anatomy/20009/
7980_2_2.3T3/mri/anatomy/20010/
7980_2_2.3T3/mri/anatomy/20015/
7980_2_2.3T3/mri/anatomy/20019/
7980_2_2.3T3/mri/anatomy/20020/
7980_2_2.3T3/mri/anatomy/20021/
7980_2_2.3T3/mri/dti/
7980_2_2.3T3/mri/dti/021/
7982_2_1.3T3/
7982_2_1.3T3/fmri/
7982_2_1.3T3/fmri/BART_1/
7982_2_1.3T3/fmri/BART_1/behavioral/
7982_2_1.3T3/fmri/Emotion_match_1/
7982_2_1.3T3/fmri/Emotion_match_1/behavioral/
7982_2_1.3T3/fmri/Emotion_regulation_1/
7982_2_1.3T3/fmri/Emotion_regulation_1/behavioral/
7982_2_1.3T3/fmri/Emotion_regulation_2/
7982_2_1.3T3/fmri/Emotion_regulation_2/behavioral/
7982_2_1.3T3/fmri/SST_1/
7982_2_1.3T3/fmri/SST_1/behavioral/
7982_2_1.3T3/fmri/SST_1_redo/
7982_2_1.3T3/fmri/SST_1_redo/behavioral/
7982_2_1.3T3/fmri/SST_2/
7982_2_1.3T3/fmri/SST_2/behavioral/
7982_2_1.3T3/fmri/resting_state_1/
7982_2_1.3T3/mri/
7982_2_1.3T3/mri/anatomy/
7982_2_1.3T3/mri/dti/
7992_3_1.3T3/
7992_3_1.3T3/fmri/
7992_3_1.3T3/fmri/addition_1/
7992_3_1.3T3/fmri/addition_1/behavioral/
7992_3_1.3T3/fmri/addition_1/behavioral/Short_Intervention_Scanner_wExample_July31_2014-7992-11-ExperimentAdvisorReport.xml
7992_3_1.3T3/fmri/addition_1/behavioral/Short_Intervention_Scanner_wExample_July31_2014-7992-11.edat2
7992_3_1.3T3/fmri/addition_1/behavioral/Short_Intervention_Scanner_wExample_July31_2014-7992-11.txt
7992_3_1.3T3/fmri/addition_2/
7992_3_1.3T3/fmri/addition_2/behavioral/
7992_3_1.3T3/fmri/addition_2/behavioral/Short_Intervention_Scanner_wExample_July31_2014-7992-12-ExperimentAdvisorReport.xml
7992_3_1.3T3/fmri/addition_2/behavioral/Short_Intervention_Scanner_wExample_July31_2014-7992-12.edat2
7992_3_1.3T3/fmri/addition_2/behavioral/Short_Intervention_Scanner_wExample_July31_2014-7992-12.txt
7992_3_1.3T3/fmri/addition_3/
7992_3_1.3T3/fmri/addition_3/behaviroal/
7992_3_1.3T3/fmri/addition_3/behaviroal/Short_Intervention_Scanner_wExample_July31_2014-7992-13-ExperimentAdvisorReport.xml
7992_3_1.3T3/fmri/addition_3/behaviroal/Short_Intervention_Scanner_wExample_July31_2014-7992-13.edat2
7992_3_1.3T3/fmri/addition_3/behaviroal/Short_Intervention_Scanner_wExample_July31_2014-7992-13.txt
7992_3_1.3T3/fmri/addition_4/
7992_3_1.3T3/fmri/addition_4/behavioral/
7992_3_1.3T3/fmri/addition_4/behavioral/Short_Intervention_Scanner_wExample_July31_2014-7992-14-ExperimentAdvisorReport.xml
7992_3_1.3T3/fmri/addition_4/behavioral/Short_Intervention_Scanner_wExample_July31_2014-7992-14.edat2
7992_3_1.3T3/fmri/addition_4/behavioral/Short_Intervention_Scanner_wExample_July31_2014-7992-14.txt
7992_3_1.3T3/fmri/resting_state_1/
7992_3_1.3T3/mri/
7992_3_1.3T3/mri/anatomy/
7992_3_1.3T3/mri/dti/
7992_3_1.3T3/strategy_assessment/
7992_3_1.3T3/strategy_assessment/Strategy_Assessment_ASD_Whiz_KeyPad_PreScan-7992-3-ExperimentAdvisorReport.xml
7992_3_1.3T3/strategy_assessment/Strategy_Assessment_ASD_Whiz_KeyPad_PreScan-7992-3.edat2
7992_3_1.3T3/strategy_assessment/Strategy_Assessment_ASD_Whiz_KeyPad_PreScan-7992-3.txt
7994_2_1.3T3/
7994_2_1.3T3/fmri/
7994_2_1.3T3/fmri/addition_1/
7994_2_1.3T3/fmri/addition_1/behavioral/
7994_2_1.3T3/fmri/addition_2/
7994_2_1.3T3/fmri/addition_2/behavioral/
7994_2_1.3T3/fmri/addition_3/
7994_2_1.3T3/fmri/addition_3/behaviroal/
7994_2_1.3T3/fmri/addition_4/
7994_2_1.3T3/fmri/addition_4/behavioral/
7994_2_1.3T3/fmri/resting_state_1/
7994_2_1.3T3/mri/
7994_2_1.3T3/mri/anatomy/
7994_2_1.3T3/mri/dti/
7994_2_1.3T3/strategy_assessment/
7994_3_1.3T3/
7994_3_1.3T3/after_scanner_memory_task/
7994_3_1.3T3/fmri/
7994_3_1.3T3/fmri/addition_1/
7994_3_1.3T3/fmri/addition_1/behavioral/
7994_3_1.3T3/fmri/addition_2/
7994_3_1.3T3/fmri/addition_2/behavioral/
7994_3_1.3T3/fmri/addition_3/
7994_3_1.3T3/fmri/addition_3/behaviroal/
7994_3_1.3T3/fmri/addition_4/
7994_3_1.3T3/fmri/addition_4/behavioral/
7994_3_1.3T3/fmri/resting_state_1/
7994_3_1.3T3/mri/
7994_3_1.3T3/mri/anatomy/
7994_3_1.3T3/mri/dti/
7994_3_1.3T3/strategy_assessment/
8004_2_1.3T3/
8004_2_1.3T3/fmri/
8004_2_1.3T3/fmri/addition_1/
8004_2_1.3T3/fmri/addition_1/behavioral/
8004_2_1.3T3/fmri/addition_2/
8004_2_1.3T3/fmri/addition_2/behavioral/
8004_2_1.3T3/fmri/addition_3/
8004_2_1.3T3/fmri/addition_3/behaviroal/
8004_2_1.3T3/fmri/addition_4/
8004_2_1.3T3/fmri/addition_4/behavioral/
8004_2_1.3T3/fmri/resting_state_1/
8004_2_1.3T3/mri/
8004_2_1.3T3/mri/anatomy/
8004_2_1.3T3/mri/dti/
8004_2_1.3T3/strategy_assessment/
8004_3_1.3T3/
8004_3_1.3T3/after_scanner_memory_task/
8004_3_1.3T3/fmri/
8004_3_1.3T3/fmri/addition_1/
8004_3_1.3T3/fmri/addition_1/behavioral/
8004_3_1.3T3/fmri/addition_2/
8004_3_1.3T3/fmri/addition_2/behavioral/
8004_3_1.3T3/fmri/addition_3/
8004_3_1.3T3/fmri/addition_3/behaviroal/
8004_3_1.3T3/fmri/addition_4/
8004_3_1.3T3/fmri/addition_4/behavioral/
8004_3_1.3T3/fmri/resting_state_1/
8004_3_1.3T3/mri/
8004_3_1.3T3/mri/anatomy/
8004_3_1.3T3/mri/dti/
8004_3_1.3T3/strategy_assessment/
8009_4_1.3T3/
8009_4_1.3T3/fmri/
8009_4_1.3T3/fmri/encoding_1/
8009_4_1.3T3/fmri/encoding_1/behavioral/
8009_4_1.3T3/fmri/encoding_1/physiological/
8009_4_1.3T3/fmri/encoding_2/
8009_4_1.3T3/fmri/encoding_2/behavioral/
8009_4_1.3T3/fmri/encoding_2/physiological/
8009_4_1.3T3/fmri/localizer/
8009_4_1.3T3/fmri/localizer/behavioral/
8009_4_1.3T3/fmri/localizer/physiological/
8009_4_1.3T3/fmri/resting_1/
8009_4_1.3T3/fmri/resting_1/physiological/
8009_4_1.3T3/fmri/resting_2/
8009_4_1.3T3/fmri/resting_2/physiological/
8009_4_1.3T3/fmri/retrieval_1/
8009_4_1.3T3/fmri/retrieval_1/behavioral/
8009_4_1.3T3/fmri/retrieval_1/physiological/
8009_4_1.3T3/fmri/retrieval_2/
8009_4_1.3T3/fmri/retrieval_2/behavioral/
8009_4_1.3T3/fmri/retrieval_2/physiological/
8009_4_1.3T3/fmri/retrieval_3/
8009_4_1.3T3/fmri/retrieval_3/behavioral/
8009_4_1.3T3/fmri/retrieval_3/physiological/
8009_4_1.3T3/fmri/retrieval_4/
8009_4_1.3T3/fmri/retrieval_4/behavioral/
8009_4_1.3T3/fmri/retrieval_4/physiological/
8009_4_1.3T3/mri/
8009_4_1.3T3/mri/anatomy/
8009_4_1.3T3/mri/dti/
8022_1_1.3T3/
8022_1_1.3T3/behavioral/
8022_1_1.3T3/fmri/
8022_1_1.3T3/fmri/level1_run1/
8022_1_1.3T3/fmri/level1_run1/behavioral/
8022_1_1.3T3/fmri/level1_run1_blipdown/
8022_1_1.3T3/fmri/level2_run1/
8022_1_1.3T3/fmri/level2_run1/behavioral/
8022_1_1.3T3/fmri/level2_run1_blipdown/
8022_1_1.3T3/fmri/level2_run2/
8022_1_1.3T3/fmri/level2_run2/behavioral/
8022_1_1.3T3/fmri/level2_run2_blipdown/
8022_1_1.3T3/fmri/level3_run1/
8022_1_1.3T3/fmri/level3_run1/behavioral/
8022_1_1.3T3/fmri/level3_run1_blipdown/
8022_1_1.3T3/fmri/level3_run2/
8022_1_1.3T3/fmri/level3_run2/behavioral/
8022_1_1.3T3/fmri/level3_run2_blipdown/
8022_1_1.3T3/fmri/level3_run3/
8022_1_1.3T3/fmri/level3_run3/behavioral/
8022_1_1.3T3/fmri/level3_run3_blipdown/
8022_1_1.3T3/fmri/resting_state_1/
8022_1_1.3T3/fmri/resting_state_1_blipdown/
8022_1_1.3T3/mri/
8022_1_1.3T3/mri/anatomy/
8022_1_1.3T3/mri/anatomy/multibandcoil/
8022_1_1.3T3/mri/anatomy/standardcoil/
8022_1_1.3T3/mri/dti/
8033_1_1.3T3/
8033_1_1.3T3/behavioral/
8033_1_1.3T3/fmri/
8033_1_1.3T3/fmri/level1_run1/
8033_1_1.3T3/fmri/level1_run1/behavioral/
8033_1_1.3T3/fmri/level1_run1_blipdown/
8033_1_1.3T3/fmri/level2_run1/
8033_1_1.3T3/fmri/level2_run1/behavioral/
8033_1_1.3T3/fmri/level2_run1_blipdown/
8033_1_1.3T3/fmri/level2_run2/
8033_1_1.3T3/fmri/level2_run2/behavioral/
8033_1_1.3T3/fmri/level2_run2_blipdown/
8033_1_1.3T3/fmri/level3_run1/
8033_1_1.3T3/fmri/level3_run1/behavioral/
8033_1_1.3T3/fmri/level3_run1_blipdown/
8033_1_1.3T3/fmri/level3_run2/
8033_1_1.3T3/fmri/level3_run2/behavioral/
8033_1_1.3T3/fmri/level3_run2_blipdown/
8033_1_1.3T3/fmri/level3_run2_redo/
8033_1_1.3T3/fmri/level3_run2_redo/behavioral/
8033_1_1.3T3/fmri/level3_run3/
8033_1_1.3T3/fmri/level3_run3/behavioral/
8033_1_1.3T3/fmri/level3_run3_blipdown/
8033_1_1.3T3/fmri/resting_state_1/
8033_1_1.3T3/fmri/resting_state_1_blipdown/
8033_1_1.3T3/mri/
8033_1_1.3T3/mri/anatomy/
8033_1_1.3T3/mri/dti/
8033_1_1.3T3/mri/multibandcoil/
8033_1_1.3T3/mri/multibandcoil/001/
8033_1_1.3T3/mri/multibandcoil/011/
8033_1_1.3T3/mri/multibandcoil/019/
8033_1_1.3T3/mri/multibandcoil/020/
8033_1_1.3T3/mri/standardcoil/
8033_1_1.3T3/mri/standardcoil/001/
8033_1_1.3T3/mri/standardcoil/003/
8033_1_1.3T3/mri/standardcoil/004/
8033_1_1.3T3/mri/standardcoil/005/
8033_1_1.3T3/mri/standardcoil/20003/
8033_1_1.3T3/mri/standardcoil/20004/
8033_1_1.3T3/mri/standardcoil/20005/
8035_2_1.3T3/
8035_2_1.3T3/fmri/
8035_2_1.3T3/fmri/BART_1/
8035_2_1.3T3/fmri/BART_1/behavioral/
8035_2_1.3T3/fmri/Emotion_match_1/
8035_2_1.3T3/fmri/Emotion_match_1/behavioral/
8035_2_1.3T3/fmri/Emotion_regulation_1/
8035_2_1.3T3/fmri/Emotion_regulation_1/behavioral/
8035_2_1.3T3/fmri/Emotion_regulation_2/
8035_2_1.3T3/fmri/Emotion_regulation_2/behavioral/
8035_2_1.3T3/fmri/SST_1/
8035_2_1.3T3/fmri/SST_1/behavioral/
8035_2_1.3T3/fmri/SST_2/
8035_2_1.3T3/fmri/SST_2/behavioral/
8035_2_1.3T3/fmri/resting_state_1/
8035_2_1.3T3/mri/
8035_2_1.3T3/mri/anatomy/
8035_2_1.3T3/mri/anatomy/001/
8035_2_1.3T3/mri/anatomy/003/
8035_2_1.3T3/mri/anatomy/004/
8035_2_1.3T3/mri/anatomy/005/
8035_2_1.3T3/mri/anatomy/006/
8035_2_1.3T3/mri/anatomy/007/
8035_2_1.3T3/mri/anatomy/009/
8035_2_1.3T3/mri/anatomy/011/
8035_2_1.3T3/mri/anatomy/012/
8035_2_1.3T3/mri/anatomy/013/
8035_2_1.3T3/mri/anatomy/014/
8035_2_1.3T3/mri/anatomy/015/
8035_2_1.3T3/mri/anatomy/016/
8035_2_1.3T3/mri/anatomy/018/
8035_2_1.3T3/mri/anatomy/20003/
8035_2_1.3T3/mri/anatomy/20004/
8035_2_1.3T3/mri/anatomy/20006/
8035_2_1.3T3/mri/anatomy/20011/
8035_2_1.3T3/mri/anatomy/20015/
8035_2_1.3T3/mri/anatomy/20016/
8035_2_1.3T3/mri/anatomy/20017/
8035_2_1.3T3/mri/dti/
8035_2_1.3T3/mri/dti/017/
8065_3_1.3T3/
8065_3_1.3T3/fmri/
8065_3_1.3T3/fmri/encoding_1/
8065_3_1.3T3/fmri/encoding_1/behavioral/
8065_3_1.3T3/fmri/encoding_1/physiological/
8065_3_1.3T3/fmri/encoding_2/
8065_3_1.3T3/fmri/encoding_2/behavioral/
8065_3_1.3T3/fmri/encoding_2/physiological/
8065_3_1.3T3/fmri/localizer/
8065_3_1.3T3/fmri/localizer/behavioral/
8065_3_1.3T3/fmri/localizer/physiological/
8065_3_1.3T3/fmri/resting_1/
8065_3_1.3T3/fmri/resting_1/physiological/
8065_3_1.3T3/fmri/resting_2/
8065_3_1.3T3/fmri/resting_2/physiological/
8065_3_1.3T3/fmri/retrieval_1/
8065_3_1.3T3/fmri/retrieval_1/behavioral/
8065_3_1.3T3/fmri/retrieval_1/physiological/
8065_3_1.3T3/fmri/retrieval_2/
8065_3_1.3T3/fmri/retrieval_2/behavioral/
8065_3_1.3T3/fmri/retrieval_2/physiological/
8065_3_1.3T3/fmri/retrieval_3/
8065_3_1.3T3/fmri/retrieval_3/behavioral/
8065_3_1.3T3/fmri/retrieval_3/physiological/
8065_3_1.3T3/fmri/retrieval_4/
8065_3_1.3T3/fmri/retrieval_4/behavioral/
8065_3_1.3T3/fmri/retrieval_4/physiological/
8065_3_1.3T3/mri/
8065_3_1.3T3/mri/anatomy/
8065_3_1.3T3/mri/dti/
8069_1_1.3T3/
8069_1_1.3T3/behavioral/
8069_1_1.3T3/behavioral/fmri/
8069_1_1.3T3/fmri/
8069_1_1.3T3/fmri/level1_run1/
8069_1_1.3T3/fmri/level1_run1/behavioral/
8069_1_1.3T3/fmri/level2_run1/
8069_1_1.3T3/fmri/level2_run1/behavioral/
8069_1_1.3T3/fmri/level2_run2/
8069_1_1.3T3/fmri/level2_run2/behavioral/
8069_1_1.3T3/fmri/level3_run1/
8069_1_1.3T3/fmri/level3_run1/behavioral/
8069_1_1.3T3/fmri/level3_run2/
8069_1_1.3T3/fmri/level3_run2/behavioral/
8069_1_1.3T3/fmri/level3_run3/
8069_1_1.3T3/fmri/level3_run3/behavioral/
8092_1_1.3T3/
8092_1_1.3T3/behavioral/
8092_1_1.3T3/behavioral/training/
8092_1_1.3T3/fmri/
8092_1_1.3T3/fmri/level1_run1/
8092_1_1.3T3/fmri/level1_run1/behavioral/
8092_1_1.3T3/fmri/level1_run1_blipdown/
8092_1_1.3T3/fmri/level2_run1/
8092_1_1.3T3/fmri/level2_run1/behavioral/
8092_1_1.3T3/fmri/level2_run1_blipdown/
8092_1_1.3T3/fmri/level2_run2/
8092_1_1.3T3/fmri/level2_run2/behavioral/
8092_1_1.3T3/fmri/level2_run2_blipdown/
8092_1_1.3T3/fmri/level3_run1/
8092_1_1.3T3/fmri/level3_run1/behavioral/
8092_1_1.3T3/fmri/level3_run1_blipdown/
8092_1_1.3T3/fmri/level3_run2/
8092_1_1.3T3/fmri/level3_run2/behavioral/
8092_1_1.3T3/fmri/level3_run2_blipdown/
8092_1_1.3T3/fmri/level3_run3/
8092_1_1.3T3/fmri/level3_run3/behavioral/
8092_1_1.3T3/fmri/level3_run3_blipdown/
8092_1_1.3T3/fmri/resting_state_1/
8092_1_1.3T3/fmri/resting_state_1_blipdown/
8092_1_1.3T3/mri/
8092_1_1.3T3/mri/anatomy/
8092_1_1.3T3/mri/anatomy/multibandcoil/
8092_1_1.3T3/mri/anatomy/multibandcoil/001/
8092_1_1.3T3/mri/anatomy/multibandcoil/002/
8092_1_1.3T3/mri/anatomy/multibandcoil/014/
8092_1_1.3T3/mri/anatomy/multibandcoil/015/
8092_1_1.3T3/mri/anatomy/multibandcoil/023/
8092_1_1.3T3/mri/anatomy/multibandcoil/20002/
8092_1_1.3T3/mri/anatomy/multibandcoil/20015/
8092_1_1.3T3/mri/anatomy/standardcoil/
8092_1_1.3T3/mri/anatomy/standardcoil/001/
8092_1_1.3T3/mri/anatomy/standardcoil/002/
8092_1_1.3T3/mri/anatomy/standardcoil/20002/
8092_1_1.3T3/mri/anatomy/standardcoil/20004/
8092_1_1.3T3/mri/dti/
8092_1_1.3T3/mri/dti/004/
8092_1_1.3T3/mri/dti/005/
8093_1_1.3T3/
8093_1_1.3T3/behavioral/
8093_1_1.3T3/behavioral/fmri/
8093_1_1.3T3/fmri/
8093_1_1.3T3/fmri/level1_run1/
8093_1_1.3T3/fmri/level1_run1/behavioral/
8093_1_1.3T3/fmri/level2_run1/
8093_1_1.3T3/fmri/level2_run1/behavioral/
8093_1_1.3T3/fmri/level2_run2/
8093_1_1.3T3/fmri/level2_run2/behavioral/
8093_1_1.3T3/fmri/level3_run1/
8093_1_1.3T3/fmri/level3_run1/behavioral/
8093_1_1.3T3/fmri/level3_run2/
8093_1_1.3T3/fmri/level3_run2/behavioral/
8093_1_1.3T3/fmri/level3_run3/
8093_1_1.3T3/fmri/level3_run3/behavioral/
8094_1_1.3T3/
8094_1_1.3T3/behavioral/
8094_1_1.3T3/fmri/
8094_1_1.3T3/fmri/level1_run1/
8094_1_1.3T3/fmri/level1_run1/behavioral/
8094_1_1.3T3/fmri/level1_run1_blipdown/
8094_1_1.3T3/fmri/level2_run1/
8094_1_1.3T3/fmri/level2_run1/behavioral/
8094_1_1.3T3/fmri/level2_run1_blipdown/
8094_1_1.3T3/fmri/level2_run2/
8094_1_1.3T3/fmri/level2_run2/behavioral/
8094_1_1.3T3/fmri/level2_run2_blipdown/
8094_1_1.3T3/fmri/level3_run1/
8094_1_1.3T3/fmri/level3_run1/behavioral/
8094_1_1.3T3/fmri/level3_run1_blipdown/
8094_1_1.3T3/fmri/level3_run2/
8094_1_1.3T3/fmri/level3_run2/behavioral/
8094_1_1.3T3/fmri/level3_run2_blipdown/
8094_1_1.3T3/fmri/level3_run3/
8094_1_1.3T3/fmri/level3_run3/behavioral/
8094_1_1.3T3/fmri/level3_run3_blipdown/
8094_1_1.3T3/fmri/resting_state_1/
8094_1_1.3T3/fmri/resting_state_1_blipdown/
8094_1_1.3T3/mri/
8094_1_1.3T3/mri/anatomy/
8094_1_1.3T3/mri/anatomy/multibandcoil/
8094_1_1.3T3/mri/anatomy/standardcoil/
8094_1_1.3T3/mri/dti/
8096_1_1.3T3/
8096_1_1.3T3/behavioral/
8096_1_1.3T3/fmri/
8096_1_1.3T3/fmri/level1_run1/
8096_1_1.3T3/fmri/level1_run1/behavioral/
8096_1_1.3T3/fmri/level1_run1_blipdown/
8096_1_1.3T3/fmri/level2_run1/
8096_1_1.3T3/fmri/level2_run1/behavioral/
8096_1_1.3T3/fmri/level2_run1_blipdown/
8096_1_1.3T3/fmri/level2_run2/
8096_1_1.3T3/fmri/level2_run2/behavioral/
8096_1_1.3T3/fmri/level2_run2_blipdown/
8096_1_1.3T3/fmri/level2_run3/
8096_1_1.3T3/fmri/level2_run3/behavioral/
8096_1_1.3T3/fmri/level2_run3_blipdown /
8096_1_1.3T3/fmri/level3_run1/
8096_1_1.3T3/fmri/level3_run1/behavioral/
8096_1_1.3T3/fmri/level3_run1_blipdown/
8096_1_1.3T3/fmri/level3_run2/
8096_1_1.3T3/fmri/level3_run2/behavioral/
8096_1_1.3T3/fmri/level3_run2_blipdown/
8096_1_1.3T3/fmri/level3_run3/
8096_1_1.3T3/fmri/level3_run3/behavioral/
8096_1_1.3T3/fmri/level3_run3_blipdown/
8096_1_1.3T3/fmri/resting_state_1/
8096_1_1.3T3/fmri/resting_state_1_blipdown/
8096_1_1.3T3/mri/
8096_1_1.3T3/mri/anatomy/
8096_1_1.3T3/mri/anatomy/multibandcoil/
8096_1_1.3T3/mri/anatomy/standardcoil/
8096_1_1.3T3/mri/dti/
8098_1_1.3T3/
8098_1_1.3T3/behavioral/
8098_1_1.3T3/fmri/
8098_1_1.3T3/fmri/level1_run1/
8098_1_1.3T3/fmri/level1_run1/behavioral/
8098_1_1.3T3/fmri/level1_run1_blipdown/
8098_1_1.3T3/fmri/level2_run1/
8098_1_1.3T3/fmri/level2_run1/behavioral/
8098_1_1.3T3/fmri/level2_run1_blipdown/
8098_1_1.3T3/fmri/level2_run2/
8098_1_1.3T3/fmri/level2_run2/behavioral/
8098_1_1.3T3/fmri/level2_run2_blipdown/
8098_1_1.3T3/fmri/level3_run1/
8098_1_1.3T3/fmri/level3_run1/behavioral/
8098_1_1.3T3/fmri/level3_run1_blipdown/
8098_1_1.3T3/fmri/level3_run2/
8098_1_1.3T3/fmri/level3_run2/behavioral/
8098_1_1.3T3/fmri/level3_run2_blipdown/
8098_1_1.3T3/fmri/level3_run3/
8098_1_1.3T3/fmri/level3_run3/behavioral/
8098_1_1.3T3/fmri/level3_run3_blipdown/
8098_1_1.3T3/fmri/resting_state_1/
8098_1_1.3T3/fmri/resting_state_1_blipdown/
8098_1_1.3T3/mri/
8098_1_1.3T3/mri/anatomy/
8098_1_1.3T3/mri/anatomy/multibandcoil/
8098_1_1.3T3/mri/anatomy/standardcoil/
8098_1_1.3T3/mri/dti/
8106_1_1.3T3/
8106_1_1.3T3/fmri/
8106_1_1.3T3/fmri/addition_1/
8106_1_1.3T3/fmri/addition_1/behavioral/
8106_1_1.3T3/fmri/addition_2/
8106_1_1.3T3/fmri/addition_2/behavioral/
8106_1_1.3T3/fmri/addition_3/
8106_1_1.3T3/fmri/addition_3/behaviroal/
8106_1_1.3T3/fmri/addition_4/
8106_1_1.3T3/fmri/addition_4/behavioral/
8106_1_1.3T3/fmri/resting_state_1/
8106_1_1.3T3/mri/
8106_1_1.3T3/mri/anatomy/
8106_1_1.3T3/mri/dti/
8106_1_1.3T3/strategy_assessment/
8110_1_1.3T3/
8110_1_1.3T3/behaviorial/
8110_1_1.3T3/fmri/
8110_1_1.3T3/fmri/level1_run1/
8110_1_1.3T3/fmri/level1_run1/behavioral/
8110_1_1.3T3/fmri/level1_run1_blipdown/
8110_1_1.3T3/fmri/level2_run1/
8110_1_1.3T3/fmri/level2_run1/behavioral/
8110_1_1.3T3/fmri/level2_run1_blipdown/
8110_1_1.3T3/fmri/level2_run2/
8110_1_1.3T3/fmri/level2_run2/behavioral/
8110_1_1.3T3/fmri/level2_run2_blipdown/
8110_1_1.3T3/fmri/level3_run1/
8110_1_1.3T3/fmri/level3_run1/behavioral/
8110_1_1.3T3/fmri/level3_run1_blipdown/
8110_1_1.3T3/fmri/level3_run2/
8110_1_1.3T3/fmri/level3_run2/behavioral/
8110_1_1.3T3/fmri/level3_run2_blipdown/
8110_1_1.3T3/fmri/level3_run3/
8110_1_1.3T3/fmri/level3_run3/behavioral/
8110_1_1.3T3/fmri/level3_run3_blipdown/
8110_1_1.3T3/fmri/resting_state_1/
8110_1_1.3T3/fmri/resting_state_1_blipdown/
8110_1_1.3T3/mri/
8110_1_1.3T3/mri/anatomy/
8110_1_1.3T3/mri/anatomy/multibandcoil/
8110_1_1.3T3/mri/anatomy/standardcoil/
8110_1_1.3T3/mri/dti/
8113_1_1.3T3/
8113_1_1.3T3/behavioral/
8113_1_1.3T3/fmri/
8113_1_1.3T3/fmri/level1_run1/
8113_1_1.3T3/fmri/level1_run1/behavioral/
8113_1_1.3T3/fmri/level1_run1_blipdown/
8113_1_1.3T3/fmri/level2_run1/
8113_1_1.3T3/fmri/level2_run1/behavioral/
8113_1_1.3T3/fmri/level2_run1_blipdown/
8113_1_1.3T3/fmri/level2_run2/
8113_1_1.3T3/fmri/level2_run2/behavioral/
8113_1_1.3T3/fmri/level2_run2_blipdown/
8113_1_1.3T3/fmri/level3_run1/
8113_1_1.3T3/fmri/level3_run1/behavioral/
8113_1_1.3T3/fmri/level3_run1_blipdown/
8113_1_1.3T3/fmri/level3_run2/
8113_1_1.3T3/fmri/level3_run2/behavioral/
8113_1_1.3T3/fmri/level3_run2_blipdown/
8113_1_1.3T3/fmri/level3_run3/
8113_1_1.3T3/fmri/level3_run3/behavioral/
8113_1_1.3T3/fmri/level3_run3_blipdown/
8113_1_1.3T3/fmri/resting_state_1/
8113_1_1.3T3/fmri/resting_state_1_blipdown/
8113_1_1.3T3/mri/
8113_1_1.3T3/mri/anatomy/
8113_1_1.3T3/mri/anatomy/multibandcoil/
8113_1_1.3T3/mri/anatomy/standardcoil/
8113_1_1.3T3/mri/dti/
8114_1_1.3T3/
8114_1_1.3T3/fmri/
8114_1_1.3T3/fmri/encoding_1/
8114_1_1.3T3/fmri/encoding_1/behavioral/
8114_1_1.3T3/fmri/encoding_1/physiological/
8114_1_1.3T3/fmri/encoding_2/
8114_1_1.3T3/fmri/encoding_2/behavioral/
8114_1_1.3T3/fmri/encoding_2/physiological/
8114_1_1.3T3/fmri/localizer/
8114_1_1.3T3/fmri/localizer/behavioral/
8114_1_1.3T3/fmri/localizer/physiological/
8114_1_1.3T3/fmri/resting_1/
8114_1_1.3T3/fmri/resting_1/physiological/
8114_1_1.3T3/fmri/resting_2/
8114_1_1.3T3/fmri/resting_2/physiological/
8114_1_1.3T3/fmri/retrieval_1/
8114_1_1.3T3/fmri/retrieval_1/behavioral/
8114_1_1.3T3/fmri/retrieval_1/physiological/
8114_1_1.3T3/fmri/retrieval_2/
8114_1_1.3T3/fmri/retrieval_2/behavioral/
8114_1_1.3T3/fmri/retrieval_2/physiological/
8114_1_1.3T3/fmri/retrieval_3/
8114_1_1.3T3/fmri/retrieval_3/behavioral/
8114_1_1.3T3/fmri/retrieval_3/physiological/
8114_1_1.3T3/fmri/retrieval_4/
8114_1_1.3T3/fmri/retrieval_4/behavioral/
8114_1_1.3T3/fmri/retrieval_4/physiological/
8114_1_1.3T3/mri/
8114_1_1.3T3/mri/anatomy/
8114_1_1.3T3/mri/dti/
8115_1_1.3T3/
8115_1_1.3T3/behavioral/
8115_1_1.3T3/fmri/
8115_1_1.3T3/fmri/level1_run1/
8115_1_1.3T3/fmri/level1_run1/behavioral/
8115_1_1.3T3/fmri/level1_run1_blipdown/
8115_1_1.3T3/fmri/level2_run1/
8115_1_1.3T3/fmri/level2_run1/behavioral/
8115_1_1.3T3/fmri/level2_run1_blipdown/
8115_1_1.3T3/fmri/level2_run2/
8115_1_1.3T3/fmri/level2_run2/behavioral/
8115_1_1.3T3/fmri/level2_run2_blipdown/
8115_1_1.3T3/fmri/level2_run3/
8115_1_1.3T3/fmri/level2_run3/behavioral/
8115_1_1.3T3/fmri/level2_run3_blipdown/
8115_1_1.3T3/fmri/level3_run1/
8115_1_1.3T3/fmri/level3_run1/behavioral/
8115_1_1.3T3/fmri/level3_run1_blipdown/
8115_1_1.3T3/fmri/level3_run2/
8115_1_1.3T3/fmri/level3_run2/behavioral/
8115_1_1.3T3/fmri/level3_run2_blipdown/
8115_1_1.3T3/fmri/level3_run3/
8115_1_1.3T3/fmri/level3_run3/behavioral/
8115_1_1.3T3/fmri/level3_run3_blipdown/
8115_1_1.3T3/fmri/resting_state_1/
8115_1_1.3T3/fmri/resting_state_1_blipdown/
8115_1_1.3T3/mri/
8115_1_1.3T3/mri/anatomy/
8115_1_1.3T3/mri/anatomy/multibandcoil/
8115_1_1.3T3/mri/anatomy/standardcoil/
8115_1_1.3T3/mri/dti/
8116_1_1.3T3/
8116_1_1.3T3/behavioral/
8116_1_1.3T3/fmri/
8116_1_1.3T3/fmri/level1_run1/
8116_1_1.3T3/fmri/level1_run1/007/
8116_1_1.3T3/fmri/level1_run1/behavioral/
8116_1_1.3T3/fmri/level1_run1_blipdown/
8116_1_1.3T3/fmri/level1_run1_blipdown/006/
8116_1_1.3T3/fmri/level2_run1/
