receiving incremental file list
./
100509_1_1.3T2/
100509_1_1.3T2/fmri/
100509_1_1.3T2/fmri/grid1/
100509_1_1.3T2/fmri/grid1/behavioral/
100509_1_1.3T2/fmri/grid2/
100509_1_1.3T2/fmri/grid2/behavioral/
100509_1_1.3T2/fmri/grid3/
100509_1_1.3T2/fmri/grid3/behavioral/
100509_1_1.3T2/fmri/grid4/
100509_1_1.3T2/fmri/grid4/behavioral/
100509_1_1.3T2/fmri/sym1/
100509_1_1.3T2/fmri/sym1/behavioral/
100509_1_1.3T2/fmri/sym2/
100509_1_1.3T2/fmri/sym2/behavioral/
100509_1_1.3T2/fmri/sym3/
100509_1_1.3T2/fmri/sym3/behavioral/
100509_1_1.3T2/fmri/sym4/
100509_1_1.3T2/fmri/sym4/behavioral/
100509_1_1.3T2/mock_scan/
100509_1_1.3T2/mri/
100509_1_1.3T2/mri/anatomy/
100509_1_1.3T2/mri/dti/
100509_1_1.3T2/mri/dti/100509_1_1.3T2/
100509_1_1.3T2/mri/dti/100509_1_1.3T2/001/
100509_1_1.3T2/mri/dti/100509_1_1.3T2/002/
100509_1_1.3T2/mri/dti/100509_1_1.3T2/005/
100509_1_1.3T2/mri/dti/100509_1_1.3T2/006/
100509_1_1.3T2/mri/dti/100509_1_1.3T2/007/
100509_1_1.3T2/mri/dti/100509_1_1.3T2/008/
100509_1_1.3T2/mri/dti/100509_1_1.3T2/009/
100509_1_1.3T2/mri/dti/100509_1_1.3T2/010/
100509_1_1.3T2/mri/dti/100509_1_1.3T2/20002/
356_3_2.3T3/
356_3_2.3T3/fmri/
356_3_2.3T3/fmri/addblock_1/
356_3_2.3T3/fmri/addblock_1/behavioral/
356_3_2.3T3/fmri/addevent_1/
356_3_2.3T3/fmri/addevent_1/behavioral/
356_3_2.3T3/fmri/addevent_2/
356_3_2.3T3/fmri/addevent_2/behavioral/
356_3_2.3T3/fmri/equation_2/
356_3_2.3T3/fmri/equation_2/behavioral/
356_3_2.3T3/fmri/letter_2/
356_3_2.3T3/fmri/letter_2/behavioral/
356_3_2.3T3/fmri/number_2/
356_3_2.3T3/fmri/number_2/behavioral/
356_3_2.3T3/fmri/resting_1/
356_3_2.3T3/fmri/resting_2/
356_3_2.3T3/fmri/subblock_1/
356_3_2.3T3/fmri/subblock_1/behavioral/
356_3_2.3T3/fmri/word_2/
356_3_2.3T3/fmri/word_2/behavioral/
7874_2_1.3T3/
7874_2_1.3T3/fmri/
7874_2_1.3T3/fmri/BART_1/
7874_2_1.3T3/fmri/BART_1/behavioral/
7874_2_1.3T3/fmri/Emotion_match_1/
7874_2_1.3T3/fmri/Emotion_match_1/behavioral/
7874_2_1.3T3/fmri/Emotion_regulation_1/
7874_2_1.3T3/fmri/Emotion_regulation_1/behavioral/
7874_2_1.3T3/fmri/Emotion_regulation_2/
7874_2_1.3T3/fmri/Emotion_regulation_2/behavioral/
7874_2_1.3T3/fmri/SST_1/
7874_2_1.3T3/fmri/SST_1/behavioral/
7874_2_1.3T3/fmri/SST_2/
7874_2_1.3T3/fmri/SST_2/behavioral/
7874_2_1.3T3/fmri/resting_state_1/
7874_2_1.3T3/mri/
7874_2_1.3T3/mri/anatomy/
7874_2_1.3T3/mri/dti/
7877_4_1.3T3/
7877_4_1.3T3/fmri/
7877_4_1.3T3/fmri/BART_1/
7877_4_1.3T3/fmri/BART_1/behavioral/
7877_4_1.3T3/fmri/Emotion_match_1/
7877_4_1.3T3/fmri/Emotion_match_1/behavioral/
7877_4_1.3T3/fmri/Emotion_regulation_1/
7877_4_1.3T3/fmri/Emotion_regulation_1/behavioral/
7877_4_1.3T3/fmri/Emotion_regulation_2/
7877_4_1.3T3/fmri/Emotion_regulation_2/behavioral/
7877_4_1.3T3/fmri/SST_1/
7877_4_1.3T3/fmri/SST_1/behavioral/
7877_4_1.3T3/fmri/SST_1_redo/
7877_4_1.3T3/fmri/SST_1_redo/behavioral/
7877_4_1.3T3/fmri/SST_2/
7877_4_1.3T3/fmri/SST_2/behavioral/
7877_4_1.3T3/fmri/resting_state_1/
7877_4_1.3T3/mri/
7877_4_1.3T3/mri/anatomy/
7877_4_1.3T3/mri/anatomy/001/
7877_4_1.3T3/mri/anatomy/003/
7877_4_1.3T3/mri/anatomy/004/
7877_4_1.3T3/mri/anatomy/005/
7877_4_1.3T3/mri/anatomy/006/
7877_4_1.3T3/mri/anatomy/007/
7877_4_1.3T3/mri/anatomy/008/
7877_4_1.3T3/mri/anatomy/010/
7877_4_1.3T3/mri/anatomy/012/
7877_4_1.3T3/mri/anatomy/013/
7877_4_1.3T3/mri/anatomy/014/
7877_4_1.3T3/mri/anatomy/015/
7877_4_1.3T3/mri/anatomy/016/
7877_4_1.3T3/mri/anatomy/017/
7877_4_1.3T3/mri/anatomy/019/
7877_4_1.3T3/mri/anatomy/20003/
7877_4_1.3T3/mri/anatomy/20004/
7877_4_1.3T3/mri/anatomy/20007/
7877_4_1.3T3/mri/anatomy/20012/
7877_4_1.3T3/mri/anatomy/20016/
7877_4_1.3T3/mri/anatomy/20017/
7877_4_1.3T3/mri/anatomy/20018/
7877_4_1.3T3/mri/dti/
7877_4_1.3T3/mri/dti/018/
8009_4_1.3T3/
8009_4_1.3T3/fmri/
8009_4_1.3T3/fmri/encoding_1/
8009_4_1.3T3/fmri/encoding_1/behavioral/
8009_4_1.3T3/fmri/encoding_1/physiological/
8009_4_1.3T3/fmri/encoding_2/
8009_4_1.3T3/fmri/encoding_2/behavioral/
8009_4_1.3T3/fmri/encoding_2/physiological/
8009_4_1.3T3/fmri/localizer/
8009_4_1.3T3/fmri/localizer/behavioral/
8009_4_1.3T3/fmri/localizer/physiological/
8009_4_1.3T3/fmri/resting_1/
8009_4_1.3T3/fmri/resting_1/physiological/
8009_4_1.3T3/fmri/resting_2/
8009_4_1.3T3/fmri/resting_2/physiological/
8009_4_1.3T3/fmri/retrieval_1/
8009_4_1.3T3/fmri/retrieval_1/behavioral/
8009_4_1.3T3/fmri/retrieval_1/physiological/
8009_4_1.3T3/fmri/retrieval_2/
8009_4_1.3T3/fmri/retrieval_2/behavioral/
8009_4_1.3T3/fmri/retrieval_2/physiological/
8009_4_1.3T3/fmri/retrieval_3/
8009_4_1.3T3/fmri/retrieval_3/behavioral/
8009_4_1.3T3/fmri/retrieval_3/physiological/
8009_4_1.3T3/fmri/retrieval_4/
8009_4_1.3T3/fmri/retrieval_4/behavioral/
8009_4_1.3T3/fmri/retrieval_4/physiological/
8009_4_1.3T3/mri/
8009_4_1.3T3/mri/anatomy/
8009_4_1.3T3/mri/dti/
8033_1_1.3T3/
8033_1_1.3T3/behavioral/
8033_1_1.3T3/fmri/
8033_1_1.3T3/fmri/level1_run1/
8033_1_1.3T3/fmri/level1_run1/behavioral/
8033_1_1.3T3/fmri/level1_run1_blipdown/
8033_1_1.3T3/fmri/level2_run1/
8033_1_1.3T3/fmri/level2_run1/behavioral/
8033_1_1.3T3/fmri/level2_run1_blipdown/
8033_1_1.3T3/fmri/level2_run2/
8033_1_1.3T3/fmri/level2_run2/behavioral/
8033_1_1.3T3/fmri/level2_run2_blipdown/
8033_1_1.3T3/fmri/level3_run1/
8033_1_1.3T3/fmri/level3_run1/behavioral/
8033_1_1.3T3/fmri/level3_run1_blipdown/
8033_1_1.3T3/fmri/level3_run2/
8033_1_1.3T3/fmri/level3_run2/behavioral/
8033_1_1.3T3/fmri/level3_run2_blipdown/
8033_1_1.3T3/fmri/level3_run2_redo/
8033_1_1.3T3/fmri/level3_run2_redo/behavioral/
8033_1_1.3T3/fmri/level3_run3/
8033_1_1.3T3/fmri/level3_run3/behavioral/
8033_1_1.3T3/fmri/level3_run3_blipdown/
8033_1_1.3T3/fmri/resting_state_1/
8033_1_1.3T3/fmri/resting_state_1_blipdown/
8033_1_1.3T3/mri/
8033_1_1.3T3/mri/anatomy/
8033_1_1.3T3/mri/dti/
8033_1_1.3T3/mri/multibandcoil/
8033_1_1.3T3/mri/multibandcoil/001/
8033_1_1.3T3/mri/multibandcoil/011/
8033_1_1.3T3/mri/multibandcoil/019/
8033_1_1.3T3/mri/multibandcoil/020/
8033_1_1.3T3/mri/standardcoil/
8033_1_1.3T3/mri/standardcoil/001/
8033_1_1.3T3/mri/standardcoil/003/
8033_1_1.3T3/mri/standardcoil/004/
8033_1_1.3T3/mri/standardcoil/005/
8033_1_1.3T3/mri/standardcoil/20003/
8033_1_1.3T3/mri/standardcoil/20004/
8033_1_1.3T3/mri/standardcoil/20005/
8094_1_1.3T3/
8094_1_1.3T3/behavioral/
8094_1_1.3T3/fmri/
8094_1_1.3T3/fmri/level1_run1/
8094_1_1.3T3/fmri/level1_run1/behavioral/
8094_1_1.3T3/fmri/level1_run1_blipdown/
8094_1_1.3T3/fmri/level2_run1/
8094_1_1.3T3/fmri/level2_run1/behavioral/
8094_1_1.3T3/fmri/level2_run1_blipdown/
8094_1_1.3T3/fmri/level2_run2/
8094_1_1.3T3/fmri/level2_run2/behavioral/
8094_1_1.3T3/fmri/level2_run2_blipdown/
8094_1_1.3T3/fmri/level3_run1/
8094_1_1.3T3/fmri/level3_run1/behavioral/
8094_1_1.3T3/fmri/level3_run1_blipdown/
8094_1_1.3T3/fmri/level3_run2/
8094_1_1.3T3/fmri/level3_run2/behavioral/
8094_1_1.3T3/fmri/level3_run2_blipdown/
8094_1_1.3T3/fmri/level3_run3/
8094_1_1.3T3/fmri/level3_run3/behavioral/
8094_1_1.3T3/fmri/level3_run3_blipdown/
8094_1_1.3T3/fmri/resting_state_1/
8094_1_1.3T3/fmri/resting_state_1_blipdown/
8094_1_1.3T3/mri/
8094_1_1.3T3/mri/anatomy/
8094_1_1.3T3/mri/anatomy/multibandcoil/
8094_1_1.3T3/mri/anatomy/standardcoil/
8094_1_1.3T3/mri/dti/
8098_1_1.3T3/
8098_1_1.3T3/behavioral/
8098_1_1.3T3/fmri/
8098_1_1.3T3/fmri/level1_run1/
8098_1_1.3T3/fmri/level1_run1/behavioral/
8098_1_1.3T3/fmri/level1_run1_blipdown/
8098_1_1.3T3/fmri/level2_run1/
8098_1_1.3T3/fmri/level2_run1/behavioral/
8098_1_1.3T3/fmri/level2_run1_blipdown/
8098_1_1.3T3/fmri/level2_run2/
8098_1_1.3T3/fmri/level2_run2/behavioral/
8098_1_1.3T3/fmri/level2_run2_blipdown/
8098_1_1.3T3/fmri/level3_run1/
8098_1_1.3T3/fmri/level3_run1/behavioral/
8098_1_1.3T3/fmri/level3_run1_blipdown/
8098_1_1.3T3/fmri/level3_run2/
8098_1_1.3T3/fmri/level3_run2/behavioral/
8098_1_1.3T3/fmri/level3_run2_blipdown/
8098_1_1.3T3/fmri/level3_run3/
8098_1_1.3T3/fmri/level3_run3/behavioral/
8098_1_1.3T3/fmri/level3_run3_blipdown/
8098_1_1.3T3/fmri/resting_state_1/
8098_1_1.3T3/fmri/resting_state_1_blipdown/
8098_1_1.3T3/mri/
8098_1_1.3T3/mri/anatomy/
8098_1_1.3T3/mri/anatomy/multibandcoil/
8098_1_1.3T3/mri/anatomy/standardcoil/
8098_1_1.3T3/mri/dti/
8110_1_1.3T3/
8110_1_1.3T3/behaviorial/
8110_1_1.3T3/fmri/
8110_1_1.3T3/fmri/level1_run1/
8110_1_1.3T3/fmri/level1_run1/behavioral/
8110_1_1.3T3/fmri/level1_run1_blipdown/
8110_1_1.3T3/fmri/level2_run1/
8110_1_1.3T3/fmri/level2_run1/behavioral/
8110_1_1.3T3/fmri/level2_run1_blipdown/
8110_1_1.3T3/fmri/level2_run2/
8110_1_1.3T3/fmri/level2_run2/behavioral/
8110_1_1.3T3/fmri/level2_run2_blipdown/
8110_1_1.3T3/fmri/level3_run1/
8110_1_1.3T3/fmri/level3_run1/behavioral/
8110_1_1.3T3/fmri/level3_run1_blipdown/
8110_1_1.3T3/fmri/level3_run2/
8110_1_1.3T3/fmri/level3_run2/behavioral/
8110_1_1.3T3/fmri/level3_run2_blipdown/
8110_1_1.3T3/fmri/level3_run3/
8110_1_1.3T3/fmri/level3_run3/behavioral/
8110_1_1.3T3/fmri/level3_run3_blipdown/
8110_1_1.3T3/fmri/resting_state_1/
8110_1_1.3T3/fmri/resting_state_1_blipdown/
8110_1_1.3T3/mri/
8110_1_1.3T3/mri/anatomy/
8110_1_1.3T3/mri/anatomy/multibandcoil/
8110_1_1.3T3/mri/anatomy/standardcoil/
8110_1_1.3T3/mri/dti/
8114_1_1.3T3/
8114_1_1.3T3/fmri/
8114_1_1.3T3/fmri/encoding_1/
8114_1_1.3T3/fmri/encoding_1/behavioral/
8114_1_1.3T3/fmri/encoding_1/physiological/
8114_1_1.3T3/fmri/encoding_2/
8114_1_1.3T3/fmri/encoding_2/behavioral/
8114_1_1.3T3/fmri/encoding_2/physiological/
8114_1_1.3T3/fmri/localizer/
8114_1_1.3T3/fmri/localizer/behavioral/
8114_1_1.3T3/fmri/localizer/physiological/
8114_1_1.3T3/fmri/resting_1/
8114_1_1.3T3/fmri/resting_1/physiological/
8114_1_1.3T3/fmri/resting_2/
8114_1_1.3T3/fmri/resting_2/physiological/
8114_1_1.3T3/fmri/retrieval_1/
8114_1_1.3T3/fmri/retrieval_1/behavioral/
8114_1_1.3T3/fmri/retrieval_1/physiological/
8114_1_1.3T3/fmri/retrieval_2/
8114_1_1.3T3/fmri/retrieval_2/behavioral/
8114_1_1.3T3/fmri/retrieval_2/physiological/
8114_1_1.3T3/fmri/retrieval_3/
8114_1_1.3T3/fmri/retrieval_3/behavioral/
8114_1_1.3T3/fmri/retrieval_3/physiological/
8114_1_1.3T3/fmri/retrieval_4/
8114_1_1.3T3/fmri/retrieval_4/behavioral/
8114_1_1.3T3/fmri/retrieval_4/physiological/
8114_1_1.3T3/mri/
8114_1_1.3T3/mri/anatomy/
8114_1_1.3T3/mri/dti/
8119_1_1.3T3/
8119_1_1.3T3/fmri/
8119_1_1.3T3/fmri/encoding_1/
8119_1_1.3T3/fmri/encoding_1/behavioral/
8119_1_1.3T3/fmri/encoding_1/physiological/
8119_1_1.3T3/fmri/encoding_2/
8119_1_1.3T3/fmri/encoding_2/behavioral/
8119_1_1.3T3/fmri/encoding_2/physiological/
8119_1_1.3T3/fmri/localizer/
8119_1_1.3T3/fmri/localizer/behavioral/
8119_1_1.3T3/fmri/localizer/physiological/
8119_1_1.3T3/fmri/resting_1/
8119_1_1.3T3/fmri/resting_1/physiological/
8119_1_1.3T3/fmri/resting_2/
8119_1_1.3T3/fmri/resting_2/physiological/
8119_1_1.3T3/fmri/retrieval_1/
8119_1_1.3T3/fmri/retrieval_1/behavioral/
8119_1_1.3T3/fmri/retrieval_1/physiological/
8119_1_1.3T3/fmri/retrieval_2/
8119_1_1.3T3/fmri/retrieval_2/behavioral/
8119_1_1.3T3/fmri/retrieval_2/physiological/
8119_1_1.3T3/fmri/retrieval_3/
8119_1_1.3T3/fmri/retrieval_3/behavioral/
8119_1_1.3T3/fmri/retrieval_3/physiological/
8119_1_1.3T3/fmri/retrieval_4/
8119_1_1.3T3/fmri/retrieval_4/behavioral/
8119_1_1.3T3/fmri/retrieval_4/physiological/
8119_1_1.3T3/mri/
8119_1_1.3T3/mri/anatomy/
8119_1_1.3T3/mri/dti/

sent 2664 bytes  received 500968 bytes  1556.82 bytes/sec
total size is 5600812238  speedup is 11120.84
rsyncing behavioral data
ex12102 poorly formatted
ex12261 poorly formatted
ex12512 poorly formatted
ex12225 poorly formatted
ex12181 poorly formatted
ex12443 poorly formatted
ex12394 poorly formatted
ex12352 poorly formatted
ex12319 poorly formatted
ex12318 poorly formatted
ex12398 poorly formatted
ex12450 poorly formatted
ex12354 poorly formatted
ex12444 poorly formatted
ex12262 poorly formatted
ex12085 poorly formatted
ex12097 poorly formatted
ex12264 poorly formatted
ex12503 poorly formatted
ex12395 poorly formatted
ex12125 poorly formatted
ex12221 poorly formatted
ex12220 poorly formatted
ex12202 poorly formatted
ex12180 poorly formatted
ex12451 poorly formatted
ex12263 poorly formatted
ex12179 poorly formatted
ex12353 poorly formatted
ex12584 poorly formatted
ex12585 poorly formatted
ex12587 poorly formatted
ex12589 poorly formatted
ex12590 poorly formatted
ex12626 poorly formatted
ex12627 poorly formatted
ex12644 poorly formatted
ex12650 poorly formatted
ex12651 poorly formatted
ex12652 poorly formatted
ex12661 poorly formatted
ex12662 poorly formatted
ex12663 poorly formatted
ex12664 poorly formatted
ex12673 poorly formatted
ex12674 poorly formatted
ex12675 poorly formatted
ex12709 poorly formatted
ex12766 poorly formatted
ex12775 poorly formatted
ex12789 poorly formatted
ex12796 poorly formatted
ex12819 poorly formatted
ex12824 poorly formatted
ex12879 poorly formatted
ex12873 poorly formatted
ex12934 poorly formatted
ex12935 poorly formatted
ex12939 poorly formatted
ex12940 poorly formatted
ex12941 poorly formatted
ex12942 poorly formatted
ex12943 poorly formatted
ex12944 poorly formatted
ex12945 poorly formatted
ex12980 poorly formatted
ex12982 poorly formatted
ex12983 poorly formatted
ex13011 poorly formatted
ex13013 poorly formatted
ex13014 poorly formatted
ex13015 poorly formatted
ex13016 poorly formatted
ex13017 poorly formatted
ex13027 poorly formatted
ex13042 poorly formatted
ex13043 poorly formatted
ex13081 poorly formatted
ex13082 poorly formatted
ex13119 poorly formatted
ex13120 poorly formatted
ex13125 poorly formatted
ex13153 poorly formatted
ex13154 poorly formatted
ex13259 poorly formatted
ex13260 poorly formatted
ex13283 poorly formatted
ex13298 poorly formatted
ex13359 poorly formatted
ex13363 poorly formatted
ex13410 poorly formatted
ex13412 poorly formatted
ex13453 poorly formatted
ex13490 poorly formatted
ex13493 poorly formatted
ex13495 poorly formatted
ex13258 poorly formatted
ex3028 poorly formatted
ex13496 poorly formatted
ex13357 poorly formatted
ex13356 poorly formatted
ex13361 poorly formatted
ex13401 poorly formatted
ex13402 poorly formatted
ex13403 poorly formatted
ex2945 poorly formatted
ex13407 poorly formatted
ex13408 poorly formatted
ex13411 poorly formatted
ex13469 poorly formatted
ex13542 poorly formatted
ex13815 poorly formatted
test poorly formatted
new smp scan found: 0224_2_2
