receiving incremental file list
./
7533_4_1.3T3/
7533_4_1.3T3/fmri/
7533_4_1.3T3/fmri/encoding_1/
7533_4_1.3T3/fmri/encoding_1/behavioral/
7533_4_1.3T3/fmri/encoding_2/
7533_4_1.3T3/fmri/encoding_2/behavioral/
7533_4_1.3T3/fmri/localizer/
7533_4_1.3T3/fmri/localizer/behavioral/
7533_4_1.3T3/fmri/resting_1/
7533_4_1.3T3/fmri/resting_2/
7533_4_1.3T3/fmri/retrieval_1/
7533_4_1.3T3/fmri/retrieval_1/behavioral/
7533_4_1.3T3/fmri/retrieval_2/
7533_4_1.3T3/fmri/retrieval_2/behavioral/
7533_4_1.3T3/fmri/retrieval_3/
7533_4_1.3T3/fmri/retrieval_3/behavioral/
7533_4_1.3T3/fmri/retrieval_4/
7533_4_1.3T3/fmri/retrieval_4/behavioral/
7533_4_1.3T3/mri/
7942_3_1.3T3/
7942_3_1.3T3/fmri/
7942_3_1.3T3/fmri/BART_1/
7942_3_1.3T3/fmri/BART_1/behavioral/
7942_3_1.3T3/fmri/Emotion_match_1/
7942_3_1.3T3/fmri/Emotion_match_1/behavioral/
7942_3_1.3T3/fmri/Emotion_match_1_redo/
7942_3_1.3T3/fmri/Emotion_match_1_redo/behavioral/
7942_3_1.3T3/fmri/Emotion_match_1_redo2/
7942_3_1.3T3/fmri/Emotion_match_1_redo2/behavioral/
7942_3_1.3T3/fmri/Emotion_regulation_1/
7942_3_1.3T3/fmri/Emotion_regulation_1/behavioral/
7942_3_1.3T3/fmri/Emotion_regulation_2/
7942_3_1.3T3/fmri/Emotion_regulation_2/behavioral/
7942_3_1.3T3/fmri/SST_1/
7942_3_1.3T3/fmri/SST_1/behavioral/
7942_3_1.3T3/fmri/SST_2/
7942_3_1.3T3/fmri/SST_2/behavioral/
7942_3_1.3T3/mri/
7947_3_1.3T3/
7947_3_1.3T3/fmri/
7947_3_1.3T3/fmri/BART_1/
7947_3_1.3T3/fmri/BART_1/behavioral/
7947_3_1.3T3/fmri/Emotion_match_1/
7947_3_1.3T3/fmri/Emotion_match_1/behavioral/
7947_3_1.3T3/fmri/Emotion_regulation_1/
7947_3_1.3T3/fmri/Emotion_regulation_1/behavioral/
7947_3_1.3T3/fmri/Emotion_regulation_2/
7947_3_1.3T3/fmri/Emotion_regulation_2/behavioral/
7947_3_1.3T3/fmri/SST_1/
7947_3_1.3T3/fmri/SST_1/behavioral/
7947_3_1.3T3/fmri/SST_2/
7947_3_1.3T3/fmri/SST_2/behavioral/
7947_3_1.3T3/mri/
7992_3_1.3T3/
7992_3_1.3T3/fmri/
7992_3_1.3T3/fmri/addition_1/
7992_3_1.3T3/fmri/addition_1/behavioral/
7992_3_1.3T3/fmri/addition_2/
7992_3_1.3T3/fmri/addition_2/behavioral/
7992_3_1.3T3/fmri/addition_3/
7992_3_1.3T3/fmri/addition_3/behaviroal/
7992_3_1.3T3/fmri/addition_4/
7992_3_1.3T3/fmri/addition_4/behavioral/
7992_3_1.3T3/mri/
7992_3_1.3T3/strategy_assessment/
8128_1_1.3T3/
8128_1_1.3T3/behavioral/
8128_1_1.3T3/fmri/
8128_1_1.3T3/fmri/level1_run1/
8128_1_1.3T3/fmri/level2_run1/
8128_1_1.3T3/fmri/level2_run2/
8128_1_1.3T3/fmri/level3_run1/
8128_1_1.3T3/fmri/level3_run2/
8128_1_1.3T3/fmri/level3_run3/
8128_1_1.3T3/mri/
8128_1_1.3T3/mri/anatomy/
8128_1_1.3T3/mri/anatomy/multibandcoil/
8128_1_1.3T3/mri/anatomy/standardcoil/
8128_1_1.3T3/mri/anatomy/standardcoil/001/
8128_1_1.3T3/mri/anatomy/standardcoil/002/
8136_1_1.3T3/
8136_1_1.3T3/behavioral/
8136_1_1.3T3/behavioral/behavioral_practice/
8136_1_1.3T3/fmri/
8136_1_1.3T3/fmri/level1_run1/
8136_1_1.3T3/fmri/level1_run1/behavioral/
8136_1_1.3T3/fmri/level2_run1/
8136_1_1.3T3/fmri/level2_run1/behavioral/
8136_1_1.3T3/fmri/level2_run2/
8136_1_1.3T3/fmri/level2_run2/behavioral/
8136_1_1.3T3/fmri/level3_run1/
8136_1_1.3T3/fmri/level3_run1/behavioral/
8136_1_1.3T3/fmri/level3_run2/
8136_1_1.3T3/fmri/level3_run2/behavioral/
8136_1_1.3T3/fmri/level3_run3/
8136_1_1.3T3/fmri/level3_run3/behavioral/
8136_1_1.3T3/fmri/level3_run4/
8136_1_1.3T3/fmri/level3_run4/behavioral/
8136_1_1.3T3/mri/
8136_1_1.3T3/mri/anatomy/
9033_1_1.3T2/
9033_1_1.3T2/behavioral/
9033_1_1.3T2/behavioral/mock/
9033_1_1.3T2/behavioral/mock/Problem_Sets/
9033_1_1.3T2/behavioral/mock/Problem_Sets/Mock_Task/
9033_1_1.3T2/behavioral/mock/Results/
9033_1_1.3T2/behavioral/mock/Results/Mock_Task/
9033_1_1.3T2/behavioral/mock/Scripts/
9302_2_1.3T2/
9302_2_1.3T2/behavioral/
9302_2_1.3T2/behavioral/Mock scan/
9302_2_1.3T2/behavioral/Results/
9302_2_1.3T2/behavioral/Results/Mock_Task/
9302_2_1.3T2/physio/
9302_2_1.3T2/physio/grid1/
9302_2_1.3T2/physio/grid2/
9302_2_1.3T2/physio/grid3/
9302_2_1.3T2/physio/grid4/
9302_2_1.3T2/physio/resting/
9302_2_1.3T2/physio/sym1/
9302_2_1.3T2/physio/sym1_redo/
9302_2_1.3T2/physio/sym2/
9302_2_1.3T2/physio/sym2_redo/
9302_2_1.3T2/physio/sym3_redo/
9302_2_1.3T2/physio/sym4/
9302_2_1.3T2/physio/sym4_redo/
9316_1_1.3T2/
9316_1_1.3T2/behavioral/
9316_1_1.3T2/behavioral/Mock scan/
9316_1_1.3T2/behavioral/Results/
9316_1_1.3T2/behavioral/Results/Mock_Task/
9316_1_1.3T2/physio/
9316_1_1.3T2/physio/grid1/
9316_1_1.3T2/physio/grid2/
9316_1_1.3T2/physio/grid3/
9316_1_1.3T2/physio/grid4/
9316_1_1.3T2/physio/resting/
9316_1_1.3T2/physio/sym1/
9316_1_1.3T2/physio/sym2/
9316_1_1.3T2/physio/sym3/
9316_1_1.3T2/physio/sym4/
9347_1_1.3T2/
9347_1_1.3T2/behavioral/
9347_1_1.3T2/behavioral/Mock scan/
9347_1_1.3T2/behavioral/Results/
9347_1_1.3T2/behavioral/Results/Mock_Task/
9347_1_1.3T2/physio/
9347_1_1.3T2/physio/grid1/
9347_1_1.3T2/physio/grid2/
9347_1_1.3T2/physio/grid3/
9347_1_1.3T2/physio/grid4/
9347_1_1.3T2/physio/resting/
9347_1_1.3T2/physio/sym1/
9347_1_1.3T2/physio/sym1_redo/
9347_1_1.3T2/physio/sym2/
9347_1_1.3T2/physio/sym2_redo/
9347_1_1.3T2/physio/sym3/
9347_1_1.3T2/physio/sym3_redo/
9347_1_1.3T2/physio/sym4/
9347_1_1.3T2/physio/sym4_redo/
9347_2_1.3T2/
9347_2_1.3T2/behavioral/
9347_2_1.3T2/behavioral/Mock scan/
9347_2_1.3T2/behavioral/Results/
9347_2_1.3T2/behavioral/Results/Mock_Task/
9347_2_1.3T2/physio/
9347_2_1.3T2/physio/grid1/
9347_2_1.3T2/physio/grid2/
9347_2_1.3T2/physio/grid3/
9347_2_1.3T2/physio/grid4/
9347_2_1.3T2/physio/resting/
9347_2_1.3T2/physio/sym1/
9347_2_1.3T2/physio/sym2/
9347_2_1.3T2/physio/sym3/
9347_2_1.3T2/physio/sym3_redo/
9347_2_1.3T2/physio/sym4/
9347_2_1.3T2/physio/sym4_redo/

sent 782 bytes  received 17,051 bytes  1,229.86 bytes/sec
total size is 43,442,716  speedup is 2,436.09
Archive:  /oak/stanford/groups/menon/rawdata/scsnl/9347/visit2/session1/anatomical/orig_3D_Volume/1.2.840.113619.2.440.1599194.3214630.22011.1536703480.839_1.dicom.zip
{"group": {"_id": "menon"}, "project": {"label": "met"}, "session": {"uid": "1.2.840.113619.6.440.243100235615443921330789963672354674914", "timestamp": "2018-09-16T10:42:20-07:00", "label": "9347_2_1.3T2", "operator": "R^J", "timezone": "America/Los_Angeles", "subject": {"code": "9347_2_1.3T2"}}, "acquisition": {"files": [{"type": "dicom", "name": "1.2.840.113619.2.440.1599194.3214630.22011.1536703480.839_1.dicom.zip"}], "timezone": "America/Los_Angeles", "uid": "1.2.840.113619.2.440.1599194.3214630.22011.1536703480.839_1", "timestamp": "2018-09-16T11:51:49-07:00", "label": "ORIG 3D_Volume"}}
  inflating: 1.2.840.113619.2.440.1599194.3214630.22011.1536703480.839_1.dicom/MR.1.2.840.113619.2.440.1599194.3214630.22011.1536703480.927.dcm  
  inflating: 1.2.840.113619.2.440.1599194.3214630.22011.1536703480.839_1.dicom/MR.1.2.840.113619.2.440.1599194.3214630.22011.1536703480.895.dcm  
  inflating: 1.2.840.113619.2.440.1599194.3214630.22011.1536703480.839_1.dicom/MR.1.2.840.113619.2.440.1599194.3214630.22011.1536703480.936.dcm  
  inflating: 1.2.840.113619.2.440.1599194.3214630.22011.1536703480.839_1.dicom/MR.1.2.840.113619.2.440.1599194.3214630.22011.1536703480.908.dcm  
  inflating: 1.2.840.113619.2.440.1599194.3214630.22011.1536703480.839_1.dicom/MR.1.2.840.113619.2.440.1599194.3214630.22011.1536703480.865.dcm  
  inflating: 1.2.840.113619.2.440.1599194.3214630.22011.1536703480.839_1.dicom/MR.1.2.840.113619.2.440.1599194.3214630.22011.1536703480.855.dcm  
  inflating: 1.2.840.113619.2.440.1599194.3214630.22011.1536703480.839_1.dicom/MR.1.2.840.113619.2.440.1599194.3214630.22011.1536703480.920.dcm  
  inflating: 1.2.840.113619.2.440.1599194.3214630.22011.1536703480.839_1.dicom/MR.1.2.840.113619.2.440.1599194.3214630.22011.1536703480.850.dcm  
  inflating: 1.2.840.113619.2.440.1599194.3214630.22011.1536703480.839_1.dicom/MR.1.2.840.113619.2.440.1599194.3214630.22011.1536703480.882.dcm  
  inflating: 1.2.840.113619.2.440.1599194.3214630.22011.1536703480.839_1.dicom/MR.1.2.840.113619.2.440.1599194.3214630.22011.1536703480.873.dcm  
  inflating: 1.2.840.113619.2.440.1599194.3214630.22011.1536703480.839_1.dicom/MR.1.2.840.113619.2.440.1599194.3214630.22011.1536703480.841.dcm  
  inflating: 1.2.840.113619.2.440.1599194.3214630.22011.1536703480.839_1.dicom/MR.1.2.840.113619.2.440.1599194.3214630.22011.1536703480.894.dcm  
  inflating: 1.2.840.113619.2.440.1599194.3214630.22011.1536703480.839_1.dicom/MR.1.2.840.113619.2.440.1599194.3214630.22011.1536703480.889.dcm  
  inflating: 1.2.840.113619.2.440.1599194.3214630.22011.1536703480.839_1.dicom/MR.1.2.840.113619.2.440.1599194.3214630.22011.1536703480.876.dcm  
  inflating: 1.2.840.113619.2.440.1599194.3214630.22011.1536703480.839_1.dicom/MR.1.2.840.113619.2.440.1599194.3214630.22011.1536703480.923.dcm  
  inflating: 1.2.840.113619.2.440.1599194.3214630.22011.1536703480.839_1.dicom/MR.1.2.840.113619.2.440.1599194.3214630.22011.1536703480.846.dcm  
  inflating: 1.2.840.113619.2.440.1599194.3214630.22011.1536703480.839_1.dicom/MR.1.2.840.113619.2.440.1599194.3214630.22011.1536703480.903.dcm  
  inflating: 1.2.840.113619.2.440.1599194.3214630.22011.1536703480.839_1.dicom/MR.1.2.840.113619.2.440.1599194.3214630.22011.1536703480.840.dcm  
  inflating: 1.2.840.113619.2.440.1599194.3214630.22011.1536703480.839_1.dicom/MR.1.2.840.113619.2.440.1599194.3214630.22011.1536703480.925.dcm  
  inflating: 1.2.840.113619.2.440.1599194.3214630.22011.1536703480.839_1.dicom/MR.1.2.840.113619.2.440.1599194.3214630.22011.1536703480.937.dcm  
  inflating: 1.2.840.113619.2.440.1599194.3214630.22011.1536703480.839_1.dicom/MR.1.2.840.113619.2.440.1599194.3214630.22011.1536703480.911.dcm  
  inflating: 1.2.840.113619.2.440.1599194.3214630.22011.1536703480.839_1.dicom/MR.1.2.840.113619.2.440.1599194.3214630.22011.1536703480.875.dcm  
  inflating: 1.2.840.113619.2.440.1599194.3214630.22011.1536703480.839_1.dicom/MR.1.2.840.113619.2.440.1599194.3214630.22011.1536703480.926.dcm  
  inflating: 1.2.840.113619.2.440.1599194.3214630.22011.1536703480.839_1.dicom/MR.1.2.840.113619.2.440.1599194.3214630.22011.1536703480.918.dcm  
  inflating: 1.2.840.113619.2.440.1599194.3214630.22011.1536703480.839_1.dicom/MR.1.2.840.113619.2.440.1599194.3214630.22011.1536703480.866.dcm  
  inflating: 1.2.840.113619.2.440.1599194.3214630.22011.1536703480.839_1.dicom/MR.1.2.840.113619.2.440.1599194.3214630.22011.1536703480.852.dcm  
  inflating: 1.2.840.113619.2.440.1599194.3214630.22011.1536703480.839_1.dicom/MR.1.2.840.113619.2.440.1599194.3214630.22011.1536703480.864.dcm  
  inflating: 1.2.840.113619.2.440.1599194.3214630.22011.1536703480.839_1.dicom/MR.1.2.840.113619.2.440.1599194.3214630.22011.1536703480.878.dcm  
  inflating: 1.2.840.113619.2.440.1599194.3214630.22011.1536703480.839_1.dicom/MR.1.2.840.113619.2.440.1599194.3214630.22011.1536703480.899.dcm  
  inflating: 1.2.840.113619.2.440.1599194.3214630.22011.1536703480.839_1.dicom/MR.1.2.840.113619.2.440.1599194.3214630.22011.1536703480.917.dcm  
  inflating: 1.2.840.113619.2.440.1599194.3214630.22011.1536703480.839_1.dicom/MR.1.2.840.113619.2.440.1599194.3214630.22011.1536703480.857.dcm  
  inflating: 1.2.840.113619.2.440.1599194.3214630.22011.1536703480.839_1.dicom/MR.1.2.840.113619.2.440.1599194.3214630.22011.1536703480.921.dcm  
  inflating: 1.2.840.113619.2.440.1599194.3214630.22011.1536703480.839_1.dicom/MR.1.2.840.113619.2.440.1599194.3214630.22011.1536703480.893.dcm  
  inflating: 1.2.840.113619.2.440.1599194.3214630.22011.1536703480.839_1.dicom/MR.1.2.840.113619.2.440.1599194.3214630.22011.1536703480.849.dcm  
  inflating: 1.2.840.113619.2.440.1599194.3214630.22011.1536703480.839_1.dicom/MR.1.2.840.113619.2.440.1599194.3214630.22011.1536703480.961.dcm  
  inflating: 1.2.840.113619.2.440.1599194.3214630.22011.1536703480.839_1.dicom/MR.1.2.840.113619.2.440.1599194.3214630.22011.1536703480.962.dcm  
  inflating: 1.2.840.113619.2.440.1599194.3214630.22011.1536703480.839_1.dicom/MR.1.2.840.113619.2.440.1599194.3214630.22011.1536703480.867.dcm  
  inflating: 1.2.840.113619.2.440.1599194.3214630.22011.1536703480.839_1.dicom/MR.1.2.840.113619.2.440.1599194.3214630.22011.1536703480.933.dcm  
  inflating: 1.2.840.113619.2.440.1599194.3214630.22011.1536703480.839_1.dicom/MR.1.2.840.113619.2.440.1599194.3214630.22011.1536703480.934.dcm  
  inflating: 1.2.840.113619.2.440.1599194.3214630.22011.1536703480.839_1.dicom/MR.1.2.840.113619.2.440.1599194.3214630.22011.1536703480.848.dcm  
  inflating: 1.2.840.113619.2.440.1599194.3214630.22011.1536703480.839_1.dicom/MR.1.2.840.113619.2.440.1599194.3214630.22011.1536703480.838.dcm  
  inflating: 1.2.840.113619.2.440.1599194.3214630.22011.1536703480.839_1.dicom/MR.1.2.840.113619.2.440.1599194.3214630.22011.1536703480.891.dcm  
  inflating: 1.2.840.113619.2.440.1599194.3214630.22011.1536703480.839_1.dicom/MR.1.2.840.113619.2.440.1599194.3214630.22011.1536703480.900.dcm  
  inflating: 1.2.840.113619.2.440.1599194.3214630.22011.1536703480.839_1.dicom/MR.1.2.840.113619.2.440.1599194.3214630.22011.1536703480.896.dcm  
  inflating: 1.2.840.113619.2.440.1599194.3214630.22011.1536703480.839_1.dicom/MR.1.2.840.113619.2.440.1599194.3214630.22011.1536703480.904.dcm  
  inflating: 1.2.840.113619.2.440.1599194.3214630.22011.1536703480.839_1.dicom/MR.1.2.840.113619.2.440.1599194.3214630.22011.1536703480.932.dcm  
  inflating: 1.2.840.113619.2.440.1599194.3214630.22011.1536703480.839_1.dicom/MR.1.2.840.113619.2.440.1599194.3214630.22011.1536703480.935.dcm  
  inflating: 1.2.840.113619.2.440.1599194.3214630.22011.1536703480.839_1.dicom/MR.1.2.840.113619.2.440.1599194.3214630.22011.1536703480.910.dcm  
  inflating: 1.2.840.113619.2.440.1599194.3214630.22011.1536703480.839_1.dicom/MR.1.2.840.113619.2.440.1599194.3214630.22011.1536703480.856.dcm  
  inflating: 1.2.840.113619.2.440.1599194.3214630.22011.1536703480.839_1.dicom/MR.1.2.840.113619.2.440.1599194.3214630.22011.1536703480.887.dcm  
  inflating: 1.2.840.113619.2.440.1599194.3214630.22011.1536703480.839_1.dicom/MR.1.2.840.113619.2.440.1599194.3214630.22011.1536703480.880.dcm  
  inflating: 1.2.840.113619.2.440.1599194.3214630.22011.1536703480.839_1.dicom/MR.1.2.840.113619.2.440.1599194.3214630.22011.1536703480.847.dcm  
  inflating: 1.2.840.113619.2.440.1599194.3214630.22011.1536703480.839_1.dicom/MR.1.2.840.113619.2.440.1599194.3214630.22011.1536703480.870.dcm  
  inflating: 1.2.840.113619.2.440.1599194.3214630.22011.1536703480.839_1.dicom/MR.1.2.840.113619.2.440.1599194.3214630.22011.1536703480.844.dcm  
  inflating: 1.2.840.113619.2.440.1599194.3214630.22011.1536703480.839_1.dicom/MR.1.2.840.113619.2.440.1599194.3214630.22011.1536703480.930.dcm  
  inflating: 1.2.840.113619.2.440.1599194.3214630.22011.1536703480.839_1.dicom/MR.1.2.840.113619.2.440.1599194.3214630.22011.1536703480.868.dcm  
  inflating: 1.2.840.113619.2.440.1599194.3214630.22011.1536703480.839_1.dicom/MR.1.2.840.113619.2.440.1599194.3214630.22011.1536703480.883.dcm  
  inflating: 1.2.840.113619.2.440.1599194.3214630.22011.1536703480.839_1.dicom/MR.1.2.840.113619.2.440.1599194.3214630.22011.1536703480.928.dcm  
  inflating: 1.2.840.113619.2.440.1599194.3214630.22011.1536703480.839_1.dicom/MR.1.2.840.113619.2.440.1599194.3214630.22011.1536703480.906.dcm  
  inflating: 1.2.840.113619.2.440.1599194.3214630.22011.1536703480.839_1.dicom/MR.1.2.840.113619.2.440.1599194.3214630.22011.1536703480.897.dcm  
  inflating: 1.2.840.113619.2.440.1599194.3214630.22011.1536703480.839_1.dicom/MR.1.2.840.113619.2.440.1599194.3214630.22011.1536703480.922.dcm  
  inflating: 1.2.840.113619.2.440.1599194.3214630.22011.1536703480.839_1.dicom/MR.1.2.840.113619.2.440.1599194.3214630.22011.1536703480.931.dcm  
  inflating: 1.2.840.113619.2.440.1599194.3214630.22011.1536703480.839_1.dicom/MR.1.2.840.113619.2.440.1599194.3214630.22011.1536703480.905.dcm  
  inflating: 1.2.840.113619.2.440.1599194.3214630.22011.1536703480.839_1.dicom/MR.1.2.840.113619.2.440.1599194.3214630.22011.1536703480.950.dcm  
  inflating: 1.2.840.113619.2.440.1599194.3214630.22011.1536703480.839_1.dicom/MR.1.2.840.113619.2.440.1599194.3214630.22011.1536703480.949.dcm  
  inflating: 1.2.840.113619.2.440.1599194.3214630.22011.1536703480.839_1.dicom/MR.1.2.840.113619.2.440.1599194.3214630.22011.1536703480.960.dcm  
  inflating: 1.2.840.113619.2.440.1599194.3214630.22011.1536703480.839_1.dicom/MR.1.2.840.113619.2.440.1599194.3214630.22011.1536703480.939.dcm  
  inflating: 1.2.840.113619.2.440.1599194.3214630.22011.1536703480.839_1.dicom/MR.1.2.840.113619.2.440.1599194.3214630.22011.1536703480.957.dcm  
  inflating: 1.2.840.113619.2.440.1599194.3214630.22011.1536703480.839_1.dicom/MR.1.2.840.113619.2.440.1599194.3214630.22011.1536703480.959.dcm  
  inflating: 1.2.840.113619.2.440.1599194.3214630.22011.1536703480.839_1.dicom/MR.1.2.840.113619.2.440.1599194.3214630.22011.1536703480.944.dcm  
  inflating: 1.2.840.113619.2.440.1599194.3214630.22011.1536703480.839_1.dicom/MR.1.2.840.113619.2.440.1599194.3214630.22011.1536703480.958.dcm  
  inflating: 1.2.840.113619.2.440.1599194.3214630.22011.1536703480.839_1.dicom/MR.1.2.840.113619.2.440.1599194.3214630.22011.1536703480.955.dcm  
  inflating: 1.2.840.113619.2.440.1599194.3214630.22011.1536703480.839_1.dicom/MR.1.2.840.113619.2.440.1599194.3214630.22011.1536703480.953.dcm  
  inflating: 1.2.840.113619.2.440.1599194.3214630.22011.1536703480.839_1.dicom/MR.1.2.840.113619.2.440.1599194.3214630.22011.1536703480.951.dcm  
  inflating: 1.2.840.113619.2.440.1599194.3214630.22011.1536703480.839_1.dicom/MR.1.2.840.113619.2.440.1599194.3214630.22011.1536703480.956.dcm  
  inflating: 1.2.840.113619.2.440.1599194.3214630.22011.1536703480.839_1.dicom/MR.1.2.840.113619.2.440.1599194.3214630.22011.1536703480.942.dcm  
  inflating: 1.2.840.113619.2.440.1599194.3214630.22011.1536703480.839_1.dicom/MR.1.2.840.113619.2.440.1599194.3214630.22011.1536703480.877.dcm  
  inflating: 1.2.840.113619.2.440.1599194.3214630.22011.1536703480.839_1.dicom/MR.1.2.840.113619.2.440.1599194.3214630.22011.1536703480.907.dcm  
  inflating: 1.2.840.113619.2.440.1599194.3214630.22011.1536703480.839_1.dicom/MR.1.2.840.113619.2.440.1599194.3214630.22011.1536703480.913.dcm  
  inflating: 1.2.840.113619.2.440.1599194.3214630.22011.1536703480.839_1.dicom/MR.1.2.840.113619.2.440.1599194.3214630.22011.1536703480.885.dcm  
  inflating: 1.2.840.113619.2.440.1599194.3214630.22011.1536703480.839_1.dicom/MR.1.2.840.113619.2.440.1599194.3214630.22011.1536703480.879.dcm  
  inflating: 1.2.840.113619.2.440.1599194.3214630.22011.1536703480.839_1.dicom/MR.1.2.840.113619.2.440.1599194.3214630.22011.1536703480.888.dcm  
  inflating: 1.2.840.113619.2.440.1599194.3214630.22011.1536703480.839_1.dicom/MR.1.2.840.113619.2.440.1599194.3214630.22011.1536703480.886.dcm  
  inflating: 1.2.840.113619.2.440.1599194.3214630.22011.1536703480.839_1.dicom/MR.1.2.840.113619.2.440.1599194.3214630.22011.1536703480.851.dcm  
  inflating: 1.2.840.113619.2.440.1599194.3214630.22011.1536703480.839_1.dicom/MR.1.2.840.113619.2.440.1599194.3214630.22011.1536703480.858.dcm  
  inflating: 1.2.840.113619.2.440.1599194.3214630.22011.1536703480.839_1.dicom/MR.1.2.840.113619.2.440.1599194.3214630.22011.1536703480.854.dcm  
  inflating: 1.2.840.113619.2.440.1599194.3214630.22011.1536703480.839_1.dicom/MR.1.2.840.113619.2.440.1599194.3214630.22011.1536703480.881.dcm  
  inflating: 1.2.840.113619.2.440.1599194.3214630.22011.1536703480.839_1.dicom/MR.1.2.840.113619.2.440.1599194.3214630.22011.1536703480.874.dcm  
  inflating: 1.2.840.113619.2.440.1599194.3214630.22011.1536703480.839_1.dicom/MR.1.2.840.113619.2.440.1599194.3214630.22011.1536703480.901.dcm  
  inflating: 1.2.840.113619.2.440.1599194.3214630.22011.1536703480.839_1.dicom/MR.1.2.840.113619.2.440.1599194.3214630.22011.1536703480.853.dcm  
  inflating: 1.2.840.113619.2.440.1599194.3214630.22011.1536703480.839_1.dicom/MR.1.2.840.113619.2.440.1599194.3214630.22011.1536703480.919.dcm  
  inflating: 1.2.840.113619.2.440.1599194.3214630.22011.1536703480.839_1.dicom/MR.1.2.840.113619.2.440.1599194.3214630.22011.1536703480.892.dcm  
  inflating: 1.2.840.113619.2.440.1599194.3214630.22011.1536703480.839_1.dicom/MR.1.2.840.113619.2.440.1599194.3214630.22011.1536703480.863.dcm  
  inflating: 1.2.840.113619.2.440.1599194.3214630.22011.1536703480.839_1.dicom/MR.1.2.840.113619.2.440.1599194.3214630.22011.1536703480.914.dcm  
  inflating: 1.2.840.113619.2.440.1599194.3214630.22011.1536703480.839_1.dicom/MR.1.2.840.113619.2.440.1599194.3214630.22011.1536703480.890.dcm  
  inflating: 1.2.840.113619.2.440.1599194.3214630.22011.1536703480.839_1.dicom/MR.1.2.840.113619.2.440.1599194.3214630.22011.1536703480.929.dcm  
  inflating: 1.2.840.113619.2.440.1599194.3214630.22011.1536703480.839_1.dicom/MR.1.2.840.113619.2.440.1599194.3214630.22011.1536703480.842.dcm  
  inflating: 1.2.840.113619.2.440.1599194.3214630.22011.1536703480.839_1.dicom/MR.1.2.840.113619.2.440.1599194.3214630.22011.1536703480.924.dcm  
  inflating: 1.2.840.113619.2.440.1599194.3214630.22011.1536703480.839_1.dicom/MR.1.2.840.113619.2.440.1599194.3214630.22011.1536703480.862.dcm  
  inflating: 1.2.840.113619.2.440.1599194.3214630.22011.1536703480.839_1.dicom/MR.1.2.840.113619.2.440.1599194.3214630.22011.1536703480.869.dcm  
  inflating: 1.2.840.113619.2.440.1599194.3214630.22011.1536703480.839_1.dicom/MR.1.2.840.113619.2.440.1599194.3214630.22011.1536703480.916.dcm  
  inflating: 1.2.840.113619.2.440.1599194.3214630.22011.1536703480.839_1.dicom/MR.1.2.840.113619.2.440.1599194.3214630.22011.1536703480.884.dcm  
  inflating: 1.2.840.113619.2.440.1599194.3214630.22011.1536703480.839_1.dicom/MR.1.2.840.113619.2.440.1599194.3214630.22011.1536703480.845.dcm  
  inflating: 1.2.840.113619.2.440.1599194.3214630.22011.1536703480.839_1.dicom/MR.1.2.840.113619.2.440.1599194.3214630.22011.1536703480.915.dcm  
  inflating: 1.2.840.113619.2.440.1599194.3214630.22011.1536703480.839_1.dicom/MR.1.2.840.113619.2.440.1599194.3214630.22011.1536703480.860.dcm  
  inflating: 1.2.840.113619.2.440.1599194.3214630.22011.1536703480.839_1.dicom/MR.1.2.840.113619.2.440.1599194.3214630.22011.1536703480.898.dcm  
  inflating: 1.2.840.113619.2.440.1599194.3214630.22011.1536703480.839_1.dicom/MR.1.2.840.113619.2.440.1599194.3214630.22011.1536703480.902.dcm  
  inflating: 1.2.840.113619.2.440.1599194.3214630.22011.1536703480.839_1.dicom/MR.1.2.840.113619.2.440.1599194.3214630.22011.1536703480.861.dcm  
  inflating: 1.2.840.113619.2.440.1599194.3214630.22011.1536703480.839_1.dicom/MR.1.2.840.113619.2.440.1599194.3214630.22011.1536703480.912.dcm  
  inflating: 1.2.840.113619.2.440.1599194.3214630.22011.1536703480.839_1.dicom/MR.1.2.840.113619.2.440.1599194.3214630.22011.1536703480.859.dcm  
  inflating: 1.2.840.113619.2.440.1599194.3214630.22011.1536703480.839_1.dicom/MR.1.2.840.113619.2.440.1599194.3214630.22011.1536703480.872.dcm  
  inflating: 1.2.840.113619.2.440.1599194.3214630.22011.1536703480.839_1.dicom/MR.1.2.840.113619.2.440.1599194.3214630.22011.1536703480.909.dcm  
  inflating: 1.2.840.113619.2.440.1599194.3214630.22011.1536703480.839_1.dicom/MR.1.2.840.113619.2.440.1599194.3214630.22011.1536703480.871.dcm  
  inflating: 1.2.840.113619.2.440.1599194.3214630.22011.1536703480.839_1.dicom/MR.1.2.840.113619.2.440.1599194.3214630.22011.1536703480.843.dcm  
  inflating: 1.2.840.113619.2.440.1599194.3214630.22011.1536703480.839_1.dicom/MR.1.2.840.113619.2.440.1599194.3214630.22011.1536703480.943.dcm  
  inflating: 1.2.840.113619.2.440.1599194.3214630.22011.1536703480.839_1.dicom/MR.1.2.840.113619.2.440.1599194.3214630.22011.1536703480.946.dcm  
  inflating: 1.2.840.113619.2.440.1599194.3214630.22011.1536703480.839_1.dicom/MR.1.2.840.113619.2.440.1599194.3214630.22011.1536703480.941.dcm  
  inflating: 1.2.840.113619.2.440.1599194.3214630.22011.1536703480.839_1.dicom/MR.1.2.840.113619.2.440.1599194.3214630.22011.1536703480.952.dcm  
  inflating: 1.2.840.113619.2.440.1599194.3214630.22011.1536703480.839_1.dicom/MR.1.2.840.113619.2.440.1599194.3214630.22011.1536703480.945.dcm  
  inflating: 1.2.840.113619.2.440.1599194.3214630.22011.1536703480.839_1.dicom/MR.1.2.840.113619.2.440.1599194.3214630.22011.1536703480.938.dcm  
  inflating: 1.2.840.113619.2.440.1599194.3214630.22011.1536703480.839_1.dicom/MR.1.2.840.113619.2.440.1599194.3214630.22011.1536703480.954.dcm  
  inflating: 1.2.840.113619.2.440.1599194.3214630.22011.1536703480.839_1.dicom/MR.1.2.840.113619.2.440.1599194.3214630.22011.1536703480.947.dcm  
  inflating: 1.2.840.113619.2.440.1599194.3214630.22011.1536703480.839_1.dicom/MR.1.2.840.113619.2.440.1599194.3214630.22011.1536703480.940.dcm  
  inflating: 1.2.840.113619.2.440.1599194.3214630.22011.1536703480.839_1.dicom/MR.1.2.840.113619.2.440.1599194.3214630.22011.1536703480.948.dcm  
Archive:  /oak/stanford/groups/menon/rawdata/scsnl/9347/visit2/session1/anatomical/3D_Volume/1.2.840.113619.2.440.1599194.3214630.22288.1536636523.238_1.dicom.zip
{"group": {"_id": "menon"}, "project": {"label": "met"}, "session": {"uid": "1.2.840.113619.6.440.243100235615443921330789963672354674914", "timestamp": "2018-09-16T10:42:20-07:00", "label": "9347_2_1.3T2", "operator": "R^J", "timezone": "America/Los_Angeles", "subject": {"code": "9347_2_1.3T2"}}, "acquisition": {"files": [{"type": "dicom", "name": "1.2.840.113619.2.440.1599194.3214630.22288.1536636523.238_1.dicom.zip"}], "timezone": "America/Los_Angeles", "uid": "1.2.840.113619.2.440.1599194.3214630.22288.1536636523.238_1", "timestamp": "2018-09-16T11:51:49-07:00", "label": "3D_Volume"}}
  inflating: 1.2.840.113619.2.440.1599194.3214630.22288.1536636523.238_1.dicom/MR.1.2.840.113619.2.440.1599194.3214630.20765.1536637356.41.dcm  
  inflating: 1.2.840.113619.2.440.1599194.3214630.22288.1536636523.238_1.dicom/MR.1.2.840.113619.2.440.1599194.3214630.20765.1536637356.17.dcm  
  inflating: 1.2.840.113619.2.440.1599194.3214630.22288.1536636523.238_1.dicom/MR.1.2.840.113619.2.440.1599194.3214630.20765.1536637356.46.dcm  
  inflating: 1.2.840.113619.2.440.1599194.3214630.22288.1536636523.238_1.dicom/MR.1.2.840.113619.2.440.1599194.3214630.20765.1536637356.6.dcm  
  inflating: 1.2.840.113619.2.440.1599194.3214630.22288.1536636523.238_1.dicom/MR.1.2.840.113619.2.440.1599194.3214630.20765.1536637356.22.dcm  
  inflating: 1.2.840.113619.2.440.1599194.3214630.22288.1536636523.238_1.dicom/MR.1.2.840.113619.2.440.1599194.3214630.20765.1536637356.28.dcm  
  inflating: 1.2.840.113619.2.440.1599194.3214630.22288.1536636523.238_1.dicom/MR.1.2.840.113619.2.440.1599194.3214630.20765.1536637356.27.dcm  
  inflating: 1.2.840.113619.2.440.1599194.3214630.22288.1536636523.238_1.dicom/MR.1.2.840.113619.2.440.1599194.3214630.20765.1536637356.15.dcm  
  inflating: 1.2.840.113619.2.440.1599194.3214630.22288.1536636523.238_1.dicom/MR.1.2.840.113619.2.440.1599194.3214630.20765.1536637356.48.dcm  
  inflating: 1.2.840.113619.2.440.1599194.3214630.22288.1536636523.238_1.dicom/MR.1.2.840.113619.2.440.1599194.3214630.20765.1536637356.9.dcm  
  inflating: 1.2.840.113619.2.440.1599194.3214630.22288.1536636523.238_1.dicom/MR.1.2.840.113619.2.440.1599194.3214630.20765.1536637356.14.dcm  
  inflating: 1.2.840.113619.2.440.1599194.3214630.22288.1536636523.238_1.dicom/MR.1.2.840.113619.2.440.1599194.3214630.20765.1536637356.38.dcm  
  inflating: 1.2.840.113619.2.440.1599194.3214630.22288.1536636523.238_1.dicom/MR.1.2.840.113619.2.440.1599194.3214630.20765.1536637356.18.dcm  
  inflating: 1.2.840.113619.2.440.1599194.3214630.22288.1536636523.238_1.dicom/MR.1.2.840.113619.2.440.1599194.3214630.20765.1536637356.20.dcm  
  inflating: 1.2.840.113619.2.440.1599194.3214630.22288.1536636523.238_1.dicom/MR.1.2.840.113619.2.440.1599194.3214630.20765.1536637356.29.dcm  
  inflating: 1.2.840.113619.2.440.1599194.3214630.22288.1536636523.238_1.dicom/MR.1.2.840.113619.2.440.1599194.3214630.20765.1536637356.16.dcm  
  inflating: 1.2.840.113619.2.440.1599194.3214630.22288.1536636523.238_1.dicom/MR.1.2.840.113619.2.440.1599194.3214630.20765.1536637356.32.dcm  
  inflating: 1.2.840.113619.2.440.1599194.3214630.22288.1536636523.238_1.dicom/MR.1.2.840.113619.2.440.1599194.3214630.20765.1536637356.34.dcm  
  inflating: 1.2.840.113619.2.440.1599194.3214630.22288.1536636523.238_1.dicom/MR.1.2.840.113619.2.440.1599194.3214630.20765.1536637356.10.dcm  
  inflating: 1.2.840.113619.2.440.1599194.3214630.22288.1536636523.238_1.dicom/MR.1.2.840.113619.2.440.1599194.3214630.20765.1536637356.3.dcm  
  inflating: 1.2.840.113619.2.440.1599194.3214630.22288.1536636523.238_1.dicom/MR.1.2.840.113619.2.440.1599194.3214630.20765.1536637356.25.dcm  
  inflating: 1.2.840.113619.2.440.1599194.3214630.22288.1536636523.238_1.dicom/MR.1.2.840.113619.2.440.1599194.3214630.20765.1536637356.33.dcm  
  inflating: 1.2.840.113619.2.440.1599194.3214630.22288.1536636523.238_1.dicom/MR.1.2.840.113619.2.440.1599194.3214630.20765.1536637356.40.dcm  
  inflating: 1.2.840.113619.2.440.1599194.3214630.22288.1536636523.238_1.dicom/MR.1.2.840.113619.2.440.1599194.3214630.20765.1536637356.73.dcm  
  inflating: 1.2.840.113619.2.440.1599194.3214630.22288.1536636523.238_1.dicom/MR.1.2.840.113619.2.440.1599194.3214630.20765.1536637356.5.dcm  
  inflating: 1.2.840.113619.2.440.1599194.3214630.22288.1536636523.238_1.dicom/MR.1.2.840.113619.2.440.1599194.3214630.20765.1536637356.12.dcm  
  inflating: 1.2.840.113619.2.440.1599194.3214630.22288.1536636523.238_1.dicom/MR.1.2.840.113619.2.440.1599194.3214630.20765.1536637356.19.dcm  
  inflating: 1.2.840.113619.2.440.1599194.3214630.22288.1536636523.238_1.dicom/MR.1.2.840.113619.2.440.1599194.3214630.20765.1536637356.31.dcm  
  inflating: 1.2.840.113619.2.440.1599194.3214630.22288.1536636523.238_1.dicom/MR.1.2.840.113619.2.440.1599194.3214630.20765.1536637356.30.dcm  
  inflating: 1.2.840.113619.2.440.1599194.3214630.22288.1536636523.238_1.dicom/MR.1.2.840.113619.2.440.1599194.3214630.20765.1536637356.7.dcm  
  inflating: 1.2.840.113619.2.440.1599194.3214630.22288.1536636523.238_1.dicom/MR.1.2.840.113619.2.440.1599194.3214630.20765.1536637356.21.dcm  
  inflating: 1.2.840.113619.2.440.1599194.3214630.22288.1536636523.238_1.dicom/MR.1.2.840.113619.2.440.1599194.3214630.20765.1536637356.42.dcm  
  inflating: 1.2.840.113619.2.440.1599194.3214630.22288.1536636523.238_1.dicom/MR.1.2.840.113619.2.440.1599194.3214630.20765.1536637356.44.dcm  
  inflating: 1.2.840.113619.2.440.1599194.3214630.22288.1536636523.238_1.dicom/MR.1.2.840.113619.2.440.1599194.3214630.20765.1536637356.36.dcm  
  inflating: 1.2.840.113619.2.440.1599194.3214630.22288.1536636523.238_1.dicom/MR.1.2.840.113619.2.440.1599194.3214630.20765.1536637356.37.dcm  
  inflating: 1.2.840.113619.2.440.1599194.3214630.22288.1536636523.238_1.dicom/MR.1.2.840.113619.2.440.1599194.3214630.20765.1536637356.43.dcm  
  inflating: 1.2.840.113619.2.440.1599194.3214630.22288.1536636523.238_1.dicom/MR.1.2.840.113619.2.440.1599194.3214630.20765.1536637356.11.dcm  
  inflating: 1.2.840.113619.2.440.1599194.3214630.22288.1536636523.238_1.dicom/MR.1.2.840.113619.2.440.1599194.3214630.20765.1536637356.45.dcm  
  inflating: 1.2.840.113619.2.440.1599194.3214630.22288.1536636523.238_1.dicom/MR.1.2.840.113619.2.440.1599194.3214630.20765.1536637356.13.dcm  
  inflating: 1.2.840.113619.2.440.1599194.3214630.22288.1536636523.238_1.dicom/MR.1.2.840.113619.2.440.1599194.3214630.20765.1536637356.71.dcm  
  inflating: 1.2.840.113619.2.440.1599194.3214630.22288.1536636523.238_1.dicom/MR.1.2.840.113619.2.440.1599194.3214630.20765.1536637356.39.dcm  
  inflating: 1.2.840.113619.2.440.1599194.3214630.22288.1536636523.238_1.dicom/MR.1.2.840.113619.2.440.1599194.3214630.20765.1536637356.8.dcm  
  inflating: 1.2.840.113619.2.440.1599194.3214630.22288.1536636523.238_1.dicom/MR.1.2.840.113619.2.440.1599194.3214630.20765.1536637356.47.dcm  
  inflating: 1.2.840.113619.2.440.1599194.3214630.22288.1536636523.238_1.dicom/MR.1.2.840.113619.2.440.1599194.3214630.20765.1536637356.4.dcm  
  inflating: 1.2.840.113619.2.440.1599194.3214630.22288.1536636523.238_1.dicom/MR.1.2.840.113619.2.440.1599194.3214630.20765.1536637356.26.dcm  
  inflating: 1.2.840.113619.2.440.1599194.3214630.22288.1536636523.238_1.dicom/MR.1.2.840.113619.2.440.1599194.3214630.20765.1536637356.2.dcm  
  inflating: 1.2.840.113619.2.440.1599194.3214630.22288.1536636523.238_1.dicom/MR.1.2.840.113619.2.440.1599194.3214630.20765.1536637356.24.dcm  
  inflating: 1.2.840.113619.2.440.1599194.3214630.22288.1536636523.238_1.dicom/MR.1.2.840.113619.2.440.1599194.3214630.20765.1536637356.23.dcm  
  inflating: 1.2.840.113619.2.440.1599194.3214630.22288.1536636523.238_1.dicom/MR.1.2.840.113619.2.440.1599194.3214630.20765.1536637356.1.dcm  
  inflating: 1.2.840.113619.2.440.1599194.3214630.22288.1536636523.238_1.dicom/MR.1.2.840.113619.2.440.1599194.3214630.20765.1536637356.35.dcm  
  inflating: 1.2.840.113619.2.440.1599194.3214630.22288.1536636523.238_1.dicom/MR.1.2.840.113619.2.440.1599194.3214630.20765.1536637356.0.dcm  
  inflating: 1.2.840.113619.2.440.1599194.3214630.22288.1536636523.238_1.dicom/MR.1.2.840.113619.2.440.1599194.3214630.20765.1536637356.66.dcm  
  inflating: 1.2.840.113619.2.440.1599194.3214630.22288.1536636523.238_1.dicom/MR.1.2.840.113619.2.440.1599194.3214630.20765.1536637356.51.dcm  
  inflating: 1.2.840.113619.2.440.1599194.3214630.22288.1536636523.238_1.dicom/MR.1.2.840.113619.2.440.1599194.3214630.20765.1536637356.49.dcm  
  inflating: 1.2.840.113619.2.440.1599194.3214630.22288.1536636523.238_1.dicom/MR.1.2.840.113619.2.440.1599194.3214630.20765.1536637356.72.dcm  
  inflating: 1.2.840.113619.2.440.1599194.3214630.22288.1536636523.238_1.dicom/MR.1.2.840.113619.2.440.1599194.3214630.20765.1536637356.63.dcm  
  inflating: 1.2.840.113619.2.440.1599194.3214630.22288.1536636523.238_1.dicom/MR.1.2.840.113619.2.440.1599194.3214630.20765.1536637356.57.dcm  
  inflating: 1.2.840.113619.2.440.1599194.3214630.22288.1536636523.238_1.dicom/MR.1.2.840.113619.2.440.1599194.3214630.20765.1536637356.62.dcm  
  inflating: 1.2.840.113619.2.440.1599194.3214630.22288.1536636523.238_1.dicom/MR.1.2.840.113619.2.440.1599194.3214630.20765.1536637356.68.dcm  
  inflating: 1.2.840.113619.2.440.1599194.3214630.22288.1536636523.238_1.dicom/MR.1.2.840.113619.2.440.1599194.3214630.20765.1536637356.69.dcm  
  inflating: 1.2.840.113619.2.440.1599194.3214630.22288.1536636523.238_1.dicom/MR.1.2.840.113619.2.440.1599194.3214630.20765.1536637356.52.dcm  
  inflating: 1.2.840.113619.2.440.1599194.3214630.22288.1536636523.238_1.dicom/MR.1.2.840.113619.2.440.1599194.3214630.20765.1536637356.59.dcm  
  inflating: 1.2.840.113619.2.440.1599194.3214630.22288.1536636523.238_1.dicom/MR.1.2.840.113619.2.440.1599194.3214630.20765.1536637356.56.dcm  
  inflating: 1.2.840.113619.2.440.1599194.3214630.22288.1536636523.238_1.dicom/MR.1.2.840.113619.2.440.1599194.3214630.20765.1536637356.67.dcm  
  inflating: 1.2.840.113619.2.440.1599194.3214630.22288.1536636523.238_1.dicom/MR.1.2.840.113619.2.440.1599194.3214630.20765.1536637356.60.dcm  
  inflating: 1.2.840.113619.2.440.1599194.3214630.22288.1536636523.238_1.dicom/MR.1.2.840.113619.2.440.1599194.3214630.20765.1536637356.61.dcm  
  inflating: 1.2.840.113619.2.440.1599194.3214630.22288.1536636523.238_1.dicom/MR.1.2.840.113619.2.440.1599194.3214630.20765.1536637356.54.dcm  
  inflating: 1.2.840.113619.2.440.1599194.3214630.22288.1536636523.238_1.dicom/MR.1.2.840.113619.2.440.1599194.3214630.20765.1536637356.65.dcm  
  inflating: 1.2.840.113619.2.440.1599194.3214630.22288.1536636523.238_1.dicom/MR.1.2.840.113619.2.440.1599194.3214630.20765.1536637356.53.dcm  
  inflating: 1.2.840.113619.2.440.1599194.3214630.22288.1536636523.238_1.dicom/MR.1.2.840.113619.2.440.1599194.3214630.20765.1536637356.55.dcm  
  inflating: 1.2.840.113619.2.440.1599194.3214630.22288.1536636523.238_1.dicom/MR.1.2.840.113619.2.440.1599194.3214630.20765.1536637356.50.dcm  
  inflating: 1.2.840.113619.2.440.1599194.3214630.22288.1536636523.238_1.dicom/MR.1.2.840.113619.2.440.1599194.3214630.20765.1536637355.996.dcm  
  inflating: 1.2.840.113619.2.440.1599194.3214630.22288.1536636523.238_1.dicom/MR.1.2.840.113619.2.440.1599194.3214630.20765.1536637356.64.dcm  
  inflating: 1.2.840.113619.2.440.1599194.3214630.22288.1536636523.238_1.dicom/MR.1.2.840.113619.2.440.1599194.3214630.20765.1536637356.70.dcm  
  inflating: 1.2.840.113619.2.440.1599194.3214630.22288.1536636523.238_1.dicom/MR.1.2.840.113619.2.440.1599194.3214630.20765.1536637356.58.dcm  
  inflating: 1.2.840.113619.2.440.1599194.3214630.22288.1536636523.238_1.dicom/MR.1.2.840.113619.2.440.1599194.3214630.20765.1536637355.968.dcm  
  inflating: 1.2.840.113619.2.440.1599194.3214630.22288.1536636523.238_1.dicom/MR.1.2.840.113619.2.440.1599194.3214630.20765.1536637355.963.dcm  
  inflating: 1.2.840.113619.2.440.1599194.3214630.22288.1536636523.238_1.dicom/MR.1.2.840.113619.2.440.1599194.3214630.20765.1536637355.951.dcm  
  inflating: 1.2.840.113619.2.440.1599194.3214630.22288.1536636523.238_1.dicom/MR.1.2.840.113619.2.440.1599194.3214630.20765.1536637355.978.dcm  
  inflating: 1.2.840.113619.2.440.1599194.3214630.22288.1536636523.238_1.dicom/MR.1.2.840.113619.2.440.1599194.3214630.20765.1536637355.982.dcm  
  inflating: 1.2.840.113619.2.440.1599194.3214630.22288.1536636523.238_1.dicom/MR.1.2.840.113619.2.440.1599194.3214630.20765.1536637355.966.dcm  
  inflating: 1.2.840.113619.2.440.1599194.3214630.22288.1536636523.238_1.dicom/MR.1.2.840.113619.2.440.1599194.3214630.20765.1536637355.987.dcm  
  inflating: 1.2.840.113619.2.440.1599194.3214630.22288.1536636523.238_1.dicom/MR.1.2.840.113619.2.440.1599194.3214630.20765.1536637355.995.dcm  
  inflating: 1.2.840.113619.2.440.1599194.3214630.22288.1536636523.238_1.dicom/MR.1.2.840.113619.2.440.1599194.3214630.20765.1536637355.953.dcm  
  inflating: 1.2.840.113619.2.440.1599194.3214630.22288.1536636523.238_1.dicom/MR.1.2.840.113619.2.440.1599194.3214630.20765.1536637355.977.dcm  
  inflating: 1.2.840.113619.2.440.1599194.3214630.22288.1536636523.238_1.dicom/MR.1.2.840.113619.2.440.1599194.3214630.20765.1536637355.957.dcm  
  inflating: 1.2.840.113619.2.440.1599194.3214630.22288.1536636523.238_1.dicom/MR.1.2.840.113619.2.440.1599194.3214630.20765.1536637355.979.dcm  
  inflating: 1.2.840.113619.2.440.1599194.3214630.22288.1536636523.238_1.dicom/MR.1.2.840.113619.2.440.1599194.3214630.20765.1536637355.965.dcm  
  inflating: 1.2.840.113619.2.440.1599194.3214630.22288.1536636523.238_1.dicom/MR.1.2.840.113619.2.440.1599194.3214630.20765.1536637355.954.dcm  
  inflating: 1.2.840.113619.2.440.1599194.3214630.22288.1536636523.238_1.dicom/MR.1.2.840.113619.2.440.1599194.3214630.20765.1536637355.960.dcm  
  inflating: 1.2.840.113619.2.440.1599194.3214630.22288.1536636523.238_1.dicom/MR.1.2.840.113619.2.440.1599194.3214630.20765.1536637355.999.dcm  
  inflating: 1.2.840.113619.2.440.1599194.3214630.22288.1536636523.238_1.dicom/MR.1.2.840.113619.2.440.1599194.3214630.20765.1536637355.964.dcm  
  inflating: 1.2.840.113619.2.440.1599194.3214630.22288.1536636523.238_1.dicom/MR.1.2.840.113619.2.440.1599194.3214630.20765.1536637355.959.dcm  
  inflating: 1.2.840.113619.2.440.1599194.3214630.22288.1536636523.238_1.dicom/MR.1.2.840.113619.2.440.1599194.3214630.20765.1536637355.952.dcm  
  inflating: 1.2.840.113619.2.440.1599194.3214630.22288.1536636523.238_1.dicom/MR.1.2.840.113619.2.440.1599194.3214630.20765.1536637355.990.dcm  
  inflating: 1.2.840.113619.2.440.1599194.3214630.22288.1536636523.238_1.dicom/MR.1.2.840.113619.2.440.1599194.3214630.20765.1536637355.970.dcm  
  inflating: 1.2.840.113619.2.440.1599194.3214630.22288.1536636523.238_1.dicom/MR.1.2.840.113619.2.440.1599194.3214630.20765.1536637355.983.dcm  
  inflating: 1.2.840.113619.2.440.1599194.3214630.22288.1536636523.238_1.dicom/MR.1.2.840.113619.2.440.1599194.3214630.20765.1536637355.972.dcm  
  inflating: 1.2.840.113619.2.440.1599194.3214630.22288.1536636523.238_1.dicom/MR.1.2.840.113619.2.440.1599194.3214630.20765.1536637355.974.dcm  
  inflating: 1.2.840.113619.2.440.1599194.3214630.22288.1536636523.238_1.dicom/MR.1.2.840.113619.2.440.1599194.3214630.20765.1536637355.967.dcm  
  inflating: 1.2.840.113619.2.440.1599194.3214630.22288.1536636523.238_1.dicom/MR.1.2.840.113619.2.440.1599194.3214630.20765.1536637355.962.dcm  
  inflating: 1.2.840.113619.2.440.1599194.3214630.22288.1536636523.238_1.dicom/MR.1.2.840.113619.2.440.1599194.3214630.20765.1536637355.961.dcm  
  inflating: 1.2.840.113619.2.440.1599194.3214630.22288.1536636523.238_1.dicom/MR.1.2.840.113619.2.440.1599194.3214630.20765.1536637355.969.dcm  
  inflating: 1.2.840.113619.2.440.1599194.3214630.22288.1536636523.238_1.dicom/MR.1.2.840.113619.2.440.1599194.3214630.20765.1536637355.984.dcm  
  inflating: 1.2.840.113619.2.440.1599194.3214630.22288.1536636523.238_1.dicom/MR.1.2.840.113619.2.440.1599194.3214630.20765.1536637355.993.dcm  
  inflating: 1.2.840.113619.2.440.1599194.3214630.22288.1536636523.238_1.dicom/MR.1.2.840.113619.2.440.1599194.3214630.20765.1536637355.980.dcm  
  inflating: 1.2.840.113619.2.440.1599194.3214630.22288.1536636523.238_1.dicom/MR.1.2.840.113619.2.440.1599194.3214630.20765.1536637355.976.dcm  
  inflating: 1.2.840.113619.2.440.1599194.3214630.22288.1536636523.238_1.dicom/MR.1.2.840.113619.2.440.1599194.3214630.20765.1536637355.989.dcm  
  inflating: 1.2.840.113619.2.440.1599194.3214630.22288.1536636523.238_1.dicom/MR.1.2.840.113619.2.440.1599194.3214630.20765.1536637355.998.dcm  
  inflating: 1.2.840.113619.2.440.1599194.3214630.22288.1536636523.238_1.dicom/MR.1.2.840.113619.2.440.1599194.3214630.20765.1536637355.973.dcm  
  inflating: 1.2.840.113619.2.440.1599194.3214630.22288.1536636523.238_1.dicom/MR.1.2.840.113619.2.440.1599194.3214630.20765.1536637355.971.dcm  
  inflating: 1.2.840.113619.2.440.1599194.3214630.22288.1536636523.238_1.dicom/MR.1.2.840.113619.2.440.1599194.3214630.20765.1536637355.985.dcm  
  inflating: 1.2.840.113619.2.440.1599194.3214630.22288.1536636523.238_1.dicom/MR.1.2.840.113619.2.440.1599194.3214630.20765.1536637355.950.dcm  
  inflating: 1.2.840.113619.2.440.1599194.3214630.22288.1536636523.238_1.dicom/MR.1.2.840.113619.2.440.1599194.3214630.20765.1536637355.991.dcm  
  inflating: 1.2.840.113619.2.440.1599194.3214630.22288.1536636523.238_1.dicom/MR.1.2.840.113619.2.440.1599194.3214630.20765.1536637355.994.dcm  
  inflating: 1.2.840.113619.2.440.1599194.3214630.22288.1536636523.238_1.dicom/MR.1.2.840.113619.2.440.1599194.3214630.20765.1536637355.958.dcm  
  inflating: 1.2.840.113619.2.440.1599194.3214630.22288.1536636523.238_1.dicom/MR.1.2.840.113619.2.440.1599194.3214630.20765.1536637355.986.dcm  
  inflating: 1.2.840.113619.2.440.1599194.3214630.22288.1536636523.238_1.dicom/MR.1.2.840.113619.2.440.1599194.3214630.20765.1536637355.981.dcm  
  inflating: 1.2.840.113619.2.440.1599194.3214630.22288.1536636523.238_1.dicom/MR.1.2.840.113619.2.440.1599194.3214630.20765.1536637355.956.dcm  
  inflating: 1.2.840.113619.2.440.1599194.3214630.22288.1536636523.238_1.dicom/MR.1.2.840.113619.2.440.1599194.3214630.20765.1536637355.988.dcm  
  inflating: 1.2.840.113619.2.440.1599194.3214630.22288.1536636523.238_1.dicom/MR.1.2.840.113619.2.440.1599194.3214630.20765.1536637355.997.dcm  
  inflating: 1.2.840.113619.2.440.1599194.3214630.22288.1536636523.238_1.dicom/MR.1.2.840.113619.2.440.1599194.3214630.20765.1536637355.955.dcm  
  inflating: 1.2.840.113619.2.440.1599194.3214630.22288.1536636523.238_1.dicom/MR.1.2.840.113619.2.440.1599194.3214630.20765.1536637355.975.dcm  
  inflating: 1.2.840.113619.2.440.1599194.3214630.22288.1536636523.238_1.dicom/MR.1.2.840.113619.2.440.1599194.3214630.20765.1536637355.992.dcm  

                            < M A T L A B (R) >
                  Copyright 1984-2017 The MathWorks, Inc.
                   R2017a (9.2.0.556344) 64-bit (glnxa64)
                               March 27, 2017

 
To get started, type one of these: helpwin, helpdesk, or demo.
For product information, visit www.mathworks.com.
 
==================================================================
DICOM conversion starts at 2018/09/20 11:11:59
==================================================================
Current directory is: /oak/stanford/groups/menon/scsnlscripts/utilities/dataOrganization/pre_preprocessing/utils
------------------------------------------------------------------
DICOM to SPGR conversion is successful!

                            < M A T L A B (R) >
                  Copyright 1984-2017 The MathWorks, Inc.
                   R2017a (9.2.0.556344) 64-bit (glnxa64)
                               March 27, 2017

 
To get started, type one of these: helpwin, helpdesk, or demo.
For product information, visit www.mathworks.com.
 
==================================================================
DICOM conversion starts at 2018/09/20 11:12:25
==================================================================
Current directory is: /oak/stanford/groups/menon/scsnlscripts/utilities/dataOrganization/pre_preprocessing/utils
------------------------------------------------------------------
DICOM to SPGR conversion is successful!
rsyncing behavioral data
ex12102 poorly formatted
ex12261 poorly formatted
ex12512 poorly formatted
ex12225 poorly formatted
ex12181 poorly formatted
ex12443 poorly formatted
ex12394 poorly formatted
ex12352 poorly formatted
ex12319 poorly formatted
ex12318 poorly formatted
ex12398 poorly formatted
ex12450 poorly formatted
ex12354 poorly formatted
ex12444 poorly formatted
ex12262 poorly formatted
ex12085 poorly formatted
ex12097 poorly formatted
ex12264 poorly formatted
ex12503 poorly formatted
ex12395 poorly formatted
ex12125 poorly formatted
ex12221 poorly formatted
ex12220 poorly formatted
ex12202 poorly formatted
ex12180 poorly formatted
ex12451 poorly formatted
ex12263 poorly formatted
ex12179 poorly formatted
ex12353 poorly formatted
ex12584 poorly formatted
ex12585 poorly formatted
ex12587 poorly formatted
ex12589 poorly formatted
ex12590 poorly formatted
ex12626 poorly formatted
ex12627 poorly formatted
ex12644 poorly formatted
ex12650 poorly formatted
ex12651 poorly formatted
ex12652 poorly formatted
ex12661 poorly formatted
ex12662 poorly formatted
ex12663 poorly formatted
ex12664 poorly formatted
ex12673 poorly formatted
ex12674 poorly formatted
ex12675 poorly formatted
ex12709 poorly formatted
ex12766 poorly formatted
ex12775 poorly formatted
ex12789 poorly formatted
ex12796 poorly formatted
ex12819 poorly formatted
ex12824 poorly formatted
ex12879 poorly formatted
ex12873 poorly formatted
ex12934 poorly formatted
ex12935 poorly formatted
ex12939 poorly formatted
ex12940 poorly formatted
ex12941 poorly formatted
ex12942 poorly formatted
ex12943 poorly formatted
ex12944 poorly formatted
ex12945 poorly formatted
ex12980 poorly formatted
ex12982 poorly formatted
ex12983 poorly formatted
ex13011 poorly formatted
ex13013 poorly formatted
ex13014 poorly formatted
ex13015 poorly formatted
ex13016 poorly formatted
ex13017 poorly formatted
ex13027 poorly formatted
ex13042 poorly formatted
ex13043 poorly formatted
ex13081 poorly formatted
ex13082 poorly formatted
ex13119 poorly formatted
ex13120 poorly formatted
ex13125 poorly formatted
ex13153 poorly formatted
ex13154 poorly formatted
ex13259 poorly formatted
ex13260 poorly formatted
ex13283 poorly formatted
ex13298 poorly formatted
ex13359 poorly formatted
ex13363 poorly formatted
ex13410 poorly formatted
ex13412 poorly formatted
ex13453 poorly formatted
ex13490 poorly formatted
ex13493 poorly formatted
ex13495 poorly formatted
ex13258 poorly formatted
ex3028 poorly formatted
ex13496 poorly formatted
ex13357 poorly formatted
ex13356 poorly formatted
ex13361 poorly formatted
ex13401 poorly formatted
ex13402 poorly formatted
ex13403 poorly formatted
ex2945 poorly formatted
ex13407 poorly formatted
ex13408 poorly formatted
ex13411 poorly formatted
ex13469 poorly formatted
ex13542 poorly formatted
ex13815 poorly formatted
16-03-20.1 poorly formatted
16-11-06.2 poorly formatted
new mathwhiz scan found: 7605_2_2
new met scan found: 9347_2_1
new met scan found: 9347_2_1
downloading /oak/stanford/groups/menon/rawdata/scsnl/9347/visit2/session1/anatomical/orig_3D_Volume/1.2.840.113619.2.440.1599194.3214630.22011.1536703480.839_1.dicom.zip
downloading /oak/stanford/groups/menon/rawdata/scsnl/9347/visit2/session1/anatomical/3D_Volume/1.2.840.113619.2.440.1599194.3214630.22288.1536636523.238_1.dicom.zip
downloaded scanids:
[['9347', 'visit2', 'session1', 'met'], ['9347', 'visit2', 'session1', 'met']]
failed downloads:
[['7605', 'visit2', 'session2', 'mathwhiz']]
processing 9347_2_1 behavioral
found extra folder /oak/stanford/groups/menon/rawdata/.fromlucas/9347_2_1.3T2/physio
uploading /oak/stanford/groups/menon/rawdata/.fromlucas/9347_2_1.3T2/physio/sym4_redo/P67584.physio to acq physio 5ba3e2b0ce2edd001327ce63
uploading /oak/stanford/groups/menon/rawdata/.fromlucas/9347_2_1.3T2/physio/sym2/P55808.physio to acq physio 5ba3e2b0ce2edd001327ce63
uploading /oak/stanford/groups/menon/rawdata/.fromlucas/9347_2_1.3T2/physio/sym3/P56832.physio to acq physio 5ba3e2b0ce2edd001327ce63
uploading /oak/stanford/groups/menon/rawdata/.fromlucas/9347_2_1.3T2/physio/sym1/P54784.physio to acq physio 5ba3e2b0ce2edd001327ce63
uploading /oak/stanford/groups/menon/rawdata/.fromlucas/9347_2_1.3T2/physio/sym3_redo/P62464.physio to acq physio 5ba3e2b0ce2edd001327ce63
uploading /oak/stanford/groups/menon/rawdata/.fromlucas/9347_2_1.3T2/physio/sym4/P60928.physio to acq physio 5ba3e2b0ce2edd001327ce63
found behav folder /oak/stanford/groups/menon/rawdata/.fromlucas/9347_2_1.3T2/behavioral
creating acquisition behavioral under flywheel exam id False 5b9e8a4ace2edd00140289b7
uploading /oak/stanford/groups/menon/rawdata/.fromlucas/9347_2_1.3T2/behavioral/Results/sym_run1_11_04_47.csv
uploading /oak/stanford/groups/menon/rawdata/.fromlucas/9347_2_1.3T2/behavioral/Results/sym_run3_11_21_00.csv
uploading /oak/stanford/groups/menon/rawdata/.fromlucas/9347_2_1.3T2/behavioral/Results/sym_run3_12_08_28_rerun.csv
uploading /oak/stanford/groups/menon/rawdata/.fromlucas/9347_2_1.3T2/behavioral/Results/sym_run2_11_12_36.csv
uploading /oak/stanford/groups/menon/rawdata/.fromlucas/9347_2_1.3T2/behavioral/Results/sym_run4_12_16_18_rerun.csv
uploading /oak/stanford/groups/menon/rawdata/.fromlucas/9347_2_1.3T2/behavioral/Results/sym_run4_11_44_35.csv
uploading /oak/stanford/groups/menon/rawdata/.fromlucas/9347_2_1.3T2/behavioral/Results/Mock_Task/mock_grid_1_09_12_38.csv
uploading /oak/stanford/groups/menon/rawdata/.fromlucas/9347_2_1.3T2/behavioral/Results/Mock_Task/mock_grid_2_09_16_42.csv
uploading /oak/stanford/groups/menon/rawdata/.fromlucas/9347_2_1.3T2/behavioral/Results/Mock_Task/mock_sym_3_09_09_57.csv
uploading /oak/stanford/groups/menon/rawdata/.fromlucas/9347_2_1.3T2/behavioral/Results/Mock_Task/mock_sym_2_09_07_05.csv
uploading /oak/stanford/groups/menon/rawdata/.fromlucas/9347_2_1.3T2/behavioral/Results/Mock_Task/mock_sym_1_09_03_14.csv
uploading /oak/stanford/groups/menon/rawdata/.fromlucas/9347_2_1.3T2/behavioral/Mock scan/MoTrak_9437_2_1.3T2_Grid2.txt
uploading /oak/stanford/groups/menon/rawdata/.fromlucas/9347_2_1.3T2/behavioral/Mock scan/MoTrak_9437_2_1.3T2_Grid1.txt
uploading /oak/stanford/groups/menon/rawdata/.fromlucas/9347_2_1.3T2/behavioral/Mock scan/MoTrak_9437_2_1.3T2_Sym3.txt
uploading /oak/stanford/groups/menon/rawdata/.fromlucas/9347_2_1.3T2/behavioral/Mock scan/MoTrak_9437_2_1.3T2_Sym2.txt
uploading /oak/stanford/groups/menon/rawdata/.fromlucas/9347_2_1.3T2/behavioral/Mock scan/MoTrak_9437_2_1.3T2_Sym1.txt
pconverting 9347_2_1
anatomical dicom convert 9347_2_1
moving 1.2.840.113619.2.440.1599194.3214630.22011.1536703480.839_1.dicom to 001
moving 1.2.840.113619.2.440.1599194.3214630.22288.1536636523.238_1.dicom to 002
2 spgr files made!
processing 9347_2_1 behavioral
found extra folder /oak/stanford/groups/menon/rawdata/.fromlucas/9347_2_1.3T2/physio
uploading /oak/stanford/groups/menon/rawdata/.fromlucas/9347_2_1.3T2/physio/sym4_redo/P67584.physio to acq physio 5ba3e31ace2edd001327ce65
uploading /oak/stanford/groups/menon/rawdata/.fromlucas/9347_2_1.3T2/physio/sym2/P55808.physio to acq physio 5ba3e31ace2edd001327ce65
uploading /oak/stanford/groups/menon/rawdata/.fromlucas/9347_2_1.3T2/physio/sym3/P56832.physio to acq physio 5ba3e31ace2edd001327ce65
uploading /oak/stanford/groups/menon/rawdata/.fromlucas/9347_2_1.3T2/physio/sym1/P54784.physio to acq physio 5ba3e31ace2edd001327ce65
uploading /oak/stanford/groups/menon/rawdata/.fromlucas/9347_2_1.3T2/physio/sym3_redo/P62464.physio to acq physio 5ba3e31ace2edd001327ce65
uploading /oak/stanford/groups/menon/rawdata/.fromlucas/9347_2_1.3T2/physio/sym4/P60928.physio to acq physio 5ba3e31ace2edd001327ce65
found behav folder /oak/stanford/groups/menon/rawdata/.fromlucas/9347_2_1.3T2/behavioral
creating acquisition behavioral under flywheel exam id False 5b9e8a4ace2edd00140289b7
uploading /oak/stanford/groups/menon/rawdata/.fromlucas/9347_2_1.3T2/behavioral/Results/sym_run1_11_04_47.csv
uploading /oak/stanford/groups/menon/rawdata/.fromlucas/9347_2_1.3T2/behavioral/Results/sym_run3_11_21_00.csv
uploading /oak/stanford/groups/menon/rawdata/.fromlucas/9347_2_1.3T2/behavioral/Results/sym_run3_12_08_28_rerun.csv
uploading /oak/stanford/groups/menon/rawdata/.fromlucas/9347_2_1.3T2/behavioral/Results/sym_run2_11_12_36.csv
uploading /oak/stanford/groups/menon/rawdata/.fromlucas/9347_2_1.3T2/behavioral/Results/sym_run4_12_16_18_rerun.csv
uploading /oak/stanford/groups/menon/rawdata/.fromlucas/9347_2_1.3T2/behavioral/Results/sym_run4_11_44_35.csv
uploading /oak/stanford/groups/menon/rawdata/.fromlucas/9347_2_1.3T2/behavioral/Results/Mock_Task/mock_grid_1_09_12_38.csv
uploading /oak/stanford/groups/menon/rawdata/.fromlucas/9347_2_1.3T2/behavioral/Results/Mock_Task/mock_grid_2_09_16_42.csv
uploading /oak/stanford/groups/menon/rawdata/.fromlucas/9347_2_1.3T2/behavioral/Results/Mock_Task/mock_sym_3_09_09_57.csv
uploading /oak/stanford/groups/menon/rawdata/.fromlucas/9347_2_1.3T2/behavioral/Results/Mock_Task/mock_sym_2_09_07_05.csv
uploading /oak/stanford/groups/menon/rawdata/.fromlucas/9347_2_1.3T2/behavioral/Results/Mock_Task/mock_sym_1_09_03_14.csv
uploading /oak/stanford/groups/menon/rawdata/.fromlucas/9347_2_1.3T2/behavioral/Mock scan/MoTrak_9437_2_1.3T2_Grid2.txt
uploading /oak/stanford/groups/menon/rawdata/.fromlucas/9347_2_1.3T2/behavioral/Mock scan/MoTrak_9437_2_1.3T2_Grid1.txt
uploading /oak/stanford/groups/menon/rawdata/.fromlucas/9347_2_1.3T2/behavioral/Mock scan/MoTrak_9437_2_1.3T2_Sym3.txt
uploading /oak/stanford/groups/menon/rawdata/.fromlucas/9347_2_1.3T2/behavioral/Mock scan/MoTrak_9437_2_1.3T2_Sym2.txt
uploading /oak/stanford/groups/menon/rawdata/.fromlucas/9347_2_1.3T2/behavioral/Mock scan/MoTrak_9437_2_1.3T2_Sym1.txt
pconverting 9347_2_1
anatomical dicom convert 9347_2_1
2 spgr files made!
editing permissions for successful download folders:
['9347', 'visit2', 'session1', 'met']
['changh', 'zwnadell', 'rudoler', 'lchen32', 'florasch', 'jkboram', 'shelbyka']
['9347', 'visit2', 'session1', 'met']
['changh', 'zwnadell', 'rudoler', 'lchen32', 'florasch', 'jkboram', 'shelbyka']
