receiving incremental file list
./
100509_1_1.3T2/
100509_1_1.3T2/fmri/
100509_1_1.3T2/fmri/grid1/
100509_1_1.3T2/fmri/grid1/behavioral/
100509_1_1.3T2/fmri/grid2/
100509_1_1.3T2/fmri/grid2/behavioral/
100509_1_1.3T2/fmri/grid3/
100509_1_1.3T2/fmri/grid3/behavioral/
100509_1_1.3T2/fmri/grid4/
100509_1_1.3T2/fmri/grid4/behavioral/
100509_1_1.3T2/fmri/sym1/
100509_1_1.3T2/fmri/sym1/behavioral/
100509_1_1.3T2/fmri/sym2/
100509_1_1.3T2/fmri/sym2/behavioral/
100509_1_1.3T2/fmri/sym3/
100509_1_1.3T2/fmri/sym3/behavioral/
100509_1_1.3T2/fmri/sym4/
100509_1_1.3T2/fmri/sym4/behavioral/
100509_1_1.3T2/mock_scan/
100509_1_1.3T2/mri/
100509_1_1.3T2/mri/anatomy/
100509_1_1.3T2/mri/dti/
100509_1_1.3T2/mri/dti/100509_1_1.3T2/
100509_1_1.3T2/mri/dti/100509_1_1.3T2/001/
100509_1_1.3T2/mri/dti/100509_1_1.3T2/002/
100509_1_1.3T2/mri/dti/100509_1_1.3T2/005/
100509_1_1.3T2/mri/dti/100509_1_1.3T2/006/
100509_1_1.3T2/mri/dti/100509_1_1.3T2/007/
100509_1_1.3T2/mri/dti/100509_1_1.3T2/008/
100509_1_1.3T2/mri/dti/100509_1_1.3T2/009/
100509_1_1.3T2/mri/dti/100509_1_1.3T2/010/
100509_1_1.3T2/mri/dti/100509_1_1.3T2/20002/
100510_1_1.3T2/
100510_1_1.3T2/fmri/
100510_1_1.3T2/fmri/dicoms/
100510_1_1.3T2/fmri/dicoms/3731_05082018/
100510_1_1.3T2/fmri/dicoms/3731_05082018/001/
100510_1_1.3T2/fmri/dicoms/3731_05082018/003/
100510_1_1.3T2/fmri/dicoms/3731_05082018/004/
100510_1_1.3T2/fmri/dicoms/3731_05082018/005/
100510_1_1.3T2/fmri/dicoms/3731_05082018/006/
100510_1_1.3T2/fmri/dicoms/3731_05082018/007/
100510_1_1.3T2/fmri/dicoms/3731_05082018/009/
100510_1_1.3T2/fmri/dicoms/3731_05082018/011/
100510_1_1.3T2/fmri/dicoms/3731_05082018/012/
100510_1_1.3T2/fmri/dicoms/3731_05082018/013/
100510_1_1.3T2/fmri/dicoms/3731_05082018/014/
100510_1_1.3T2/fmri/dicoms/3731_05082018/015/
100510_1_1.3T2/fmri/dicoms/3731_05082018/016/
100510_1_1.3T2/fmri/dicoms/3731_05082018/20003/
100510_1_1.3T2/fmri/dicoms/3731_05082018/20011/
100510_1_1.3T2/fmri/dicoms/3731_05082018/40006/
100510_1_1.3T2/fmri/dicoms/3731_05082018/40007/
100510_1_1.3T2/fmri/grid1/
100510_1_1.3T2/fmri/grid1/behavioral/
100510_1_1.3T2/fmri/grid2/
100510_1_1.3T2/fmri/grid2/behavioral/
100510_1_1.3T2/fmri/grid3/
100510_1_1.3T2/fmri/grid3/behavioral/
100510_1_1.3T2/fmri/grid4/
100510_1_1.3T2/fmri/grid4/behavioral/
100510_1_1.3T2/fmri/sym1/
100510_1_1.3T2/fmri/sym1/behavioral/
100510_1_1.3T2/fmri/sym2/
100510_1_1.3T2/fmri/sym2/behavioral/
100510_1_1.3T2/fmri/sym3/
100510_1_1.3T2/fmri/sym3/behavioral/
100510_1_1.3T2/fmri/sym4/
100510_1_1.3T2/fmri/sym4/behavioral/
100510_1_1.3T2/mock_scan/
100510_1_1.3T2/mri/
100510_1_1.3T2/mri/anatomy/
100510_1_1.3T2/mri/anatomy/001/
100510_1_1.3T2/mri/anatomy/003/
100510_1_1.3T2/mri/anatomy/004/
100510_1_1.3T2/mri/anatomy/005/
100510_1_1.3T2/mri/anatomy/006/
100510_1_1.3T2/mri/anatomy/007/
100510_1_1.3T2/mri/anatomy/009/
100510_1_1.3T2/mri/anatomy/011/
100510_1_1.3T2/mri/anatomy/012/
100510_1_1.3T2/mri/anatomy/013/
100510_1_1.3T2/mri/anatomy/014/
100510_1_1.3T2/mri/anatomy/015/
100510_1_1.3T2/mri/anatomy/016/
100510_1_1.3T2/mri/anatomy/20003/
100510_1_1.3T2/mri/anatomy/20011/
100510_1_1.3T2/mri/anatomy/40006/
100510_1_1.3T2/mri/anatomy/40007/
100510_1_1.3T2/mri/dti/
100511_1_1.3T2/
100511_1_1.3T2/fmri/
100511_1_1.3T2/fmri/dicoms/
100511_1_1.3T2/fmri/dicoms/3743_05082018/
100511_1_1.3T2/fmri/dicoms/3743_05082018/001/
100511_1_1.3T2/fmri/dicoms/3743_05082018/003/
100511_1_1.3T2/fmri/dicoms/3743_05082018/004/
100511_1_1.3T2/fmri/dicoms/3743_05082018/006/
100511_1_1.3T2/fmri/dicoms/3743_05082018/007/
100511_1_1.3T2/fmri/dicoms/3743_05082018/008/
100511_1_1.3T2/fmri/dicoms/3743_05082018/009/
100511_1_1.3T2/fmri/dicoms/3743_05082018/010/
100511_1_1.3T2/fmri/dicoms/3743_05082018/011/
100511_1_1.3T2/fmri/dicoms/3743_05082018/012/
100511_1_1.3T2/fmri/dicoms/3743_05082018/013/
100511_1_1.3T2/fmri/dicoms/3743_05082018/014/
100511_1_1.3T2/fmri/dicoms/3743_05082018/20006/
100511_1_1.3T2/fmri/dicoms/3743_05082018/40013/
100511_1_1.3T2/fmri/dicoms/3743_05082018/40014/
100511_1_1.3T2/fmri/grid1/
100511_1_1.3T2/fmri/grid1/behavioral/
100511_1_1.3T2/fmri/grid2/
100511_1_1.3T2/fmri/grid2/behavioral/
100511_1_1.3T2/fmri/grid3/
100511_1_1.3T2/fmri/grid3/behavioral/
100511_1_1.3T2/fmri/grid4/
100511_1_1.3T2/fmri/grid4/behavioral/
100511_1_1.3T2/fmri/sym1/
100511_1_1.3T2/fmri/sym1/behavioral/
100511_1_1.3T2/fmri/sym2/
100511_1_1.3T2/fmri/sym2/behavioral/
100511_1_1.3T2/fmri/sym3/
100511_1_1.3T2/fmri/sym3/behavioral/
100511_1_1.3T2/fmri/sym4/
100511_1_1.3T2/fmri/sym4/behavioral/
100511_1_1.3T2/mock_scan/
100511_1_1.3T2/mri/
100511_1_1.3T2/mri/anatomy/
100511_1_1.3T2/mri/anatomy/001/
100511_1_1.3T2/mri/anatomy/003/
100511_1_1.3T2/mri/anatomy/004/
100511_1_1.3T2/mri/anatomy/006/
100511_1_1.3T2/mri/anatomy/007/
100511_1_1.3T2/mri/anatomy/008/
100511_1_1.3T2/mri/anatomy/009/
100511_1_1.3T2/mri/anatomy/010/
100511_1_1.3T2/mri/anatomy/011/
100511_1_1.3T2/mri/anatomy/012/
100511_1_1.3T2/mri/anatomy/013/
100511_1_1.3T2/mri/anatomy/014/
100511_1_1.3T2/mri/anatomy/20006/
100511_1_1.3T2/mri/anatomy/40013/
100511_1_1.3T2/mri/anatomy/40014/
100511_1_1.3T2/mri/dti/
100512_1_1.3T2/
100512_1_1.3T2/fmri/
100512_1_1.3T2/fmri/dicoms/
100512_1_1.3T2/fmri/dicoms/3744_05082018/
100512_1_1.3T2/fmri/dicoms/3744_05082018/001/
100512_1_1.3T2/fmri/dicoms/3744_05082018/003/
100512_1_1.3T2/fmri/dicoms/3744_05082018/004/
100512_1_1.3T2/fmri/dicoms/3744_05082018/005/
100512_1_1.3T2/fmri/dicoms/3744_05082018/006/
100512_1_1.3T2/fmri/dicoms/3744_05082018/007/
100512_1_1.3T2/fmri/dicoms/3744_05082018/008/
100512_1_1.3T2/fmri/dicoms/3744_05082018/009/
100512_1_1.3T2/fmri/dicoms/3744_05082018/010/
100512_1_1.3T2/fmri/dicoms/3744_05082018/011/
100512_1_1.3T2/fmri/dicoms/3744_05082018/20003/
100512_1_1.3T2/fmri/dicoms/3744_05082018/40010/
100512_1_1.3T2/fmri/dicoms/3744_05082018/40011/
100512_1_1.3T2/fmri/grid1/
100512_1_1.3T2/fmri/grid1/behavioral/
100512_1_1.3T2/fmri/grid2/
100512_1_1.3T2/fmri/grid2/behavioral/
100512_1_1.3T2/fmri/grid3/
100512_1_1.3T2/fmri/grid3/behavioral/
100512_1_1.3T2/fmri/grid4/
100512_1_1.3T2/fmri/grid4/behavioral/
100512_1_1.3T2/fmri/sym1/
100512_1_1.3T2/fmri/sym1/behavioral/
100512_1_1.3T2/fmri/sym2/
100512_1_1.3T2/fmri/sym2/behavioral/
100512_1_1.3T2/fmri/sym3/
100512_1_1.3T2/fmri/sym3/behavioral/
100512_1_1.3T2/fmri/sym4/
100512_1_1.3T2/fmri/sym4/behavioral/
100512_1_1.3T2/mock_scan/
100512_1_1.3T2/mri/
100512_1_1.3T2/mri/anatomy/
100512_1_1.3T2/mri/anatomy/001/
100512_1_1.3T2/mri/anatomy/003/
100512_1_1.3T2/mri/anatomy/004/
100512_1_1.3T2/mri/anatomy/005/
100512_1_1.3T2/mri/anatomy/006/
100512_1_1.3T2/mri/anatomy/007/
100512_1_1.3T2/mri/anatomy/008/
100512_1_1.3T2/mri/anatomy/009/
100512_1_1.3T2/mri/anatomy/010/
100512_1_1.3T2/mri/anatomy/011/
100512_1_1.3T2/mri/anatomy/20003/
100512_1_1.3T2/mri/anatomy/40010/
100512_1_1.3T2/mri/anatomy/40011/
100512_1_1.3T2/mri/dti/
100513_1_1.3T2/
100514_1_1.3T2/
100514_1_1.3T2/fmri/
100514_1_1.3T2/fmri/grid1/
100514_1_1.3T2/fmri/grid1/behavioral/
100514_1_1.3T2/fmri/grid2/
100514_1_1.3T2/fmri/grid2/behavioral/
100514_1_1.3T2/fmri/grid3/
100514_1_1.3T2/fmri/grid3/behavioral/
100514_1_1.3T2/fmri/grid4/
100514_1_1.3T2/fmri/grid4/behavioral/
100514_1_1.3T2/fmri/sym1/
100514_1_1.3T2/fmri/sym1/behavioral/
100514_1_1.3T2/fmri/sym2/
100514_1_1.3T2/fmri/sym2/behavioral/
100514_1_1.3T2/fmri/sym3/
100514_1_1.3T2/fmri/sym3/behavioral/
100514_1_1.3T2/fmri/sym4/
100514_1_1.3T2/fmri/sym4/behavioral/
100514_1_1.3T2/mock_scan/
100514_1_1.3T2/mri/
100514_1_1.3T2/mri/anatomy/
100514_1_1.3T2/mri/dti/
17-06-18.1_3T3/
17-06-18.1_3T3/fmri/
17-06-18.1_3T3/fmri/encoding_1/
17-06-18.1_3T3/fmri/encoding_1/Pfiles/
17-06-18.1_3T3/fmri/encoding_1/behavioral/
17-06-18.1_3T3/fmri/encoding_1/physiological/
17-06-18.1_3T3/fmri/encoding_1/smoothed_spm8/
17-06-18.1_3T3/fmri/encoding_1/smoothed_spm8/log/
17-06-18.1_3T3/fmri/encoding_1/unnormalized/
17-06-18.1_3T3/fmri/encoding_1/unnormalized/unused/
17-06-18.1_3T3/fmri/encoding_2/
17-06-18.1_3T3/fmri/encoding_2/Pfiles/
17-06-18.1_3T3/fmri/encoding_2/behavioral/
17-06-18.1_3T3/fmri/encoding_2/physiological/
17-06-18.1_3T3/fmri/encoding_2/smoothed_spm8/
17-06-18.1_3T3/fmri/encoding_2/smoothed_spm8/log/
17-06-18.1_3T3/fmri/encoding_2/unnormalized/
17-06-18.1_3T3/fmri/encoding_2/unnormalized/unused/
17-06-18.1_3T3/fmri/localizer/
17-06-18.1_3T3/fmri/localizer/behavioral/
17-06-18.1_3T3/fmri/localizer/physiological/
17-06-18.1_3T3/fmri/resting_1/
17-06-18.1_3T3/fmri/resting_1/Pfiles/
17-06-18.1_3T3/fmri/resting_1/physiological/
17-06-18.1_3T3/fmri/resting_1/smoothed_spm8/
17-06-18.1_3T3/fmri/resting_1/smoothed_spm8/log/
17-06-18.1_3T3/fmri/resting_1/unnormalized/
17-06-18.1_3T3/fmri/resting_1/unnormalized/unused/
17-06-18.1_3T3/fmri/resting_2/
17-06-18.1_3T3/fmri/resting_2/Pfiles/
17-06-18.1_3T3/fmri/resting_2/physiological/
17-06-18.1_3T3/fmri/resting_2/smoothed_spm8/
17-06-18.1_3T3/fmri/resting_2/smoothed_spm8/log/
17-06-18.1_3T3/fmri/resting_2/unnormalized/
17-06-18.1_3T3/fmri/resting_2/unnormalized/unused/
17-06-18.1_3T3/fmri/retrieval_1/
17-06-18.1_3T3/fmri/retrieval_1/Pfiles/
17-06-18.1_3T3/fmri/retrieval_1/behavioral/
17-06-18.1_3T3/fmri/retrieval_1/physiological/
17-06-18.1_3T3/fmri/retrieval_1/smoothed_spm8/
17-06-18.1_3T3/fmri/retrieval_1/smoothed_spm8/log/
17-06-18.1_3T3/fmri/retrieval_1/unnormalized/
17-06-18.1_3T3/fmri/retrieval_1/unnormalized/unused/
17-06-18.1_3T3/fmri/retrieval_2/
17-06-18.1_3T3/fmri/retrieval_2/Pfiles/
17-06-18.1_3T3/fmri/retrieval_2/behavioral/
17-06-18.1_3T3/fmri/retrieval_2/physiological/
17-06-18.1_3T3/fmri/retrieval_2/smoothed_spm8/
17-06-18.1_3T3/fmri/retrieval_2/smoothed_spm8/log/
17-06-18.1_3T3/fmri/retrieval_2/unnormalized/
17-06-18.1_3T3/fmri/retrieval_2/unnormalized/unused/
17-06-18.1_3T3/fmri/retrieval_3/
17-06-18.1_3T3/fmri/retrieval_3/Pfiles/
17-06-18.1_3T3/fmri/retrieval_3/behavioral/
17-06-18.1_3T3/fmri/retrieval_3/physiological/
17-06-18.1_3T3/fmri/retrieval_3/smoothed_spm8/
17-06-18.1_3T3/fmri/retrieval_3/smoothed_spm8/log/
17-06-18.1_3T3/fmri/retrieval_3/unnormalized/
17-06-18.1_3T3/fmri/retrieval_3/unnormalized/unused/
17-06-18.1_3T3/fmri/retrieval_4/
17-06-18.1_3T3/fmri/retrieval_4/behavioral/
17-06-18.1_3T3/fmri/retrieval_4/physiological/
17-06-18.1_3T3/mri/
17-06-18.1_3T3/mri/anatomy/
17-06-18.1_3T3/mri/anatomy/001/
17-06-18.1_3T3/mri/anatomy/003/
17-06-18.1_3T3/mri/anatomy/009/
17-06-18.1_3T3/mri/anatomy/010/
17-06-18.1_3T3/mri/dti/
281_2_2.3T3/
281_2_2.3T3/fmri/
281_2_2.3T3/fmri/addblock_1/
281_2_2.3T3/fmri/addblock_1/behavioral/
281_2_2.3T3/fmri/addevent_1/
281_2_2.3T3/fmri/addevent_1/behavioral/
281_2_2.3T3/fmri/addevent_2/
281_2_2.3T3/fmri/addevent_2/behavioral/
281_2_2.3T3/fmri/equation_2/
281_2_2.3T3/fmri/equation_2/behavioral/
281_2_2.3T3/fmri/letter_2/
281_2_2.3T3/fmri/letter_2/behavioral/
281_2_2.3T3/fmri/number_2/
281_2_2.3T3/fmri/number_2/behavioral/
281_2_2.3T3/fmri/resting_1/
281_2_2.3T3/fmri/resting_2/
281_2_2.3T3/fmri/subblock_1/
281_2_2.3T3/fmri/subblock_1/behavioral/
281_2_2.3T3/fmri/word_2/
281_2_2.3T3/fmri/word_2/behavioral/
281_2_2.3T3/mri/
281_2_2.3T3/mri/anatomy/
281_2_2.3T3/mri/dti/
356_3_2.3T3/
356_3_2.3T3/fmri/
356_3_2.3T3/fmri/addblock_1/
356_3_2.3T3/fmri/addblock_1/behavioral/
356_3_2.3T3/fmri/addevent_1/
356_3_2.3T3/fmri/addevent_1/behavioral/
356_3_2.3T3/fmri/addevent_2/
356_3_2.3T3/fmri/addevent_2/behavioral/
356_3_2.3T3/fmri/equation_2/
356_3_2.3T3/fmri/equation_2/behavioral/
356_3_2.3T3/fmri/letter_2/
356_3_2.3T3/fmri/letter_2/behavioral/
356_3_2.3T3/fmri/number_2/
356_3_2.3T3/fmri/number_2/behavioral/
356_3_2.3T3/fmri/resting_1/
356_3_2.3T3/fmri/resting_2/
356_3_2.3T3/fmri/subblock_1/
356_3_2.3T3/fmri/subblock_1/behavioral/
356_3_2.3T3/fmri/word_2/
356_3_2.3T3/fmri/word_2/behavioral/
59_2_2.3T3/
59_2_2.3T3/fmri/
59_2_2.3T3/fmri/addblock_1/
59_2_2.3T3/fmri/addblock_1/behavioral/
59_2_2.3T3/fmri/addevent_1/
59_2_2.3T3/fmri/addevent_1/behavioral/
59_2_2.3T3/fmri/addevent_2/
59_2_2.3T3/fmri/addevent_2/behavioral/
59_2_2.3T3/fmri/equation_2/
59_2_2.3T3/fmri/equation_2/behavioral/
59_2_2.3T3/fmri/letter_2/
59_2_2.3T3/fmri/letter_2/behavioral/
59_2_2.3T3/fmri/number_2/
59_2_2.3T3/fmri/number_2/behavioral/
59_2_2.3T3/fmri/resting_1/
59_2_2.3T3/fmri/resting_2/
59_2_2.3T3/fmri/subblock_1/
59_2_2.3T3/fmri/subblock_1/behavioral/
59_2_2.3T3/fmri/word_2/
59_2_2.3T3/fmri/word_2/behavioral/
7298_5_1.3T3/
7298_5_1.3T3/fmri/
7298_5_1.3T3/fmri/encoding_1/
7298_5_1.3T3/fmri/encoding_1/behavioral/
7298_5_1.3T3/fmri/encoding_1/physiological/
7298_5_1.3T3/fmri/encoding_2/
7298_5_1.3T3/fmri/encoding_2/behavioral/
7298_5_1.3T3/fmri/encoding_2/physiological/
7298_5_1.3T3/fmri/localizer/
7298_5_1.3T3/fmri/localizer/behavioral/
7298_5_1.3T3/fmri/localizer/physiological/
7298_5_1.3T3/fmri/resting_1/
7298_5_1.3T3/fmri/resting_1/physiological/
7298_5_1.3T3/fmri/resting_2/
7298_5_1.3T3/fmri/resting_2/physiological/
7298_5_1.3T3/fmri/retrieval_1/
7298_5_1.3T3/fmri/retrieval_1/behavioral/
7298_5_1.3T3/fmri/retrieval_1/physiological/
7298_5_1.3T3/fmri/retrieval_2/
7298_5_1.3T3/fmri/retrieval_2/behavioral/
7298_5_1.3T3/fmri/retrieval_2/physiological/
7298_5_1.3T3/fmri/retrieval_3/
7298_5_1.3T3/fmri/retrieval_3/behavioral/
7298_5_1.3T3/fmri/retrieval_3/physiological/
7298_5_1.3T3/fmri/retrieval_4/
7298_5_1.3T3/fmri/retrieval_4/behavioral/
7298_5_1.3T3/fmri/retrieval_4/physiological/
7298_5_1.3T3/mri/
7298_5_1.3T3/mri/anatomy/
7298_5_1.3T3/mri/anatomy/001/
7298_5_1.3T3/mri/anatomy/003/
7298_5_1.3T3/mri/anatomy/004/
7298_5_1.3T3/mri/anatomy/005/
7298_5_1.3T3/mri/anatomy/006/
7298_5_1.3T3/mri/anatomy/007/
7298_5_1.3T3/mri/anatomy/008/
7298_5_1.3T3/mri/anatomy/010/
7298_5_1.3T3/mri/anatomy/012/
7298_5_1.3T3/mri/anatomy/013/
7298_5_1.3T3/mri/anatomy/014/
7298_5_1.3T3/mri/anatomy/015/
7298_5_1.3T3/mri/anatomy/016/
7298_5_1.3T3/mri/anatomy/017/
7298_5_1.3T3/mri/anatomy/019/
7298_5_1.3T3/mri/anatomy/020/
7298_5_1.3T3/mri/anatomy/20003/
7298_5_1.3T3/mri/anatomy/20012/
7298_5_1.3T3/mri/anatomy/20017/
7298_5_1.3T3/mri/anatomy/20018/
7298_5_1.3T3/mri/dti/
7298_5_1.3T3/mri/dti/018/
7419_5_1.3T3/
7419_5_1.3T3/fmri/
7419_5_1.3T3/fmri/encoding_1/
7419_5_1.3T3/fmri/encoding_1/behavioral/
7419_5_1.3T3/fmri/encoding_1/physiological/
7419_5_1.3T3/fmri/encoding_2/
7419_5_1.3T3/fmri/encoding_2/behavioral/
7419_5_1.3T3/fmri/encoding_2/physiological/
7419_5_1.3T3/fmri/localizer/
7419_5_1.3T3/fmri/localizer/behavioral/
7419_5_1.3T3/fmri/localizer/physiological/
7419_5_1.3T3/fmri/resting_1/
7419_5_1.3T3/fmri/resting_1/physiological/
7419_5_1.3T3/fmri/resting_2/
7419_5_1.3T3/fmri/resting_2/physiological/
7419_5_1.3T3/fmri/retrieval_1/
7419_5_1.3T3/fmri/retrieval_1/behavioral/
7419_5_1.3T3/fmri/retrieval_1/physiological/
7419_5_1.3T3/fmri/retrieval_2/
7419_5_1.3T3/fmri/retrieval_2/behavioral/
7419_5_1.3T3/fmri/retrieval_2/physiological/
7419_5_1.3T3/fmri/retrieval_3/
7419_5_1.3T3/fmri/retrieval_3/behavioral/
7419_5_1.3T3/fmri/retrieval_3/physiological/
7419_5_1.3T3/fmri/retrieval_4/
7419_5_1.3T3/fmri/retrieval_4/behavioral/
7419_5_1.3T3/fmri/retrieval_4/physiological/
7419_5_1.3T3/mri/
7419_5_1.3T3/mri/anatomy/
7419_5_1.3T3/mri/dti/
7584_2_1.3T3/
7584_2_1.3T3/behavioral/
7584_2_1.3T3/fmri/
7584_2_1.3T3/fmri/level1_run1/
7584_2_1.3T3/fmri/level1_run1/behavioral/
7584_2_1.3T3/fmri/level1_run1_blipdown/
7584_2_1.3T3/fmri/level1_run2/
7584_2_1.3T3/fmri/level1_run2/behavioral/
7584_2_1.3T3/fmri/level1_run2_blipdown /
7584_2_1.3T3/fmri/level2_run1/
7584_2_1.3T3/fmri/level2_run1/behavioral/
7584_2_1.3T3/fmri/level2_run1_blipdown/
7584_2_1.3T3/fmri/level2_run2/
7584_2_1.3T3/fmri/level2_run2/behavioral/
7584_2_1.3T3/fmri/level2_run2_blipdown/
7584_2_1.3T3/fmri/level3_run1/
7584_2_1.3T3/fmri/level3_run1/behavioral/
7584_2_1.3T3/fmri/level3_run1_blipdown/
7584_2_1.3T3/fmri/level3_run2/
7584_2_1.3T3/fmri/level3_run2/behavioral/
7584_2_1.3T3/fmri/level3_run2_blipdown/
7584_2_1.3T3/fmri/level3_run3/
7584_2_1.3T3/fmri/level3_run3/behavioral/
7584_2_1.3T3/fmri/level3_run3_blipdown/
7584_2_1.3T3/fmri/resting_state_1/
7584_2_1.3T3/fmri/resting_state_1_blipdown/
7584_2_1.3T3/mri/
7584_2_1.3T3/mri/anatomy/
7584_2_1.3T3/mri/anatomy/multibandcoil/
7584_2_1.3T3/mri/anatomy/standardcoil/
7584_2_1.3T3/mri/dti/
7720_2_1.3T3/
7720_2_1.3T3/fmri/
7720_2_1.3T3/fmri/encoding_1/
7720_2_1.3T3/fmri/encoding_1/behavioral/
7720_2_1.3T3/fmri/encoding_1/physiological/
7720_2_1.3T3/fmri/encoding_2/
7720_2_1.3T3/fmri/encoding_2/behavioral/
7720_2_1.3T3/fmri/encoding_2/physiological/
7720_2_1.3T3/fmri/localizer/
7720_2_1.3T3/fmri/localizer/behavioral/
7720_2_1.3T3/fmri/localizer/physiological/
7720_2_1.3T3/fmri/resting_1/
7720_2_1.3T3/fmri/resting_1/physiological/
7720_2_1.3T3/fmri/resting_2/
7720_2_1.3T3/fmri/resting_2/physiological/
7720_2_1.3T3/fmri/retrieval_1/
7720_2_1.3T3/fmri/retrieval_1/behavioral/
7720_2_1.3T3/fmri/retrieval_1/physiological/
7720_2_1.3T3/fmri/retrieval_2/
7720_2_1.3T3/fmri/retrieval_2/behavioral/
7720_2_1.3T3/fmri/retrieval_2/physiological/
7720_2_1.3T3/fmri/retrieval_3/
7720_2_1.3T3/fmri/retrieval_3/behavioral/
7720_2_1.3T3/fmri/retrieval_3/physiological/
7720_2_1.3T3/fmri/retrieval_4/
7720_2_1.3T3/fmri/retrieval_4/behavioral/
7720_2_1.3T3/fmri/retrieval_4/physiological/
7720_2_1.3T3/mri/
7720_2_1.3T3/mri/anatomy/
7720_2_1.3T3/mri/dti/
7780_1_1.3T3/
7780_1_1.3T3/behavioral/
7780_1_1.3T3/fmri/
7780_1_1.3T3/fmri/level1_run1/
7780_1_1.3T3/fmri/level1_run1/behavioral/
7780_1_1.3T3/fmri/level1_run1_blipdown/
7780_1_1.3T3/fmri/level2_run1/
7780_1_1.3T3/fmri/level2_run1/behavioral/
7780_1_1.3T3/fmri/level2_run1_blipdown/
7780_1_1.3T3/fmri/level2_run2/
7780_1_1.3T3/fmri/level2_run2/behavioral/
7780_1_1.3T3/fmri/level2_run2_blipdown/
7780_1_1.3T3/fmri/level3_run1/
7780_1_1.3T3/fmri/level3_run1/behavioral/
7780_1_1.3T3/fmri/level3_run1_blipdown/
7780_1_1.3T3/fmri/level3_run2/
7780_1_1.3T3/fmri/level3_run2/behavioral/
7780_1_1.3T3/fmri/level3_run2_blipdown/
7780_1_1.3T3/fmri/level3_run3/
7780_1_1.3T3/fmri/level3_run3/behavioral/
7780_1_1.3T3/fmri/level3_run3_blipdown/
7780_1_1.3T3/fmri/resting_state_1/
7780_1_1.3T3/fmri/resting_state_1_blipdown/
7780_1_1.3T3/mri/
7780_1_1.3T3/mri/anatomy/
7780_1_1.3T3/mri/anatomy/multibandcoil/
7780_1_1.3T3/mri/anatomy/standardcoil/
7780_1_1.3T3/mri/dti/
7860_3_1.3T3/
7860_3_1.3T3/fmri/
7860_3_1.3T3/fmri/BART_1/
7860_3_1.3T3/fmri/BART_1/behavioral/
7860_3_1.3T3/fmri/Emotion_match_1/
7860_3_1.3T3/fmri/Emotion_match_1/behavioral/
7860_3_1.3T3/fmri/Emotion_regulation_1/
7860_3_1.3T3/fmri/Emotion_regulation_1/behavioral/
7860_3_1.3T3/fmri/Emotion_regulation_2/
7860_3_1.3T3/fmri/Emotion_regulation_2/behavioral/
7860_3_1.3T3/fmri/SST_1/
7860_3_1.3T3/fmri/SST_1/behavioral/
7860_3_1.3T3/fmri/SST_2/
7860_3_1.3T3/fmri/SST_2/behavioral/
7860_3_1.3T3/fmri/resting_state_1/
7860_3_1.3T3/mri/
7860_3_1.3T3/mri/anatomy/
7860_3_1.3T3/mri/dti/
7870_3_1.3T3/
7870_3_1.3T3/fmri/
7870_3_1.3T3/fmri/BART_1/
7870_3_1.3T3/fmri/BART_1/behavioral/
7870_3_1.3T3/fmri/Emotion_match_1/
7870_3_1.3T3/fmri/Emotion_match_1/behavioral/
7870_3_1.3T3/fmri/Emotion_regulation_1/
7870_3_1.3T3/fmri/Emotion_regulation_1/behavioral/
7870_3_1.3T3/fmri/Emotion_regulation_2/
7870_3_1.3T3/fmri/Emotion_regulation_2/behavioral/
7870_3_1.3T3/fmri/SST_1/
7870_3_1.3T3/fmri/SST_1/behavioral/
7870_3_1.3T3/fmri/SST_1_redo/
7870_3_1.3T3/fmri/SST_1_redo/behavioral/
7870_3_1.3T3/fmri/SST_2/
7870_3_1.3T3/fmri/SST_2/behavioral/
7870_3_1.3T3/fmri/resting_state_1/
7870_3_1.3T3/mri/
7870_3_1.3T3/mri/anatomy/
7870_3_1.3T3/mri/anatomy/001/
7870_3_1.3T3/mri/anatomy/003/
7870_3_1.3T3/mri/anatomy/004/
7870_3_1.3T3/mri/anatomy/005/
7870_3_1.3T3/mri/anatomy/006/
7870_3_1.3T3/mri/anatomy/007/
7870_3_1.3T3/mri/anatomy/009/
7870_3_1.3T3/mri/anatomy/011/
7870_3_1.3T3/mri/anatomy/012/
7870_3_1.3T3/mri/anatomy/013/
7870_3_1.3T3/mri/anatomy/014/
7870_3_1.3T3/mri/anatomy/015/
7870_3_1.3T3/mri/anatomy/016/
7870_3_1.3T3/mri/anatomy/018/
7870_3_1.3T3/mri/anatomy/20003/
7870_3_1.3T3/mri/anatomy/20004/
7870_3_1.3T3/mri/anatomy/20006/
7870_3_1.3T3/mri/anatomy/20011/
7870_3_1.3T3/mri/anatomy/20016/
7870_3_1.3T3/mri/anatomy/20017/
7870_3_1.3T3/mri/dti/
7870_3_1.3T3/mri/dti/017/
7874_2_1.3T3/
7874_2_1.3T3/fmri/
7874_2_1.3T3/fmri/BART_1/
7874_2_1.3T3/fmri/BART_1/behavioral/
7874_2_1.3T3/fmri/Emotion_match_1/
7874_2_1.3T3/fmri/Emotion_match_1/behavioral/
7874_2_1.3T3/fmri/Emotion_regulation_1/
7874_2_1.3T3/fmri/Emotion_regulation_1/behavioral/
7874_2_1.3T3/fmri/Emotion_regulation_2/
7874_2_1.3T3/fmri/Emotion_regulation_2/behavioral/
7874_2_1.3T3/fmri/SST_1/
7874_2_1.3T3/fmri/SST_1/behavioral/
7874_2_1.3T3/fmri/SST_2/
7874_2_1.3T3/fmri/SST_2/behavioral/
7874_2_1.3T3/fmri/resting_state_1/
7874_2_1.3T3/mri/
7874_2_1.3T3/mri/anatomy/
7874_2_1.3T3/mri/dti/
7876_2_1.3T3/
7876_2_1.3T3/fmri/
7876_2_1.3T3/fmri/BART_1/
7876_2_1.3T3/fmri/BART_1/behavioral/
7876_2_1.3T3/fmri/Emotion_match_1/
7876_2_1.3T3/fmri/Emotion_match_1/behavioral/
7876_2_1.3T3/fmri/Emotion_regulation_1/
7876_2_1.3T3/fmri/Emotion_regulation_1/behavioral/
7876_2_1.3T3/fmri/Emotion_regulation_2/
7876_2_1.3T3/fmri/Emotion_regulation_2/behavioral/
7876_2_1.3T3/fmri/SST_1/
7876_2_1.3T3/fmri/SST_1/behavioral/
7876_2_1.3T3/fmri/SST_2/
7876_2_1.3T3/fmri/SST_2/behavioral/
7876_2_1.3T3/fmri/resting_state_1/
7876_2_1.3T3/mri/
7876_2_1.3T3/mri/anatomy/
7876_2_1.3T3/mri/dti/
7877_4_1.3T3/
7877_4_1.3T3/fmri/
7877_4_1.3T3/fmri/BART_1/
7877_4_1.3T3/fmri/BART_1/behavioral/
7877_4_1.3T3/fmri/Emotion_match_1/
7877_4_1.3T3/fmri/Emotion_match_1/behavioral/
7877_4_1.3T3/fmri/Emotion_regulation_1/
7877_4_1.3T3/fmri/Emotion_regulation_1/behavioral/
7877_4_1.3T3/fmri/Emotion_regulation_2/
7877_4_1.3T3/fmri/Emotion_regulation_2/behavioral/
7877_4_1.3T3/fmri/SST_1/
7877_4_1.3T3/fmri/SST_1/behavioral/
7877_4_1.3T3/fmri/SST_1_redo/
7877_4_1.3T3/fmri/SST_1_redo/behavioral/
7877_4_1.3T3/fmri/SST_2/
7877_4_1.3T3/fmri/SST_2/behavioral/
7877_4_1.3T3/fmri/resting_state_1/
7877_4_1.3T3/mri/
7877_4_1.3T3/mri/anatomy/
7877_4_1.3T3/mri/anatomy/001/
7877_4_1.3T3/mri/anatomy/003/
7877_4_1.3T3/mri/anatomy/004/
7877_4_1.3T3/mri/anatomy/005/
7877_4_1.3T3/mri/anatomy/006/
7877_4_1.3T3/mri/anatomy/007/
7877_4_1.3T3/mri/anatomy/008/
7877_4_1.3T3/mri/anatomy/010/
7877_4_1.3T3/mri/anatomy/012/
7877_4_1.3T3/mri/anatomy/013/
7877_4_1.3T3/mri/anatomy/014/
7877_4_1.3T3/mri/anatomy/015/
7877_4_1.3T3/mri/anatomy/016/
7877_4_1.3T3/mri/anatomy/017/
7877_4_1.3T3/mri/anatomy/019/
7877_4_1.3T3/mri/anatomy/20003/
7877_4_1.3T3/mri/anatomy/20004/
7877_4_1.3T3/mri/anatomy/20007/
7877_4_1.3T3/mri/anatomy/20012/
7877_4_1.3T3/mri/anatomy/20016/
7877_4_1.3T3/mri/anatomy/20017/
7877_4_1.3T3/mri/anatomy/20018/
7877_4_1.3T3/mri/dti/
7877_4_1.3T3/mri/dti/018/
7938_3_1.3T3/
7938_3_1.3T3/fmri/
7938_3_1.3T3/fmri/BART_1/
7938_3_1.3T3/fmri/BART_1/behavioral/
7938_3_1.3T3/fmri/Emotion_match_1/
7938_3_1.3T3/fmri/Emotion_match_1/behavioral/
7938_3_1.3T3/fmri/Emotion_regulation_1/
7938_3_1.3T3/fmri/Emotion_regulation_1/behavioral/
7938_3_1.3T3/fmri/Emotion_regulation_2/
7938_3_1.3T3/fmri/Emotion_regulation_2/behavioral/
7938_3_1.3T3/fmri/SST_1/
7938_3_1.3T3/fmri/SST_1/behavioral/
7938_3_1.3T3/fmri/SST_2/
7938_3_1.3T3/fmri/SST_2/behavioral/
7938_3_1.3T3/fmri/resting_state_1/
7938_3_1.3T3/mri/
7938_3_1.3T3/mri/anatomy/
7938_3_1.3T3/mri/dti/
7942_3_1.3T3/
7942_3_1.3T3/fmri/
7942_3_1.3T3/fmri/BART_1/
7942_3_1.3T3/fmri/BART_1/behavioral/
7942_3_1.3T3/fmri/Emotion_match_1/
7942_3_1.3T3/fmri/Emotion_match_1/behavioral/
7942_3_1.3T3/fmri/Emotion_match_1_redo/
7942_3_1.3T3/fmri/Emotion_match_1_redo/behavioral/
7942_3_1.3T3/fmri/Emotion_match_1_redo2/
7942_3_1.3T3/fmri/Emotion_match_1_redo2/behavioral/
7942_3_1.3T3/fmri/Emotion_regulation_1/
7942_3_1.3T3/fmri/Emotion_regulation_1/behavioral/
7942_3_1.3T3/fmri/Emotion_regulation_2/
7942_3_1.3T3/fmri/Emotion_regulation_2/behavioral/
7942_3_1.3T3/fmri/SST_1/
7942_3_1.3T3/fmri/SST_1/behavioral/
7942_3_1.3T3/fmri/SST_2/
7942_3_1.3T3/fmri/SST_2/behavioral/
7942_3_1.3T3/fmri/resting_state_1/
7942_3_1.3T3/mri/
7942_3_1.3T3/mri/anatomy/
7942_3_1.3T3/mri/dti/
7942_3_2.3T3/
7942_3_2.3T3/fmri/
7942_3_2.3T3/fmri/BART_1/
7942_3_2.3T3/fmri/BART_1/behavioral/
7942_3_2.3T3/fmri/Emotion_match_1/
7942_3_2.3T3/fmri/Emotion_match_1/behavioral/
7942_3_2.3T3/fmri/Emotion_regulation_1/
7942_3_2.3T3/fmri/Emotion_regulation_1/behavioral/
7942_3_2.3T3/fmri/Emotion_regulation_2/
7942_3_2.3T3/fmri/Emotion_regulation_2/behavioral/
7942_3_2.3T3/fmri/SST_1/
7942_3_2.3T3/fmri/SST_1/behavioral/
7942_3_2.3T3/fmri/SST_2/
7942_3_2.3T3/fmri/SST_2/behavioral/
7942_3_2.3T3/fmri/resting_state_1/
7942_3_2.3T3/mri/
7942_3_2.3T3/mri/anatomy/
7942_3_2.3T3/mri/dti/
7947_3_1.3T3/
7947_3_1.3T3/fmri/
7947_3_1.3T3/fmri/BART_1/
7947_3_1.3T3/fmri/BART_1/behavioral/
7947_3_1.3T3/fmri/Emotion_match_1/
7947_3_1.3T3/fmri/Emotion_match_1/behavioral/
7947_3_1.3T3/fmri/Emotion_regulation_1/
7947_3_1.3T3/fmri/Emotion_regulation_1/behavioral/
7947_3_1.3T3/fmri/Emotion_regulation_2/
7947_3_1.3T3/fmri/Emotion_regulation_2/behavioral/
7947_3_1.3T3/fmri/SST_1/
7947_3_1.3T3/fmri/SST_1/behavioral/
7947_3_1.3T3/fmri/SST_2/
7947_3_1.3T3/fmri/SST_2/behavioral/
7947_3_1.3T3/fmri/resting_state_1/
7947_3_1.3T3/mri/
7947_3_1.3T3/mri/anatomy/
7947_3_1.3T3/mri/dti/
7969_2_1.3T3/
7969_2_1.3T3/fmri/
7969_2_1.3T3/fmri/BART_1/
7969_2_1.3T3/fmri/BART_1/behavioral/
7969_2_1.3T3/fmri/BART_1_redo/
7969_2_1.3T3/fmri/BART_1_redo/behavioral/
7969_2_1.3T3/fmri/Emotion_match_1/
7969_2_1.3T3/fmri/Emotion_match_1/behavioral/
7969_2_1.3T3/fmri/Emotion_regulation_1/
7969_2_1.3T3/fmri/Emotion_regulation_1/behavioral/
7969_2_1.3T3/fmri/Emotion_regulation_2/
7969_2_1.3T3/fmri/Emotion_regulation_2/behavioral/
7969_2_1.3T3/fmri/SST_1/
7969_2_1.3T3/fmri/SST_1/behavioral/
7969_2_1.3T3/fmri/SST_2/
7969_2_1.3T3/fmri/SST_2/behavioral/
7969_2_1.3T3/fmri/resting_state_1/
7969_2_1.3T3/mri/
7969_2_1.3T3/mri/anatomy/
7969_2_1.3T3/mri/dti/
7977_2_1.3T3/
7977_2_1.3T3/fmri/
7977_2_1.3T3/fmri/BART_1/
7977_2_1.3T3/fmri/BART_1/behavioral/
7977_2_1.3T3/fmri/Emotion_match_1/
7977_2_1.3T3/fmri/Emotion_match_1/behavioral/
7977_2_1.3T3/fmri/Emotion_regulation_1/
7977_2_1.3T3/fmri/Emotion_regulation_1/behavioral/
7977_2_1.3T3/fmri/Emotion_regulation_2/
7977_2_1.3T3/fmri/Emotion_regulation_2/behavioral/
7977_2_1.3T3/fmri/SST_1/
7977_2_1.3T3/fmri/SST_1/behavioral/
7977_2_1.3T3/fmri/SST_2/
7977_2_1.3T3/fmri/SST_2/behavioral/
7977_2_1.3T3/fmri/resting_state_1/
7977_2_1.3T3/mri/
7977_2_1.3T3/mri/anatomy/
7977_2_1.3T3/mri/dti/
7980_2_1.3T3/
7980_2_1.3T3/fmri/
7980_2_1.3T3/fmri/BART_1/
7980_2_1.3T3/fmri/BART_1/behavioral/
7980_2_1.3T3/fmri/Emotion_match_1/
7980_2_1.3T3/fmri/Emotion_match_1/behavioral/
7980_2_1.3T3/fmri/Emotion_regulation_1/
7980_2_1.3T3/fmri/Emotion_regulation_1/behavioral/
7980_2_1.3T3/fmri/Emotion_regulation_2/
7980_2_1.3T3/fmri/Emotion_regulation_2/behavioral/
7980_2_1.3T3/fmri/SST_1/
7980_2_1.3T3/fmri/SST_1/behavioral/
7980_2_1.3T3/fmri/SST_2/
7980_2_1.3T3/fmri/SST_2/behavioral/
7980_2_1.3T3/fmri/resting_state_1/
7980_2_1.3T3/mri/
7980_2_1.3T3/mri/anatomy/
7980_2_1.3T3/mri/anatomy/001/
7980_2_1.3T3/mri/anatomy/003/
7980_2_1.3T3/mri/anatomy/004/
7980_2_1.3T3/mri/anatomy/005/
7980_2_1.3T3/mri/anatomy/006/
7980_2_1.3T3/mri/anatomy/007/
7980_2_1.3T3/mri/anatomy/009/
7980_2_1.3T3/mri/anatomy/011/
7980_2_1.3T3/mri/anatomy/012/
7980_2_1.3T3/mri/anatomy/013/
7980_2_1.3T3/mri/anatomy/014/
7980_2_1.3T3/mri/anatomy/015/
7980_2_1.3T3/mri/anatomy/016/
7980_2_1.3T3/mri/anatomy/018/
7980_2_1.3T3/mri/anatomy/20003/
7980_2_1.3T3/mri/anatomy/20004/
7980_2_1.3T3/mri/anatomy/20006/
7980_2_1.3T3/mri/anatomy/20011/
7980_2_1.3T3/mri/anatomy/20015/
7980_2_1.3T3/mri/anatomy/20016/
7980_2_1.3T3/mri/anatomy/20017/
7980_2_1.3T3/mri/dti/
7980_2_1.3T3/mri/dti/017/
7980_2_2.3T3/
7980_2_2.3T3/fmri/
7980_2_2.3T3/fmri/BART_1/
7980_2_2.3T3/fmri/BART_1/behavioral/
7980_2_2.3T3/fmri/Emotion_match_1/
7980_2_2.3T3/fmri/Emotion_match_1/behavioral/
7980_2_2.3T3/fmri/Emotion_regulation_1/
7980_2_2.3T3/fmri/Emotion_regulation_1/behavioral/
7980_2_2.3T3/fmri/Emotion_regulation_2/
7980_2_2.3T3/fmri/Emotion_regulation_2/behavioral/
7980_2_2.3T3/fmri/SST_1/
7980_2_2.3T3/fmri/SST_1/behavioral/
7980_2_2.3T3/fmri/SST_2/
7980_2_2.3T3/fmri/SST_2/behavioral/
7980_2_2.3T3/fmri/resting_state_1/
7980_2_2.3T3/mri/
7980_2_2.3T3/mri/anatomy/
7980_2_2.3T3/mri/anatomy/001/
7980_2_2.3T3/mri/anatomy/003/
7980_2_2.3T3/mri/anatomy/004/
7980_2_2.3T3/mri/anatomy/005/
7980_2_2.3T3/mri/anatomy/007/
7980_2_2.3T3/mri/anatomy/009/
7980_2_2.3T3/mri/anatomy/010/
7980_2_2.3T3/mri/anatomy/011/
7980_2_2.3T3/mri/anatomy/013/
7980_2_2.3T3/mri/anatomy/015/
7980_2_2.3T3/mri/anatomy/016/
7980_2_2.3T3/mri/anatomy/017/
7980_2_2.3T3/mri/anatomy/018/
7980_2_2.3T3/mri/anatomy/019/
7980_2_2.3T3/mri/anatomy/020/
7980_2_2.3T3/mri/anatomy/022/
7980_2_2.3T3/mri/anatomy/20003/
7980_2_2.3T3/mri/anatomy/20004/
7980_2_2.3T3/mri/anatomy/20009/
7980_2_2.3T3/mri/anatomy/20010/
7980_2_2.3T3/mri/anatomy/20015/
7980_2_2.3T3/mri/anatomy/20019/
7980_2_2.3T3/mri/anatomy/20020/
7980_2_2.3T3/mri/anatomy/20021/
7980_2_2.3T3/mri/dti/
7980_2_2.3T3/mri/dti/021/
7982_2_1.3T3/
7982_2_1.3T3/fmri/
7982_2_1.3T3/fmri/BART_1/
7982_2_1.3T3/fmri/BART_1/behavioral/
7982_2_1.3T3/fmri/Emotion_match_1/
7982_2_1.3T3/fmri/Emotion_match_1/behavioral/
7982_2_1.3T3/fmri/Emotion_regulation_1/
7982_2_1.3T3/fmri/Emotion_regulation_1/behavioral/
7982_2_1.3T3/fmri/Emotion_regulation_2/
7982_2_1.3T3/fmri/Emotion_regulation_2/behavioral/
7982_2_1.3T3/fmri/SST_1/
7982_2_1.3T3/fmri/SST_1/behavioral/
7982_2_1.3T3/fmri/SST_1_redo/
7982_2_1.3T3/fmri/SST_1_redo/behavioral/
7982_2_1.3T3/fmri/SST_2/
7982_2_1.3T3/fmri/SST_2/behavioral/
7982_2_1.3T3/fmri/resting_state_1/
7982_2_1.3T3/mri/
7982_2_1.3T3/mri/anatomy/
7982_2_1.3T3/mri/dti/
7994_2_1.3T3/
7994_2_1.3T3/fmri/
7994_2_1.3T3/fmri/addition_1/
7994_2_1.3T3/fmri/addition_1/behavioral/
7994_2_1.3T3/fmri/addition_2/
7994_2_1.3T3/fmri/addition_2/behavioral/
7994_2_1.3T3/fmri/addition_3/
7994_2_1.3T3/fmri/addition_3/behaviroal/
7994_2_1.3T3/fmri/addition_4/
7994_2_1.3T3/fmri/addition_4/behavioral/
7994_2_1.3T3/fmri/resting_state_1/
7994_2_1.3T3/mri/
7994_2_1.3T3/mri/anatomy/
7994_2_1.3T3/mri/dti/
7994_2_1.3T3/strategy_assessment/
7994_3_1.3T3/
7994_3_1.3T3/after_scanner_memory_task/
7994_3_1.3T3/fmri/
7994_3_1.3T3/fmri/addition_1/
7994_3_1.3T3/fmri/addition_1/behavioral/
7994_3_1.3T3/fmri/addition_2/
7994_3_1.3T3/fmri/addition_2/behavioral/
7994_3_1.3T3/fmri/addition_3/
7994_3_1.3T3/fmri/addition_3/behaviroal/
7994_3_1.3T3/fmri/addition_4/
7994_3_1.3T3/fmri/addition_4/behavioral/
7994_3_1.3T3/fmri/resting_state_1/
7994_3_1.3T3/mri/
7994_3_1.3T3/mri/anatomy/
7994_3_1.3T3/mri/dti/
7994_3_1.3T3/strategy_assessment/
8004_2_1.3T3/
8004_2_1.3T3/fmri/
8004_2_1.3T3/fmri/addition_1/
8004_2_1.3T3/fmri/addition_1/behavioral/
8004_2_1.3T3/fmri/addition_2/
8004_2_1.3T3/fmri/addition_2/behavioral/
8004_2_1.3T3/fmri/addition_3/
8004_2_1.3T3/fmri/addition_3/behaviroal/
8004_2_1.3T3/fmri/addition_4/
8004_2_1.3T3/fmri/addition_4/behavioral/
8004_2_1.3T3/fmri/resting_state_1/
8004_2_1.3T3/mri/
8004_2_1.3T3/mri/anatomy/
8004_2_1.3T3/mri/dti/
8004_2_1.3T3/strategy_assessment/
8004_3_1.3T3/
8004_3_1.3T3/after_scanner_memory_task/
8004_3_1.3T3/after_scanner_memory_task/AfterScanner_memoryTest_GroupB_MRL_July22_2011-8004-3-ExperimentAdvisorReport.xml
8004_3_1.3T3/after_scanner_memory_task/AfterScanner_memoryTest_GroupB_MRL_July22_2011-8004-3.edat2
8004_3_1.3T3/after_scanner_memory_task/AfterScanner_memoryTest_GroupB_MRL_July22_2011-8004-3.txt
8004_3_1.3T3/fmri/
8004_3_1.3T3/fmri/addition_1/
8004_3_1.3T3/fmri/addition_1/behavioral/
8004_3_1.3T3/fmri/addition_1/behavioral/Short_Intervention_Scanner_wExample_July31_2014-8004-21-ExperimentAdvisorReport.xml
8004_3_1.3T3/fmri/addition_1/behavioral/Short_Intervention_Scanner_wExample_July31_2014-8004-21.edat2
8004_3_1.3T3/fmri/addition_1/behavioral/Short_Intervention_Scanner_wExample_July31_2014-8004-21.txt
8004_3_1.3T3/fmri/addition_2/
8004_3_1.3T3/fmri/addition_2/behavioral/
8004_3_1.3T3/fmri/addition_2/behavioral/Short_Intervention_Scanner_wExample_July31_2014-8004-22-ExperimentAdvisorReport.xml
8004_3_1.3T3/fmri/addition_2/behavioral/Short_Intervention_Scanner_wExample_July31_2014-8004-22.edat2
8004_3_1.3T3/fmri/addition_2/behavioral/Short_Intervention_Scanner_wExample_July31_2014-8004-22.txt
8004_3_1.3T3/fmri/addition_3/
8004_3_1.3T3/fmri/addition_3/behaviroal/
8004_3_1.3T3/fmri/addition_3/behaviroal/Short_Intervention_Scanner_wExample_July31_2014-8004-23-ExperimentAdvisorReport.xml
8004_3_1.3T3/fmri/addition_3/behaviroal/Short_Intervention_Scanner_wExample_July31_2014-8004-23.edat2
8004_3_1.3T3/fmri/addition_3/behaviroal/Short_Intervention_Scanner_wExample_July31_2014-8004-23.txt
8004_3_1.3T3/fmri/addition_4/
8004_3_1.3T3/fmri/addition_4/behavioral/
8004_3_1.3T3/fmri/addition_4/behavioral/Short_Intervention_Scanner_wExample_July31_2014-8004-24-ExperimentAdvisorReport.xml
8004_3_1.3T3/fmri/addition_4/behavioral/Short_Intervention_Scanner_wExample_July31_2014-8004-24.edat2
8004_3_1.3T3/fmri/addition_4/behavioral/Short_Intervention_Scanner_wExample_July31_2014-8004-24.txt
8004_3_1.3T3/fmri/resting_state_1/
8004_3_1.3T3/mri/
8004_3_1.3T3/mri/anatomy/
8004_3_1.3T3/mri/dti/
8004_3_1.3T3/strategy_assessment/
8004_3_1.3T3/strategy_assessment/Strategy_Assessment_ASD_Whiz_KeyPad_PostScan-8004-3-ExperimentAdvisorReport.xml
8004_3_1.3T3/strategy_assessment/Strategy_Assessment_ASD_Whiz_KeyPad_PostScan-8004-3.edat2
8004_3_1.3T3/strategy_assessment/Strategy_Assessment_ASD_Whiz_KeyPad_PostScan-8004-3.txt
8009_4_1.3T3/
8009_4_1.3T3/fmri/
8009_4_1.3T3/fmri/encoding_1/
8009_4_1.3T3/fmri/encoding_1/behavioral/
8009_4_1.3T3/fmri/encoding_1/physiological/
8009_4_1.3T3/fmri/encoding_2/
8009_4_1.3T3/fmri/encoding_2/behavioral/
8009_4_1.3T3/fmri/encoding_2/physiological/
8009_4_1.3T3/fmri/localizer/
8009_4_1.3T3/fmri/localizer/behavioral/
8009_4_1.3T3/fmri/localizer/physiological/
8009_4_1.3T3/fmri/resting_1/
8009_4_1.3T3/fmri/resting_1/physiological/
8009_4_1.3T3/fmri/resting_2/
8009_4_1.3T3/fmri/resting_2/physiological/
8009_4_1.3T3/fmri/retrieval_1/
8009_4_1.3T3/fmri/retrieval_1/behavioral/
8009_4_1.3T3/fmri/retrieval_1/physiological/
8009_4_1.3T3/fmri/retrieval_2/
8009_4_1.3T3/fmri/retrieval_2/behavioral/
8009_4_1.3T3/fmri/retrieval_2/physiological/
8009_4_1.3T3/fmri/retrieval_3/
8009_4_1.3T3/fmri/retrieval_3/behavioral/
8009_4_1.3T3/fmri/retrieval_3/physiological/
8009_4_1.3T3/fmri/retrieval_4/
8009_4_1.3T3/fmri/retrieval_4/behavioral/
8009_4_1.3T3/fmri/retrieval_4/physiological/
8009_4_1.3T3/mri/
8009_4_1.3T3/mri/anatomy/
8009_4_1.3T3/mri/dti/
8022_1_1.3T3/
8022_1_1.3T3/behavioral/
8022_1_1.3T3/fmri/
8022_1_1.3T3/fmri/level1_run1/
8022_1_1.3T3/fmri/level1_run1/behavioral/
8022_1_1.3T3/fmri/level1_run1_blipdown/
8022_1_1.3T3/fmri/level2_run1/
8022_1_1.3T3/fmri/level2_run1/behavioral/
8022_1_1.3T3/fmri/level2_run1_blipdown/
8022_1_1.3T3/fmri/level2_run2/
8022_1_1.3T3/fmri/level2_run2/behavioral/
8022_1_1.3T3/fmri/level2_run2_blipdown/
8022_1_1.3T3/fmri/level3_run1/
8022_1_1.3T3/fmri/level3_run1/behavioral/
8022_1_1.3T3/fmri/level3_run1_blipdown/
8022_1_1.3T3/fmri/level3_run2/
8022_1_1.3T3/fmri/level3_run2/behavioral/
8022_1_1.3T3/fmri/level3_run2_blipdown/
8022_1_1.3T3/fmri/level3_run3/
8022_1_1.3T3/fmri/level3_run3/behavioral/
8022_1_1.3T3/fmri/level3_run3_blipdown/
8022_1_1.3T3/fmri/resting_state_1/
8022_1_1.3T3/fmri/resting_state_1_blipdown/
8022_1_1.3T3/mri/
8022_1_1.3T3/mri/anatomy/
8022_1_1.3T3/mri/anatomy/multibandcoil/
8022_1_1.3T3/mri/anatomy/standardcoil/
8022_1_1.3T3/mri/dti/
8033_1_1.3T3/
8033_1_1.3T3/behavioral/
8033_1_1.3T3/fmri/
8033_1_1.3T3/fmri/level1_run1/
8033_1_1.3T3/fmri/level1_run1/behavioral/
8033_1_1.3T3/fmri/level1_run1_blipdown/
8033_1_1.3T3/fmri/level2_run1/
8033_1_1.3T3/fmri/level2_run1/behavioral/
8033_1_1.3T3/fmri/level2_run1_blipdown/
8033_1_1.3T3/fmri/level2_run2/
8033_1_1.3T3/fmri/level2_run2/behavioral/
8033_1_1.3T3/fmri/level2_run2_blipdown/
8033_1_1.3T3/fmri/level3_run1/
8033_1_1.3T3/fmri/level3_run1/behavioral/
8033_1_1.3T3/fmri/level3_run1_blipdown/
8033_1_1.3T3/fmri/level3_run2/
8033_1_1.3T3/fmri/level3_run2/behavioral/
8033_1_1.3T3/fmri/level3_run2_blipdown/
8033_1_1.3T3/fmri/level3_run2_redo/
8033_1_1.3T3/fmri/level3_run2_redo/behavioral/
8033_1_1.3T3/fmri/level3_run3/
8033_1_1.3T3/fmri/level3_run3/behavioral/
8033_1_1.3T3/fmri/level3_run3_blipdown/
8033_1_1.3T3/fmri/resting_state_1/
8033_1_1.3T3/fmri/resting_state_1_blipdown/
8033_1_1.3T3/mri/
8033_1_1.3T3/mri/anatomy/
8033_1_1.3T3/mri/dti/
8033_1_1.3T3/mri/multibandcoil/
8033_1_1.3T3/mri/multibandcoil/001/
8033_1_1.3T3/mri/multibandcoil/011/
8033_1_1.3T3/mri/multibandcoil/019/
8033_1_1.3T3/mri/multibandcoil/020/
8033_1_1.3T3/mri/standardcoil/
8033_1_1.3T3/mri/standardcoil/001/
8033_1_1.3T3/mri/standardcoil/003/
8033_1_1.3T3/mri/standardcoil/004/
8033_1_1.3T3/mri/standardcoil/005/
8033_1_1.3T3/mri/standardcoil/20003/
8033_1_1.3T3/mri/standardcoil/20004/
8033_1_1.3T3/mri/standardcoil/20005/
8035_2_1.3T3/
8035_2_1.3T3/fmri/
8035_2_1.3T3/fmri/BART_1/
8035_2_1.3T3/fmri/BART_1/behavioral/
8035_2_1.3T3/fmri/Emotion_match_1/
8035_2_1.3T3/fmri/Emotion_match_1/behavioral/
8035_2_1.3T3/fmri/Emotion_regulation_1/
8035_2_1.3T3/fmri/Emotion_regulation_1/behavioral/
8035_2_1.3T3/fmri/Emotion_regulation_2/
8035_2_1.3T3/fmri/Emotion_regulation_2/behavioral/
8035_2_1.3T3/fmri/SST_1/
8035_2_1.3T3/fmri/SST_1/behavioral/
8035_2_1.3T3/fmri/SST_2/
8035_2_1.3T3/fmri/SST_2/behavioral/
8035_2_1.3T3/fmri/resting_state_1/
8035_2_1.3T3/mri/
8035_2_1.3T3/mri/anatomy/
8035_2_1.3T3/mri/anatomy/001/
8035_2_1.3T3/mri/anatomy/003/
8035_2_1.3T3/mri/anatomy/004/
8035_2_1.3T3/mri/anatomy/005/
8035_2_1.3T3/mri/anatomy/006/
8035_2_1.3T3/mri/anatomy/007/
8035_2_1.3T3/mri/anatomy/009/
8035_2_1.3T3/mri/anatomy/011/
8035_2_1.3T3/mri/anatomy/012/
8035_2_1.3T3/mri/anatomy/013/
8035_2_1.3T3/mri/anatomy/014/
8035_2_1.3T3/mri/anatomy/015/
8035_2_1.3T3/mri/anatomy/016/
8035_2_1.3T3/mri/anatomy/018/
8035_2_1.3T3/mri/anatomy/20003/
8035_2_1.3T3/mri/anatomy/20004/
8035_2_1.3T3/mri/anatomy/20006/
8035_2_1.3T3/mri/anatomy/20011/
8035_2_1.3T3/mri/anatomy/20015/
8035_2_1.3T3/mri/anatomy/20016/
8035_2_1.3T3/mri/anatomy/20017/
8035_2_1.3T3/mri/dti/
8035_2_1.3T3/mri/dti/017/
8065_3_1.3T3/
8065_3_1.3T3/fmri/
8065_3_1.3T3/fmri/encoding_1/
8065_3_1.3T3/fmri/encoding_1/behavioral/
8065_3_1.3T3/fmri/encoding_1/physiological/
8065_3_1.3T3/fmri/encoding_2/
8065_3_1.3T3/fmri/encoding_2/behavioral/
8065_3_1.3T3/fmri/encoding_2/physiological/
8065_3_1.3T3/fmri/localizer/
8065_3_1.3T3/fmri/localizer/behavioral/
8065_3_1.3T3/fmri/localizer/physiological/
8065_3_1.3T3/fmri/resting_1/
8065_3_1.3T3/fmri/resting_1/physiological/
8065_3_1.3T3/fmri/resting_2/
8065_3_1.3T3/fmri/resting_2/physiological/
8065_3_1.3T3/fmri/retrieval_1/
8065_3_1.3T3/fmri/retrieval_1/behavioral/
8065_3_1.3T3/fmri/retrieval_1/physiological/
8065_3_1.3T3/fmri/retrieval_2/
8065_3_1.3T3/fmri/retrieval_2/behavioral/
8065_3_1.3T3/fmri/retrieval_2/physiological/
8065_3_1.3T3/fmri/retrieval_3/
8065_3_1.3T3/fmri/retrieval_3/behavioral/
8065_3_1.3T3/fmri/retrieval_3/physiological/
8065_3_1.3T3/fmri/retrieval_4/
8065_3_1.3T3/fmri/retrieval_4/behavioral/
8065_3_1.3T3/fmri/retrieval_4/physiological/
8065_3_1.3T3/mri/
8065_3_1.3T3/mri/anatomy/
8065_3_1.3T3/mri/dti/
8069_1_1.3T3/
8069_1_1.3T3/behavioral/
8069_1_1.3T3/behavioral/fmri/
8069_1_1.3T3/fmri/
8069_1_1.3T3/fmri/level1_run1/
8069_1_1.3T3/fmri/level1_run1/behavioral/
8069_1_1.3T3/fmri/level2_run1/
8069_1_1.3T3/fmri/level2_run1/behavioral/
8069_1_1.3T3/fmri/level2_run2/
8069_1_1.3T3/fmri/level2_run2/behavioral/
8069_1_1.3T3/fmri/level3_run1/
8069_1_1.3T3/fmri/level3_run1/behavioral/
8069_1_1.3T3/fmri/level3_run2/
8069_1_1.3T3/fmri/level3_run2/behavioral/
8069_1_1.3T3/fmri/level3_run3/
8069_1_1.3T3/fmri/level3_run3/behavioral/
8092_1_1.3T3/
8092_1_1.3T3/behavioral/
8092_1_1.3T3/behavioral/training/
8092_1_1.3T3/fmri/
8092_1_1.3T3/fmri/level1_run1/
8092_1_1.3T3/fmri/level1_run1/behavioral/
8092_1_1.3T3/fmri/level1_run1_blipdown/
8092_1_1.3T3/fmri/level2_run1/
8092_1_1.3T3/fmri/level2_run1/behavioral/
8092_1_1.3T3/fmri/level2_run1_blipdown/
8092_1_1.3T3/fmri/level2_run2/
8092_1_1.3T3/fmri/level2_run2/behavioral/
8092_1_1.3T3/fmri/level2_run2_blipdown/
8092_1_1.3T3/fmri/level3_run1/
8092_1_1.3T3/fmri/level3_run1/behavioral/
8092_1_1.3T3/fmri/level3_run1_blipdown/
8092_1_1.3T3/fmri/level3_run2/
8092_1_1.3T3/fmri/level3_run2/behavioral/
8092_1_1.3T3/fmri/level3_run2_blipdown/
8092_1_1.3T3/fmri/level3_run3/
8092_1_1.3T3/fmri/level3_run3/behavioral/
8092_1_1.3T3/fmri/level3_run3_blipdown/
8092_1_1.3T3/fmri/resting_state_1/
8092_1_1.3T3/fmri/resting_state_1_blipdown/
8092_1_1.3T3/mri/
8092_1_1.3T3/mri/anatomy/
8092_1_1.3T3/mri/anatomy/multibandcoil/
8092_1_1.3T3/mri/anatomy/multibandcoil/001/
8092_1_1.3T3/mri/anatomy/multibandcoil/002/
8092_1_1.3T3/mri/anatomy/multibandcoil/014/
8092_1_1.3T3/mri/anatomy/multibandcoil/015/
8092_1_1.3T3/mri/anatomy/multibandcoil/023/
8092_1_1.3T3/mri/anatomy/multibandcoil/20002/
8092_1_1.3T3/mri/anatomy/multibandcoil/20015/
8092_1_1.3T3/mri/anatomy/standardcoil/
8092_1_1.3T3/mri/anatomy/standardcoil/001/
8092_1_1.3T3/mri/anatomy/standardcoil/002/
8092_1_1.3T3/mri/anatomy/standardcoil/20002/
8092_1_1.3T3/mri/anatomy/standardcoil/20004/
8092_1_1.3T3/mri/dti/
8092_1_1.3T3/mri/dti/004/
8092_1_1.3T3/mri/dti/005/
8093_1_1.3T3/
8093_1_1.3T3/behavioral/
8093_1_1.3T3/behavioral/fmri/
8093_1_1.3T3/fmri/
8093_1_1.3T3/fmri/level1_run1/
8093_1_1.3T3/fmri/level1_run1/behavioral/
8093_1_1.3T3/fmri/level2_run1/
8093_1_1.3T3/fmri/level2_run1/behavioral/
8093_1_1.3T3/fmri/level2_run2/
8093_1_1.3T3/fmri/level2_run2/behavioral/
8093_1_1.3T3/fmri/level3_run1/
8093_1_1.3T3/fmri/level3_run1/behavioral/
8093_1_1.3T3/fmri/level3_run2/
8093_1_1.3T3/fmri/level3_run2/behavioral/
8093_1_1.3T3/fmri/level3_run3/
8093_1_1.3T3/fmri/level3_run3/behavioral/
8094_1_1.3T3/
8094_1_1.3T3/behavioral/
8094_1_1.3T3/fmri/
8094_1_1.3T3/fmri/level1_run1/
8094_1_1.3T3/fmri/level1_run1/behavioral/
8094_1_1.3T3/fmri/level1_run1_blipdown/
8094_1_1.3T3/fmri/level2_run1/
8094_1_1.3T3/fmri/level2_run1/behavioral/
8094_1_1.3T3/fmri/level2_run1_blipdown/
8094_1_1.3T3/fmri/level2_run2/
8094_1_1.3T3/fmri/level2_run2/behavioral/
8094_1_1.3T3/fmri/level2_run2_blipdown/
8094_1_1.3T3/fmri/level3_run1/
8094_1_1.3T3/fmri/level3_run1/behavioral/
8094_1_1.3T3/fmri/level3_run1_blipdown/
8094_1_1.3T3/fmri/level3_run2/
8094_1_1.3T3/fmri/level3_run2/behavioral/
8094_1_1.3T3/fmri/level3_run2_blipdown/
8094_1_1.3T3/fmri/level3_run3/
8094_1_1.3T3/fmri/level3_run3/behavioral/
8094_1_1.3T3/fmri/level3_run3_blipdown/
8094_1_1.3T3/fmri/resting_state_1/
8094_1_1.3T3/fmri/resting_state_1_blipdown/
8094_1_1.3T3/mri/
8094_1_1.3T3/mri/anatomy/
8094_1_1.3T3/mri/anatomy/multibandcoil/
8094_1_1.3T3/mri/anatomy/standardcoil/
8094_1_1.3T3/mri/dti/
8096_1_1.3T3/
8096_1_1.3T3/behavioral/
8096_1_1.3T3/fmri/
8096_1_1.3T3/fmri/level1_run1/
8096_1_1.3T3/fmri/level1_run1/behavioral/
8096_1_1.3T3/fmri/level1_run1_blipdown/
8096_1_1.3T3/fmri/level2_run1/
8096_1_1.3T3/fmri/level2_run1/behavioral/
8096_1_1.3T3/fmri/level2_run1_blipdown/
8096_1_1.3T3/fmri/level2_run2/
8096_1_1.3T3/fmri/level2_run2/behavioral/
8096_1_1.3T3/fmri/level2_run2_blipdown/
8096_1_1.3T3/fmri/level2_run3/
8096_1_1.3T3/fmri/level2_run3/behavioral/
8096_1_1.3T3/fmri/level2_run3_blipdown /
8096_1_1.3T3/fmri/level3_run1/
8096_1_1.3T3/fmri/level3_run1/behavioral/
8096_1_1.3T3/fmri/level3_run1_blipdown/
8096_1_1.3T3/fmri/level3_run2/
8096_1_1.3T3/fmri/level3_run2/behavioral/
8096_1_1.3T3/fmri/level3_run2_blipdown/
8096_1_1.3T3/fmri/level3_run3/
8096_1_1.3T3/fmri/level3_run3/behavioral/
8096_1_1.3T3/fmri/level3_run3_blipdown/
8096_1_1.3T3/fmri/resting_state_1/
8096_1_1.3T3/fmri/resting_state_1_blipdown/
8096_1_1.3T3/mri/
8096_1_1.3T3/mri/anatomy/
8096_1_1.3T3/mri/anatomy/multibandcoil/
8096_1_1.3T3/mri/anatomy/standardcoil/
8096_1_1.3T3/mri/dti/
8098_1_1.3T3/
8098_1_1.3T3/behavioral/
8098_1_1.3T3/fmri/
8098_1_1.3T3/fmri/level1_run1/
8098_1_1.3T3/fmri/level1_run1/behavioral/
8098_1_1.3T3/fmri/level1_run1_blipdown/
8098_1_1.3T3/fmri/level2_run1/
8098_1_1.3T3/fmri/level2_run1/behavioral/
8098_1_1.3T3/fmri/level2_run1_blipdown/
8098_1_1.3T3/fmri/level2_run2/
8098_1_1.3T3/fmri/level2_run2/behavioral/
8098_1_1.3T3/fmri/level2_run2_blipdown/
8098_1_1.3T3/fmri/level3_run1/
8098_1_1.3T3/fmri/level3_run1/behavioral/
8098_1_1.3T3/fmri/level3_run1_blipdown/
8098_1_1.3T3/fmri/level3_run2/
8098_1_1.3T3/fmri/level3_run2/behavioral/
8098_1_1.3T3/fmri/level3_run2_blipdown/
8098_1_1.3T3/fmri/level3_run3/
8098_1_1.3T3/fmri/level3_run3/behavioral/
8098_1_1.3T3/fmri/level3_run3_blipdown/
8098_1_1.3T3/fmri/resting_state_1/
8098_1_1.3T3/fmri/resting_state_1_blipdown/
8098_1_1.3T3/mri/
8098_1_1.3T3/mri/anatomy/
8098_1_1.3T3/mri/anatomy/multibandcoil/
8098_1_1.3T3/mri/anatomy/standardcoil/
8098_1_1.3T3/mri/dti/
8106_1_1.3T3/
8106_1_1.3T3/fmri/
8106_1_1.3T3/fmri/addition_1/
8106_1_1.3T3/fmri/addition_1/behavioral/
8106_1_1.3T3/fmri/addition_2/
8106_1_1.3T3/fmri/addition_2/behavioral/
8106_1_1.3T3/fmri/addition_3/
8106_1_1.3T3/fmri/addition_3/behaviroal/
8106_1_1.3T3/fmri/addition_4/
8106_1_1.3T3/fmri/addition_4/behavioral/
8106_1_1.3T3/fmri/resting_state_1/
8106_1_1.3T3/mri/
8106_1_1.3T3/mri/anatomy/
8106_1_1.3T3/mri/dti/
8106_1_1.3T3/strategy_assessment/
8110_1_1.3T3/
8110_1_1.3T3/behaviorial/
8110_1_1.3T3/fmri/
8110_1_1.3T3/fmri/level1_run1/
8110_1_1.3T3/fmri/level1_run1/behavioral/
8110_1_1.3T3/fmri/level1_run1_blipdown/
8110_1_1.3T3/fmri/level2_run1/
8110_1_1.3T3/fmri/level2_run1/behavioral/
8110_1_1.3T3/fmri/level2_run1_blipdown/
8110_1_1.3T3/fmri/level2_run2/
8110_1_1.3T3/fmri/level2_run2/behavioral/
8110_1_1.3T3/fmri/level2_run2_blipdown/
8110_1_1.3T3/fmri/level3_run1/
8110_1_1.3T3/fmri/level3_run1/behavioral/
8110_1_1.3T3/fmri/level3_run1_blipdown/
8110_1_1.3T3/fmri/level3_run2/
8110_1_1.3T3/fmri/level3_run2/behavioral/
8110_1_1.3T3/fmri/level3_run2_blipdown/
8110_1_1.3T3/fmri/level3_run3/
8110_1_1.3T3/fmri/level3_run3/behavioral/
8110_1_1.3T3/fmri/level3_run3_blipdown/
8110_1_1.3T3/fmri/resting_state_1/
8110_1_1.3T3/fmri/resting_state_1_blipdown/
8110_1_1.3T3/mri/
8110_1_1.3T3/mri/anatomy/
8110_1_1.3T3/mri/anatomy/multibandcoil/
8110_1_1.3T3/mri/anatomy/standardcoil/
8110_1_1.3T3/mri/dti/
8113_1_1.3T3/
8113_1_1.3T3/behavioral/
8113_1_1.3T3/fmri/
8113_1_1.3T3/fmri/level1_run1/
8113_1_1.3T3/fmri/level1_run1/behavioral/
8113_1_1.3T3/fmri/level1_run1_blipdown/
8113_1_1.3T3/fmri/level2_run1/
8113_1_1.3T3/fmri/level2_run1/behavioral/
8113_1_1.3T3/fmri/level2_run1_blipdown/
8113_1_1.3T3/fmri/level2_run2/
8113_1_1.3T3/fmri/level2_run2/behavioral/
8113_1_1.3T3/fmri/level2_run2_blipdown/
8113_1_1.3T3/fmri/level3_run1/
8113_1_1.3T3/fmri/level3_run1/behavioral/
8113_1_1.3T3/fmri/level3_run1_blipdown/
8113_1_1.3T3/fmri/level3_run2/
8113_1_1.3T3/fmri/level3_run2/behavioral/
8113_1_1.3T3/fmri/level3_run2_blipdown/
8113_1_1.3T3/fmri/level3_run3/
8113_1_1.3T3/fmri/level3_run3/behavioral/
8113_1_1.3T3/fmri/level3_run3_blipdown/
8113_1_1.3T3/fmri/resting_state_1/
8113_1_1.3T3/fmri/resting_state_1_blipdown/
8113_1_1.3T3/mri/
8113_1_1.3T3/mri/anatomy/
8113_1_1.3T3/mri/anatomy/multibandcoil/
8113_1_1.3T3/mri/anatomy/standardcoil/
8113_1_1.3T3/mri/dti/
8114_1_1.3T3/
8114_1_1.3T3/fmri/
8114_1_1.3T3/fmri/encoding_1/
8114_1_1.3T3/fmri/encoding_1/behavioral/
8114_1_1.3T3/fmri/encoding_1/physiological/
8114_1_1.3T3/fmri/encoding_2/
8114_1_1.3T3/fmri/encoding_2/behavioral/
8114_1_1.3T3/fmri/encoding_2/physiological/
8114_1_1.3T3/fmri/localizer/
8114_1_1.3T3/fmri/localizer/behavioral/
8114_1_1.3T3/fmri/localizer/physiological/
8114_1_1.3T3/fmri/resting_1/
8114_1_1.3T3/fmri/resting_1/physiological/
8114_1_1.3T3/fmri/resting_2/
8114_1_1.3T3/fmri/resting_2/physiological/
8114_1_1.3T3/fmri/retrieval_1/
8114_1_1.3T3/fmri/retrieval_1/behavioral/
8114_1_1.3T3/fmri/retrieval_1/physiological/
8114_1_1.3T3/fmri/retrieval_2/
8114_1_1.3T3/fmri/retrieval_2/behavioral/
8114_1_1.3T3/fmri/retrieval_2/physiological/
8114_1_1.3T3/fmri/retrieval_3/
8114_1_1.3T3/fmri/retrieval_3/behavioral/
8114_1_1.3T3/fmri/retrieval_3/physiological/
8114_1_1.3T3/fmri/retrieval_4/
8114_1_1.3T3/fmri/retrieval_4/behavioral/
8114_1_1.3T3/fmri/retrieval_4/physiological/
8114_1_1.3T3/mri/
8114_1_1.3T3/mri/anatomy/
8114_1_1.3T3/mri/dti/
8115_1_1.3T3/
8115_1_1.3T3/behavioral/
8115_1_1.3T3/fmri/
8115_1_1.3T3/fmri/level1_run1/
8115_1_1.3T3/fmri/level1_run1/behavioral/
8115_1_1.3T3/fmri/level1_run1_blipdown/
8115_1_1.3T3/fmri/level2_run1/
8115_1_1.3T3/fmri/level2_run1/behavioral/
8115_1_1.3T3/fmri/level2_run1_blipdown/
8115_1_1.3T3/fmri/level2_run2/
8115_1_1.3T3/fmri/level2_run2/behavioral/
8115_1_1.3T3/fmri/level2_run2_blipdown/
8115_1_1.3T3/fmri/level2_run3/
8115_1_1.3T3/fmri/level2_run3/behavioral/
8115_1_1.3T3/fmri/level2_run3_blipdown/
8115_1_1.3T3/fmri/level3_run1/
8115_1_1.3T3/fmri/level3_run1/behavioral/
8115_1_1.3T3/fmri/level3_run1_blipdown/
8115_1_1.3T3/fmri/level3_run2/
8115_1_1.3T3/fmri/level3_run2/behavioral/
8115_1_1.3T3/fmri/level3_run2_blipdown/
8115_1_1.3T3/fmri/level3_run3/
8115_1_1.3T3/fmri/level3_run3/behavioral/
8115_1_1.3T3/fmri/level3_run3_blipdown/
8115_1_1.3T3/fmri/resting_state_1/
8115_1_1.3T3/fmri/resting_state_1_blipdown/
8115_1_1.3T3/mri/
8115_1_1.3T3/mri/anatomy/
8115_1_1.3T3/mri/anatomy/multibandcoil/
8115_1_1.3T3/mri/anatomy/standardcoil/
8115_1_1.3T3/mri/dti/
8116_1_1.3T3/
8116_1_1.3T3/behavioral/
8116_1_1.3T3/fmri/
8116_1_1.3T3/fmri/level1_run1/
8116_1_1.3T3/fmri/level1_run1/007/
8116_1_1.3T3/fmri/level1_run1/behavioral/
8116_1_1.3T3/fmri/level1_run1_blipdown/
8116_1_1.3T3/fmri/level1_run1_blipdown/006/
8116_1_1.3T3/fmri/level2_run1/
8116_1_1.3T3/fmri/level2_run1/009/
8116_1_1.3T3/fmri/level2_run1/behavioral/
8116_1_1.3T3/fmri/level2_run1_blipdown/
8116_1_1.3T3/fmri/level2_run1_blipdown/008/
8116_1_1.3T3/fmri/level2_run2/
8116_1_1.3T3/fmri/level2_run2/011/
8116_1_1.3T3/fmri/level2_run2/behavioral/
8116_1_1.3T3/fmri/level2_run2_blipdown/
8116_1_1.3T3/fmri/level2_run2_blipdown/010/
8116_1_1.3T3/fmri/level3_run1/
8116_1_1.3T3/fmri/level3_run1/018/
8116_1_1.3T3/fmri/level3_run1/behavioral/
8116_1_1.3T3/fmri/level3_run1_blipdown/
8116_1_1.3T3/fmri/level3_run1_blipdown/017/
8116_1_1.3T3/fmri/level3_run2/
8116_1_1.3T3/fmri/level3_run2/020/
8116_1_1.3T3/fmri/level3_run2/behavioral/
8116_1_1.3T3/fmri/level3_run2_blipdown/
8116_1_1.3T3/fmri/level3_run2_blipdown/019/
8116_1_1.3T3/fmri/level3_run3/
8116_1_1.3T3/fmri/level3_run3/022/
8116_1_1.3T3/fmri/level3_run3/behavioral/
8116_1_1.3T3/fmri/level3_run3_blipdown/
8116_1_1.3T3/fmri/level3_run3_blipdown/021/
8116_1_1.3T3/fmri/resting_state_1/
8116_1_1.3T3/fmri/resting_state_1/005/
8116_1_1.3T3/fmri/resting_state_1_blipdown/
8116_1_1.3T3/fmri/resting_state_1_blipdown/004/
8116_1_1.3T3/mri/
8116_1_1.3T3/mri/anatomy/
8116_1_1.3T3/mri/anatomy/multibandcoil/
8116_1_1.3T3/mri/anatomy/multibandcoil/001/
8116_1_1.3T3/mri/anatomy/multibandcoil/002/
8116_1_1.3T3/mri/anatomy/multibandcoil/014/
8116_1_1.3T3/mri/anatomy/multibandcoil/015/
8116_1_1.3T3/mri/anatomy/multibandcoil/023/
8116_1_1.3T3/mri/anatomy/multibandcoil/20002/
8116_1_1.3T3/mri/anatomy/multibandcoil/20015/
8116_1_1.3T3/mri/anatomy/standardcoil/
8116_1_1.3T3/mri/anatomy/standardcoil/004/
8116_1_1.3T3/mri/anatomy/standardcoil/005/
8116_1_1.3T3/mri/dti/
8116_1_1.3T3/mri/dti/001/
8116_1_1.3T3/mri/dti/002/
8116_1_1.3T3/mri/dti/20002/
8116_1_1.3T3/mri/dti/20004/
8118_1_1.3T3/
8118_1_1.3T3/behavioral/
8118_1_1.3T3/fmri/
8118_1_1.3T3/fmri/level1_run1/
8118_1_1.3T3/fmri/level1_run1/behavioral/
8118_1_1.3T3/fmri/level1_run1_blipdown/
8118_1_1.3T3/fmri/level2_run1/
8118_1_1.3T3/fmri/level2_run1/behavioral/
8118_1_1.3T3/fmri/level2_run1_blipdown/
8118_1_1.3T3/fmri/level2_run2/
8118_1_1.3T3/fmri/level2_run2/behavioral/
8118_1_1.3T3/fmri/level2_run2_blipdown/
8118_1_1.3T3/fmri/level2_run2_blipdown_redo/
8118_1_1.3T3/fmri/level2_run2_redo/
8118_1_1.3T3/fmri/level2_run2_redo/behavioral/
8118_1_1.3T3/fmri/level3_run1/
8118_1_1.3T3/fmri/level3_run1/behavioral/
8118_1_1.3T3/fmri/level3_run1_blipdown/
8118_1_1.3T3/fmri/level3_run2/
8118_1_1.3T3/fmri/level3_run2/behavioral/
8118_1_1.3T3/fmri/level3_run2_blipdown/
8118_1_1.3T3/fmri/level3_run3/
8118_1_1.3T3/fmri/level3_run3/behavioral/
8118_1_1.3T3/fmri/level3_run3_blipdown/
8118_1_1.3T3/fmri/resting_state_1/
8118_1_1.3T3/fmri/resting_state_1_blipdown/
8118_1_1.3T3/mri/
8118_1_1.3T3/mri/anatomy/
8118_1_1.3T3/mri/anatomy/multibandcoil/
8118_1_1.3T3/mri/anatomy/standardcoil/
8118_1_1.3T3/mri/dti/
8119_1_1.3T3/
8119_1_1.3T3/fmri/
8119_1_1.3T3/fmri/encoding_1/
8119_1_1.3T3/fmri/encoding_1/behavioral/
8119_1_1.3T3/fmri/encoding_1/physiological/
8119_1_1.3T3/fmri/encoding_2/
8119_1_1.3T3/fmri/encoding_2/behavioral/
8119_1_1.3T3/fmri/encoding_2/physiological/
8119_1_1.3T3/fmri/localizer/
8119_1_1.3T3/fmri/localizer/behavioral/
8119_1_1.3T3/fmri/localizer/physiological/
8119_1_1.3T3/fmri/resting_1/
8119_1_1.3T3/fmri/resting_1/physiological/
8119_1_1.3T3/fmri/resting_2/
8119_1_1.3T3/fmri/resting_2/physiological/
8119_1_1.3T3/fmri/retrieval_1/
8119_1_1.3T3/fmri/retrieval_1/behavioral/
8119_1_1.3T3/fmri/retrieval_1/physiological/
8119_1_1.3T3/fmri/retrieval_2/
8119_1_1.3T3/fmri/retrieval_2/behavioral/
8119_1_1.3T3/fmri/retrieval_2/physiological/
8119_1_1.3T3/fmri/retrieval_3/
8119_1_1.3T3/fmri/retrieval_3/behavioral/
8119_1_1.3T3/fmri/retrieval_3/physiological/
8119_1_1.3T3/fmri/retrieval_4/
8119_1_1.3T3/fmri/retrieval_4/behavioral/
8119_1_1.3T3/fmri/retrieval_4/physiological/
8119_1_1.3T3/mri/
8119_1_1.3T3/mri/anatomy/
8119_1_1.3T3/mri/dti/
8119_1_2.3T3/
8119_1_2.3T3/fmri/
8119_1_2.3T3/fmri/encoding_1/
8119_1_2.3T3/fmri/encoding_1/behavioral/
8119_1_2.3T3/fmri/encoding_1/physiological/
8119_1_2.3T3/fmri/encoding_2/
8119_1_2.3T3/fmri/encoding_2/behavioral/
8119_1_2.3T3/fmri/encoding_2/physiological/
8119_1_2.3T3/fmri/localizer/
8119_1_2.3T3/fmri/localizer/behavioral/
8119_1_2.3T3/fmri/localizer/physiological/
8119_1_2.3T3/fmri/resting_1/
8119_1_2.3T3/fmri/resting_1/physiological/
8119_1_2.3T3/fmri/resting_2/
8119_1_2.3T3/fmri/resting_2/physiological/
8119_1_2.3T3/fmri/retrieval_1/
8119_1_2.3T3/fmri/retrieval_1/behavioral/
8119_1_2.3T3/fmri/retrieval_1/physiological/
8119_1_2.3T3/fmri/retrieval_2/
8119_1_2.3T3/fmri/retrieval_2/behavioral/
8119_1_2.3T3/fmri/retrieval_2/physiological/
8119_1_2.3T3/fmri/retrieval_3/
8119_1_2.3T3/fmri/retrieval_3/behavioral/
8119_1_2.3T3/fmri/retrieval_3/physiological/
8119_1_2.3T3/fmri/retrieval_4/
8119_1_2.3T3/fmri/retrieval_4/behavioral/
8119_1_2.3T3/fmri/retrieval_4/physiological/
8119_1_2.3T3/mri/
8119_1_2.3T3/mri/anatomy/
8119_1_2.3T3/mri/dti/
8119_1_3.3T3/
8119_1_3.3T3/fmri/
8119_1_3.3T3/fmri/encoding_1/
8119_1_3.3T3/fmri/encoding_1/behavioral/
8119_1_3.3T3/fmri/encoding_1/physiological/
8119_1_3.3T3/fmri/encoding_2/
8119_1_3.3T3/fmri/encoding_2/behavioral/
8119_1_3.3T3/fmri/encoding_2/physiological/
8119_1_3.3T3/fmri/localizer/
8119_1_3.3T3/fmri/localizer/behavioral/
8119_1_3.3T3/fmri/localizer/physiological/
8119_1_3.3T3/fmri/resting_1/
8119_1_3.3T3/fmri/resting_1/physiological/
8119_1_3.3T3/fmri/resting_2/
8119_1_3.3T3/fmri/resting_2/physiological/
8119_1_3.3T3/fmri/retrieval_1/
8119_1_3.3T3/fmri/retrieval_1/behavioral/
8119_1_3.3T3/fmri/retrieval_1/physiological/
8119_1_3.3T3/fmri/retrieval_2/
8119_1_3.3T3/fmri/retrieval_2/behavioral/
8119_1_3.3T3/fmri/retrieval_2/physiological/
8119_1_3.3T3/fmri/retrieval_3/
8119_1_3.3T3/fmri/retrieval_3/behavioral/
8119_1_3.3T3/fmri/retrieval_3/physiological/
8119_1_3.3T3/fmri/retrieval_4/
8119_1_3.3T3/fmri/retrieval_4/behavioral/
8119_1_3.3T3/fmri/retrieval_4/physiological/
8119_1_3.3T3/mri/
8119_1_3.3T3/mri/anatomy/
8119_1_3.3T3/mri/anatomy/001/
8119_1_3.3T3/mri/anatomy/003/
8119_1_3.3T3/mri/anatomy/004/
8119_1_3.3T3/mri/anatomy/006/
8119_1_3.3T3/mri/anatomy/008/
8119_1_3.3T3/mri/anatomy/010/
8119_1_3.3T3/mri/anatomy/011/
8119_1_3.3T3/mri/anatomy/013/
8119_1_3.3T3/mri/anatomy/014/
8119_1_3.3T3/mri/anatomy/20003/
8119_1_3.3T3/mri/anatomy/20010/
8119_1_3.3T3/mri/anatomy/20012/
8119_1_3.3T3/mri/dti/
8119_1_3.3T3/mri/dti/012/
8120_1_1.3T3/
8120_1_1.3T3/behavioral/
8120_1_1.3T3/fmri/
8120_1_1.3T3/fmri/level1_run1/
8120_1_1.3T3/fmri/level1_run1/behavioral/
8120_1_1.3T3/fmri/level1_run1_blipdown/
8120_1_1.3T3/fmri/level1_run2/
8120_1_1.3T3/fmri/level1_run2/behavioral/
8120_1_1.3T3/fmri/level1_run2_blipdown /
8120_1_1.3T3/fmri/level1_run3/
8120_1_1.3T3/fmri/level1_run3/behavioral/
8120_1_1.3T3/fmri/level1_run3_blipdown/
8120_1_1.3T3/fmri/level1_run4/
8120_1_1.3T3/fmri/level1_run4/behavioral/
8120_1_1.3T3/fmri/level1_run4_blipdown/
8120_1_1.3T3/fmri/level2_run1/
8120_1_1.3T3/fmri/level2_run1/behavioral/
8120_1_1.3T3/fmri/level2_run1_blipdown/
8120_1_1.3T3/fmri/level2_run2/
8120_1_1.3T3/fmri/level2_run2/behavioral/
8120_1_1.3T3/fmri/level2_run2_blipdown/
8120_1_1.3T3/fmri/level3_run1/
8120_1_1.3T3/fmri/level3_run1/behavioral/
8120_1_1.3T3/fmri/level3_run1_blipdown/
8120_1_1.3T3/fmri/level3_run2/
8120_1_1.3T3/fmri/level3_run2/behavioral/
8120_1_1.3T3/fmri/level3_run2_blipdown/
8120_1_1.3T3/fmri/level3_run3/
8120_1_1.3T3/fmri/level3_run3/behavioral/
8120_1_1.3T3/fmri/level3_run3_blipdown/
8120_1_1.3T3/fmri/level3_run4/
8120_1_1.3T3/fmri/level3_run4/behavioral/
8120_1_1.3T3/fmri/level3_run4_blipdown/
8120_1_1.3T3/fmri/resting_state_1/
8120_1_1.3T3/fmri/resting_state_1_blipdown/
8120_1_1.3T3/mri/
8120_1_1.3T3/mri/anatomy/
8120_1_1.3T3/mri/anatomy/multibandcoil/
8120_1_1.3T3/mri/anatomy/standardcoil/
8120_1_1.3T3/mri/dti/
8121_1_1.3T3/
8121_1_1.3T3/behavioral/
8121_1_1.3T3/fmri/
8121_1_1.3T3/fmri/level1_run1/
8121_1_1.3T3/fmri/level1_run1/behavioral/
8121_1_1.3T3/fmri/level1_run1_blipdown/
8121_1_1.3T3/fmri/level2_run1/
8121_1_1.3T3/fmri/level2_run1/behavioral/
8121_1_1.3T3/fmri/level2_run1_blipdown/
8121_1_1.3T3/fmri/level2_run2/
8121_1_1.3T3/fmri/level2_run2/behavioral/
8121_1_1.3T3/fmri/level2_run2_blipdown/
8121_1_1.3T3/fmri/level3_run1/
8121_1_1.3T3/fmri/level3_run1/behavioral/
8121_1_1.3T3/fmri/level3_run1_blipdown/
8121_1_1.3T3/fmri/level3_run2/
8121_1_1.3T3/fmri/level3_run2/behavioral/
8121_1_1.3T3/fmri/level3_run2_blipdown/
8121_1_1.3T3/fmri/level3_run3/
8121_1_1.3T3/fmri/level3_run3/behavioral/
8121_1_1.3T3/fmri/level3_run3_blipdown/
8121_1_1.3T3/fmri/resting_state_1/
8121_1_1.3T3/fmri/resting_state_1_blipdown/
8121_1_1.3T3/mri/
8121_1_1.3T3/mri/anatomy/
8121_1_1.3T3/mri/anatomy/multibandcoil/
8121_1_1.3T3/mri/anatomy/standardcoil/
8121_1_1.3T3/mri/dti/
8122_1_1.3T3/
8122_1_1.3T3/behavioral/
8122_1_1.3T3/fmri/
8122_1_1.3T3/fmri/level1_run1/
8122_1_1.3T3/fmri/level1_run1/behavioral/
8122_1_1.3T3/fmri/level1_run1_blipdown/
8122_1_1.3T3/fmri/level2_run1/
8122_1_1.3T3/fmri/level2_run1/behavioral/
8122_1_1.3T3/fmri/level2_run1_blipdown/
8122_1_1.3T3/fmri/level2_run2/
8122_1_1.3T3/fmri/level2_run2/behavioral/
8122_1_1.3T3/fmri/level2_run2_blipdown/
8122_1_1.3T3/fmri/level3_run1/
8122_1_1.3T3/fmri/level3_run1/behavioral/
8122_1_1.3T3/fmri/level3_run1_blipdown/
8122_1_1.3T3/fmri/level3_run2/
8122_1_1.3T3/fmri/level3_run2/behavioral/
8122_1_1.3T3/fmri/level3_run2_blipdown/
8122_1_1.3T3/fmri/level3_run3/
8122_1_1.3T3/fmri/level3_run3/behavioral/
8122_1_1.3T3/fmri/level3_run3_blipdown/
8122_1_1.3T3/fmri/resting_state_1/
8122_1_1.3T3/fmri/resting_state_1_blipdown/
8122_1_1.3T3/mri/
8122_1_1.3T3/mri/anatomy/
8122_1_1.3T3/mri/anatomy/multibandcoil/
8122_1_1.3T3/mri/anatomy/standardcoil/
8122_1_1.3T3/mri/dti/
8123_1_1.3T3/
8123_1_1.3T3/behavioral/
8123_1_1.3T3/fmri/
8123_1_1.3T3/fmri/level1_run1/
8123_1_1.3T3/fmri/level1_run1/behavioral/
8123_1_1.3T3/fmri/level1_run1_blipdown/
8123_1_1.3T3/fmri/level1_run1_blipdown_redo/
8123_1_1.3T3/fmri/level1_run1_redo/
8123_1_1.3T3/fmri/level1_run1_redo/behavioral/
8123_1_1.3T3/fmri/level2_run1/
8123_1_1.3T3/fmri/level2_run1/behavioral/
8123_1_1.3T3/fmri/level2_run1_blipdown/
8123_1_1.3T3/fmri/level2_run2/
8123_1_1.3T3/fmri/level2_run2/behavioral/
8123_1_1.3T3/fmri/level2_run2_blipdown/
8123_1_1.3T3/fmri/level3_run1/
8123_1_1.3T3/fmri/level3_run1/behavioral/
8123_1_1.3T3/fmri/level3_run1_blipdown/
8123_1_1.3T3/fmri/level3_run2/
8123_1_1.3T3/fmri/level3_run2/behavioral/
8123_1_1.3T3/fmri/level3_run2_blipdown/
8123_1_1.3T3/fmri/level3_run3/
8123_1_1.3T3/fmri/level3_run3/behavioral/
8123_1_1.3T3/fmri/level3_run3_blipdown/
8123_1_1.3T3/fmri/resting_state_1/
8123_1_1.3T3/fmri/resting_state_1_blipdown/
8123_1_1.3T3/mri/
8123_1_1.3T3/mri/anatomy/
8123_1_1.3T3/mri/anatomy/multibandcoil/
8123_1_1.3T3/mri/anatomy/standardcoil/
8123_1_1.3T3/mri/dti/
8125_1_1.3T3/
8125_1_1.3T3/behavioral/
8125_1_1.3T3/fmri/
8125_1_1.3T3/fmri/level1_run1/
8125_1_1.3T3/fmri/level1_run1/behavioral/
8125_1_1.3T3/fmri/level1_run1_blipdown/
8125_1_1.3T3/fmri/level2_run1/
8125_1_1.3T3/fmri/level2_run1/behavioral/
8125_1_1.3T3/fmri/level2_run1_blipdown/
8125_1_1.3T3/fmri/level2_run2/
8125_1_1.3T3/fmri/level2_run2/behavioral/
8125_1_1.3T3/fmri/level2_run2_blipdown/
8125_1_1.3T3/fmri/level2_run3/
8125_1_1.3T3/fmri/level2_run3/behavioral/
8125_1_1.3T3/fmri/level2_run3_blipdown /
8125_1_1.3T3/fmri/level3_run1/
8125_1_1.3T3/fmri/level3_run1/behavioral/
8125_1_1.3T3/fmri/level3_run1_blipdown/
8125_1_1.3T3/fmri/level3_run2/
8125_1_1.3T3/fmri/level3_run2/behavioral/
8125_1_1.3T3/fmri/level3_run2_blipdown/
8125_1_1.3T3/fmri/level3_run3/
8125_1_1.3T3/fmri/level3_run3/behavioral/
8125_1_1.3T3/fmri/level3_run3_blipdown/
8125_1_1.3T3/fmri/level3_run4/
8125_1_1.3T3/fmri/level3_run4/behavioral/
8125_1_1.3T3/fmri/level3_run4_blipdown /
8125_1_1.3T3/fmri/level3_run5/
8125_1_1.3T3/fmri/level3_run5/behavioral/
8125_1_1.3T3/fmri/level3_run5_blipdown /
8125_1_1.3T3/fmri/resting_state_1/
8125_1_1.3T3/fmri/resting_state_1_blipdown/
8125_1_1.3T3/mri/
8125_1_1.3T3/mri/anatomy/
8125_1_1.3T3/mri/anatomy/multibandcoil/
8125_1_1.3T3/mri/anatomy/standardcoil/
8125_1_1.3T3/mri/dti/
8126_1_1.3T3/
8126_1_1.3T3/fmri/
8126_1_1.3T3/fmri/encoding_1/
8126_1_1.3T3/fmri/encoding_1/behavioral/
8126_1_1.3T3/fmri/encoding_1/physiological/
8126_1_1.3T3/fmri/encoding_2/
8126_1_1.3T3/fmri/encoding_2/behavioral/
8126_1_1.3T3/fmri/encoding_2/physiological/
8126_1_1.3T3/fmri/localizer/
8126_1_1.3T3/fmri/localizer/behavioral/
8126_1_1.3T3/fmri/localizer/physiological/
8126_1_1.3T3/fmri/resting_1/
8126_1_1.3T3/fmri/resting_1/physiological/
8126_1_1.3T3/fmri/resting_2/
8126_1_1.3T3/fmri/resting_2/physiological/
8126_1_1.3T3/fmri/retrieval_1/
8126_1_1.3T3/fmri/retrieval_1/behavioral/
8126_1_1.3T3/fmri/retrieval_1/physiological/
8126_1_1.3T3/fmri/retrieval_2/
8126_1_1.3T3/fmri/retrieval_2/behavioral/
8126_1_1.3T3/fmri/retrieval_2/physiological/
8126_1_1.3T3/fmri/retrieval_3/
8126_1_1.3T3/fmri/retrieval_3/behavioral/
8126_1_1.3T3/fmri/retrieval_3/physiological/
8126_1_1.3T3/fmri/retrieval_4/
8126_1_1.3T3/fmri/retrieval_4/behavioral/
8126_1_1.3T3/fmri/retrieval_4/physiological/
8126_1_1.3T3/mri/
8126_1_1.3T3/mri/anatomy/
8126_1_1.3T3/mri/dti/
8127_1_1.3T3/
8127_1_1.3T3/behavioral/
8127_1_1.3T3/fmri/
8127_1_1.3T3/fmri/level1_run1/
8127_1_1.3T3/fmri/level1_run1/behavioral/
8127_1_1.3T3/fmri/level1_run1_blipdown/
8127_1_1.3T3/fmri/level2_run1/
8127_1_1.3T3/fmri/level2_run1/behavioral/
8127_1_1.3T3/fmri/level2_run1_blipdown/
8127_1_1.3T3/fmri/level2_run2/
8127_1_1.3T3/fmri/level2_run2/behavioral/
8127_1_1.3T3/fmri/level2_run2_blipdown/
8127_1_1.3T3/fmri/level2_run3/
8127_1_1.3T3/fmri/level2_run3/behavioral/
8127_1_1.3T3/fmri/level2_run3_blipdown /
8127_1_1.3T3/fmri/level2_run4/
8127_1_1.3T3/fmri/level2_run4/behavioral/
8127_1_1.3T3/fmri/level2_run4_blipdown  /
8127_1_1.3T3/fmri/level2_run5/
8127_1_1.3T3/fmri/level2_run5/behavioral/
8127_1_1.3T3/fmri/level2_run5_blipdown /
8127_1_1.3T3/fmri/level2_run6/
8127_1_1.3T3/fmri/level2_run6/behavioral/
8127_1_1.3T3/fmri/level2_run6_blipdown  /
8127_1_1.3T3/fmri/level3_run1/
8127_1_1.3T3/fmri/level3_run1/behavioral/
8127_1_1.3T3/fmri/level3_run1_blipdown/
8127_1_1.3T3/fmri/level3_run2/
8127_1_1.3T3/fmri/level3_run2/behavioral/
8127_1_1.3T3/fmri/level3_run2_blipdown/
8127_1_1.3T3/fmri/level3_run3/
8127_1_1.3T3/fmri/level3_run3/behavioral/
8127_1_1.3T3/fmri/level3_run3_blipdown/
8127_1_1.3T3/fmri/resting_state_1/
8127_1_1.3T3/fmri/resting_state_1_blipdown/
8127_1_1.3T3/mri/
8127_1_1.3T3/mri/anatomy/
8127_1_1.3T3/mri/anatomy/multibandcoil/
8127_1_1.3T3/mri/anatomy/standardcoil/
8127_1_1.3T3/mri/dti/
8128_1_1.3T3/
8128_1_1.3T3/behavioral/
8128_1_1.3T3/fmri/
8128_1_1.3T3/fmri/level1_run1/
8128_1_1.3T3/fmri/level1_run1/behavioral/
8128_1_1.3T3/fmri/level1_run1_blipdown/
8128_1_1.3T3/fmri/level2_run1/
8128_1_1.3T3/fmri/level2_run1/behavioral/
8128_1_1.3T3/fmri/level2_run1_blipdown/
8128_1_1.3T3/fmri/level2_run2/
8128_1_1.3T3/fmri/level2_run2/behavioral/
8128_1_1.3T3/fmri/level2_run2_blipdown/
8128_1_1.3T3/fmri/level3_run1/
8128_1_1.3T3/fmri/level3_run1/behavioral/
8128_1_1.3T3/fmri/level3_run1_blipdown/
8128_1_1.3T3/fmri/level3_run2/
8128_1_1.3T3/fmri/level3_run2/behavioral/
8128_1_1.3T3/fmri/level3_run2_blipdown/
8128_1_1.3T3/fmri/level3_run3/
8128_1_1.3T3/fmri/level3_run3/behavioral/
8128_1_1.3T3/fmri/level3_run3_blipdown/
8128_1_1.3T3/fmri/resting_state_1/
8128_1_1.3T3/fmri/resting_state_1_blipdown/
8128_1_1.3T3/mri/
8128_1_1.3T3/mri/anatomy/
8128_1_1.3T3/mri/anatomy/multibandcoil/
8128_1_1.3T3/mri/anatomy/standardcoil/
8128_1_1.3T3/mri/anatomy/standardcoil/001/
8128_1_1.3T3/mri/anatomy/standardcoil/002/
8128_1_1.3T3/mri/dti/
8130_1_1.3T3/
8130_1_1.3T3/fmri/
8130_1_1.3T3/fmri/addition_1/
8130_1_1.3T3/fmri/addition_1/behavioral/
8130_1_1.3T3/fmri/addition_2/
8130_1_1.3T3/fmri/addition_2/behavioral/
8130_1_1.3T3/fmri/addition_3/
8130_1_1.3T3/fmri/addition_3/behaviroal/
8130_1_1.3T3/fmri/addition_4/
8130_1_1.3T3/fmri/addition_4/behavioral/
8130_1_1.3T3/fmri/resting_state_1/
8130_1_1.3T3/mri/
8130_1_1.3T3/mri/anatomy/
8130_1_1.3T3/mri/dti/
8130_1_1.3T3/strategy_assessment/
8130_2_1.3T3/
8130_2_1.3T3/after_scanner_memory_task/
8130_2_1.3T3/after_scanner_memory_task/AfterScanner_memoryTest_GroupA_MRL_July22_2011-8130-2-ExperimentAdvisorReport.xml
8130_2_1.3T3/after_scanner_memory_task/AfterScanner_memoryTest_GroupA_MRL_July22_2011-8130-2.edat2
8130_2_1.3T3/after_scanner_memory_task/AfterScanner_memoryTest_GroupA_MRL_July22_2011-8130-2.txt
8130_2_1.3T3/fmri/
8130_2_1.3T3/fmri/addition_1/
8130_2_1.3T3/fmri/addition_1/behavioral/
8130_2_1.3T3/fmri/addition_1/behavioral/Short_Intervention_Scanner_wExample_July31_2014-8130-21-ExperimentAdvisorReport.xml
8130_2_1.3T3/fmri/addition_1/behavioral/Short_Intervention_Scanner_wExample_July31_2014-8130-21.edat2
8130_2_1.3T3/fmri/addition_1/behavioral/Short_Intervention_Scanner_wExample_July31_2014-8130-21.txt
8130_2_1.3T3/fmri/addition_2/
8130_2_1.3T3/fmri/addition_2/behavioral/
8130_2_1.3T3/fmri/addition_2/behavioral/Short_Intervention_Scanner_wExample_July31_2014-8130-22-ExperimentAdvisorReport.xml
8130_2_1.3T3/fmri/addition_2/behavioral/Short_Intervention_Scanner_wExample_July31_2014-8130-22.edat2
8130_2_1.3T3/fmri/addition_2/behavioral/Short_Intervention_Scanner_wExample_July31_2014-8130-22.txt
8130_2_1.3T3/fmri/addition_3/
8130_2_1.3T3/fmri/addition_3/behaviroal/
8130_2_1.3T3/fmri/addition_3/behaviroal/Short_Intervention_Scanner_wExample_July31_2014-8130-23-ExperimentAdvisorReport.xml
8130_2_1.3T3/fmri/addition_3/behaviroal/Short_Intervention_Scanner_wExample_July31_2014-8130-23.edat2
8130_2_1.3T3/fmri/addition_3/behaviroal/Short_Intervention_Scanner_wExample_July31_2014-8130-23.txt
8130_2_1.3T3/fmri/addition_4/
8130_2_1.3T3/fmri/addition_4/behavioral/
8130_2_1.3T3/fmri/addition_4/behavioral/Short_Intervention_Scanner_wExample_July31_2014-8130-24-ExperimentAdvisorReport.xml
8130_2_1.3T3/fmri/addition_4/behavioral/Short_Intervention_Scanner_wExample_July31_2014-8130-24.edat2
8130_2_1.3T3/fmri/addition_4/behavioral/Short_Intervention_Scanner_wExample_July31_2014-8130-24.txt
8130_2_1.3T3/fmri/resting_state_1/
8130_2_1.3T3/fmri/resting_state_1_redo/
8130_2_1.3T3/mri/
8130_2_1.3T3/mri/anatomy/
8130_2_1.3T3/mri/dti/
8130_2_1.3T3/strategy_assessment/
8130_2_1.3T3/strategy_assessment/Strategy_Assessment_ASD_Whiz_KeyPad_PostScan-8130-2-ExperimentAdvisorReport.xml
8130_2_1.3T3/strategy_assessment/Strategy_Assessment_ASD_Whiz_KeyPad_PostScan-8130-2.edat2
8130_2_1.3T3/strategy_assessment/Strategy_Assessment_ASD_Whiz_KeyPad_PostScan-8130-2.txt
8131_1_1.3T3/
8131_1_1.3T3/fmri/
8131_1_1.3T3/fmri/addition_1/
8131_1_1.3T3/fmri/addition_1/behavioral/
8131_1_1.3T3/fmri/addition_2/
8131_1_1.3T3/fmri/addition_2/behavioral/
8131_1_1.3T3/fmri/addition_3/
8131_1_1.3T3/fmri/addition_3/behaviroal/
8131_1_1.3T3/fmri/addition_4/
8131_1_1.3T3/fmri/addition_4/behavioral/
8131_1_1.3T3/fmri/resting_state_1/
8131_1_1.3T3/mri/
8131_1_1.3T3/mri/anatomy/
8131_1_1.3T3/mri/dti/
8131_1_1.3T3/strategy_assessment/
8131_2_1.3T3/
8131_2_1.3T3/after_scanner_memory_task/
8131_2_1.3T3/fmri/
8131_2_1.3T3/fmri/addition_1/
8131_2_1.3T3/fmri/addition_1/behavioral/
8131_2_1.3T3/fmri/addition_2/
8131_2_1.3T3/fmri/addition_2/behavioral/
8131_2_1.3T3/fmri/addition_3/
8131_2_1.3T3/fmri/addition_3/behaviroal/
8131_2_1.3T3/fmri/addition_4/
8131_2_1.3T3/fmri/addition_4/behavioral/
8131_2_1.3T3/fmri/resting_state_1/
8131_2_1.3T3/mri/
8131_2_1.3T3/mri/anatomy/
8131_2_1.3T3/mri/dti/
8131_2_1.3T3/strategy_assessment/
8133_1_1.3T3/
8133_1_1.3T3/behavioral/
8133_1_1.3T3/behavioral/training/
8133_1_1.3T3/fmri/
8133_1_1.3T3/fmri/level1_run1/
8133_1_1.3T3/fmri/level1_run1/behavioral/
8133_1_1.3T3/fmri/level1_run1_blipdown/
8133_1_1.3T3/fmri/level2_run1/
8133_1_1.3T3/fmri/level2_run1/behavioral/
8133_1_1.3T3/fmri/level2_run1_blipdown/
8133_1_1.3T3/fmri/level2_run2/
8133_1_1.3T3/fmri/level2_run2/behavioral/
8133_1_1.3T3/fmri/level2_run2_blipdown/
8133_1_1.3T3/fmri/level2_run3/
8133_1_1.3T3/fmri/level2_run3/behavioral/
8133_1_1.3T3/fmri/level2_run3_blipdown/
8133_1_1.3T3/fmri/level3_run1/
8133_1_1.3T3/fmri/level3_run1/behavioral/
8133_1_1.3T3/fmri/level3_run1_blipdown/
8133_1_1.3T3/fmri/level3_run2/
8133_1_1.3T3/fmri/level3_run2/behavioral/
8133_1_1.3T3/fmri/level3_run2_blipdown/
8133_1_1.3T3/fmri/level3_run3/
8133_1_1.3T3/fmri/level3_run3/behavioral/
8133_1_1.3T3/fmri/level3_run3_blipdown/
8133_1_1.3T3/fmri/resting_state_1/
8133_1_1.3T3/fmri/resting_state_1_blipdown/
8133_1_1.3T3/mri/
8133_1_1.3T3/mri/anatomy/
8133_1_1.3T3/mri/anatomy/multibandcoil/
8133_1_1.3T3/mri/anatomy/standardcoil/
8133_1_1.3T3/mri/dti/
8135_1_1.3T3/
8135_1_1.3T3/behavioral/
8135_1_1.3T3/fmri/
8135_1_1.3T3/fmri/level1_run1/
8135_1_1.3T3/fmri/level1_run1/behavioral/
8135_1_1.3T3/fmri/level1_run1_blipdown/
8135_1_1.3T3/fmri/level2_run1/
8135_1_1.3T3/fmri/level2_run1/behavioral/
8135_1_1.3T3/fmri/level2_run1_blipdown/
8135_1_1.3T3/fmri/level2_run2/
8135_1_1.3T3/fmri/level2_run2/behavioral/
8135_1_1.3T3/fmri/level2_run2_blipdown/
8135_1_1.3T3/fmri/level3_run1/
8135_1_1.3T3/fmri/level3_run1/behavioral/
8135_1_1.3T3/fmri/level3_run1_blipdown/
8135_1_1.3T3/fmri/level3_run2/
8135_1_1.3T3/fmri/level3_run2/behavioral/
8135_1_1.3T3/fmri/level3_run2_blipdown/
8135_1_1.3T3/fmri/level3_run3/
8135_1_1.3T3/fmri/level3_run3/behavioral/
8135_1_1.3T3/fmri/level3_run3_blipdown/
8135_1_1.3T3/fmri/level3_run4/
8135_1_1.3T3/fmri/level3_run4/behavioral/
8135_1_1.3T3/fmri/level3_run4_blipdown /
8135_1_1.3T3/fmri/level3_run5/
8135_1_1.3T3/fmri/level3_run5/behavioral/
8135_1_1.3T3/fmri/level3_run5_blipdown  /
8135_1_1.3T3/fmri/resting_state_1/
8135_1_1.3T3/fmri/resting_state_1_blipdown/
8135_1_1.3T3/mri/
8135_1_1.3T3/mri/anatomy/
8135_1_1.3T3/mri/anatomy/multibandcoil/
8135_1_1.3T3/mri/anatomy/standardcoil/
8135_1_1.3T3/mri/dti/
8136_1_1.3T3/
8136_1_1.3T3/behavioral/
8136_1_1.3T3/behavioral/CRT_main_gr-8136-1-ExperimentAdvisorReport.xml
8136_1_1.3T3/behavioral/CRT_main_gr-8136-1.edat2
8136_1_1.3T3/behavioral/CRT_main_gr-8136-1.txt
8136_1_1.3T3/behavioral/CSST_main_gr-8136-1-ExperimentAdvisorReport.xml
8136_1_1.3T3/behavioral/CSST_main_gr-8136-1.edat2
8136_1_1.3T3/behavioral/CSST_main_gr-8136-1.txt
8136_1_1.3T3/behavioral/CSST_main_gr-8136-2-ExperimentAdvisorReport.xml
8136_1_1.3T3/behavioral/CSST_main_gr-8136-2.edat2
8136_1_1.3T3/behavioral/CSST_main_gr-8136-2.txt
8136_1_1.3T3/behavioral/CSST_main_gr-8136-3-ExperimentAdvisorReport.xml
8136_1_1.3T3/behavioral/CSST_main_gr-8136-3.edat2
8136_1_1.3T3/behavioral/CSST_main_gr-8136-3.txt
8136_1_1.3T3/behavioral/CSST_main_gr-8136-4-ExperimentAdvisorReport.xml
8136_1_1.3T3/behavioral/CSST_main_gr-8136-4.edat2
8136_1_1.3T3/behavioral/CSST_main_gr-8136-4.txt
8136_1_1.3T3/behavioral/SST_main_gr-8136-1-ExperimentAdvisorReport.xml
8136_1_1.3T3/behavioral/SST_main_gr-8136-1.edat2
8136_1_1.3T3/behavioral/SST_main_gr-8136-1.txt
8136_1_1.3T3/behavioral/SST_main_gr-8136-2-ExperimentAdvisorReport.xml
8136_1_1.3T3/behavioral/SST_main_gr-8136-2.edat2
8136_1_1.3T3/behavioral/SST_main_gr-8136-2.txt
8136_1_1.3T3/behavioral/behavioral_practice/
8136_1_1.3T3/fmri/
8136_1_1.3T3/fmri/level1_run1/
8136_1_1.3T3/fmri/level1_run1/behavioral/
8136_1_1.3T3/fmri/level1_run1/behavioral/CRT_main_gr-8136-1-ExperimentAdvisorReport.xml
8136_1_1.3T3/fmri/level1_run1/behavioral/CRT_main_gr-8136-1.edat2
8136_1_1.3T3/fmri/level1_run1/behavioral/CRT_main_gr-8136-1.txt
8136_1_1.3T3/fmri/level1_run1_blipdown/
8136_1_1.3T3/fmri/level2_run1/
8136_1_1.3T3/fmri/level2_run1/behavioral/
8136_1_1.3T3/fmri/level2_run1/behavioral/SST_main_gr-8136-1-ExperimentAdvisorReport.xml
8136_1_1.3T3/fmri/level2_run1/behavioral/SST_main_gr-8136-1.edat2
8136_1_1.3T3/fmri/level2_run1/behavioral/SST_main_gr-8136-1.txt
8136_1_1.3T3/fmri/level2_run1_blipdown/
8136_1_1.3T3/fmri/level2_run2/
8136_1_1.3T3/fmri/level2_run2/behavioral/
8136_1_1.3T3/fmri/level2_run2/behavioral/SST_main_gr-8136-2-ExperimentAdvisorReport.xml
8136_1_1.3T3/fmri/level2_run2/behavioral/SST_main_gr-8136-2.edat2
8136_1_1.3T3/fmri/level2_run2/behavioral/SST_main_gr-8136-2.txt
8136_1_1.3T3/fmri/level2_run2_blipdown/
8136_1_1.3T3/fmri/level3_run1/
8136_1_1.3T3/fmri/level3_run1/behavioral/
8136_1_1.3T3/fmri/level3_run1/behavioral/CSST_main_gr-8136-1-ExperimentAdvisorReport.xml
8136_1_1.3T3/fmri/level3_run1/behavioral/CSST_main_gr-8136-1.edat2
8136_1_1.3T3/fmri/level3_run1/behavioral/CSST_main_gr-8136-1.txt
8136_1_1.3T3/fmri/level3_run1_blipdown/
8136_1_1.3T3/fmri/level3_run2/
8136_1_1.3T3/fmri/level3_run2/behavioral/
8136_1_1.3T3/fmri/level3_run2/behavioral/CSST_main_gr-8136-2-ExperimentAdvisorReport.xml
8136_1_1.3T3/fmri/level3_run2/behavioral/CSST_main_gr-8136-2.edat2
8136_1_1.3T3/fmri/level3_run2/behavioral/CSST_main_gr-8136-2.txt
8136_1_1.3T3/fmri/level3_run2_blipdown/
8136_1_1.3T3/fmri/level3_run3/
8136_1_1.3T3/fmri/level3_run3/behavioral/
8136_1_1.3T3/fmri/level3_run3/behavioral/CSST_main_gr-8136-3-ExperimentAdvisorReport.xml
8136_1_1.3T3/fmri/level3_run3/behavioral/CSST_main_gr-8136-3.edat2
8136_1_1.3T3/fmri/level3_run3/behavioral/CSST_main_gr-8136-3.txt
8136_1_1.3T3/fmri/level3_run3_blipdown/
8136_1_1.3T3/fmri/level3_run4/
8136_1_1.3T3/fmri/level3_run4/behavioral/
8136_1_1.3T3/fmri/level3_run4/behavioral/CSST_main_gr-8136-4-ExperimentAdvisorReport.xml
8136_1_1.3T3/fmri/level3_run4/behavioral/CSST_main_gr-8136-4.edat2
8136_1_1.3T3/fmri/level3_run4/behavioral/CSST_main_gr-8136-4.txt
8136_1_1.3T3/fmri/level3_run4_blipdown /
8136_1_1.3T3/fmri/resting_state_1/
8136_1_1.3T3/fmri/resting_state_1_blipdown/
8136_1_1.3T3/mri/
8136_1_1.3T3/mri/anatomy/
8136_1_1.3T3/mri/anatomy/multibandcoil/
8136_1_1.3T3/mri/anatomy/standardcoil/
8136_1_1.3T3/mri/dti/
9033_1_1.3T2/
9033_1_1.3T2/behavioral/
9033_1_1.3T2/behavioral/mock/
9033_1_1.3T2/behavioral/mock/Problem_Sets/
9033_1_1.3T2/behavioral/mock/Problem_Sets/Mock_Task/
9033_1_1.3T2/behavioral/mock/Results/
9033_1_1.3T2/behavioral/mock/Results/Mock_Task/
9033_1_1.3T2/behavioral/mock/Scripts/
9033_1_2.3T2/
9033_1_2.3T2/behavioral/
9033_1_2.3T2/behavioral/Problem_Sets/
9033_1_2.3T2/behavioral/Problem_Sets/Mock_Task/
9033_1_2.3T2/behavioral/Results/
9033_1_2.3T2/behavioral/Results/Mock_Task/
9033_2_1.3T2/
9033_2_1.3T2/behavioral/
9033_2_1.3T2/behavioral/Mock scan/
9033_2_1.3T2/behavioral/Results/
9033_2_1.3T2/behavioral/Results/Mock_Task/
9033_2_1.3T2/physio/
9033_2_1.3T2/physio/grid1/
9033_2_1.3T2/physio/grid2/
9033_2_1.3T2/physio/grid3/
9033_2_1.3T2/physio/grid4/
9033_2_1.3T2/physio/resting/
9033_2_1.3T2/physio/sym1/
9033_2_1.3T2/physio/sym2/
9033_2_1.3T2/physio/sym3/
9033_2_1.3T2/physio/sym4/
9033_2_1.3T2/physio/sym4_redo/
9072_1_1.3T2/
9072_1_1.3T2/behavioral/
9072_1_1.3T2/behavioral/Results/
9072_2_1.3T2/
9072_2_1.3T2/behavioral/
9072_2_1.3T2/behavioral/Mock scan/
9072_2_1.3T2/behavioral/Results/
9072_2_1.3T2/behavioral/Results/Mock_Task/
9072_2_1.3T2/physio/
9072_2_1.3T2/physio/grid1/
9072_2_1.3T2/physio/grid2/
9072_2_1.3T2/physio/grid3/
9072_2_1.3T2/physio/grid4/
9072_2_1.3T2/physio/resting/
9072_2_1.3T2/physio/sym1/
9072_2_1.3T2/physio/sym1_redo/
9072_2_1.3T2/physio/sym2/
9072_2_1.3T2/physio/sym2_redo/
9072_2_1.3T2/physio/sym3/
9072_2_1.3T2/physio/sym3_redo/
9072_2_1.3T2/physio/sym4/
9072_2_1.3T2/physio/sym4_redo/
9302_1_1.3T2/
9302_1_1.3T2/behavioral/
9302_1_1.3T2/behavioral/Mock scan/
9302_1_1.3T2/behavioral/Results/
9302_1_1.3T2/behavioral/Results/Mock_Task/
9302_1_1.3T2/physio/
9302_1_1.3T2/physio/grid1/
9302_1_1.3T2/physio/grid2/
9302_1_1.3T2/physio/grid3/
9302_1_1.3T2/physio/grid4/
9302_1_1.3T2/physio/resting/
9302_1_1.3T2/physio/sym1/
9302_1_1.3T2/physio/sym1_redo/
9302_1_1.3T2/physio/sym2/
9302_1_1.3T2/physio/sym2_redo/
9302_1_1.3T2/physio/sym3/
9302_1_1.3T2/physio/sym3_redo/
9302_1_1.3T2/physio/sym4/
9302_1_1.3T2/physio/sym4_redo/
9316_1_1.3T2/
9316_1_1.3T2/behavioral/
9316_1_1.3T2/behavioral/Mock scan/
9316_1_1.3T2/behavioral/Mock scan/MoTrak_9316_1_1.3T2_grid1.txt
9316_1_1.3T2/behavioral/Mock scan/MoTrak_9316_1_1.3T2_grid2.txt
9316_1_1.3T2/behavioral/Mock scan/MoTrak_9316_1_1.3T2_sym1.txt
9316_1_1.3T2/behavioral/Results/
9316_1_1.3T2/behavioral/Results/grid_run1_17_26_21.csv
9316_1_1.3T2/behavioral/Results/grid_run2_18_33_52.csv
9316_1_1.3T2/behavioral/Results/sym_run1_16_37_56.csv
9316_1_1.3T2/behavioral/Results/sym_run2_16_52_45.csv
9316_1_1.3T2/behavioral/Results/sym_run3_16_59_03.csv
9316_1_1.3T2/behavioral/Results/sym_run4_17_06_15.csv
9316_1_1.3T2/behavioral/Results/Mock_Task/
9316_1_1.3T2/behavioral/Results/Mock_Task/mock_grid_1_15_27_01.csv
9316_1_1.3T2/behavioral/Results/Mock_Task/mock_grid_2_15_32_23.csv
9316_1_1.3T2/behavioral/Results/Mock_Task/mock_sym_1_15_22_28.csv
9316_1_1.3T2/physio/
9316_1_1.3T2/physio/grid1/
9316_1_1.3T2/physio/grid1/P83968.physio
9316_1_1.3T2/physio/grid2/
9316_1_1.3T2/physio/grid2/P84992.physio
9316_1_1.3T2/physio/grid3/
9316_1_1.3T2/physio/grid4/
9316_1_1.3T2/physio/resting/
9316_1_1.3T2/physio/resting/P67072.physio
9316_1_1.3T2/physio/sym1/
9316_1_1.3T2/physio/sym1/P69120.physio
9316_1_1.3T2/physio/sym2/
9316_1_1.3T2/physio/sym2/P70144.physio
9316_1_1.3T2/physio/sym3/
9316_1_1.3T2/physio/sym3/P71168.physio
9316_1_1.3T2/physio/sym4/
9316_1_1.3T2/physio/sym4/P72192.physio
9347_1_1.3T2/
9347_1_1.3T2/behavioral/
9347_1_1.3T2/behavioral/Mock scan/
9347_1_1.3T2/behavioral/Results/
9347_1_1.3T2/behavioral/Results/Mock_Task/
9347_1_1.3T2/physio/
9347_1_1.3T2/physio/grid1/
9347_1_1.3T2/physio/grid2/
9347_1_1.3T2/physio/grid3/
9347_1_1.3T2/physio/grid4/
9347_1_1.3T2/physio/resting/
9347_1_1.3T2/physio/sym1/
9347_1_1.3T2/physio/sym1_redo/
9347_1_1.3T2/physio/sym2/
9347_1_1.3T2/physio/sym2_redo/
9347_1_1.3T2/physio/sym3/
9347_1_1.3T2/physio/sym3_redo/
9347_1_1.3T2/physio/sym4/
9347_1_1.3T2/physio/sym4_redo/

sent 10,972 bytes  received 18,182,011 bytes  25,180.60 bytes/sec
total size is 46,529,414,643  speedup is 2,557.55
rsyncing behavioral data
ex12102 poorly formatted
ex12261 poorly formatted
ex12512 poorly formatted
ex12225 poorly formatted
ex12181 poorly formatted
ex12443 poorly formatted
ex12394 poorly formatted
ex12352 poorly formatted
ex12319 poorly formatted
ex12318 poorly formatted
ex12398 poorly formatted
ex12450 poorly formatted
ex12354 poorly formatted
ex12444 poorly formatted
ex12262 poorly formatted
ex12085 poorly formatted
ex12097 poorly formatted
ex12264 poorly formatted
ex12503 poorly formatted
ex12395 poorly formatted
ex12125 poorly formatted
ex12221 poorly formatted
ex12220 poorly formatted
ex12202 poorly formatted
ex12180 poorly formatted
ex12451 poorly formatted
ex12263 poorly formatted
ex12179 poorly formatted
ex12353 poorly formatted
ex12584 poorly formatted
ex12585 poorly formatted
ex12587 poorly formatted
ex12589 poorly formatted
ex12590 poorly formatted
ex12626 poorly formatted
ex12627 poorly formatted
ex12644 poorly formatted
ex12650 poorly formatted
ex12651 poorly formatted
ex12652 poorly formatted
ex12661 poorly formatted
ex12662 poorly formatted
ex12663 poorly formatted
ex12664 poorly formatted
ex12673 poorly formatted
ex12674 poorly formatted
ex12675 poorly formatted
ex12709 poorly formatted
ex12766 poorly formatted
ex12775 poorly formatted
ex12789 poorly formatted
ex12796 poorly formatted
ex12819 poorly formatted
ex12824 poorly formatted
ex12879 poorly formatted
ex12873 poorly formatted
ex12934 poorly formatted
ex12935 poorly formatted
ex12939 poorly formatted
ex12940 poorly formatted
ex12941 poorly formatted
ex12942 poorly formatted
ex12943 poorly formatted
ex12944 poorly formatted
ex12945 poorly formatted
ex12980 poorly formatted
ex12982 poorly formatted
ex12983 poorly formatted
ex13011 poorly formatted
ex13013 poorly formatted
ex13014 poorly formatted
ex13015 poorly formatted
ex13016 poorly formatted
ex13017 poorly formatted
ex13027 poorly formatted
ex13042 poorly formatted
ex13043 poorly formatted
ex13081 poorly formatted
ex13082 poorly formatted
ex13119 poorly formatted
ex13120 poorly formatted
ex13125 poorly formatted
ex13153 poorly formatted
ex13154 poorly formatted
ex13259 poorly formatted
ex13260 poorly formatted
ex13283 poorly formatted
ex13298 poorly formatted
ex13359 poorly formatted
ex13363 poorly formatted
ex13410 poorly formatted
ex13412 poorly formatted
ex13453 poorly formatted
ex13490 poorly formatted
ex13493 poorly formatted
ex13495 poorly formatted
ex13258 poorly formatted
ex3028 poorly formatted
ex13496 poorly formatted
ex13357 poorly formatted
ex13356 poorly formatted
ex13361 poorly formatted
ex13401 poorly formatted
ex13402 poorly formatted
ex13403 poorly formatted
ex2945 poorly formatted
ex13407 poorly formatted
ex13408 poorly formatted
ex13411 poorly formatted
ex13469 poorly formatted
ex13542 poorly formatted
ex13815 poorly formatted
16-03-20.1 poorly formatted
16-11-06.2 poorly formatted
new mathwhiz scan found: 8130_2_1
