receiving incremental file list
./
100509_1_1.3T2/
100509_1_1.3T2/fmri/
100509_1_1.3T2/fmri/grid1/
100509_1_1.3T2/fmri/grid1/behavioral/
100509_1_1.3T2/fmri/grid2/
100509_1_1.3T2/fmri/grid2/behavioral/
100509_1_1.3T2/fmri/grid3/
100509_1_1.3T2/fmri/grid3/behavioral/
100509_1_1.3T2/fmri/grid4/
100509_1_1.3T2/fmri/grid4/behavioral/
100509_1_1.3T2/fmri/sym1/
100509_1_1.3T2/fmri/sym1/behavioral/
100509_1_1.3T2/fmri/sym2/
100509_1_1.3T2/fmri/sym2/behavioral/
100509_1_1.3T2/fmri/sym3/
100509_1_1.3T2/fmri/sym3/behavioral/
100509_1_1.3T2/fmri/sym4/
100509_1_1.3T2/fmri/sym4/behavioral/
100509_1_1.3T2/mock_scan/
100509_1_1.3T2/mri/
100509_1_1.3T2/mri/anatomy/
100509_1_1.3T2/mri/dti/
100509_1_1.3T2/mri/dti/100509_1_1.3T2/
100509_1_1.3T2/mri/dti/100509_1_1.3T2/001/
100509_1_1.3T2/mri/dti/100509_1_1.3T2/002/
100509_1_1.3T2/mri/dti/100509_1_1.3T2/005/
