receiving incremental file list
./
7533_4_1.3T3/
7533_4_1.3T3/fmri/
7533_4_1.3T3/fmri/encoding_1/
7533_4_1.3T3/fmri/encoding_1/behavioral/
7533_4_1.3T3/fmri/encoding_2/
7533_4_1.3T3/fmri/encoding_2/behavioral/
7533_4_1.3T3/fmri/localizer/
7533_4_1.3T3/fmri/localizer/behavioral/
7533_4_1.3T3/fmri/resting_1/
7533_4_1.3T3/fmri/resting_2/
7533_4_1.3T3/fmri/retrieval_1/
7533_4_1.3T3/fmri/retrieval_1/behavioral/
7533_4_1.3T3/fmri/retrieval_2/
7533_4_1.3T3/fmri/retrieval_2/behavioral/
7533_4_1.3T3/fmri/retrieval_3/
7533_4_1.3T3/fmri/retrieval_3/behavioral/
7533_4_1.3T3/fmri/retrieval_4/
7533_4_1.3T3/fmri/retrieval_4/behavioral/
7533_4_1.3T3/mri/
7942_3_1.3T3/
7942_3_1.3T3/fmri/
7942_3_1.3T3/fmri/BART_1/
7942_3_1.3T3/fmri/BART_1/behavioral/
7942_3_1.3T3/fmri/Emotion_match_1/
7942_3_1.3T3/fmri/Emotion_match_1/behavioral/
7942_3_1.3T3/fmri/Emotion_match_1_redo/
7942_3_1.3T3/fmri/Emotion_match_1_redo/behavioral/
7942_3_1.3T3/fmri/Emotion_match_1_redo2/
7942_3_1.3T3/fmri/Emotion_match_1_redo2/behavioral/
7942_3_1.3T3/fmri/Emotion_regulation_1/
7942_3_1.3T3/fmri/Emotion_regulation_1/behavioral/
7942_3_1.3T3/fmri/Emotion_regulation_2/
7942_3_1.3T3/fmri/Emotion_regulation_2/behavioral/
7942_3_1.3T3/fmri/SST_1/
7942_3_1.3T3/fmri/SST_1/behavioral/
7942_3_1.3T3/fmri/SST_2/
7942_3_1.3T3/fmri/SST_2/behavioral/
7942_3_1.3T3/mri/
7947_3_1.3T3/
7947_3_1.3T3/fmri/
7947_3_1.3T3/fmri/BART_1/
7947_3_1.3T3/fmri/BART_1/behavioral/
7947_3_1.3T3/fmri/Emotion_match_1/
7947_3_1.3T3/fmri/Emotion_match_1/behavioral/
7947_3_1.3T3/fmri/Emotion_regulation_1/
7947_3_1.3T3/fmri/Emotion_regulation_1/behavioral/
7947_3_1.3T3/fmri/Emotion_regulation_2/
7947_3_1.3T3/fmri/Emotion_regulation_2/behavioral/
7947_3_1.3T3/fmri/SST_1/
7947_3_1.3T3/fmri/SST_1/behavioral/
7947_3_1.3T3/fmri/SST_2/
7947_3_1.3T3/fmri/SST_2/behavioral/
7947_3_1.3T3/mri/
7992_3_1.3T3/
7992_3_1.3T3/fmri/
7992_3_1.3T3/fmri/addition_1/
7992_3_1.3T3/fmri/addition_1/behavioral/
7992_3_1.3T3/fmri/addition_2/
7992_3_1.3T3/fmri/addition_2/behavioral/
7992_3_1.3T3/fmri/addition_3/
7992_3_1.3T3/fmri/addition_3/behaviroal/
7992_3_1.3T3/fmri/addition_4/
7992_3_1.3T3/fmri/addition_4/behavioral/
7992_3_1.3T3/mri/
7992_3_1.3T3/strategy_assessment/
8128_1_1.3T3/
8128_1_1.3T3/behavioral/
8128_1_1.3T3/fmri/
8128_1_1.3T3/fmri/level1_run1/
8128_1_1.3T3/fmri/level2_run1/
8128_1_1.3T3/fmri/level2_run2/
8128_1_1.3T3/fmri/level3_run1/
8128_1_1.3T3/fmri/level3_run2/
8128_1_1.3T3/fmri/level3_run3/
8128_1_1.3T3/mri/
8128_1_1.3T3/mri/anatomy/
8128_1_1.3T3/mri/anatomy/multibandcoil/
8128_1_1.3T3/mri/anatomy/standardcoil/
8128_1_1.3T3/mri/anatomy/standardcoil/001/
8128_1_1.3T3/mri/anatomy/standardcoil/002/
8136_1_1.3T3/
8136_1_1.3T3/behavioral/
8136_1_1.3T3/behavioral/behavioral_practice/
8136_1_1.3T3/fmri/
8136_1_1.3T3/fmri/level1_run1/
8136_1_1.3T3/fmri/level1_run1/behavioral/
8136_1_1.3T3/fmri/level2_run1/
8136_1_1.3T3/fmri/level2_run1/behavioral/
8136_1_1.3T3/fmri/level2_run2/
8136_1_1.3T3/fmri/level2_run2/behavioral/
8136_1_1.3T3/fmri/level3_run1/
8136_1_1.3T3/fmri/level3_run1/behavioral/
8136_1_1.3T3/fmri/level3_run2/
8136_1_1.3T3/fmri/level3_run2/behavioral/
8136_1_1.3T3/fmri/level3_run3/
8136_1_1.3T3/fmri/level3_run3/behavioral/
8136_1_1.3T3/fmri/level3_run4/
8136_1_1.3T3/fmri/level3_run4/behavioral/
8136_1_1.3T3/mri/
8136_1_1.3T3/mri/anatomy/
9033_1_1.3T2/
9033_1_1.3T2/behavioral/
9033_1_1.3T2/behavioral/mock/
9033_1_1.3T2/behavioral/mock/Problem_Sets/
9033_1_1.3T2/behavioral/mock/Problem_Sets/Mock_Task/
9033_1_1.3T2/behavioral/mock/Results/
9033_1_1.3T2/behavioral/mock/Results/Mock_Task/
9033_1_1.3T2/behavioral/mock/Scripts/
9302_2_1.3T2/
9302_2_1.3T2/behavioral/
9302_2_1.3T2/behavioral/Mock scan/
9302_2_1.3T2/behavioral/Results/
9302_2_1.3T2/behavioral/Results/Mock_Task/
9302_2_1.3T2/physio/
9302_2_1.3T2/physio/grid1/
9302_2_1.3T2/physio/grid2/
9302_2_1.3T2/physio/grid3/
9302_2_1.3T2/physio/grid4/
9302_2_1.3T2/physio/resting/
9302_2_1.3T2/physio/sym1/
9302_2_1.3T2/physio/sym1_redo/
9302_2_1.3T2/physio/sym2/
9302_2_1.3T2/physio/sym2_redo/
9302_2_1.3T2/physio/sym3_redo/
9302_2_1.3T2/physio/sym4/
9302_2_1.3T2/physio/sym4_redo/
9316_1_1.3T2/
9316_1_1.3T2/behavioral/
9316_1_1.3T2/behavioral/Mock scan/
9316_1_1.3T2/behavioral/Results/
9316_1_1.3T2/behavioral/Results/Mock_Task/
9316_1_1.3T2/physio/
9316_1_1.3T2/physio/grid1/
9316_1_1.3T2/physio/grid2/
9316_1_1.3T2/physio/grid3/
9316_1_1.3T2/physio/grid4/
9316_1_1.3T2/physio/resting/
9316_1_1.3T2/physio/sym1/
9316_1_1.3T2/physio/sym2/
9316_1_1.3T2/physio/sym3/
9316_1_1.3T2/physio/sym4/
9347_1_1.3T2/
9347_1_1.3T2/behavioral/
9347_1_1.3T2/behavioral/Mock scan/
9347_1_1.3T2/behavioral/Results/
9347_1_1.3T2/behavioral/Results/Mock_Task/
9347_1_1.3T2/physio/
9347_1_1.3T2/physio/grid1/
9347_1_1.3T2/physio/grid2/
9347_1_1.3T2/physio/grid3/
9347_1_1.3T2/physio/grid4/
9347_1_1.3T2/physio/resting/
9347_1_1.3T2/physio/sym1/
9347_1_1.3T2/physio/sym1_redo/
9347_1_1.3T2/physio/sym2/
9347_1_1.3T2/physio/sym2_redo/
9347_1_1.3T2/physio/sym3/
9347_1_1.3T2/physio/sym3_redo/
9347_1_1.3T2/physio/sym4/
9347_1_1.3T2/physio/sym4_redo/

sent 714 bytes  received 15,961 bytes  1,075.81 bytes/sec
total size is 41,866,337  speedup is 2,510.72
Archive:  /oak/stanford/groups/menon/rawdata/scsnl/9316/visit1/session1/anatomical/orig_3D_Volume/1.2.840.113619.2.440.1599194.3214630.22157.1534886816.468_1.dicom.zip
{"group": {"_id": "menon"}, "project": {"label": "met"}, "session": {"uid": "1.2.840.113619.6.440.288346805763592465449540368057314042364", "timestamp": "2018-08-26T15:57:23-07:00", "label": "9316_1_1.3T2", "operator": "R^J", "timezone": "America/Los_Angeles", "subject": {"code": "9316_1_1.3T2"}}, "acquisition": {"files": [{"type": "dicom", "name": "1.2.840.113619.2.440.1599194.3214630.22157.1534886816.468_1.dicom.zip"}], "timezone": "America/Los_Angeles", "uid": "1.2.840.113619.2.440.1599194.3214630.22157.1534886816.468_1", "timestamp": "2018-08-26T18:14:32-07:00", "label": "ORIG 3D_Volume_redo"}}
  inflating: 1.2.840.113619.2.440.1599194.3214630.22157.1534886816.468_1.dicom/MR.1.2.840.113619.2.440.1599194.3214630.22157.1534886816.536.dcm  
  inflating: 1.2.840.113619.2.440.1599194.3214630.22157.1534886816.468_1.dicom/MR.1.2.840.113619.2.440.1599194.3214630.22157.1534886816.529.dcm  
  inflating: 1.2.840.113619.2.440.1599194.3214630.22157.1534886816.468_1.dicom/MR.1.2.840.113619.2.440.1599194.3214630.22157.1534886816.534.dcm  
  inflating: 1.2.840.113619.2.440.1599194.3214630.22157.1534886816.468_1.dicom/MR.1.2.840.113619.2.440.1599194.3214630.22157.1534886816.537.dcm  
  inflating: 1.2.840.113619.2.440.1599194.3214630.22157.1534886816.468_1.dicom/MR.1.2.840.113619.2.440.1599194.3214630.22157.1534886816.524.dcm  
  inflating: 1.2.840.113619.2.440.1599194.3214630.22157.1534886816.468_1.dicom/MR.1.2.840.113619.2.440.1599194.3214630.22157.1534886816.482.dcm  
  inflating: 1.2.840.113619.2.440.1599194.3214630.22157.1534886816.468_1.dicom/MR.1.2.840.113619.2.440.1599194.3214630.22157.1534886816.551.dcm  
  inflating: 1.2.840.113619.2.440.1599194.3214630.22157.1534886816.468_1.dicom/MR.1.2.840.113619.2.440.1599194.3214630.22157.1534886816.526.dcm  
  inflating: 1.2.840.113619.2.440.1599194.3214630.22157.1534886816.468_1.dicom/MR.1.2.840.113619.2.440.1599194.3214630.22157.1534886816.528.dcm  
  inflating: 1.2.840.113619.2.440.1599194.3214630.22157.1534886816.468_1.dicom/MR.1.2.840.113619.2.440.1599194.3214630.22157.1534886816.561.dcm  
  inflating: 1.2.840.113619.2.440.1599194.3214630.22157.1534886816.468_1.dicom/MR.1.2.840.113619.2.440.1599194.3214630.22157.1534886816.549.dcm  
  inflating: 1.2.840.113619.2.440.1599194.3214630.22157.1534886816.468_1.dicom/MR.1.2.840.113619.2.440.1599194.3214630.22157.1534886816.507.dcm  
  inflating: 1.2.840.113619.2.440.1599194.3214630.22157.1534886816.468_1.dicom/MR.1.2.840.113619.2.440.1599194.3214630.22157.1534886816.540.dcm  
  inflating: 1.2.840.113619.2.440.1599194.3214630.22157.1534886816.468_1.dicom/MR.1.2.840.113619.2.440.1599194.3214630.22157.1534886816.522.dcm  
  inflating: 1.2.840.113619.2.440.1599194.3214630.22157.1534886816.468_1.dicom/MR.1.2.840.113619.2.440.1599194.3214630.22157.1534886816.480.dcm  
  inflating: 1.2.840.113619.2.440.1599194.3214630.22157.1534886816.468_1.dicom/MR.1.2.840.113619.2.440.1599194.3214630.22157.1534886816.496.dcm  
  inflating: 1.2.840.113619.2.440.1599194.3214630.22157.1534886816.468_1.dicom/MR.1.2.840.113619.2.440.1599194.3214630.22157.1534886816.481.dcm  
  inflating: 1.2.840.113619.2.440.1599194.3214630.22157.1534886816.468_1.dicom/MR.1.2.840.113619.2.440.1599194.3214630.22157.1534886816.557.dcm  
  inflating: 1.2.840.113619.2.440.1599194.3214630.22157.1534886816.468_1.dicom/MR.1.2.840.113619.2.440.1599194.3214630.22157.1534886816.518.dcm  
  inflating: 1.2.840.113619.2.440.1599194.3214630.22157.1534886816.468_1.dicom/MR.1.2.840.113619.2.440.1599194.3214630.22157.1534886816.517.dcm  
  inflating: 1.2.840.113619.2.440.1599194.3214630.22157.1534886816.468_1.dicom/MR.1.2.840.113619.2.440.1599194.3214630.22157.1534886816.589.dcm  
  inflating: 1.2.840.113619.2.440.1599194.3214630.22157.1534886816.468_1.dicom/MR.1.2.840.113619.2.440.1599194.3214630.22157.1534886816.500.dcm  
  inflating: 1.2.840.113619.2.440.1599194.3214630.22157.1534886816.468_1.dicom/MR.1.2.840.113619.2.440.1599194.3214630.22157.1534886816.515.dcm  
  inflating: 1.2.840.113619.2.440.1599194.3214630.22157.1534886816.468_1.dicom/MR.1.2.840.113619.2.440.1599194.3214630.22157.1534886816.542.dcm  
  inflating: 1.2.840.113619.2.440.1599194.3214630.22157.1534886816.468_1.dicom/MR.1.2.840.113619.2.440.1599194.3214630.22157.1534886816.511.dcm  
  inflating: 1.2.840.113619.2.440.1599194.3214630.22157.1534886816.468_1.dicom/MR.1.2.840.113619.2.440.1599194.3214630.22157.1534886816.483.dcm  
  inflating: 1.2.840.113619.2.440.1599194.3214630.22157.1534886816.468_1.dicom/MR.1.2.840.113619.2.440.1599194.3214630.22157.1534886816.503.dcm  
  inflating: 1.2.840.113619.2.440.1599194.3214630.22157.1534886816.468_1.dicom/MR.1.2.840.113619.2.440.1599194.3214630.22157.1534886816.473.dcm  
  inflating: 1.2.840.113619.2.440.1599194.3214630.22157.1534886816.468_1.dicom/MR.1.2.840.113619.2.440.1599194.3214630.22157.1534886816.525.dcm  
  inflating: 1.2.840.113619.2.440.1599194.3214630.22157.1534886816.468_1.dicom/MR.1.2.840.113619.2.440.1599194.3214630.22157.1534886816.562.dcm  
  inflating: 1.2.840.113619.2.440.1599194.3214630.22157.1534886816.468_1.dicom/MR.1.2.840.113619.2.440.1599194.3214630.22157.1534886816.495.dcm  
  inflating: 1.2.840.113619.2.440.1599194.3214630.22157.1534886816.468_1.dicom/MR.1.2.840.113619.2.440.1599194.3214630.22157.1534886816.472.dcm  
  inflating: 1.2.840.113619.2.440.1599194.3214630.22157.1534886816.468_1.dicom/MR.1.2.840.113619.2.440.1599194.3214630.22157.1534886816.527.dcm  
  inflating: 1.2.840.113619.2.440.1599194.3214630.22157.1534886816.468_1.dicom/MR.1.2.840.113619.2.440.1599194.3214630.22157.1534886816.516.dcm  
  inflating: 1.2.840.113619.2.440.1599194.3214630.22157.1534886816.468_1.dicom/MR.1.2.840.113619.2.440.1599194.3214630.22157.1534886816.538.dcm  
  inflating: 1.2.840.113619.2.440.1599194.3214630.22157.1534886816.468_1.dicom/MR.1.2.840.113619.2.440.1599194.3214630.22157.1534886816.554.dcm  
  inflating: 1.2.840.113619.2.440.1599194.3214630.22157.1534886816.468_1.dicom/MR.1.2.840.113619.2.440.1599194.3214630.22157.1534886816.505.dcm  
  inflating: 1.2.840.113619.2.440.1599194.3214630.22157.1534886816.468_1.dicom/MR.1.2.840.113619.2.440.1599194.3214630.22157.1534886816.521.dcm  
  inflating: 1.2.840.113619.2.440.1599194.3214630.22157.1534886816.468_1.dicom/MR.1.2.840.113619.2.440.1599194.3214630.22157.1534886816.475.dcm  
  inflating: 1.2.840.113619.2.440.1599194.3214630.22157.1534886816.468_1.dicom/MR.1.2.840.113619.2.440.1599194.3214630.22157.1534886816.499.dcm  
  inflating: 1.2.840.113619.2.440.1599194.3214630.22157.1534886816.468_1.dicom/MR.1.2.840.113619.2.440.1599194.3214630.22157.1534886816.556.dcm  
  inflating: 1.2.840.113619.2.440.1599194.3214630.22157.1534886816.468_1.dicom/MR.1.2.840.113619.2.440.1599194.3214630.22157.1534886816.563.dcm  
  inflating: 1.2.840.113619.2.440.1599194.3214630.22157.1534886816.468_1.dicom/MR.1.2.840.113619.2.440.1599194.3214630.22157.1534886816.510.dcm  
  inflating: 1.2.840.113619.2.440.1599194.3214630.22157.1534886816.468_1.dicom/MR.1.2.840.113619.2.440.1599194.3214630.22157.1534886816.552.dcm  
  inflating: 1.2.840.113619.2.440.1599194.3214630.22157.1534886816.468_1.dicom/MR.1.2.840.113619.2.440.1599194.3214630.22157.1534886816.471.dcm  
  inflating: 1.2.840.113619.2.440.1599194.3214630.22157.1534886816.468_1.dicom/MR.1.2.840.113619.2.440.1599194.3214630.22157.1534886816.497.dcm  
  inflating: 1.2.840.113619.2.440.1599194.3214630.22157.1534886816.468_1.dicom/MR.1.2.840.113619.2.440.1599194.3214630.22157.1534886816.553.dcm  
  inflating: 1.2.840.113619.2.440.1599194.3214630.22157.1534886816.468_1.dicom/MR.1.2.840.113619.2.440.1599194.3214630.22157.1534886816.488.dcm  
  inflating: 1.2.840.113619.2.440.1599194.3214630.22157.1534886816.468_1.dicom/MR.1.2.840.113619.2.440.1599194.3214630.22157.1534886816.572.dcm  
  inflating: 1.2.840.113619.2.440.1599194.3214630.22157.1534886816.468_1.dicom/MR.1.2.840.113619.2.440.1599194.3214630.22157.1534886816.469.dcm  
  inflating: 1.2.840.113619.2.440.1599194.3214630.22157.1534886816.468_1.dicom/MR.1.2.840.113619.2.440.1599194.3214630.22157.1534886816.479.dcm  
  inflating: 1.2.840.113619.2.440.1599194.3214630.22157.1534886816.468_1.dicom/MR.1.2.840.113619.2.440.1599194.3214630.22157.1534886816.501.dcm  
  inflating: 1.2.840.113619.2.440.1599194.3214630.22157.1534886816.468_1.dicom/MR.1.2.840.113619.2.440.1599194.3214630.22157.1534886816.487.dcm  
  inflating: 1.2.840.113619.2.440.1599194.3214630.22157.1534886816.468_1.dicom/MR.1.2.840.113619.2.440.1599194.3214630.22157.1534886816.539.dcm  
  inflating: 1.2.840.113619.2.440.1599194.3214630.22157.1534886816.468_1.dicom/MR.1.2.840.113619.2.440.1599194.3214630.22157.1534886816.477.dcm  
  inflating: 1.2.840.113619.2.440.1599194.3214630.22157.1534886816.468_1.dicom/MR.1.2.840.113619.2.440.1599194.3214630.22157.1534886816.467.dcm  
  inflating: 1.2.840.113619.2.440.1599194.3214630.22157.1534886816.468_1.dicom/MR.1.2.840.113619.2.440.1599194.3214630.22157.1534886816.508.dcm  
  inflating: 1.2.840.113619.2.440.1599194.3214630.22157.1534886816.468_1.dicom/MR.1.2.840.113619.2.440.1599194.3214630.22157.1534886816.519.dcm  
  inflating: 1.2.840.113619.2.440.1599194.3214630.22157.1534886816.468_1.dicom/MR.1.2.840.113619.2.440.1599194.3214630.22157.1534886816.474.dcm  
  inflating: 1.2.840.113619.2.440.1599194.3214630.22157.1534886816.468_1.dicom/MR.1.2.840.113619.2.440.1599194.3214630.22157.1534886816.523.dcm  
  inflating: 1.2.840.113619.2.440.1599194.3214630.22157.1534886816.468_1.dicom/MR.1.2.840.113619.2.440.1599194.3214630.22157.1534886816.573.dcm  
  inflating: 1.2.840.113619.2.440.1599194.3214630.22157.1534886816.468_1.dicom/MR.1.2.840.113619.2.440.1599194.3214630.22157.1534886816.571.dcm  
  inflating: 1.2.840.113619.2.440.1599194.3214630.22157.1534886816.468_1.dicom/MR.1.2.840.113619.2.440.1599194.3214630.22157.1534886816.590.dcm  
  inflating: 1.2.840.113619.2.440.1599194.3214630.22157.1534886816.468_1.dicom/MR.1.2.840.113619.2.440.1599194.3214630.22157.1534886816.578.dcm  
  inflating: 1.2.840.113619.2.440.1599194.3214630.22157.1534886816.468_1.dicom/MR.1.2.840.113619.2.440.1599194.3214630.22157.1534886816.582.dcm  
  inflating: 1.2.840.113619.2.440.1599194.3214630.22157.1534886816.468_1.dicom/MR.1.2.840.113619.2.440.1599194.3214630.22157.1534886816.531.dcm  
  inflating: 1.2.840.113619.2.440.1599194.3214630.22157.1534886816.468_1.dicom/MR.1.2.840.113619.2.440.1599194.3214630.22157.1534886816.564.dcm  
  inflating: 1.2.840.113619.2.440.1599194.3214630.22157.1534886816.468_1.dicom/MR.1.2.840.113619.2.440.1599194.3214630.22157.1534886816.574.dcm  
  inflating: 1.2.840.113619.2.440.1599194.3214630.22157.1534886816.468_1.dicom/MR.1.2.840.113619.2.440.1599194.3214630.22157.1534886816.583.dcm  
  inflating: 1.2.840.113619.2.440.1599194.3214630.22157.1534886816.468_1.dicom/MR.1.2.840.113619.2.440.1599194.3214630.22157.1534886816.577.dcm  
  inflating: 1.2.840.113619.2.440.1599194.3214630.22157.1534886816.468_1.dicom/MR.1.2.840.113619.2.440.1599194.3214630.22157.1534886816.585.dcm  
  inflating: 1.2.840.113619.2.440.1599194.3214630.22157.1534886816.468_1.dicom/MR.1.2.840.113619.2.440.1599194.3214630.22157.1534886816.567.dcm  
  inflating: 1.2.840.113619.2.440.1599194.3214630.22157.1534886816.468_1.dicom/MR.1.2.840.113619.2.440.1599194.3214630.22157.1534886816.575.dcm  
  inflating: 1.2.840.113619.2.440.1599194.3214630.22157.1534886816.468_1.dicom/MR.1.2.840.113619.2.440.1599194.3214630.22157.1534886816.581.dcm  
  inflating: 1.2.840.113619.2.440.1599194.3214630.22157.1534886816.468_1.dicom/MR.1.2.840.113619.2.440.1599194.3214630.22157.1534886816.580.dcm  
  inflating: 1.2.840.113619.2.440.1599194.3214630.22157.1534886816.468_1.dicom/MR.1.2.840.113619.2.440.1599194.3214630.22157.1534886816.588.dcm  
  inflating: 1.2.840.113619.2.440.1599194.3214630.22157.1534886816.468_1.dicom/MR.1.2.840.113619.2.440.1599194.3214630.22157.1534886816.535.dcm  
  inflating: 1.2.840.113619.2.440.1599194.3214630.22157.1534886816.468_1.dicom/MR.1.2.840.113619.2.440.1599194.3214630.22157.1534886816.532.dcm  
  inflating: 1.2.840.113619.2.440.1599194.3214630.22157.1534886816.468_1.dicom/MR.1.2.840.113619.2.440.1599194.3214630.22157.1534886816.559.dcm  
  inflating: 1.2.840.113619.2.440.1599194.3214630.22157.1534886816.468_1.dicom/MR.1.2.840.113619.2.440.1599194.3214630.22157.1534886816.533.dcm  
  inflating: 1.2.840.113619.2.440.1599194.3214630.22157.1534886816.468_1.dicom/MR.1.2.840.113619.2.440.1599194.3214630.22157.1534886816.550.dcm  
  inflating: 1.2.840.113619.2.440.1599194.3214630.22157.1534886816.468_1.dicom/MR.1.2.840.113619.2.440.1599194.3214630.22157.1534886816.530.dcm  
  inflating: 1.2.840.113619.2.440.1599194.3214630.22157.1534886816.468_1.dicom/MR.1.2.840.113619.2.440.1599194.3214630.22157.1534886816.565.dcm  
  inflating: 1.2.840.113619.2.440.1599194.3214630.22157.1534886816.468_1.dicom/MR.1.2.840.113619.2.440.1599194.3214630.22157.1534886816.558.dcm  
  inflating: 1.2.840.113619.2.440.1599194.3214630.22157.1534886816.468_1.dicom/MR.1.2.840.113619.2.440.1599194.3214630.22157.1534886816.576.dcm  
  inflating: 1.2.840.113619.2.440.1599194.3214630.22157.1534886816.468_1.dicom/MR.1.2.840.113619.2.440.1599194.3214630.22157.1534886816.512.dcm  
  inflating: 1.2.840.113619.2.440.1599194.3214630.22157.1534886816.468_1.dicom/MR.1.2.840.113619.2.440.1599194.3214630.22157.1534886816.490.dcm  
  inflating: 1.2.840.113619.2.440.1599194.3214630.22157.1534886816.468_1.dicom/MR.1.2.840.113619.2.440.1599194.3214630.22157.1534886816.513.dcm  
  inflating: 1.2.840.113619.2.440.1599194.3214630.22157.1534886816.468_1.dicom/MR.1.2.840.113619.2.440.1599194.3214630.22157.1534886816.502.dcm  
  inflating: 1.2.840.113619.2.440.1599194.3214630.22157.1534886816.468_1.dicom/MR.1.2.840.113619.2.440.1599194.3214630.22157.1534886816.494.dcm  
  inflating: 1.2.840.113619.2.440.1599194.3214630.22157.1534886816.468_1.dicom/MR.1.2.840.113619.2.440.1599194.3214630.22157.1534886816.543.dcm  
  inflating: 1.2.840.113619.2.440.1599194.3214630.22157.1534886816.468_1.dicom/MR.1.2.840.113619.2.440.1599194.3214630.22157.1534886816.476.dcm  
  inflating: 1.2.840.113619.2.440.1599194.3214630.22157.1534886816.468_1.dicom/MR.1.2.840.113619.2.440.1599194.3214630.22157.1534886816.506.dcm  
  inflating: 1.2.840.113619.2.440.1599194.3214630.22157.1534886816.468_1.dicom/MR.1.2.840.113619.2.440.1599194.3214630.22157.1534886816.591.dcm  
  inflating: 1.2.840.113619.2.440.1599194.3214630.22157.1534886816.468_1.dicom/MR.1.2.840.113619.2.440.1599194.3214630.22157.1534886816.520.dcm  
  inflating: 1.2.840.113619.2.440.1599194.3214630.22157.1534886816.468_1.dicom/MR.1.2.840.113619.2.440.1599194.3214630.22157.1534886816.548.dcm  
  inflating: 1.2.840.113619.2.440.1599194.3214630.22157.1534886816.468_1.dicom/MR.1.2.840.113619.2.440.1599194.3214630.22157.1534886816.555.dcm  
  inflating: 1.2.840.113619.2.440.1599194.3214630.22157.1534886816.468_1.dicom/MR.1.2.840.113619.2.440.1599194.3214630.22157.1534886816.498.dcm  
  inflating: 1.2.840.113619.2.440.1599194.3214630.22157.1534886816.468_1.dicom/MR.1.2.840.113619.2.440.1599194.3214630.22157.1534886816.566.dcm  
  inflating: 1.2.840.113619.2.440.1599194.3214630.22157.1534886816.468_1.dicom/MR.1.2.840.113619.2.440.1599194.3214630.22157.1534886816.514.dcm  
  inflating: 1.2.840.113619.2.440.1599194.3214630.22157.1534886816.468_1.dicom/MR.1.2.840.113619.2.440.1599194.3214630.22157.1534886816.587.dcm  
  inflating: 1.2.840.113619.2.440.1599194.3214630.22157.1534886816.468_1.dicom/MR.1.2.840.113619.2.440.1599194.3214630.22157.1534886816.492.dcm  
  inflating: 1.2.840.113619.2.440.1599194.3214630.22157.1534886816.468_1.dicom/MR.1.2.840.113619.2.440.1599194.3214630.22157.1534886816.560.dcm  
  inflating: 1.2.840.113619.2.440.1599194.3214630.22157.1534886816.468_1.dicom/MR.1.2.840.113619.2.440.1599194.3214630.22157.1534886816.509.dcm  
  inflating: 1.2.840.113619.2.440.1599194.3214630.22157.1534886816.468_1.dicom/MR.1.2.840.113619.2.440.1599194.3214630.22157.1534886816.493.dcm  
  inflating: 1.2.840.113619.2.440.1599194.3214630.22157.1534886816.468_1.dicom/MR.1.2.840.113619.2.440.1599194.3214630.22157.1534886816.545.dcm  
  inflating: 1.2.840.113619.2.440.1599194.3214630.22157.1534886816.468_1.dicom/MR.1.2.840.113619.2.440.1599194.3214630.22157.1534886816.486.dcm  
  inflating: 1.2.840.113619.2.440.1599194.3214630.22157.1534886816.468_1.dicom/MR.1.2.840.113619.2.440.1599194.3214630.22157.1534886816.546.dcm  
  inflating: 1.2.840.113619.2.440.1599194.3214630.22157.1534886816.468_1.dicom/MR.1.2.840.113619.2.440.1599194.3214630.22157.1534886816.541.dcm  
  inflating: 1.2.840.113619.2.440.1599194.3214630.22157.1534886816.468_1.dicom/MR.1.2.840.113619.2.440.1599194.3214630.22157.1534886816.491.dcm  
  inflating: 1.2.840.113619.2.440.1599194.3214630.22157.1534886816.468_1.dicom/MR.1.2.840.113619.2.440.1599194.3214630.22157.1534886816.504.dcm  
  inflating: 1.2.840.113619.2.440.1599194.3214630.22157.1534886816.468_1.dicom/MR.1.2.840.113619.2.440.1599194.3214630.22157.1534886816.485.dcm  
  inflating: 1.2.840.113619.2.440.1599194.3214630.22157.1534886816.468_1.dicom/MR.1.2.840.113619.2.440.1599194.3214630.22157.1534886816.544.dcm  
  inflating: 1.2.840.113619.2.440.1599194.3214630.22157.1534886816.468_1.dicom/MR.1.2.840.113619.2.440.1599194.3214630.22157.1534886816.547.dcm  
  inflating: 1.2.840.113619.2.440.1599194.3214630.22157.1534886816.468_1.dicom/MR.1.2.840.113619.2.440.1599194.3214630.22157.1534886816.489.dcm  
  inflating: 1.2.840.113619.2.440.1599194.3214630.22157.1534886816.468_1.dicom/MR.1.2.840.113619.2.440.1599194.3214630.22157.1534886816.470.dcm  
  inflating: 1.2.840.113619.2.440.1599194.3214630.22157.1534886816.468_1.dicom/MR.1.2.840.113619.2.440.1599194.3214630.22157.1534886816.478.dcm  
  inflating: 1.2.840.113619.2.440.1599194.3214630.22157.1534886816.468_1.dicom/MR.1.2.840.113619.2.440.1599194.3214630.22157.1534886816.484.dcm  
  inflating: 1.2.840.113619.2.440.1599194.3214630.22157.1534886816.468_1.dicom/MR.1.2.840.113619.2.440.1599194.3214630.22157.1534886816.584.dcm  
  inflating: 1.2.840.113619.2.440.1599194.3214630.22157.1534886816.468_1.dicom/MR.1.2.840.113619.2.440.1599194.3214630.22157.1534886816.586.dcm  
  inflating: 1.2.840.113619.2.440.1599194.3214630.22157.1534886816.468_1.dicom/MR.1.2.840.113619.2.440.1599194.3214630.22157.1534886816.569.dcm  
  inflating: 1.2.840.113619.2.440.1599194.3214630.22157.1534886816.468_1.dicom/MR.1.2.840.113619.2.440.1599194.3214630.22157.1534886816.568.dcm  
  inflating: 1.2.840.113619.2.440.1599194.3214630.22157.1534886816.468_1.dicom/MR.1.2.840.113619.2.440.1599194.3214630.22157.1534886816.570.dcm  
  inflating: 1.2.840.113619.2.440.1599194.3214630.22157.1534886816.468_1.dicom/MR.1.2.840.113619.2.440.1599194.3214630.22157.1534886816.579.dcm  
Archive:  /oak/stanford/groups/menon/rawdata/scsnl/9316/visit1/session1/anatomical/orig_3D_Volume/1.2.840.113619.2.440.1599194.3214630.22157.1534886816.343_1.dicom.zip
{"group": {"_id": "menon"}, "project": {"label": "met"}, "session": {"uid": "1.2.840.113619.6.440.288346805763592465449540368057314042364", "timestamp": "2018-08-26T15:57:23-07:00", "label": "9316_1_1.3T2", "operator": "R^J", "timezone": "America/Los_Angeles", "subject": {"code": "9316_1_1.3T2"}}, "acquisition": {"files": [{"type": "dicom", "name": "1.2.840.113619.2.440.1599194.3214630.22157.1534886816.343_1.dicom.zip"}], "timezone": "America/Los_Angeles", "uid": "1.2.840.113619.2.440.1599194.3214630.22157.1534886816.343_1", "timestamp": "2018-08-26T17:56:56-07:00", "label": "ORIG 3D_Volume"}}
  inflating: 1.2.840.113619.2.440.1599194.3214630.22157.1534886816.343_1.dicom/MR.1.2.840.113619.2.440.1599194.3214630.22157.1534886816.422.dcm  
  inflating: 1.2.840.113619.2.440.1599194.3214630.22157.1534886816.343_1.dicom/MR.1.2.840.113619.2.440.1599194.3214630.22157.1534886816.352.dcm  
  inflating: 1.2.840.113619.2.440.1599194.3214630.22157.1534886816.343_1.dicom/MR.1.2.840.113619.2.440.1599194.3214630.22157.1534886816.346.dcm  
  inflating: 1.2.840.113619.2.440.1599194.3214630.22157.1534886816.343_1.dicom/MR.1.2.840.113619.2.440.1599194.3214630.22157.1534886816.439.dcm  
  inflating: 1.2.840.113619.2.440.1599194.3214630.22157.1534886816.343_1.dicom/MR.1.2.840.113619.2.440.1599194.3214630.22157.1534886816.404.dcm  
  inflating: 1.2.840.113619.2.440.1599194.3214630.22157.1534886816.343_1.dicom/MR.1.2.840.113619.2.440.1599194.3214630.22157.1534886816.435.dcm  
  inflating: 1.2.840.113619.2.440.1599194.3214630.22157.1534886816.343_1.dicom/MR.1.2.840.113619.2.440.1599194.3214630.22157.1534886816.387.dcm  
  inflating: 1.2.840.113619.2.440.1599194.3214630.22157.1534886816.343_1.dicom/MR.1.2.840.113619.2.440.1599194.3214630.22157.1534886816.396.dcm  
  inflating: 1.2.840.113619.2.440.1599194.3214630.22157.1534886816.343_1.dicom/MR.1.2.840.113619.2.440.1599194.3214630.22157.1534886816.397.dcm  
  inflating: 1.2.840.113619.2.440.1599194.3214630.22157.1534886816.343_1.dicom/MR.1.2.840.113619.2.440.1599194.3214630.22157.1534886816.345.dcm  
  inflating: 1.2.840.113619.2.440.1599194.3214630.22157.1534886816.343_1.dicom/MR.1.2.840.113619.2.440.1599194.3214630.22157.1534886816.368.dcm  
  inflating: 1.2.840.113619.2.440.1599194.3214630.22157.1534886816.343_1.dicom/MR.1.2.840.113619.2.440.1599194.3214630.22157.1534886816.434.dcm  
  inflating: 1.2.840.113619.2.440.1599194.3214630.22157.1534886816.343_1.dicom/MR.1.2.840.113619.2.440.1599194.3214630.22157.1534886816.399.dcm  
  inflating: 1.2.840.113619.2.440.1599194.3214630.22157.1534886816.343_1.dicom/MR.1.2.840.113619.2.440.1599194.3214630.22157.1534886816.342.dcm  
  inflating: 1.2.840.113619.2.440.1599194.3214630.22157.1534886816.343_1.dicom/MR.1.2.840.113619.2.440.1599194.3214630.22157.1534886816.367.dcm  
  inflating: 1.2.840.113619.2.440.1599194.3214630.22157.1534886816.343_1.dicom/MR.1.2.840.113619.2.440.1599194.3214630.22157.1534886816.465.dcm  
  inflating: 1.2.840.113619.2.440.1599194.3214630.22157.1534886816.343_1.dicom/MR.1.2.840.113619.2.440.1599194.3214630.22157.1534886816.361.dcm  
  inflating: 1.2.840.113619.2.440.1599194.3214630.22157.1534886816.343_1.dicom/MR.1.2.840.113619.2.440.1599194.3214630.22157.1534886816.394.dcm  
  inflating: 1.2.840.113619.2.440.1599194.3214630.22157.1534886816.343_1.dicom/MR.1.2.840.113619.2.440.1599194.3214630.22157.1534886816.430.dcm  
  inflating: 1.2.840.113619.2.440.1599194.3214630.22157.1534886816.343_1.dicom/MR.1.2.840.113619.2.440.1599194.3214630.22157.1534886816.365.dcm  
  inflating: 1.2.840.113619.2.440.1599194.3214630.22157.1534886816.343_1.dicom/MR.1.2.840.113619.2.440.1599194.3214630.22157.1534886816.377.dcm  
  inflating: 1.2.840.113619.2.440.1599194.3214630.22157.1534886816.343_1.dicom/MR.1.2.840.113619.2.440.1599194.3214630.22157.1534886816.405.dcm  
  inflating: 1.2.840.113619.2.440.1599194.3214630.22157.1534886816.343_1.dicom/MR.1.2.840.113619.2.440.1599194.3214630.22157.1534886816.347.dcm  
  inflating: 1.2.840.113619.2.440.1599194.3214630.22157.1534886816.343_1.dicom/MR.1.2.840.113619.2.440.1599194.3214630.22157.1534886816.407.dcm  
  inflating: 1.2.840.113619.2.440.1599194.3214630.22157.1534886816.343_1.dicom/MR.1.2.840.113619.2.440.1599194.3214630.22157.1534886816.376.dcm  
  inflating: 1.2.840.113619.2.440.1599194.3214630.22157.1534886816.343_1.dicom/MR.1.2.840.113619.2.440.1599194.3214630.22157.1534886816.412.dcm  
  inflating: 1.2.840.113619.2.440.1599194.3214630.22157.1534886816.343_1.dicom/MR.1.2.840.113619.2.440.1599194.3214630.22157.1534886816.426.dcm  
  inflating: 1.2.840.113619.2.440.1599194.3214630.22157.1534886816.343_1.dicom/MR.1.2.840.113619.2.440.1599194.3214630.22157.1534886816.438.dcm  
  inflating: 1.2.840.113619.2.440.1599194.3214630.22157.1534886816.343_1.dicom/MR.1.2.840.113619.2.440.1599194.3214630.22157.1534886816.424.dcm  
  inflating: 1.2.840.113619.2.440.1599194.3214630.22157.1534886816.343_1.dicom/MR.1.2.840.113619.2.440.1599194.3214630.22157.1534886816.362.dcm  
  inflating: 1.2.840.113619.2.440.1599194.3214630.22157.1534886816.343_1.dicom/MR.1.2.840.113619.2.440.1599194.3214630.22157.1534886816.366.dcm  
  inflating: 1.2.840.113619.2.440.1599194.3214630.22157.1534886816.343_1.dicom/MR.1.2.840.113619.2.440.1599194.3214630.22157.1534886816.355.dcm  
  inflating: 1.2.840.113619.2.440.1599194.3214630.22157.1534886816.343_1.dicom/MR.1.2.840.113619.2.440.1599194.3214630.22157.1534886816.371.dcm  
  inflating: 1.2.840.113619.2.440.1599194.3214630.22157.1534886816.343_1.dicom/MR.1.2.840.113619.2.440.1599194.3214630.22157.1534886816.402.dcm  
  inflating: 1.2.840.113619.2.440.1599194.3214630.22157.1534886816.343_1.dicom/MR.1.2.840.113619.2.440.1599194.3214630.22157.1534886816.409.dcm  
  inflating: 1.2.840.113619.2.440.1599194.3214630.22157.1534886816.343_1.dicom/MR.1.2.840.113619.2.440.1599194.3214630.22157.1534886816.442.dcm  
  inflating: 1.2.840.113619.2.440.1599194.3214630.22157.1534886816.343_1.dicom/MR.1.2.840.113619.2.440.1599194.3214630.22157.1534886816.358.dcm  
  inflating: 1.2.840.113619.2.440.1599194.3214630.22157.1534886816.343_1.dicom/MR.1.2.840.113619.2.440.1599194.3214630.22157.1534886816.427.dcm  
  inflating: 1.2.840.113619.2.440.1599194.3214630.22157.1534886816.343_1.dicom/MR.1.2.840.113619.2.440.1599194.3214630.22157.1534886816.395.dcm  
  inflating: 1.2.840.113619.2.440.1599194.3214630.22157.1534886816.343_1.dicom/MR.1.2.840.113619.2.440.1599194.3214630.22157.1534886816.420.dcm  
  inflating: 1.2.840.113619.2.440.1599194.3214630.22157.1534886816.343_1.dicom/MR.1.2.840.113619.2.440.1599194.3214630.22157.1534886816.445.dcm  
  inflating: 1.2.840.113619.2.440.1599194.3214630.22157.1534886816.343_1.dicom/MR.1.2.840.113619.2.440.1599194.3214630.22157.1534886816.416.dcm  
  inflating: 1.2.840.113619.2.440.1599194.3214630.22157.1534886816.343_1.dicom/MR.1.2.840.113619.2.440.1599194.3214630.22157.1534886816.408.dcm  
  inflating: 1.2.840.113619.2.440.1599194.3214630.22157.1534886816.343_1.dicom/MR.1.2.840.113619.2.440.1599194.3214630.22157.1534886816.429.dcm  
  inflating: 1.2.840.113619.2.440.1599194.3214630.22157.1534886816.343_1.dicom/MR.1.2.840.113619.2.440.1599194.3214630.22157.1534886816.400.dcm  
  inflating: 1.2.840.113619.2.440.1599194.3214630.22157.1534886816.343_1.dicom/MR.1.2.840.113619.2.440.1599194.3214630.22157.1534886816.398.dcm  
  inflating: 1.2.840.113619.2.440.1599194.3214630.22157.1534886816.343_1.dicom/MR.1.2.840.113619.2.440.1599194.3214630.22157.1534886816.393.dcm  
  inflating: 1.2.840.113619.2.440.1599194.3214630.22157.1534886816.343_1.dicom/MR.1.2.840.113619.2.440.1599194.3214630.22157.1534886816.383.dcm  
  inflating: 1.2.840.113619.2.440.1599194.3214630.22157.1534886816.343_1.dicom/MR.1.2.840.113619.2.440.1599194.3214630.22157.1534886816.370.dcm  
  inflating: 1.2.840.113619.2.440.1599194.3214630.22157.1534886816.343_1.dicom/MR.1.2.840.113619.2.440.1599194.3214630.22157.1534886816.350.dcm  
  inflating: 1.2.840.113619.2.440.1599194.3214630.22157.1534886816.343_1.dicom/MR.1.2.840.113619.2.440.1599194.3214630.22157.1534886816.348.dcm  
  inflating: 1.2.840.113619.2.440.1599194.3214630.22157.1534886816.343_1.dicom/MR.1.2.840.113619.2.440.1599194.3214630.22157.1534886816.415.dcm  
  inflating: 1.2.840.113619.2.440.1599194.3214630.22157.1534886816.343_1.dicom/MR.1.2.840.113619.2.440.1599194.3214630.22157.1534886816.441.dcm  
  inflating: 1.2.840.113619.2.440.1599194.3214630.22157.1534886816.343_1.dicom/MR.1.2.840.113619.2.440.1599194.3214630.22157.1534886816.372.dcm  
  inflating: 1.2.840.113619.2.440.1599194.3214630.22157.1534886816.343_1.dicom/MR.1.2.840.113619.2.440.1599194.3214630.22157.1534886816.379.dcm  
  inflating: 1.2.840.113619.2.440.1599194.3214630.22157.1534886816.343_1.dicom/MR.1.2.840.113619.2.440.1599194.3214630.22157.1534886816.388.dcm  
  inflating: 1.2.840.113619.2.440.1599194.3214630.22157.1534886816.343_1.dicom/MR.1.2.840.113619.2.440.1599194.3214630.22157.1534886816.428.dcm  
  inflating: 1.2.840.113619.2.440.1599194.3214630.22157.1534886816.343_1.dicom/MR.1.2.840.113619.2.440.1599194.3214630.22157.1534886816.459.dcm  
  inflating: 1.2.840.113619.2.440.1599194.3214630.22157.1534886816.343_1.dicom/MR.1.2.840.113619.2.440.1599194.3214630.22157.1534886816.369.dcm  
  inflating: 1.2.840.113619.2.440.1599194.3214630.22157.1534886816.343_1.dicom/MR.1.2.840.113619.2.440.1599194.3214630.22157.1534886816.440.dcm  
  inflating: 1.2.840.113619.2.440.1599194.3214630.22157.1534886816.343_1.dicom/MR.1.2.840.113619.2.440.1599194.3214630.22157.1534886816.425.dcm  
  inflating: 1.2.840.113619.2.440.1599194.3214630.22157.1534886816.343_1.dicom/MR.1.2.840.113619.2.440.1599194.3214630.22157.1534886816.411.dcm  
  inflating: 1.2.840.113619.2.440.1599194.3214630.22157.1534886816.343_1.dicom/MR.1.2.840.113619.2.440.1599194.3214630.22157.1534886816.373.dcm  
  inflating: 1.2.840.113619.2.440.1599194.3214630.22157.1534886816.343_1.dicom/MR.1.2.840.113619.2.440.1599194.3214630.22157.1534886816.344.dcm  
  inflating: 1.2.840.113619.2.440.1599194.3214630.22157.1534886816.343_1.dicom/MR.1.2.840.113619.2.440.1599194.3214630.22157.1534886816.384.dcm  
  inflating: 1.2.840.113619.2.440.1599194.3214630.22157.1534886816.343_1.dicom/MR.1.2.840.113619.2.440.1599194.3214630.22157.1534886816.456.dcm  
  inflating: 1.2.840.113619.2.440.1599194.3214630.22157.1534886816.343_1.dicom/MR.1.2.840.113619.2.440.1599194.3214630.22157.1534886816.455.dcm  
  inflating: 1.2.840.113619.2.440.1599194.3214630.22157.1534886816.343_1.dicom/MR.1.2.840.113619.2.440.1599194.3214630.22157.1534886816.452.dcm  
  inflating: 1.2.840.113619.2.440.1599194.3214630.22157.1534886816.343_1.dicom/MR.1.2.840.113619.2.440.1599194.3214630.22157.1534886816.450.dcm  
  inflating: 1.2.840.113619.2.440.1599194.3214630.22157.1534886816.343_1.dicom/MR.1.2.840.113619.2.440.1599194.3214630.22157.1534886816.446.dcm  
  inflating: 1.2.840.113619.2.440.1599194.3214630.22157.1534886816.343_1.dicom/MR.1.2.840.113619.2.440.1599194.3214630.22157.1534886816.447.dcm  
  inflating: 1.2.840.113619.2.440.1599194.3214630.22157.1534886816.343_1.dicom/MR.1.2.840.113619.2.440.1599194.3214630.22157.1534886816.462.dcm  
  inflating: 1.2.840.113619.2.440.1599194.3214630.22157.1534886816.343_1.dicom/MR.1.2.840.113619.2.440.1599194.3214630.22157.1534886816.443.dcm  
  inflating: 1.2.840.113619.2.440.1599194.3214630.22157.1534886816.343_1.dicom/MR.1.2.840.113619.2.440.1599194.3214630.22157.1534886816.453.dcm  
  inflating: 1.2.840.113619.2.440.1599194.3214630.22157.1534886816.343_1.dicom/MR.1.2.840.113619.2.440.1599194.3214630.22157.1534886816.466.dcm  
  inflating: 1.2.840.113619.2.440.1599194.3214630.22157.1534886816.343_1.dicom/MR.1.2.840.113619.2.440.1599194.3214630.22157.1534886816.454.dcm  
  inflating: 1.2.840.113619.2.440.1599194.3214630.22157.1534886816.343_1.dicom/MR.1.2.840.113619.2.440.1599194.3214630.22157.1534886816.460.dcm  
  inflating: 1.2.840.113619.2.440.1599194.3214630.22157.1534886816.343_1.dicom/MR.1.2.840.113619.2.440.1599194.3214630.22157.1534886816.463.dcm  
  inflating: 1.2.840.113619.2.440.1599194.3214630.22157.1534886816.343_1.dicom/MR.1.2.840.113619.2.440.1599194.3214630.22157.1534886816.432.dcm  
  inflating: 1.2.840.113619.2.440.1599194.3214630.22157.1534886816.343_1.dicom/MR.1.2.840.113619.2.440.1599194.3214630.22157.1534886816.431.dcm  
  inflating: 1.2.840.113619.2.440.1599194.3214630.22157.1534886816.343_1.dicom/MR.1.2.840.113619.2.440.1599194.3214630.22157.1534886816.364.dcm  
  inflating: 1.2.840.113619.2.440.1599194.3214630.22157.1534886816.343_1.dicom/MR.1.2.840.113619.2.440.1599194.3214630.22157.1534886816.386.dcm  
  inflating: 1.2.840.113619.2.440.1599194.3214630.22157.1534886816.343_1.dicom/MR.1.2.840.113619.2.440.1599194.3214630.22157.1534886816.351.dcm  
  inflating: 1.2.840.113619.2.440.1599194.3214630.22157.1534886816.343_1.dicom/MR.1.2.840.113619.2.440.1599194.3214630.22157.1534886816.354.dcm  
  inflating: 1.2.840.113619.2.440.1599194.3214630.22157.1534886816.343_1.dicom/MR.1.2.840.113619.2.440.1599194.3214630.22157.1534886816.461.dcm  
  inflating: 1.2.840.113619.2.440.1599194.3214630.22157.1534886816.343_1.dicom/MR.1.2.840.113619.2.440.1599194.3214630.22157.1534886816.389.dcm  
  inflating: 1.2.840.113619.2.440.1599194.3214630.22157.1534886816.343_1.dicom/MR.1.2.840.113619.2.440.1599194.3214630.22157.1534886816.356.dcm  
  inflating: 1.2.840.113619.2.440.1599194.3214630.22157.1534886816.343_1.dicom/MR.1.2.840.113619.2.440.1599194.3214630.22157.1534886816.385.dcm  
  inflating: 1.2.840.113619.2.440.1599194.3214630.22157.1534886816.343_1.dicom/MR.1.2.840.113619.2.440.1599194.3214630.22157.1534886816.381.dcm  
  inflating: 1.2.840.113619.2.440.1599194.3214630.22157.1534886816.343_1.dicom/MR.1.2.840.113619.2.440.1599194.3214630.22157.1534886816.359.dcm  
  inflating: 1.2.840.113619.2.440.1599194.3214630.22157.1534886816.343_1.dicom/MR.1.2.840.113619.2.440.1599194.3214630.22157.1534886816.374.dcm  
  inflating: 1.2.840.113619.2.440.1599194.3214630.22157.1534886816.343_1.dicom/MR.1.2.840.113619.2.440.1599194.3214630.22157.1534886816.413.dcm  
  inflating: 1.2.840.113619.2.440.1599194.3214630.22157.1534886816.343_1.dicom/MR.1.2.840.113619.2.440.1599194.3214630.22157.1534886816.378.dcm  
  inflating: 1.2.840.113619.2.440.1599194.3214630.22157.1534886816.343_1.dicom/MR.1.2.840.113619.2.440.1599194.3214630.22157.1534886816.423.dcm  
  inflating: 1.2.840.113619.2.440.1599194.3214630.22157.1534886816.343_1.dicom/MR.1.2.840.113619.2.440.1599194.3214630.22157.1534886816.451.dcm  
  inflating: 1.2.840.113619.2.440.1599194.3214630.22157.1534886816.343_1.dicom/MR.1.2.840.113619.2.440.1599194.3214630.22157.1534886816.392.dcm  
  inflating: 1.2.840.113619.2.440.1599194.3214630.22157.1534886816.343_1.dicom/MR.1.2.840.113619.2.440.1599194.3214630.22157.1534886816.433.dcm  
  inflating: 1.2.840.113619.2.440.1599194.3214630.22157.1534886816.343_1.dicom/MR.1.2.840.113619.2.440.1599194.3214630.22157.1534886816.418.dcm  
  inflating: 1.2.840.113619.2.440.1599194.3214630.22157.1534886816.343_1.dicom/MR.1.2.840.113619.2.440.1599194.3214630.22157.1534886816.357.dcm  
  inflating: 1.2.840.113619.2.440.1599194.3214630.22157.1534886816.343_1.dicom/MR.1.2.840.113619.2.440.1599194.3214630.22157.1534886816.401.dcm  
  inflating: 1.2.840.113619.2.440.1599194.3214630.22157.1534886816.343_1.dicom/MR.1.2.840.113619.2.440.1599194.3214630.22157.1534886816.414.dcm  
  inflating: 1.2.840.113619.2.440.1599194.3214630.22157.1534886816.343_1.dicom/MR.1.2.840.113619.2.440.1599194.3214630.22157.1534886816.436.dcm  
  inflating: 1.2.840.113619.2.440.1599194.3214630.22157.1534886816.343_1.dicom/MR.1.2.840.113619.2.440.1599194.3214630.22157.1534886816.390.dcm  
  inflating: 1.2.840.113619.2.440.1599194.3214630.22157.1534886816.343_1.dicom/MR.1.2.840.113619.2.440.1599194.3214630.22157.1534886816.353.dcm  
  inflating: 1.2.840.113619.2.440.1599194.3214630.22157.1534886816.343_1.dicom/MR.1.2.840.113619.2.440.1599194.3214630.22157.1534886816.382.dcm  
  inflating: 1.2.840.113619.2.440.1599194.3214630.22157.1534886816.343_1.dicom/MR.1.2.840.113619.2.440.1599194.3214630.22157.1534886816.363.dcm  
  inflating: 1.2.840.113619.2.440.1599194.3214630.22157.1534886816.343_1.dicom/MR.1.2.840.113619.2.440.1599194.3214630.22157.1534886816.417.dcm  
  inflating: 1.2.840.113619.2.440.1599194.3214630.22157.1534886816.343_1.dicom/MR.1.2.840.113619.2.440.1599194.3214630.22157.1534886816.380.dcm  
  inflating: 1.2.840.113619.2.440.1599194.3214630.22157.1534886816.343_1.dicom/MR.1.2.840.113619.2.440.1599194.3214630.22157.1534886816.375.dcm  
  inflating: 1.2.840.113619.2.440.1599194.3214630.22157.1534886816.343_1.dicom/MR.1.2.840.113619.2.440.1599194.3214630.22157.1534886816.349.dcm  
  inflating: 1.2.840.113619.2.440.1599194.3214630.22157.1534886816.343_1.dicom/MR.1.2.840.113619.2.440.1599194.3214630.22157.1534886816.419.dcm  
  inflating: 1.2.840.113619.2.440.1599194.3214630.22157.1534886816.343_1.dicom/MR.1.2.840.113619.2.440.1599194.3214630.22157.1534886816.406.dcm  
  inflating: 1.2.840.113619.2.440.1599194.3214630.22157.1534886816.343_1.dicom/MR.1.2.840.113619.2.440.1599194.3214630.22157.1534886816.421.dcm  
  inflating: 1.2.840.113619.2.440.1599194.3214630.22157.1534886816.343_1.dicom/MR.1.2.840.113619.2.440.1599194.3214630.22157.1534886816.360.dcm  
  inflating: 1.2.840.113619.2.440.1599194.3214630.22157.1534886816.343_1.dicom/MR.1.2.840.113619.2.440.1599194.3214630.22157.1534886816.403.dcm  
  inflating: 1.2.840.113619.2.440.1599194.3214630.22157.1534886816.343_1.dicom/MR.1.2.840.113619.2.440.1599194.3214630.22157.1534886816.391.dcm  
  inflating: 1.2.840.113619.2.440.1599194.3214630.22157.1534886816.343_1.dicom/MR.1.2.840.113619.2.440.1599194.3214630.22157.1534886816.448.dcm  
  inflating: 1.2.840.113619.2.440.1599194.3214630.22157.1534886816.343_1.dicom/MR.1.2.840.113619.2.440.1599194.3214630.22157.1534886816.437.dcm  
  inflating: 1.2.840.113619.2.440.1599194.3214630.22157.1534886816.343_1.dicom/MR.1.2.840.113619.2.440.1599194.3214630.22157.1534886816.458.dcm  
  inflating: 1.2.840.113619.2.440.1599194.3214630.22157.1534886816.343_1.dicom/MR.1.2.840.113619.2.440.1599194.3214630.22157.1534886816.444.dcm  
  inflating: 1.2.840.113619.2.440.1599194.3214630.22157.1534886816.343_1.dicom/MR.1.2.840.113619.2.440.1599194.3214630.22157.1534886816.449.dcm  
  inflating: 1.2.840.113619.2.440.1599194.3214630.22157.1534886816.343_1.dicom/MR.1.2.840.113619.2.440.1599194.3214630.22157.1534886816.457.dcm  
  inflating: 1.2.840.113619.2.440.1599194.3214630.22157.1534886816.343_1.dicom/MR.1.2.840.113619.2.440.1599194.3214630.22157.1534886816.464.dcm  
  inflating: 1.2.840.113619.2.440.1599194.3214630.22157.1534886816.343_1.dicom/MR.1.2.840.113619.2.440.1599194.3214630.22157.1534886816.410.dcm  
Archive:  /oak/stanford/groups/menon/rawdata/scsnl/9316/visit1/session1/anatomical/3D_Volume/1.2.840.113619.2.440.1599194.3214630.22571.1534785311.122_1.dicom.zip
{"group": {"_id": "menon"}, "project": {"label": "met"}, "session": {"uid": "1.2.840.113619.6.440.288346805763592465449540368057314042364", "timestamp": "2018-08-26T15:57:23-07:00", "label": "9316_1_1.3T2", "operator": "R^J", "timezone": "America/Los_Angeles", "subject": {"code": "9316_1_1.3T2"}}, "acquisition": {"files": [{"type": "dicom", "name": "1.2.840.113619.2.440.1599194.3214630.22571.1534785311.122_1.dicom.zip"}], "timezone": "America/Los_Angeles", "uid": "1.2.840.113619.2.440.1599194.3214630.22571.1534785311.122_1", "timestamp": "2018-08-26T17:56:56-07:00", "label": "3D_Volume"}}
  inflating: 1.2.840.113619.2.440.1599194.3214630.22571.1534785311.122_1.dicom/MR.1.2.840.113619.2.440.1599194.3214630.20931.1534786012.330.dcm  
  inflating: 1.2.840.113619.2.440.1599194.3214630.22571.1534785311.122_1.dicom/MR.1.2.840.113619.2.440.1599194.3214630.20931.1534786012.341.dcm  
  inflating: 1.2.840.113619.2.440.1599194.3214630.22571.1534785311.122_1.dicom/MR.1.2.840.113619.2.440.1599194.3214630.20931.1534786012.264.dcm  
  inflating: 1.2.840.113619.2.440.1599194.3214630.22571.1534785311.122_1.dicom/MR.1.2.840.113619.2.440.1599194.3214630.20931.1534786012.289.dcm  
  inflating: 1.2.840.113619.2.440.1599194.3214630.22571.1534785311.122_1.dicom/MR.1.2.840.113619.2.440.1599194.3214630.20931.1534786012.255.dcm  
  inflating: 1.2.840.113619.2.440.1599194.3214630.22571.1534785311.122_1.dicom/MR.1.2.840.113619.2.440.1599194.3214630.20931.1534786012.273.dcm  
  inflating: 1.2.840.113619.2.440.1599194.3214630.22571.1534785311.122_1.dicom/MR.1.2.840.113619.2.440.1599194.3214630.20931.1534786012.307.dcm  
  inflating: 1.2.840.113619.2.440.1599194.3214630.22571.1534785311.122_1.dicom/MR.1.2.840.113619.2.440.1599194.3214630.20931.1534786012.252.dcm  
  inflating: 1.2.840.113619.2.440.1599194.3214630.22571.1534785311.122_1.dicom/MR.1.2.840.113619.2.440.1599194.3214630.20931.1534786012.346.dcm  
  inflating: 1.2.840.113619.2.440.1599194.3214630.22571.1534785311.122_1.dicom/MR.1.2.840.113619.2.440.1599194.3214630.20931.1534786012.333.dcm  
  inflating: 1.2.840.113619.2.440.1599194.3214630.22571.1534785311.122_1.dicom/MR.1.2.840.113619.2.440.1599194.3214630.20931.1534786012.369.dcm  
  inflating: 1.2.840.113619.2.440.1599194.3214630.22571.1534785311.122_1.dicom/MR.1.2.840.113619.2.440.1599194.3214630.20931.1534786012.265.dcm  
  inflating: 1.2.840.113619.2.440.1599194.3214630.22571.1534785311.122_1.dicom/MR.1.2.840.113619.2.440.1599194.3214630.20931.1534786012.331.dcm  
  inflating: 1.2.840.113619.2.440.1599194.3214630.22571.1534785311.122_1.dicom/MR.1.2.840.113619.2.440.1599194.3214630.20931.1534786012.336.dcm  
  inflating: 1.2.840.113619.2.440.1599194.3214630.22571.1534785311.122_1.dicom/MR.1.2.840.113619.2.440.1599194.3214630.20931.1534786012.294.dcm  
  inflating: 1.2.840.113619.2.440.1599194.3214630.22571.1534785311.122_1.dicom/MR.1.2.840.113619.2.440.1599194.3214630.20931.1534786012.326.dcm  
  inflating: 1.2.840.113619.2.440.1599194.3214630.22571.1534785311.122_1.dicom/MR.1.2.840.113619.2.440.1599194.3214630.20931.1534786012.328.dcm  
  inflating: 1.2.840.113619.2.440.1599194.3214630.22571.1534785311.122_1.dicom/MR.1.2.840.113619.2.440.1599194.3214630.20931.1534786012.282.dcm  
  inflating: 1.2.840.113619.2.440.1599194.3214630.22571.1534785311.122_1.dicom/MR.1.2.840.113619.2.440.1599194.3214630.20931.1534786012.284.dcm  
  inflating: 1.2.840.113619.2.440.1599194.3214630.22571.1534785311.122_1.dicom/MR.1.2.840.113619.2.440.1599194.3214630.20931.1534786012.279.dcm  
  inflating: 1.2.840.113619.2.440.1599194.3214630.22571.1534785311.122_1.dicom/MR.1.2.840.113619.2.440.1599194.3214630.20931.1534786012.315.dcm  
  inflating: 1.2.840.113619.2.440.1599194.3214630.22571.1534785311.122_1.dicom/MR.1.2.840.113619.2.440.1599194.3214630.20931.1534786012.297.dcm  
  inflating: 1.2.840.113619.2.440.1599194.3214630.22571.1534785311.122_1.dicom/MR.1.2.840.113619.2.440.1599194.3214630.20931.1534786012.318.dcm  
  inflating: 1.2.840.113619.2.440.1599194.3214630.22571.1534785311.122_1.dicom/MR.1.2.840.113619.2.440.1599194.3214630.20931.1534786012.275.dcm  
  inflating: 1.2.840.113619.2.440.1599194.3214630.22571.1534785311.122_1.dicom/MR.1.2.840.113619.2.440.1599194.3214630.20931.1534786012.329.dcm  
  inflating: 1.2.840.113619.2.440.1599194.3214630.22571.1534785311.122_1.dicom/MR.1.2.840.113619.2.440.1599194.3214630.20931.1534786012.338.dcm  
  inflating: 1.2.840.113619.2.440.1599194.3214630.22571.1534785311.122_1.dicom/MR.1.2.840.113619.2.440.1599194.3214630.20931.1534786012.267.dcm  
  inflating: 1.2.840.113619.2.440.1599194.3214630.22571.1534785311.122_1.dicom/MR.1.2.840.113619.2.440.1599194.3214630.20931.1534786012.347.dcm  
  inflating: 1.2.840.113619.2.440.1599194.3214630.22571.1534785311.122_1.dicom/MR.1.2.840.113619.2.440.1599194.3214630.20931.1534786012.292.dcm  
  inflating: 1.2.840.113619.2.440.1599194.3214630.22571.1534785311.122_1.dicom/MR.1.2.840.113619.2.440.1599194.3214630.20931.1534786012.345.dcm  
  inflating: 1.2.840.113619.2.440.1599194.3214630.22571.1534785311.122_1.dicom/MR.1.2.840.113619.2.440.1599194.3214630.20931.1534786012.277.dcm  
  inflating: 1.2.840.113619.2.440.1599194.3214630.22571.1534785311.122_1.dicom/MR.1.2.840.113619.2.440.1599194.3214630.20931.1534786012.337.dcm  
  inflating: 1.2.840.113619.2.440.1599194.3214630.22571.1534785311.122_1.dicom/MR.1.2.840.113619.2.440.1599194.3214630.20931.1534786012.357.dcm  
  inflating: 1.2.840.113619.2.440.1599194.3214630.22571.1534785311.122_1.dicom/MR.1.2.840.113619.2.440.1599194.3214630.20931.1534786012.299.dcm  
  inflating: 1.2.840.113619.2.440.1599194.3214630.22571.1534785311.122_1.dicom/MR.1.2.840.113619.2.440.1599194.3214630.20931.1534786012.293.dcm  
  inflating: 1.2.840.113619.2.440.1599194.3214630.22571.1534785311.122_1.dicom/MR.1.2.840.113619.2.440.1599194.3214630.20931.1534786012.261.dcm  
  inflating: 1.2.840.113619.2.440.1599194.3214630.22571.1534785311.122_1.dicom/MR.1.2.840.113619.2.440.1599194.3214630.20931.1534786012.302.dcm  
  inflating: 1.2.840.113619.2.440.1599194.3214630.22571.1534785311.122_1.dicom/MR.1.2.840.113619.2.440.1599194.3214630.20931.1534786012.371.dcm  
  inflating: 1.2.840.113619.2.440.1599194.3214630.22571.1534785311.122_1.dicom/MR.1.2.840.113619.2.440.1599194.3214630.20931.1534786012.334.dcm  
  inflating: 1.2.840.113619.2.440.1599194.3214630.22571.1534785311.122_1.dicom/MR.1.2.840.113619.2.440.1599194.3214630.20931.1534786012.257.dcm  
  inflating: 1.2.840.113619.2.440.1599194.3214630.22571.1534785311.122_1.dicom/MR.1.2.840.113619.2.440.1599194.3214630.20931.1534786012.262.dcm  
  inflating: 1.2.840.113619.2.440.1599194.3214630.22571.1534785311.122_1.dicom/MR.1.2.840.113619.2.440.1599194.3214630.20931.1534786012.296.dcm  
  inflating: 1.2.840.113619.2.440.1599194.3214630.22571.1534785311.122_1.dicom/MR.1.2.840.113619.2.440.1599194.3214630.20931.1534786012.298.dcm  
  inflating: 1.2.840.113619.2.440.1599194.3214630.22571.1534785311.122_1.dicom/MR.1.2.840.113619.2.440.1599194.3214630.20931.1534786012.348.dcm  
  inflating: 1.2.840.113619.2.440.1599194.3214630.22571.1534785311.122_1.dicom/MR.1.2.840.113619.2.440.1599194.3214630.20931.1534786012.320.dcm  
  inflating: 1.2.840.113619.2.440.1599194.3214630.22571.1534785311.122_1.dicom/MR.1.2.840.113619.2.440.1599194.3214630.20931.1534786012.325.dcm  
  inflating: 1.2.840.113619.2.440.1599194.3214630.22571.1534785311.122_1.dicom/MR.1.2.840.113619.2.440.1599194.3214630.20931.1534786012.322.dcm  
  inflating: 1.2.840.113619.2.440.1599194.3214630.22571.1534785311.122_1.dicom/MR.1.2.840.113619.2.440.1599194.3214630.20931.1534786012.321.dcm  
  inflating: 1.2.840.113619.2.440.1599194.3214630.22571.1534785311.122_1.dicom/MR.1.2.840.113619.2.440.1599194.3214630.20931.1534786012.342.dcm  
  inflating: 1.2.840.113619.2.440.1599194.3214630.22571.1534785311.122_1.dicom/MR.1.2.840.113619.2.440.1599194.3214630.20931.1534786012.276.dcm  
  inflating: 1.2.840.113619.2.440.1599194.3214630.22571.1534785311.122_1.dicom/MR.1.2.840.113619.2.440.1599194.3214630.20931.1534786012.313.dcm  
  inflating: 1.2.840.113619.2.440.1599194.3214630.22571.1534785311.122_1.dicom/MR.1.2.840.113619.2.440.1599194.3214630.20931.1534786012.308.dcm  
  inflating: 1.2.840.113619.2.440.1599194.3214630.22571.1534785311.122_1.dicom/MR.1.2.840.113619.2.440.1599194.3214630.20931.1534786012.367.dcm  
  inflating: 1.2.840.113619.2.440.1599194.3214630.22571.1534785311.122_1.dicom/MR.1.2.840.113619.2.440.1599194.3214630.20931.1534786012.291.dcm  
  inflating: 1.2.840.113619.2.440.1599194.3214630.22571.1534785311.122_1.dicom/MR.1.2.840.113619.2.440.1599194.3214630.20931.1534786012.287.dcm  
  inflating: 1.2.840.113619.2.440.1599194.3214630.22571.1534785311.122_1.dicom/MR.1.2.840.113619.2.440.1599194.3214630.20931.1534786012.344.dcm  
  inflating: 1.2.840.113619.2.440.1599194.3214630.22571.1534785311.122_1.dicom/MR.1.2.840.113619.2.440.1599194.3214630.20931.1534786012.304.dcm  
  inflating: 1.2.840.113619.2.440.1599194.3214630.22571.1534785311.122_1.dicom/MR.1.2.840.113619.2.440.1599194.3214630.20931.1534786012.317.dcm  
  inflating: 1.2.840.113619.2.440.1599194.3214630.22571.1534785311.122_1.dicom/MR.1.2.840.113619.2.440.1599194.3214630.20931.1534786012.269.dcm  
  inflating: 1.2.840.113619.2.440.1599194.3214630.22571.1534785311.122_1.dicom/MR.1.2.840.113619.2.440.1599194.3214630.20931.1534786012.305.dcm  
  inflating: 1.2.840.113619.2.440.1599194.3214630.22571.1534785311.122_1.dicom/MR.1.2.840.113619.2.440.1599194.3214630.20931.1534786012.340.dcm  
  inflating: 1.2.840.113619.2.440.1599194.3214630.22571.1534785311.122_1.dicom/MR.1.2.840.113619.2.440.1599194.3214630.20931.1534786012.270.dcm  
  inflating: 1.2.840.113619.2.440.1599194.3214630.22571.1534785311.122_1.dicom/MR.1.2.840.113619.2.440.1599194.3214630.20931.1534786012.268.dcm  
  inflating: 1.2.840.113619.2.440.1599194.3214630.22571.1534785311.122_1.dicom/MR.1.2.840.113619.2.440.1599194.3214630.20931.1534786012.283.dcm  
  inflating: 1.2.840.113619.2.440.1599194.3214630.22571.1534785311.122_1.dicom/MR.1.2.840.113619.2.440.1599194.3214630.20931.1534786012.259.dcm  
  inflating: 1.2.840.113619.2.440.1599194.3214630.22571.1534785311.122_1.dicom/MR.1.2.840.113619.2.440.1599194.3214630.20931.1534786012.319.dcm  
  inflating: 1.2.840.113619.2.440.1599194.3214630.22571.1534785311.122_1.dicom/MR.1.2.840.113619.2.440.1599194.3214630.20931.1534786012.324.dcm  
  inflating: 1.2.840.113619.2.440.1599194.3214630.22571.1534785311.122_1.dicom/MR.1.2.840.113619.2.440.1599194.3214630.20931.1534786012.263.dcm  
  inflating: 1.2.840.113619.2.440.1599194.3214630.22571.1534785311.122_1.dicom/MR.1.2.840.113619.2.440.1599194.3214630.20931.1534786012.266.dcm  
  inflating: 1.2.840.113619.2.440.1599194.3214630.22571.1534785311.122_1.dicom/MR.1.2.840.113619.2.440.1599194.3214630.20931.1534786012.288.dcm  
  inflating: 1.2.840.113619.2.440.1599194.3214630.22571.1534785311.122_1.dicom/MR.1.2.840.113619.2.440.1599194.3214630.20931.1534786012.327.dcm  
  inflating: 1.2.840.113619.2.440.1599194.3214630.22571.1534785311.122_1.dicom/MR.1.2.840.113619.2.440.1599194.3214630.20931.1534786012.256.dcm  
  inflating: 1.2.840.113619.2.440.1599194.3214630.22571.1534785311.122_1.dicom/MR.1.2.840.113619.2.440.1599194.3214630.20931.1534786012.260.dcm  
  inflating: 1.2.840.113619.2.440.1599194.3214630.22571.1534785311.122_1.dicom/MR.1.2.840.113619.2.440.1599194.3214630.20931.1534786012.258.dcm  
  inflating: 1.2.840.113619.2.440.1599194.3214630.22571.1534785311.122_1.dicom/MR.1.2.840.113619.2.440.1599194.3214630.20931.1534786012.274.dcm  
  inflating: 1.2.840.113619.2.440.1599194.3214630.22571.1534785311.122_1.dicom/MR.1.2.840.113619.2.440.1599194.3214630.20931.1534786012.250.dcm  
  inflating: 1.2.840.113619.2.440.1599194.3214630.22571.1534785311.122_1.dicom/MR.1.2.840.113619.2.440.1599194.3214630.20931.1534786012.280.dcm  
  inflating: 1.2.840.113619.2.440.1599194.3214630.22571.1534785311.122_1.dicom/MR.1.2.840.113619.2.440.1599194.3214630.20931.1534786012.339.dcm  
  inflating: 1.2.840.113619.2.440.1599194.3214630.22571.1534785311.122_1.dicom/MR.1.2.840.113619.2.440.1599194.3214630.20931.1534786012.349.dcm  
  inflating: 1.2.840.113619.2.440.1599194.3214630.22571.1534785311.122_1.dicom/MR.1.2.840.113619.2.440.1599194.3214630.20931.1534786012.281.dcm  
  inflating: 1.2.840.113619.2.440.1599194.3214630.22571.1534785311.122_1.dicom/MR.1.2.840.113619.2.440.1599194.3214630.20931.1534786012.311.dcm  
  inflating: 1.2.840.113619.2.440.1599194.3214630.22571.1534785311.122_1.dicom/MR.1.2.840.113619.2.440.1599194.3214630.20931.1534786012.290.dcm  
  inflating: 1.2.840.113619.2.440.1599194.3214630.22571.1534785311.122_1.dicom/MR.1.2.840.113619.2.440.1599194.3214630.20931.1534786012.306.dcm  
  inflating: 1.2.840.113619.2.440.1599194.3214630.22571.1534785311.122_1.dicom/MR.1.2.840.113619.2.440.1599194.3214630.20931.1534786012.254.dcm  
  inflating: 1.2.840.113619.2.440.1599194.3214630.22571.1534785311.122_1.dicom/MR.1.2.840.113619.2.440.1599194.3214630.20931.1534786012.310.dcm  
  inflating: 1.2.840.113619.2.440.1599194.3214630.22571.1534785311.122_1.dicom/MR.1.2.840.113619.2.440.1599194.3214630.20931.1534786012.343.dcm  
  inflating: 1.2.840.113619.2.440.1599194.3214630.22571.1534785311.122_1.dicom/MR.1.2.840.113619.2.440.1599194.3214630.20931.1534786012.314.dcm  
  inflating: 1.2.840.113619.2.440.1599194.3214630.22571.1534785311.122_1.dicom/MR.1.2.840.113619.2.440.1599194.3214630.20931.1534786012.309.dcm  
  inflating: 1.2.840.113619.2.440.1599194.3214630.22571.1534785311.122_1.dicom/MR.1.2.840.113619.2.440.1599194.3214630.20931.1534786012.332.dcm  
  inflating: 1.2.840.113619.2.440.1599194.3214630.22571.1534785311.122_1.dicom/MR.1.2.840.113619.2.440.1599194.3214630.20931.1534786012.285.dcm  
  inflating: 1.2.840.113619.2.440.1599194.3214630.22571.1534785311.122_1.dicom/MR.1.2.840.113619.2.440.1599194.3214630.20931.1534786012.335.dcm  
  inflating: 1.2.840.113619.2.440.1599194.3214630.22571.1534785311.122_1.dicom/MR.1.2.840.113619.2.440.1599194.3214630.20931.1534786012.303.dcm  
  inflating: 1.2.840.113619.2.440.1599194.3214630.22571.1534785311.122_1.dicom/MR.1.2.840.113619.2.440.1599194.3214630.20931.1534786012.300.dcm  
  inflating: 1.2.840.113619.2.440.1599194.3214630.22571.1534785311.122_1.dicom/MR.1.2.840.113619.2.440.1599194.3214630.20931.1534786012.301.dcm  
  inflating: 1.2.840.113619.2.440.1599194.3214630.22571.1534785311.122_1.dicom/MR.1.2.840.113619.2.440.1599194.3214630.20931.1534786012.272.dcm  
  inflating: 1.2.840.113619.2.440.1599194.3214630.22571.1534785311.122_1.dicom/MR.1.2.840.113619.2.440.1599194.3214630.20931.1534786012.251.dcm  
  inflating: 1.2.840.113619.2.440.1599194.3214630.22571.1534785311.122_1.dicom/MR.1.2.840.113619.2.440.1599194.3214630.20931.1534786012.316.dcm  
  inflating: 1.2.840.113619.2.440.1599194.3214630.22571.1534785311.122_1.dicom/MR.1.2.840.113619.2.440.1599194.3214630.20931.1534786012.295.dcm  
  inflating: 1.2.840.113619.2.440.1599194.3214630.22571.1534785311.122_1.dicom/MR.1.2.840.113619.2.440.1599194.3214630.20931.1534786012.271.dcm  
  inflating: 1.2.840.113619.2.440.1599194.3214630.22571.1534785311.122_1.dicom/MR.1.2.840.113619.2.440.1599194.3214630.20931.1534786012.278.dcm  
  inflating: 1.2.840.113619.2.440.1599194.3214630.22571.1534785311.122_1.dicom/MR.1.2.840.113619.2.440.1599194.3214630.20931.1534786012.253.dcm  
  inflating: 1.2.840.113619.2.440.1599194.3214630.22571.1534785311.122_1.dicom/MR.1.2.840.113619.2.440.1599194.3214630.20931.1534786012.286.dcm  
  inflating: 1.2.840.113619.2.440.1599194.3214630.22571.1534785311.122_1.dicom/MR.1.2.840.113619.2.440.1599194.3214630.20931.1534786012.323.dcm  
  inflating: 1.2.840.113619.2.440.1599194.3214630.22571.1534785311.122_1.dicom/MR.1.2.840.113619.2.440.1599194.3214630.20931.1534786012.359.dcm  
  inflating: 1.2.840.113619.2.440.1599194.3214630.22571.1534785311.122_1.dicom/MR.1.2.840.113619.2.440.1599194.3214630.20931.1534786012.366.dcm  
  inflating: 1.2.840.113619.2.440.1599194.3214630.22571.1534785311.122_1.dicom/MR.1.2.840.113619.2.440.1599194.3214630.20931.1534786012.363.dcm  
  inflating: 1.2.840.113619.2.440.1599194.3214630.22571.1534785311.122_1.dicom/MR.1.2.840.113619.2.440.1599194.3214630.20931.1534786012.365.dcm  
  inflating: 1.2.840.113619.2.440.1599194.3214630.22571.1534785311.122_1.dicom/MR.1.2.840.113619.2.440.1599194.3214630.20931.1534786012.354.dcm  
  inflating: 1.2.840.113619.2.440.1599194.3214630.22571.1534785311.122_1.dicom/MR.1.2.840.113619.2.440.1599194.3214630.20931.1534786012.368.dcm  
  inflating: 1.2.840.113619.2.440.1599194.3214630.22571.1534785311.122_1.dicom/MR.1.2.840.113619.2.440.1599194.3214630.20931.1534786012.351.dcm  
  inflating: 1.2.840.113619.2.440.1599194.3214630.22571.1534785311.122_1.dicom/MR.1.2.840.113619.2.440.1599194.3214630.20931.1534786012.352.dcm  
  inflating: 1.2.840.113619.2.440.1599194.3214630.22571.1534785311.122_1.dicom/MR.1.2.840.113619.2.440.1599194.3214630.20931.1534786012.360.dcm  
  inflating: 1.2.840.113619.2.440.1599194.3214630.22571.1534785311.122_1.dicom/MR.1.2.840.113619.2.440.1599194.3214630.20931.1534786012.350.dcm  
  inflating: 1.2.840.113619.2.440.1599194.3214630.22571.1534785311.122_1.dicom/MR.1.2.840.113619.2.440.1599194.3214630.20931.1534786012.358.dcm  
  inflating: 1.2.840.113619.2.440.1599194.3214630.22571.1534785311.122_1.dicom/MR.1.2.840.113619.2.440.1599194.3214630.20931.1534786012.373.dcm  
  inflating: 1.2.840.113619.2.440.1599194.3214630.22571.1534785311.122_1.dicom/MR.1.2.840.113619.2.440.1599194.3214630.20931.1534786012.370.dcm  
  inflating: 1.2.840.113619.2.440.1599194.3214630.22571.1534785311.122_1.dicom/MR.1.2.840.113619.2.440.1599194.3214630.20931.1534786012.364.dcm  
  inflating: 1.2.840.113619.2.440.1599194.3214630.22571.1534785311.122_1.dicom/MR.1.2.840.113619.2.440.1599194.3214630.20931.1534786012.361.dcm  
  inflating: 1.2.840.113619.2.440.1599194.3214630.22571.1534785311.122_1.dicom/MR.1.2.840.113619.2.440.1599194.3214630.20931.1534786012.372.dcm  
  inflating: 1.2.840.113619.2.440.1599194.3214630.22571.1534785311.122_1.dicom/MR.1.2.840.113619.2.440.1599194.3214630.20931.1534786012.355.dcm  
  inflating: 1.2.840.113619.2.440.1599194.3214630.22571.1534785311.122_1.dicom/MR.1.2.840.113619.2.440.1599194.3214630.20931.1534786012.362.dcm  
  inflating: 1.2.840.113619.2.440.1599194.3214630.22571.1534785311.122_1.dicom/MR.1.2.840.113619.2.440.1599194.3214630.20931.1534786012.356.dcm  
  inflating: 1.2.840.113619.2.440.1599194.3214630.22571.1534785311.122_1.dicom/MR.1.2.840.113619.2.440.1599194.3214630.20931.1534786012.353.dcm  
  inflating: 1.2.840.113619.2.440.1599194.3214630.22571.1534785311.122_1.dicom/MR.1.2.840.113619.2.440.1599194.3214630.20931.1534786012.312.dcm  
Archive:  /oak/stanford/groups/menon/rawdata/scsnl/9316/visit1/session1/anatomical/3D_Volume_redo/1.2.840.113619.2.440.1599194.3214630.22571.1534785311.138_1.dicom.zip
{"group": {"_id": "menon"}, "project": {"label": "met"}, "session": {"uid": "1.2.840.113619.6.440.288346805763592465449540368057314042364", "timestamp": "2018-08-26T15:57:23-07:00", "label": "9316_1_1.3T2", "operator": "R^J", "timezone": "America/Los_Angeles", "subject": {"code": "9316_1_1.3T2"}}, "acquisition": {"files": [{"type": "dicom", "name": "1.2.840.113619.2.440.1599194.3214630.22571.1534785311.138_1.dicom.zip"}], "timezone": "America/Los_Angeles", "uid": "1.2.840.113619.2.440.1599194.3214630.22571.1534785311.138_1", "timestamp": "2018-08-26T18:14:32-07:00", "label": "3D_Volume_redo"}}
  inflating: 1.2.840.113619.2.440.1599194.3214630.22571.1534785311.138_1.dicom/MR.1.2.840.113619.2.440.1599194.3214630.20931.1534786013.420.dcm  
  inflating: 1.2.840.113619.2.440.1599194.3214630.22571.1534785311.138_1.dicom/MR.1.2.840.113619.2.440.1599194.3214630.20931.1534786013.423.dcm  
  inflating: 1.2.840.113619.2.440.1599194.3214630.22571.1534785311.138_1.dicom/MR.1.2.840.113619.2.440.1599194.3214630.20931.1534786013.416.dcm  
  inflating: 1.2.840.113619.2.440.1599194.3214630.22571.1534785311.138_1.dicom/MR.1.2.840.113619.2.440.1599194.3214630.20931.1534786013.436.dcm  
  inflating: 1.2.840.113619.2.440.1599194.3214630.22571.1534785311.138_1.dicom/MR.1.2.840.113619.2.440.1599194.3214630.20931.1534786013.417.dcm  
  inflating: 1.2.840.113619.2.440.1599194.3214630.22571.1534785311.138_1.dicom/MR.1.2.840.113619.2.440.1599194.3214630.20931.1534786013.452.dcm  
  inflating: 1.2.840.113619.2.440.1599194.3214630.22571.1534785311.138_1.dicom/MR.1.2.840.113619.2.440.1599194.3214630.20931.1534786013.444.dcm  
  inflating: 1.2.840.113619.2.440.1599194.3214630.22571.1534785311.138_1.dicom/MR.1.2.840.113619.2.440.1599194.3214630.20931.1534786013.421.dcm  
  inflating: 1.2.840.113619.2.440.1599194.3214630.22571.1534785311.138_1.dicom/MR.1.2.840.113619.2.440.1599194.3214630.20931.1534786013.419.dcm  
  inflating: 1.2.840.113619.2.440.1599194.3214630.22571.1534785311.138_1.dicom/MR.1.2.840.113619.2.440.1599194.3214630.20931.1534786013.418.dcm  
  inflating: 1.2.840.113619.2.440.1599194.3214630.22571.1534785311.138_1.dicom/MR.1.2.840.113619.2.440.1599194.3214630.20931.1534786013.422.dcm  
  inflating: 1.2.840.113619.2.440.1599194.3214630.22571.1534785311.138_1.dicom/MR.1.2.840.113619.2.440.1599194.3214630.20931.1534786013.357.dcm  
  inflating: 1.2.840.113619.2.440.1599194.3214630.22571.1534785311.138_1.dicom/MR.1.2.840.113619.2.440.1599194.3214630.20931.1534786013.439.dcm  
  inflating: 1.2.840.113619.2.440.1599194.3214630.22571.1534785311.138_1.dicom/MR.1.2.840.113619.2.440.1599194.3214630.20931.1534786013.435.dcm  
  inflating: 1.2.840.113619.2.440.1599194.3214630.22571.1534785311.138_1.dicom/MR.1.2.840.113619.2.440.1599194.3214630.20931.1534786013.398.dcm  
  inflating: 1.2.840.113619.2.440.1599194.3214630.22571.1534785311.138_1.dicom/MR.1.2.840.113619.2.440.1599194.3214630.20931.1534786013.406.dcm  
  inflating: 1.2.840.113619.2.440.1599194.3214630.22571.1534785311.138_1.dicom/MR.1.2.840.113619.2.440.1599194.3214630.20931.1534786013.394.dcm  
  inflating: 1.2.840.113619.2.440.1599194.3214630.22571.1534785311.138_1.dicom/MR.1.2.840.113619.2.440.1599194.3214630.20931.1534786013.402.dcm  
  inflating: 1.2.840.113619.2.440.1599194.3214630.22571.1534785311.138_1.dicom/MR.1.2.840.113619.2.440.1599194.3214630.20931.1534786013.438.dcm  
  inflating: 1.2.840.113619.2.440.1599194.3214630.22571.1534785311.138_1.dicom/MR.1.2.840.113619.2.440.1599194.3214630.20931.1534786013.440.dcm  
  inflating: 1.2.840.113619.2.440.1599194.3214630.22571.1534785311.138_1.dicom/MR.1.2.840.113619.2.440.1599194.3214630.20931.1534786013.371.dcm  
  inflating: 1.2.840.113619.2.440.1599194.3214630.22571.1534785311.138_1.dicom/MR.1.2.840.113619.2.440.1599194.3214630.20931.1534786013.433.dcm  
  inflating: 1.2.840.113619.2.440.1599194.3214630.22571.1534785311.138_1.dicom/MR.1.2.840.113619.2.440.1599194.3214630.20931.1534786013.427.dcm  
  inflating: 1.2.840.113619.2.440.1599194.3214630.22571.1534785311.138_1.dicom/MR.1.2.840.113619.2.440.1599194.3214630.20931.1534786013.381.dcm  
  inflating: 1.2.840.113619.2.440.1599194.3214630.22571.1534785311.138_1.dicom/MR.1.2.840.113619.2.440.1599194.3214630.20931.1534786013.380.dcm  
  inflating: 1.2.840.113619.2.440.1599194.3214630.22571.1534785311.138_1.dicom/MR.1.2.840.113619.2.440.1599194.3214630.20931.1534786013.374.dcm  
  inflating: 1.2.840.113619.2.440.1599194.3214630.22571.1534785311.138_1.dicom/MR.1.2.840.113619.2.440.1599194.3214630.20931.1534786013.365.dcm  
  inflating: 1.2.840.113619.2.440.1599194.3214630.22571.1534785311.138_1.dicom/MR.1.2.840.113619.2.440.1599194.3214630.20931.1534786013.379.dcm  
  inflating: 1.2.840.113619.2.440.1599194.3214630.22571.1534785311.138_1.dicom/MR.1.2.840.113619.2.440.1599194.3214630.20931.1534786013.362.dcm  
  inflating: 1.2.840.113619.2.440.1599194.3214630.22571.1534785311.138_1.dicom/MR.1.2.840.113619.2.440.1599194.3214630.20931.1534786013.388.dcm  
  inflating: 1.2.840.113619.2.440.1599194.3214630.22571.1534785311.138_1.dicom/MR.1.2.840.113619.2.440.1599194.3214630.20931.1534786013.386.dcm  
  inflating: 1.2.840.113619.2.440.1599194.3214630.22571.1534785311.138_1.dicom/MR.1.2.840.113619.2.440.1599194.3214630.20931.1534786013.391.dcm  
  inflating: 1.2.840.113619.2.440.1599194.3214630.22571.1534785311.138_1.dicom/MR.1.2.840.113619.2.440.1599194.3214630.20931.1534786013.445.dcm  
  inflating: 1.2.840.113619.2.440.1599194.3214630.22571.1534785311.138_1.dicom/MR.1.2.840.113619.2.440.1599194.3214630.20931.1534786013.424.dcm  
  inflating: 1.2.840.113619.2.440.1599194.3214630.22571.1534785311.138_1.dicom/MR.1.2.840.113619.2.440.1599194.3214630.20931.1534786013.429.dcm  
  inflating: 1.2.840.113619.2.440.1599194.3214630.22571.1534785311.138_1.dicom/MR.1.2.840.113619.2.440.1599194.3214630.20931.1534786013.437.dcm  
  inflating: 1.2.840.113619.2.440.1599194.3214630.22571.1534785311.138_1.dicom/MR.1.2.840.113619.2.440.1599194.3214630.20931.1534786013.367.dcm  
  inflating: 1.2.840.113619.2.440.1599194.3214630.22571.1534785311.138_1.dicom/MR.1.2.840.113619.2.440.1599194.3214630.20931.1534786013.389.dcm  
  inflating: 1.2.840.113619.2.440.1599194.3214630.22571.1534785311.138_1.dicom/MR.1.2.840.113619.2.440.1599194.3214630.20931.1534786013.368.dcm  
  inflating: 1.2.840.113619.2.440.1599194.3214630.22571.1534785311.138_1.dicom/MR.1.2.840.113619.2.440.1599194.3214630.20931.1534786013.448.dcm  
  inflating: 1.2.840.113619.2.440.1599194.3214630.22571.1534785311.138_1.dicom/MR.1.2.840.113619.2.440.1599194.3214630.20931.1534786013.447.dcm  
  inflating: 1.2.840.113619.2.440.1599194.3214630.22571.1534785311.138_1.dicom/MR.1.2.840.113619.2.440.1599194.3214630.20931.1534786013.446.dcm  
  inflating: 1.2.840.113619.2.440.1599194.3214630.22571.1534785311.138_1.dicom/MR.1.2.840.113619.2.440.1599194.3214630.20931.1534786013.414.dcm  
  inflating: 1.2.840.113619.2.440.1599194.3214630.22571.1534785311.138_1.dicom/MR.1.2.840.113619.2.440.1599194.3214630.20931.1534786013.430.dcm  
  inflating: 1.2.840.113619.2.440.1599194.3214630.22571.1534785311.138_1.dicom/MR.1.2.840.113619.2.440.1599194.3214630.20931.1534786013.378.dcm  
  inflating: 1.2.840.113619.2.440.1599194.3214630.22571.1534785311.138_1.dicom/MR.1.2.840.113619.2.440.1599194.3214630.20931.1534786013.476.dcm  
  inflating: 1.2.840.113619.2.440.1599194.3214630.22571.1534785311.138_1.dicom/MR.1.2.840.113619.2.440.1599194.3214630.20931.1534786013.358.dcm  
  inflating: 1.2.840.113619.2.440.1599194.3214630.22571.1534785311.138_1.dicom/MR.1.2.840.113619.2.440.1599194.3214630.20931.1534786013.382.dcm  
  inflating: 1.2.840.113619.2.440.1599194.3214630.22571.1534785311.138_1.dicom/MR.1.2.840.113619.2.440.1599194.3214630.20931.1534786013.393.dcm  
  inflating: 1.2.840.113619.2.440.1599194.3214630.22571.1534785311.138_1.dicom/MR.1.2.840.113619.2.440.1599194.3214630.20931.1534786013.370.dcm  
  inflating: 1.2.840.113619.2.440.1599194.3214630.22571.1534785311.138_1.dicom/MR.1.2.840.113619.2.440.1599194.3214630.20931.1534786013.364.dcm  
  inflating: 1.2.840.113619.2.440.1599194.3214630.22571.1534785311.138_1.dicom/MR.1.2.840.113619.2.440.1599194.3214630.20931.1534786013.354.dcm  
  inflating: 1.2.840.113619.2.440.1599194.3214630.22571.1534785311.138_1.dicom/MR.1.2.840.113619.2.440.1599194.3214630.20931.1534786013.384.dcm  
  inflating: 1.2.840.113619.2.440.1599194.3214630.22571.1534785311.138_1.dicom/MR.1.2.840.113619.2.440.1599194.3214630.20931.1534786013.451.dcm  
  inflating: 1.2.840.113619.2.440.1599194.3214630.22571.1534785311.138_1.dicom/MR.1.2.840.113619.2.440.1599194.3214630.20931.1534786013.434.dcm  
  inflating: 1.2.840.113619.2.440.1599194.3214630.22571.1534785311.138_1.dicom/MR.1.2.840.113619.2.440.1599194.3214630.20931.1534786013.359.dcm  
  inflating: 1.2.840.113619.2.440.1599194.3214630.22571.1534785311.138_1.dicom/MR.1.2.840.113619.2.440.1599194.3214630.20931.1534786013.408.dcm  
  inflating: 1.2.840.113619.2.440.1599194.3214630.22571.1534785311.138_1.dicom/MR.1.2.840.113619.2.440.1599194.3214630.20931.1534786013.392.dcm  
  inflating: 1.2.840.113619.2.440.1599194.3214630.22571.1534785311.138_1.dicom/MR.1.2.840.113619.2.440.1599194.3214630.20931.1534786013.472.dcm  
  inflating: 1.2.840.113619.2.440.1599194.3214630.22571.1534785311.138_1.dicom/MR.1.2.840.113619.2.440.1599194.3214630.20931.1534786013.426.dcm  
  inflating: 1.2.840.113619.2.440.1599194.3214630.22571.1534785311.138_1.dicom/MR.1.2.840.113619.2.440.1599194.3214630.20931.1534786013.411.dcm  
  inflating: 1.2.840.113619.2.440.1599194.3214630.22571.1534785311.138_1.dicom/MR.1.2.840.113619.2.440.1599194.3214630.20931.1534786013.399.dcm  
  inflating: 1.2.840.113619.2.440.1599194.3214630.22571.1534785311.138_1.dicom/MR.1.2.840.113619.2.440.1599194.3214630.20931.1534786013.360.dcm  
  inflating: 1.2.840.113619.2.440.1599194.3214630.22571.1534785311.138_1.dicom/MR.1.2.840.113619.2.440.1599194.3214630.20931.1534786013.401.dcm  
  inflating: 1.2.840.113619.2.440.1599194.3214630.22571.1534785311.138_1.dicom/MR.1.2.840.113619.2.440.1599194.3214630.20931.1534786013.441.dcm  
  inflating: 1.2.840.113619.2.440.1599194.3214630.22571.1534785311.138_1.dicom/MR.1.2.840.113619.2.440.1599194.3214630.20931.1534786013.404.dcm  
  inflating: 1.2.840.113619.2.440.1599194.3214630.22571.1534785311.138_1.dicom/MR.1.2.840.113619.2.440.1599194.3214630.20931.1534786013.383.dcm  
  inflating: 1.2.840.113619.2.440.1599194.3214630.22571.1534785311.138_1.dicom/MR.1.2.840.113619.2.440.1599194.3214630.20931.1534786013.363.dcm  
  inflating: 1.2.840.113619.2.440.1599194.3214630.22571.1534785311.138_1.dicom/MR.1.2.840.113619.2.440.1599194.3214630.20931.1534786013.372.dcm  
  inflating: 1.2.840.113619.2.440.1599194.3214630.22571.1534785311.138_1.dicom/MR.1.2.840.113619.2.440.1599194.3214630.20931.1534786013.396.dcm  
  inflating: 1.2.840.113619.2.440.1599194.3214630.22571.1534785311.138_1.dicom/MR.1.2.840.113619.2.440.1599194.3214630.20931.1534786013.410.dcm  
  inflating: 1.2.840.113619.2.440.1599194.3214630.22571.1534785311.138_1.dicom/MR.1.2.840.113619.2.440.1599194.3214630.20931.1534786013.442.dcm  
  inflating: 1.2.840.113619.2.440.1599194.3214630.22571.1534785311.138_1.dicom/MR.1.2.840.113619.2.440.1599194.3214630.20931.1534786013.369.dcm  
  inflating: 1.2.840.113619.2.440.1599194.3214630.22571.1534785311.138_1.dicom/MR.1.2.840.113619.2.440.1599194.3214630.20931.1534786013.412.dcm  
  inflating: 1.2.840.113619.2.440.1599194.3214630.22571.1534785311.138_1.dicom/MR.1.2.840.113619.2.440.1599194.3214630.20931.1534786013.428.dcm  
  inflating: 1.2.840.113619.2.440.1599194.3214630.22571.1534785311.138_1.dicom/MR.1.2.840.113619.2.440.1599194.3214630.20931.1534786013.355.dcm  
  inflating: 1.2.840.113619.2.440.1599194.3214630.22571.1534785311.138_1.dicom/MR.1.2.840.113619.2.440.1599194.3214630.20931.1534786013.431.dcm  
  inflating: 1.2.840.113619.2.440.1599194.3214630.22571.1534785311.138_1.dicom/MR.1.2.840.113619.2.440.1599194.3214630.20931.1534786013.387.dcm  
  inflating: 1.2.840.113619.2.440.1599194.3214630.22571.1534785311.138_1.dicom/MR.1.2.840.113619.2.440.1599194.3214630.20931.1534786013.463.dcm  
  inflating: 1.2.840.113619.2.440.1599194.3214630.22571.1534785311.138_1.dicom/MR.1.2.840.113619.2.440.1599194.3214630.20931.1534786013.390.dcm  
  inflating: 1.2.840.113619.2.440.1599194.3214630.22571.1534785311.138_1.dicom/MR.1.2.840.113619.2.440.1599194.3214630.20931.1534786013.450.dcm  
  inflating: 1.2.840.113619.2.440.1599194.3214630.22571.1534785311.138_1.dicom/MR.1.2.840.113619.2.440.1599194.3214630.20931.1534786013.413.dcm  
  inflating: 1.2.840.113619.2.440.1599194.3214630.22571.1534785311.138_1.dicom/MR.1.2.840.113619.2.440.1599194.3214630.20931.1534786013.409.dcm  
  inflating: 1.2.840.113619.2.440.1599194.3214630.22571.1534785311.138_1.dicom/MR.1.2.840.113619.2.440.1599194.3214630.20931.1534786013.425.dcm  
  inflating: 1.2.840.113619.2.440.1599194.3214630.22571.1534785311.138_1.dicom/MR.1.2.840.113619.2.440.1599194.3214630.20931.1534786013.407.dcm  
  inflating: 1.2.840.113619.2.440.1599194.3214630.22571.1534785311.138_1.dicom/MR.1.2.840.113619.2.440.1599194.3214630.20931.1534786013.403.dcm  
  inflating: 1.2.840.113619.2.440.1599194.3214630.22571.1534785311.138_1.dicom/MR.1.2.840.113619.2.440.1599194.3214630.20931.1534786013.397.dcm  
  inflating: 1.2.840.113619.2.440.1599194.3214630.22571.1534785311.138_1.dicom/MR.1.2.840.113619.2.440.1599194.3214630.20931.1534786013.474.dcm  
  inflating: 1.2.840.113619.2.440.1599194.3214630.22571.1534785311.138_1.dicom/MR.1.2.840.113619.2.440.1599194.3214630.20931.1534786013.385.dcm  
  inflating: 1.2.840.113619.2.440.1599194.3214630.22571.1534785311.138_1.dicom/MR.1.2.840.113619.2.440.1599194.3214630.20931.1534786013.443.dcm  
  inflating: 1.2.840.113619.2.440.1599194.3214630.22571.1534785311.138_1.dicom/MR.1.2.840.113619.2.440.1599194.3214630.20931.1534786013.432.dcm  
  inflating: 1.2.840.113619.2.440.1599194.3214630.22571.1534785311.138_1.dicom/MR.1.2.840.113619.2.440.1599194.3214630.20931.1534786013.366.dcm  
  inflating: 1.2.840.113619.2.440.1599194.3214630.22571.1534785311.138_1.dicom/MR.1.2.840.113619.2.440.1599194.3214630.20931.1534786013.395.dcm  
  inflating: 1.2.840.113619.2.440.1599194.3214630.22571.1534785311.138_1.dicom/MR.1.2.840.113619.2.440.1599194.3214630.20931.1534786013.449.dcm  
  inflating: 1.2.840.113619.2.440.1599194.3214630.22571.1534785311.138_1.dicom/MR.1.2.840.113619.2.440.1599194.3214630.20931.1534786013.376.dcm  
  inflating: 1.2.840.113619.2.440.1599194.3214630.22571.1534785311.138_1.dicom/MR.1.2.840.113619.2.440.1599194.3214630.20931.1534786013.375.dcm  
  inflating: 1.2.840.113619.2.440.1599194.3214630.22571.1534785311.138_1.dicom/MR.1.2.840.113619.2.440.1599194.3214630.20931.1534786013.361.dcm  
  inflating: 1.2.840.113619.2.440.1599194.3214630.22571.1534785311.138_1.dicom/MR.1.2.840.113619.2.440.1599194.3214630.20931.1534786013.377.dcm  
  inflating: 1.2.840.113619.2.440.1599194.3214630.22571.1534785311.138_1.dicom/MR.1.2.840.113619.2.440.1599194.3214630.20931.1534786013.405.dcm  
  inflating: 1.2.840.113619.2.440.1599194.3214630.22571.1534785311.138_1.dicom/MR.1.2.840.113619.2.440.1599194.3214630.20931.1534786013.373.dcm  
  inflating: 1.2.840.113619.2.440.1599194.3214630.22571.1534785311.138_1.dicom/MR.1.2.840.113619.2.440.1599194.3214630.20931.1534786013.356.dcm  
  inflating: 1.2.840.113619.2.440.1599194.3214630.22571.1534785311.138_1.dicom/MR.1.2.840.113619.2.440.1599194.3214630.20931.1534786013.400.dcm  
  inflating: 1.2.840.113619.2.440.1599194.3214630.22571.1534785311.138_1.dicom/MR.1.2.840.113619.2.440.1599194.3214630.20931.1534786013.470.dcm  
  inflating: 1.2.840.113619.2.440.1599194.3214630.22571.1534785311.138_1.dicom/MR.1.2.840.113619.2.440.1599194.3214630.20931.1534786013.458.dcm  
  inflating: 1.2.840.113619.2.440.1599194.3214630.22571.1534785311.138_1.dicom/MR.1.2.840.113619.2.440.1599194.3214630.20931.1534786013.462.dcm  
  inflating: 1.2.840.113619.2.440.1599194.3214630.22571.1534785311.138_1.dicom/MR.1.2.840.113619.2.440.1599194.3214630.20931.1534786013.455.dcm  
  inflating: 1.2.840.113619.2.440.1599194.3214630.22571.1534785311.138_1.dicom/MR.1.2.840.113619.2.440.1599194.3214630.20931.1534786013.477.dcm  
  inflating: 1.2.840.113619.2.440.1599194.3214630.22571.1534785311.138_1.dicom/MR.1.2.840.113619.2.440.1599194.3214630.20931.1534786013.469.dcm  
  inflating: 1.2.840.113619.2.440.1599194.3214630.22571.1534785311.138_1.dicom/MR.1.2.840.113619.2.440.1599194.3214630.20931.1534786013.473.dcm  
  inflating: 1.2.840.113619.2.440.1599194.3214630.22571.1534785311.138_1.dicom/MR.1.2.840.113619.2.440.1599194.3214630.20931.1534786013.461.dcm  
  inflating: 1.2.840.113619.2.440.1599194.3214630.22571.1534785311.138_1.dicom/MR.1.2.840.113619.2.440.1599194.3214630.20931.1534786013.466.dcm  
  inflating: 1.2.840.113619.2.440.1599194.3214630.22571.1534785311.138_1.dicom/MR.1.2.840.113619.2.440.1599194.3214630.20931.1534786013.471.dcm  
  inflating: 1.2.840.113619.2.440.1599194.3214630.22571.1534785311.138_1.dicom/MR.1.2.840.113619.2.440.1599194.3214630.20931.1534786013.467.dcm  
  inflating: 1.2.840.113619.2.440.1599194.3214630.22571.1534785311.138_1.dicom/MR.1.2.840.113619.2.440.1599194.3214630.20931.1534786013.415.dcm  
  inflating: 1.2.840.113619.2.440.1599194.3214630.22571.1534785311.138_1.dicom/MR.1.2.840.113619.2.440.1599194.3214630.20931.1534786013.465.dcm  
  inflating: 1.2.840.113619.2.440.1599194.3214630.22571.1534785311.138_1.dicom/MR.1.2.840.113619.2.440.1599194.3214630.20931.1534786013.460.dcm  
  inflating: 1.2.840.113619.2.440.1599194.3214630.22571.1534785311.138_1.dicom/MR.1.2.840.113619.2.440.1599194.3214630.20931.1534786013.468.dcm  
  inflating: 1.2.840.113619.2.440.1599194.3214630.22571.1534785311.138_1.dicom/MR.1.2.840.113619.2.440.1599194.3214630.20931.1534786013.475.dcm  
  inflating: 1.2.840.113619.2.440.1599194.3214630.22571.1534785311.138_1.dicom/MR.1.2.840.113619.2.440.1599194.3214630.20931.1534786013.457.dcm  
  inflating: 1.2.840.113619.2.440.1599194.3214630.22571.1534785311.138_1.dicom/MR.1.2.840.113619.2.440.1599194.3214630.20931.1534786013.459.dcm  
  inflating: 1.2.840.113619.2.440.1599194.3214630.22571.1534785311.138_1.dicom/MR.1.2.840.113619.2.440.1599194.3214630.20931.1534786013.464.dcm  
  inflating: 1.2.840.113619.2.440.1599194.3214630.22571.1534785311.138_1.dicom/MR.1.2.840.113619.2.440.1599194.3214630.20931.1534786013.456.dcm  
  inflating: 1.2.840.113619.2.440.1599194.3214630.22571.1534785311.138_1.dicom/MR.1.2.840.113619.2.440.1599194.3214630.20931.1534786013.454.dcm  
  inflating: 1.2.840.113619.2.440.1599194.3214630.22571.1534785311.138_1.dicom/MR.1.2.840.113619.2.440.1599194.3214630.20931.1534786013.453.dcm  

                            < M A T L A B (R) >
                  Copyright 1984-2017 The MathWorks, Inc.
                   R2017a (9.2.0.556344) 64-bit (glnxa64)
                               March 27, 2017

 
To get started, type one of these: helpwin, helpdesk, or demo.
For product information, visit www.mathworks.com.
 
==================================================================
DICOM conversion starts at 2018/09/12 11:41:35
==================================================================
Current directory is: /oak/stanford/groups/menon/scsnlscripts/utilities/dataOrganization/pre_preprocessing/utils
------------------------------------------------------------------
DICOM to SPGR conversion is successful!
DICOM to SPGR conversion is successful!

                            < M A T L A B (R) >
                  Copyright 1984-2017 The MathWorks, Inc.
                   R2017a (9.2.0.556344) 64-bit (glnxa64)
                               March 27, 2017

 
To get started, type one of these: helpwin, helpdesk, or demo.
For product information, visit www.mathworks.com.
 
==================================================================
DICOM conversion starts at 2018/09/12 11:42:10
==================================================================
Current directory is: /oak/stanford/groups/menon/scsnlscripts/utilities/dataOrganization/pre_preprocessing/utils
------------------------------------------------------------------
DICOM to SPGR conversion is successful!
DICOM to SPGR conversion is successful!

                            < M A T L A B (R) >
                  Copyright 1984-2017 The MathWorks, Inc.
                   R2017a (9.2.0.556344) 64-bit (glnxa64)
                               March 27, 2017

 
To get started, type one of these: helpwin, helpdesk, or demo.
For product information, visit www.mathworks.com.
 
==================================================================
DICOM conversion starts at 2018/09/12 11:42:49
==================================================================
Current directory is: /oak/stanford/groups/menon/scsnlscripts/utilities/dataOrganization/pre_preprocessing/utils
------------------------------------------------------------------
DICOM to SPGR conversion is successful!

                            < M A T L A B (R) >
                  Copyright 1984-2017 The MathWorks, Inc.
                   R2017a (9.2.0.556344) 64-bit (glnxa64)
                               March 27, 2017

 
To get started, type one of these: helpwin, helpdesk, or demo.
For product information, visit www.mathworks.com.
 
==================================================================
DICOM conversion starts at 2018/09/12 11:43:30
==================================================================
Current directory is: /oak/stanford/groups/menon/scsnlscripts/utilities/dataOrganization/pre_preprocessing/utils
------------------------------------------------------------------
Warning: /oak/stanford/groups/menon/rawdata/scsnl/9316/visit1/session1/anatomical/ORIG 3D_Volume_redo does not appear to have the specified number of DICOM files 

                            < M A T L A B (R) >
                  Copyright 1984-2017 The MathWorks, Inc.
                   R2017a (9.2.0.556344) 64-bit (glnxa64)
                               March 27, 2017

 
To get started, type one of these: helpwin, helpdesk, or demo.
For product information, visit www.mathworks.com.
 
==================================================================
DICOM conversion starts at 2018/09/12 11:43:45
==================================================================
Current directory is: /oak/stanford/groups/menon/scsnlscripts/utilities/dataOrganization/pre_preprocessing/utils
------------------------------------------------------------------
DICOM to SPGR conversion is successful!
rsyncing behavioral data
ex12102 poorly formatted
ex12261 poorly formatted
ex12512 poorly formatted
ex12225 poorly formatted
ex12181 poorly formatted
ex12443 poorly formatted
ex12394 poorly formatted
ex12352 poorly formatted
ex12319 poorly formatted
ex12318 poorly formatted
ex12398 poorly formatted
ex12450 poorly formatted
ex12354 poorly formatted
ex12444 poorly formatted
ex12262 poorly formatted
ex12085 poorly formatted
ex12097 poorly formatted
ex12264 poorly formatted
ex12503 poorly formatted
ex12395 poorly formatted
ex12125 poorly formatted
ex12221 poorly formatted
ex12220 poorly formatted
ex12202 poorly formatted
ex12180 poorly formatted
ex12451 poorly formatted
ex12263 poorly formatted
ex12179 poorly formatted
ex12353 poorly formatted
ex12584 poorly formatted
ex12585 poorly formatted
ex12587 poorly formatted
ex12589 poorly formatted
ex12590 poorly formatted
ex12626 poorly formatted
ex12627 poorly formatted
ex12644 poorly formatted
ex12650 poorly formatted
ex12651 poorly formatted
ex12652 poorly formatted
ex12661 poorly formatted
ex12662 poorly formatted
ex12663 poorly formatted
ex12664 poorly formatted
ex12673 poorly formatted
ex12674 poorly formatted
ex12675 poorly formatted
ex12709 poorly formatted
ex12766 poorly formatted
ex12775 poorly formatted
ex12789 poorly formatted
ex12796 poorly formatted
ex12819 poorly formatted
ex12824 poorly formatted
ex12879 poorly formatted
ex12873 poorly formatted
ex12934 poorly formatted
ex12935 poorly formatted
ex12939 poorly formatted
ex12940 poorly formatted
ex12941 poorly formatted
ex12942 poorly formatted
ex12943 poorly formatted
ex12944 poorly formatted
ex12945 poorly formatted
ex12980 poorly formatted
ex12982 poorly formatted
ex12983 poorly formatted
ex13011 poorly formatted
ex13013 poorly formatted
ex13014 poorly formatted
ex13015 poorly formatted
ex13016 poorly formatted
ex13017 poorly formatted
ex13027 poorly formatted
ex13042 poorly formatted
ex13043 poorly formatted
ex13081 poorly formatted
ex13082 poorly formatted
ex13119 poorly formatted
ex13120 poorly formatted
ex13125 poorly formatted
ex13153 poorly formatted
ex13154 poorly formatted
ex13259 poorly formatted
ex13260 poorly formatted
ex13283 poorly formatted
ex13298 poorly formatted
ex13359 poorly formatted
ex13363 poorly formatted
ex13410 poorly formatted
ex13412 poorly formatted
ex13453 poorly formatted
ex13490 poorly formatted
ex13493 poorly formatted
ex13495 poorly formatted
ex13258 poorly formatted
ex3028 poorly formatted
ex13496 poorly formatted
ex13357 poorly formatted
ex13356 poorly formatted
ex13361 poorly formatted
ex13401 poorly formatted
ex13402 poorly formatted
ex13403 poorly formatted
ex2945 poorly formatted
ex13407 poorly formatted
ex13408 poorly formatted
ex13411 poorly formatted
ex13469 poorly formatted
ex13542 poorly formatted
ex13815 poorly formatted
16-03-20.1 poorly formatted
16-11-06.2 poorly formatted
new met scan found: 9316_1_1
downloading /oak/stanford/groups/menon/rawdata/scsnl/9316/visit1/session1/fmri/resting/unnormalized/I.nii.gz
downloading /oak/stanford/groups/menon/rawdata/scsnl/9316/visit1/session1/fmri/grid1/unnormalized/I.nii.gz
downloading /oak/stanford/groups/menon/rawdata/scsnl/9316/visit1/session1/fmri/grid2/unnormalized/I.nii.gz
downloading /oak/stanford/groups/menon/rawdata/scsnl/9316/visit1/session1/fmri/sym1/unnormalized/I.nii.gz
downloading /oak/stanford/groups/menon/rawdata/scsnl/9316/visit1/session1/fmri/sym2/unnormalized/I.nii.gz
downloading /oak/stanford/groups/menon/rawdata/scsnl/9316/visit1/session1/fmri/sym3/unnormalized/I.nii.gz
downloading /oak/stanford/groups/menon/rawdata/scsnl/9316/visit1/session1/fmri/sym4/unnormalized/I.nii.gz
downloading /oak/stanford/groups/menon/rawdata/scsnl/9316/visit1/session1/anatomical/orig_3D_Volume/1.2.840.113619.2.440.1599194.3214630.22157.1534886816.343_1.dicom.zip
downloading /oak/stanford/groups/menon/rawdata/scsnl/9316/visit1/session1/anatomical/orig_3D_Volume/1.2.840.113619.2.440.1599194.3214630.22157.1534886816.468_1.dicom.zip
downloading /oak/stanford/groups/menon/rawdata/scsnl/9316/visit1/session1/anatomical/3D_Volume/1.2.840.113619.2.440.1599194.3214630.22571.1534785311.122_1.dicom.zip
downloading /oak/stanford/groups/menon/rawdata/scsnl/9316/visit1/session1/anatomical/3D_Volume_redo/1.2.840.113619.2.440.1599194.3214630.22571.1534785311.138_1.dicom.zip
downloading /oak/stanford/groups/menon/rawdata/scsnl/9316/visit1/session1/anatomical/ORIG 3D_Volume_redo/1.2.840.113619.2.440.1599194.3214630.22157.1534886816.468_1.dicom.zip
new mathwhiz scan found: 7605_2_2
downloaded scanids:
[['9316', 'visit1', 'session1', 'met']]
failed downloads:
[['7605', 'visit2', 'session2', 'mathwhiz']]
processing 9316_1_1 behavioral
found extra folder /oak/stanford/groups/menon/rawdata/.fromlucas/9316_1_1.3T2/physio
uploading /oak/stanford/groups/menon/rawdata/.fromlucas/9316_1_1.3T2/physio/resting/P67072.physio to acq physio 5b995bcece2edd001202663f
uploading /oak/stanford/groups/menon/rawdata/.fromlucas/9316_1_1.3T2/physio/sym2/P70144.physio to acq physio 5b995bcece2edd001202663f
uploading /oak/stanford/groups/menon/rawdata/.fromlucas/9316_1_1.3T2/physio/sym3/P71168.physio to acq physio 5b995bcece2edd001202663f
uploading /oak/stanford/groups/menon/rawdata/.fromlucas/9316_1_1.3T2/physio/sym1/P69120.physio to acq physio 5b995bcece2edd001202663f
uploading /oak/stanford/groups/menon/rawdata/.fromlucas/9316_1_1.3T2/physio/grid1/P83968.physio to acq physio 5b995bcece2edd001202663f
uploading /oak/stanford/groups/menon/rawdata/.fromlucas/9316_1_1.3T2/physio/grid2/P84992.physio to acq physio 5b995bcece2edd001202663f
uploading /oak/stanford/groups/menon/rawdata/.fromlucas/9316_1_1.3T2/physio/sym4/P72192.physio to acq physio 5b995bcece2edd001202663f
found behav folder /oak/stanford/groups/menon/rawdata/.fromlucas/9316_1_1.3T2/behavioral
creating acquisition behavioral under flywheel exam id False 5b833262419fdd0016776d45
uploading /oak/stanford/groups/menon/rawdata/.fromlucas/9316_1_1.3T2/behavioral/Results/sym_run3_16_59_03.csv
uploading /oak/stanford/groups/menon/rawdata/.fromlucas/9316_1_1.3T2/behavioral/Results/grid_run2_18_33_52.csv
uploading /oak/stanford/groups/menon/rawdata/.fromlucas/9316_1_1.3T2/behavioral/Results/sym_run2_16_52_45.csv
uploading /oak/stanford/groups/menon/rawdata/.fromlucas/9316_1_1.3T2/behavioral/Results/sym_run1_16_37_56.csv
uploading /oak/stanford/groups/menon/rawdata/.fromlucas/9316_1_1.3T2/behavioral/Results/grid_run1_17_26_21.csv
uploading /oak/stanford/groups/menon/rawdata/.fromlucas/9316_1_1.3T2/behavioral/Results/sym_run4_17_06_15.csv
uploading /oak/stanford/groups/menon/rawdata/.fromlucas/9316_1_1.3T2/behavioral/Results/Mock_Task/mock_grid_1_15_27_01.csv
uploading /oak/stanford/groups/menon/rawdata/.fromlucas/9316_1_1.3T2/behavioral/Results/Mock_Task/mock_grid_2_15_32_23.csv
uploading /oak/stanford/groups/menon/rawdata/.fromlucas/9316_1_1.3T2/behavioral/Results/Mock_Task/mock_sym_1_15_22_28.csv
uploading /oak/stanford/groups/menon/rawdata/.fromlucas/9316_1_1.3T2/behavioral/Mock scan/MoTrak_9316_1_1.3T2_grid1.txt
uploading /oak/stanford/groups/menon/rawdata/.fromlucas/9316_1_1.3T2/behavioral/Mock scan/MoTrak_9316_1_1.3T2_sym1.txt
uploading /oak/stanford/groups/menon/rawdata/.fromlucas/9316_1_1.3T2/behavioral/Mock scan/MoTrak_9316_1_1.3T2_grid2.txt
pconverting 9316_1_1
splitting nifti /oak/stanford/groups/menon/rawdata/scsnl/9316/visit1/session1/fmri/resting/unnormalized/I.nii.gz
moving first 16 images to unused
splitting nifti /oak/stanford/groups/menon/rawdata/scsnl/9316/visit1/session1/fmri/sym2/unnormalized/I.nii.gz
moving first 16 images to unused
splitting nifti /oak/stanford/groups/menon/rawdata/scsnl/9316/visit1/session1/fmri/sym3/unnormalized/I.nii.gz
moving first 16 images to unused
splitting nifti /oak/stanford/groups/menon/rawdata/scsnl/9316/visit1/session1/fmri/sym1/unnormalized/I.nii.gz
moving first 16 images to unused
splitting nifti /oak/stanford/groups/menon/rawdata/scsnl/9316/visit1/session1/fmri/grid1/unnormalized/I.nii.gz
moving first 16 images to unused
splitting nifti /oak/stanford/groups/menon/rawdata/scsnl/9316/visit1/session1/fmri/grid2/unnormalized/I.nii.gz
moving first 16 images to unused
splitting nifti /oak/stanford/groups/menon/rawdata/scsnl/9316/visit1/session1/fmri/sym4/unnormalized/I.nii.gz
moving first 16 images to unused
anatomical dicom convert 9316_1_1
moving 1.2.840.113619.2.440.1599194.3214630.22157.1534886816.468_1.dicom to 001
moving 1.2.840.113619.2.440.1599194.3214630.22157.1534886816.343_1.dicom to 002
moving 1.2.840.113619.2.440.1599194.3214630.22571.1534785311.122_1.dicom to 003
moving 1.2.840.113619.2.440.1599194.3214630.22157.1534886816.468_1.dicom to 004
moving 1.2.840.113619.2.440.1599194.3214630.22571.1534785311.138_1.dicom to 005
4 spgr files made!
editing permissions for successful download folders:
['9316', 'visit1', 'session1', 'met']
['changh', 'zwnadell', 'rudoler', 'lchen32', 'florasch', 'jkboram', 'shelbyka']
